{"/home/tangi/darts_tournament/frontend/src/services/tournament-service.ts": {"path":"/home/tangi/darts_tournament/frontend/src/services/tournament-service.ts","statementMap":{"0":{"start":{"line":145,"column":32},"end":{"line":146,"column":null}},"1":{"start":{"line":146,"column":2},"end":{"line":146,"column":null}},"2":{"start":{"line":155,"column":24},"end":{"line":161,"column":null}},"3":{"start":{"line":156,"column":2},"end":{"line":160,"column":null}},"4":{"start":{"line":157,"column":4},"end":{"line":157,"column":null}},"5":{"start":{"line":159,"column":4},"end":{"line":159,"column":null}},"6":{"start":{"line":163,"column":25},"end":{"line":181,"column":null}},"7":{"start":{"line":164,"column":22},"end":{"line":164,"column":null}},"8":{"start":{"line":165,"column":17},"end":{"line":165,"column":null}},"9":{"start":{"line":167,"column":2},"end":{"line":173,"column":null}},"10":{"start":{"line":168,"column":23},"end":{"line":168,"column":null}},"11":{"start":{"line":168,"column":57},"end":{"line":168,"column":66}},"12":{"start":{"line":169,"column":20},"end":{"line":171,"column":null}},"13":{"start":{"line":172,"column":4},"end":{"line":172,"column":null}},"14":{"start":{"line":175,"column":19},"end":{"line":175,"column":null}},"15":{"start":{"line":175,"column":53},"end":{"line":175,"column":55}},"16":{"start":{"line":176,"column":21},"end":{"line":176,"column":null}},"17":{"start":{"line":177,"column":18},"end":{"line":179,"column":null}},"18":{"start":{"line":180,"column":2},"end":{"line":180,"column":null}},"19":{"start":{"line":183,"column":22},"end":{"line":201,"column":null}},"20":{"start":{"line":184,"column":32},"end":{"line":184,"column":null}},"21":{"start":{"line":186,"column":29},"end":{"line":188,"column":null}},"22":{"start":{"line":189,"column":26},"end":{"line":190,"column":null}},"23":{"start":{"line":192,"column":16},"end":{"line":192,"column":null}},"24":{"start":{"line":196,"column":2},"end":{"line":198,"column":null}},"25":{"start":{"line":197,"column":4},"end":{"line":197,"column":null}},"26":{"start":{"line":199,"column":2},"end":{"line":199,"column":null}},"27":{"start":{"line":200,"column":2},"end":{"line":200,"column":null}},"28":{"start":{"line":207,"column":19},"end":{"line":214,"column":null}},"29":{"start":{"line":216,"column":2},"end":{"line":226,"column":null}},"30":{"start":{"line":217,"column":22},"end":{"line":217,"column":null}},"31":{"start":{"line":217,"column":57},"end":{"line":217,"column":84}},"32":{"start":{"line":218,"column":10},"end":{"line":224,"column":null}},"33":{"start":{"line":225,"column":4},"end":{"line":225,"column":null}},"34":{"start":{"line":228,"column":2},"end":{"line":228,"column":null}},"35":{"start":{"line":236,"column":19},"end":{"line":236,"column":null}},"36":{"start":{"line":237,"column":2},"end":{"line":237,"column":null}},"37":{"start":{"line":239,"column":19},"end":{"line":243,"column":null}},"38":{"start":{"line":245,"column":2},"end":{"line":247,"column":null}},"39":{"start":{"line":246,"column":4},"end":{"line":246,"column":null}},"40":{"start":{"line":249,"column":2},"end":{"line":249,"column":null}},"41":{"start":{"line":257,"column":19},"end":{"line":264,"column":null}},"42":{"start":{"line":266,"column":2},"end":{"line":269,"column":null}},"43":{"start":{"line":267,"column":20},"end":{"line":267,"column":null}},"44":{"start":{"line":268,"column":4},"end":{"line":268,"column":null}},"45":{"start":{"line":271,"column":2},"end":{"line":271,"column":null}},"46":{"start":{"line":279,"column":19},"end":{"line":286,"column":null}},"47":{"start":{"line":288,"column":2},"end":{"line":291,"column":null}},"48":{"start":{"line":289,"column":20},"end":{"line":289,"column":null}},"49":{"start":{"line":290,"column":4},"end":{"line":290,"column":null}},"50":{"start":{"line":298,"column":19},"end":{"line":298,"column":null}},"51":{"start":{"line":300,"column":2},"end":{"line":302,"column":null}},"52":{"start":{"line":301,"column":4},"end":{"line":301,"column":null}},"53":{"start":{"line":304,"column":15},"end":{"line":304,"column":null}},"54":{"start":{"line":305,"column":2},"end":{"line":305,"column":null}},"55":{"start":{"line":309,"column":19},"end":{"line":309,"column":null}},"56":{"start":{"line":311,"column":2},"end":{"line":314,"column":null}},"57":{"start":{"line":312,"column":20},"end":{"line":312,"column":null}},"58":{"start":{"line":313,"column":4},"end":{"line":313,"column":null}},"59":{"start":{"line":316,"column":15},"end":{"line":316,"column":null}},"60":{"start":{"line":317,"column":2},"end":{"line":317,"column":null}},"61":{"start":{"line":324,"column":19},"end":{"line":327,"column":null}},"62":{"start":{"line":329,"column":2},"end":{"line":331,"column":null}},"63":{"start":{"line":330,"column":4},"end":{"line":330,"column":null}},"64":{"start":{"line":333,"column":2},"end":{"line":333,"column":null}},"65":{"start":{"line":340,"column":29},"end":{"line":344,"column":null}},"66":{"start":{"line":342,"column":23},"end":{"line":342,"column":50}},"67":{"start":{"line":343,"column":26},"end":{"line":343,"column":43}},"68":{"start":{"line":346,"column":16},"end":{"line":348,"column":null}},"69":{"start":{"line":350,"column":19},"end":{"line":353,"column":null}},"70":{"start":{"line":355,"column":2},"end":{"line":357,"column":null}},"71":{"start":{"line":356,"column":4},"end":{"line":356,"column":null}},"72":{"start":{"line":359,"column":15},"end":{"line":359,"column":null}},"73":{"start":{"line":360,"column":2},"end":{"line":360,"column":null}},"74":{"start":{"line":367,"column":19},"end":{"line":367,"column":null}},"75":{"start":{"line":369,"column":2},"end":{"line":372,"column":null}},"76":{"start":{"line":370,"column":20},"end":{"line":370,"column":null}},"77":{"start":{"line":371,"column":4},"end":{"line":371,"column":null}},"78":{"start":{"line":374,"column":15},"end":{"line":374,"column":null}},"79":{"start":{"line":375,"column":2},"end":{"line":375,"column":null}},"80":{"start":{"line":383,"column":19},"end":{"line":386,"column":null}},"81":{"start":{"line":388,"column":2},"end":{"line":391,"column":null}},"82":{"start":{"line":389,"column":20},"end":{"line":389,"column":null}},"83":{"start":{"line":390,"column":4},"end":{"line":390,"column":null}},"84":{"start":{"line":393,"column":15},"end":{"line":393,"column":null}},"85":{"start":{"line":394,"column":2},"end":{"line":394,"column":null}},"86":{"start":{"line":403,"column":19},"end":{"line":409,"column":null}},"87":{"start":{"line":411,"column":2},"end":{"line":414,"column":null}},"88":{"start":{"line":412,"column":20},"end":{"line":412,"column":null}},"89":{"start":{"line":413,"column":4},"end":{"line":413,"column":null}},"90":{"start":{"line":423,"column":19},"end":{"line":430,"column":null}},"91":{"start":{"line":432,"column":2},"end":{"line":435,"column":null}},"92":{"start":{"line":433,"column":20},"end":{"line":433,"column":null}},"93":{"start":{"line":434,"column":4},"end":{"line":434,"column":null}},"94":{"start":{"line":443,"column":19},"end":{"line":450,"column":null}},"95":{"start":{"line":452,"column":2},"end":{"line":455,"column":null}},"96":{"start":{"line":453,"column":20},"end":{"line":453,"column":null}},"97":{"start":{"line":454,"column":4},"end":{"line":454,"column":null}},"98":{"start":{"line":457,"column":2},"end":{"line":457,"column":null}},"99":{"start":{"line":466,"column":19},"end":{"line":473,"column":null}},"100":{"start":{"line":475,"column":2},"end":{"line":478,"column":null}},"101":{"start":{"line":476,"column":20},"end":{"line":476,"column":null}},"102":{"start":{"line":477,"column":4},"end":{"line":477,"column":null}},"103":{"start":{"line":487,"column":19},"end":{"line":494,"column":null}},"104":{"start":{"line":496,"column":2},"end":{"line":499,"column":null}},"105":{"start":{"line":497,"column":20},"end":{"line":497,"column":null}},"106":{"start":{"line":498,"column":4},"end":{"line":498,"column":null}},"107":{"start":{"line":506,"column":19},"end":{"line":506,"column":null}},"108":{"start":{"line":508,"column":2},"end":{"line":511,"column":null}},"109":{"start":{"line":509,"column":20},"end":{"line":509,"column":null}},"110":{"start":{"line":510,"column":4},"end":{"line":510,"column":null}},"111":{"start":{"line":513,"column":15},"end":{"line":513,"column":null}},"112":{"start":{"line":514,"column":2},"end":{"line":514,"column":null}},"113":{"start":{"line":522,"column":19},"end":{"line":529,"column":null}},"114":{"start":{"line":531,"column":2},"end":{"line":534,"column":null}},"115":{"start":{"line":532,"column":20},"end":{"line":532,"column":null}},"116":{"start":{"line":533,"column":4},"end":{"line":533,"column":null}},"117":{"start":{"line":536,"column":2},"end":{"line":536,"column":null}},"118":{"start":{"line":545,"column":19},"end":{"line":552,"column":null}},"119":{"start":{"line":554,"column":2},"end":{"line":557,"column":null}},"120":{"start":{"line":555,"column":20},"end":{"line":555,"column":null}},"121":{"start":{"line":556,"column":4},"end":{"line":556,"column":null}},"122":{"start":{"line":559,"column":2},"end":{"line":559,"column":null}},"123":{"start":{"line":567,"column":19},"end":{"line":570,"column":null}},"124":{"start":{"line":572,"column":2},"end":{"line":575,"column":null}},"125":{"start":{"line":573,"column":20},"end":{"line":573,"column":null}},"126":{"start":{"line":574,"column":4},"end":{"line":574,"column":null}},"127":{"start":{"line":583,"column":19},"end":{"line":586,"column":null}},"128":{"start":{"line":588,"column":2},"end":{"line":591,"column":null}},"129":{"start":{"line":589,"column":20},"end":{"line":589,"column":null}},"130":{"start":{"line":590,"column":4},"end":{"line":590,"column":null}},"131":{"start":{"line":601,"column":19},"end":{"line":608,"column":null}},"132":{"start":{"line":610,"column":2},"end":{"line":613,"column":null}},"133":{"start":{"line":611,"column":20},"end":{"line":611,"column":null}},"134":{"start":{"line":612,"column":4},"end":{"line":612,"column":null}},"135":{"start":{"line":623,"column":19},"end":{"line":630,"column":null}},"136":{"start":{"line":632,"column":2},"end":{"line":635,"column":null}},"137":{"start":{"line":633,"column":20},"end":{"line":633,"column":null}},"138":{"start":{"line":634,"column":4},"end":{"line":634,"column":null}},"139":{"start":{"line":644,"column":19},"end":{"line":651,"column":null}},"140":{"start":{"line":653,"column":2},"end":{"line":656,"column":null}},"141":{"start":{"line":654,"column":20},"end":{"line":654,"column":null}},"142":{"start":{"line":655,"column":4},"end":{"line":655,"column":null}},"143":{"start":{"line":665,"column":19},"end":{"line":672,"column":null}},"144":{"start":{"line":674,"column":2},"end":{"line":677,"column":null}},"145":{"start":{"line":675,"column":20},"end":{"line":675,"column":null}},"146":{"start":{"line":676,"column":4},"end":{"line":676,"column":null}},"147":{"start":{"line":685,"column":19},"end":{"line":688,"column":null}},"148":{"start":{"line":690,"column":2},"end":{"line":693,"column":null}},"149":{"start":{"line":691,"column":20},"end":{"line":691,"column":null}},"150":{"start":{"line":692,"column":4},"end":{"line":692,"column":null}},"151":{"start":{"line":702,"column":19},"end":{"line":708,"column":null}},"152":{"start":{"line":710,"column":2},"end":{"line":713,"column":null}},"153":{"start":{"line":711,"column":20},"end":{"line":711,"column":null}},"154":{"start":{"line":712,"column":4},"end":{"line":712,"column":null}},"155":{"start":{"line":721,"column":19},"end":{"line":724,"column":null}},"156":{"start":{"line":726,"column":2},"end":{"line":729,"column":null}},"157":{"start":{"line":727,"column":20},"end":{"line":727,"column":null}},"158":{"start":{"line":728,"column":4},"end":{"line":728,"column":null}},"159":{"start":{"line":736,"column":19},"end":{"line":739,"column":null}},"160":{"start":{"line":741,"column":2},"end":{"line":744,"column":null}},"161":{"start":{"line":742,"column":20},"end":{"line":742,"column":null}},"162":{"start":{"line":743,"column":4},"end":{"line":743,"column":null}},"163":{"start":{"line":746,"column":15},"end":{"line":746,"column":null}},"164":{"start":{"line":747,"column":2},"end":{"line":747,"column":null}},"165":{"start":{"line":755,"column":19},"end":{"line":762,"column":null}},"166":{"start":{"line":764,"column":2},"end":{"line":767,"column":null}},"167":{"start":{"line":765,"column":20},"end":{"line":765,"column":null}},"168":{"start":{"line":766,"column":4},"end":{"line":766,"column":null}},"169":{"start":{"line":769,"column":2},"end":{"line":769,"column":null}},"170":{"start":{"line":778,"column":19},"end":{"line":785,"column":null}},"171":{"start":{"line":787,"column":2},"end":{"line":790,"column":null}},"172":{"start":{"line":788,"column":20},"end":{"line":788,"column":null}},"173":{"start":{"line":789,"column":4},"end":{"line":789,"column":null}},"174":{"start":{"line":792,"column":2},"end":{"line":792,"column":null}},"175":{"start":{"line":801,"column":19},"end":{"line":808,"column":null}},"176":{"start":{"line":810,"column":2},"end":{"line":813,"column":null}},"177":{"start":{"line":811,"column":20},"end":{"line":811,"column":null}},"178":{"start":{"line":812,"column":4},"end":{"line":812,"column":null}},"179":{"start":{"line":815,"column":2},"end":{"line":815,"column":null}},"180":{"start":{"line":823,"column":19},"end":{"line":826,"column":null}},"181":{"start":{"line":828,"column":2},"end":{"line":831,"column":null}},"182":{"start":{"line":829,"column":20},"end":{"line":829,"column":null}},"183":{"start":{"line":830,"column":4},"end":{"line":830,"column":null}},"184":{"start":{"line":839,"column":19},"end":{"line":842,"column":null}},"185":{"start":{"line":844,"column":2},"end":{"line":847,"column":null}},"186":{"start":{"line":845,"column":20},"end":{"line":845,"column":null}},"187":{"start":{"line":846,"column":4},"end":{"line":846,"column":null}},"188":{"start":{"line":855,"column":19},"end":{"line":858,"column":null}},"189":{"start":{"line":860,"column":2},"end":{"line":863,"column":null}},"190":{"start":{"line":861,"column":20},"end":{"line":861,"column":null}},"191":{"start":{"line":862,"column":4},"end":{"line":862,"column":null}},"192":{"start":{"line":867,"column":19},"end":{"line":867,"column":null}},"193":{"start":{"line":869,"column":2},"end":{"line":871,"column":null}},"194":{"start":{"line":870,"column":4},"end":{"line":870,"column":null}},"195":{"start":{"line":873,"column":15},"end":{"line":873,"column":null}},"196":{"start":{"line":874,"column":2},"end":{"line":874,"column":null}},"197":{"start":{"line":887,"column":19},"end":{"line":894,"column":null}},"198":{"start":{"line":896,"column":2},"end":{"line":898,"column":null}},"199":{"start":{"line":897,"column":4},"end":{"line":897,"column":null}},"200":{"start":{"line":900,"column":2},"end":{"line":900,"column":null}},"201":{"start":{"line":914,"column":19},"end":{"line":921,"column":null}},"202":{"start":{"line":923,"column":2},"end":{"line":925,"column":null}},"203":{"start":{"line":924,"column":4},"end":{"line":924,"column":null}},"204":{"start":{"line":927,"column":2},"end":{"line":927,"column":null}},"205":{"start":{"line":931,"column":19},"end":{"line":934,"column":null}},"206":{"start":{"line":936,"column":2},"end":{"line":938,"column":null}},"207":{"start":{"line":937,"column":4},"end":{"line":937,"column":null}},"208":{"start":{"line":942,"column":19},"end":{"line":942,"column":null}},"209":{"start":{"line":944,"column":2},"end":{"line":946,"column":null}},"210":{"start":{"line":945,"column":4},"end":{"line":945,"column":null}},"211":{"start":{"line":948,"column":15},"end":{"line":948,"column":null}},"212":{"start":{"line":949,"column":2},"end":{"line":949,"column":null}},"213":{"start":{"line":961,"column":19},"end":{"line":968,"column":null}},"214":{"start":{"line":970,"column":2},"end":{"line":972,"column":null}},"215":{"start":{"line":971,"column":4},"end":{"line":971,"column":null}},"216":{"start":{"line":974,"column":2},"end":{"line":974,"column":null}},"217":{"start":{"line":987,"column":19},"end":{"line":994,"column":null}},"218":{"start":{"line":996,"column":2},"end":{"line":998,"column":null}},"219":{"start":{"line":997,"column":4},"end":{"line":997,"column":null}},"220":{"start":{"line":1000,"column":2},"end":{"line":1000,"column":null}},"221":{"start":{"line":1004,"column":19},"end":{"line":1007,"column":null}},"222":{"start":{"line":1009,"column":2},"end":{"line":1011,"column":null}},"223":{"start":{"line":1010,"column":4},"end":{"line":1010,"column":null}},"224":{"start":{"line":1049,"column":16},"end":{"line":1049,"column":null}},"225":{"start":{"line":1050,"column":19},"end":{"line":1050,"column":null}},"226":{"start":{"line":1052,"column":2},"end":{"line":1054,"column":null}},"227":{"start":{"line":1053,"column":4},"end":{"line":1053,"column":null}},"228":{"start":{"line":1056,"column":15},"end":{"line":1056,"column":null}},"229":{"start":{"line":1057,"column":2},"end":{"line":1057,"column":null}},"230":{"start":{"line":1070,"column":19},"end":{"line":1077,"column":null}},"231":{"start":{"line":1079,"column":2},"end":{"line":1081,"column":null}},"232":{"start":{"line":1080,"column":4},"end":{"line":1080,"column":null}},"233":{"start":{"line":1083,"column":2},"end":{"line":1083,"column":null}},"234":{"start":{"line":1092,"column":19},"end":{"line":1099,"column":null}},"235":{"start":{"line":1101,"column":2},"end":{"line":1103,"column":null}},"236":{"start":{"line":1102,"column":4},"end":{"line":1102,"column":null}},"237":{"start":{"line":1105,"column":2},"end":{"line":1105,"column":null}},"238":{"start":{"line":1113,"column":19},"end":{"line":1116,"column":null}},"239":{"start":{"line":1118,"column":2},"end":{"line":1120,"column":null}},"240":{"start":{"line":1119,"column":4},"end":{"line":1119,"column":null}},"241":{"start":{"line":1122,"column":2},"end":{"line":1122,"column":null}},"242":{"start":{"line":1130,"column":19},"end":{"line":1133,"column":null}},"243":{"start":{"line":1135,"column":2},"end":{"line":1137,"column":null}},"244":{"start":{"line":1136,"column":4},"end":{"line":1136,"column":null}},"245":{"start":{"line":1139,"column":2},"end":{"line":1139,"column":null}},"246":{"start":{"line":1147,"column":19},"end":{"line":1150,"column":null}},"247":{"start":{"line":1152,"column":2},"end":{"line":1154,"column":null}},"248":{"start":{"line":1153,"column":4},"end":{"line":1153,"column":null}},"249":{"start":{"line":1156,"column":2},"end":{"line":1156,"column":null}},"250":{"start":{"line":1164,"column":19},"end":{"line":1167,"column":null}},"251":{"start":{"line":1169,"column":2},"end":{"line":1171,"column":null}},"252":{"start":{"line":1170,"column":4},"end":{"line":1170,"column":null}},"253":{"start":{"line":1180,"column":19},"end":{"line":1187,"column":null}},"254":{"start":{"line":1189,"column":2},"end":{"line":1191,"column":null}},"255":{"start":{"line":1190,"column":4},"end":{"line":1190,"column":null}},"256":{"start":{"line":1200,"column":19},"end":{"line":1207,"column":null}},"257":{"start":{"line":1209,"column":2},"end":{"line":1211,"column":null}},"258":{"start":{"line":1210,"column":4},"end":{"line":1210,"column":null}},"259":{"start":{"line":1213,"column":2},"end":{"line":1213,"column":null}},"260":{"start":{"line":1222,"column":19},"end":{"line":1229,"column":null}},"261":{"start":{"line":1231,"column":2},"end":{"line":1233,"column":null}},"262":{"start":{"line":1232,"column":4},"end":{"line":1232,"column":null}},"263":{"start":{"line":1235,"column":2},"end":{"line":1235,"column":null}},"264":{"start":{"line":1244,"column":19},"end":{"line":1250,"column":null}},"265":{"start":{"line":1252,"column":2},"end":{"line":1254,"column":null}},"266":{"start":{"line":1253,"column":4},"end":{"line":1253,"column":null}},"267":{"start":{"line":1256,"column":2},"end":{"line":1256,"column":null}},"268":{"start":{"line":1264,"column":16},"end":{"line":1264,"column":null}},"269":{"start":{"line":1265,"column":19},"end":{"line":1265,"column":null}},"270":{"start":{"line":1267,"column":2},"end":{"line":1269,"column":null}},"271":{"start":{"line":1268,"column":4},"end":{"line":1268,"column":null}},"272":{"start":{"line":1271,"column":15},"end":{"line":1271,"column":null}},"273":{"start":{"line":1272,"column":2},"end":{"line":1272,"column":null}},"274":{"start":{"line":1285,"column":19},"end":{"line":1292,"column":null}},"275":{"start":{"line":1294,"column":2},"end":{"line":1296,"column":null}},"276":{"start":{"line":1295,"column":4},"end":{"line":1295,"column":null}},"277":{"start":{"line":1298,"column":2},"end":{"line":1298,"column":null}},"278":{"start":{"line":1307,"column":19},"end":{"line":1314,"column":null}},"279":{"start":{"line":1316,"column":2},"end":{"line":1318,"column":null}},"280":{"start":{"line":1317,"column":4},"end":{"line":1317,"column":null}},"281":{"start":{"line":1320,"column":2},"end":{"line":1320,"column":null}},"282":{"start":{"line":1328,"column":19},"end":{"line":1331,"column":null}},"283":{"start":{"line":1333,"column":2},"end":{"line":1335,"column":null}},"284":{"start":{"line":1334,"column":4},"end":{"line":1334,"column":null}},"285":{"start":{"line":1337,"column":2},"end":{"line":1337,"column":null}},"286":{"start":{"line":1345,"column":19},"end":{"line":1348,"column":null}},"287":{"start":{"line":1350,"column":2},"end":{"line":1352,"column":null}},"288":{"start":{"line":1351,"column":4},"end":{"line":1351,"column":null}},"289":{"start":{"line":1354,"column":2},"end":{"line":1354,"column":null}},"290":{"start":{"line":1362,"column":19},"end":{"line":1365,"column":null}},"291":{"start":{"line":1367,"column":2},"end":{"line":1369,"column":null}},"292":{"start":{"line":1368,"column":4},"end":{"line":1368,"column":null}},"293":{"start":{"line":1371,"column":2},"end":{"line":1371,"column":null}},"294":{"start":{"line":1379,"column":19},"end":{"line":1382,"column":null}},"295":{"start":{"line":1384,"column":2},"end":{"line":1386,"column":null}},"296":{"start":{"line":1385,"column":4},"end":{"line":1385,"column":null}},"297":{"start":{"line":1395,"column":19},"end":{"line":1402,"column":null}},"298":{"start":{"line":1404,"column":2},"end":{"line":1406,"column":null}},"299":{"start":{"line":1405,"column":4},"end":{"line":1405,"column":null}},"300":{"start":{"line":1415,"column":19},"end":{"line":1422,"column":null}},"301":{"start":{"line":1424,"column":2},"end":{"line":1426,"column":null}},"302":{"start":{"line":1425,"column":4},"end":{"line":1425,"column":null}},"303":{"start":{"line":1428,"column":2},"end":{"line":1428,"column":null}},"304":{"start":{"line":1437,"column":19},"end":{"line":1444,"column":null}},"305":{"start":{"line":1446,"column":2},"end":{"line":1448,"column":null}},"306":{"start":{"line":1447,"column":4},"end":{"line":1447,"column":null}},"307":{"start":{"line":1450,"column":2},"end":{"line":1450,"column":null}},"308":{"start":{"line":1459,"column":19},"end":{"line":1465,"column":null}},"309":{"start":{"line":1467,"column":2},"end":{"line":1469,"column":null}},"310":{"start":{"line":1468,"column":4},"end":{"line":1468,"column":null}},"311":{"start":{"line":1471,"column":2},"end":{"line":1471,"column":null}},"312":{"start":{"line":1479,"column":19},"end":{"line":1482,"column":null}},"313":{"start":{"line":1484,"column":2},"end":{"line":1486,"column":null}},"314":{"start":{"line":1485,"column":4},"end":{"line":1485,"column":null}},"315":{"start":{"line":1488,"column":15},"end":{"line":1488,"column":null}},"316":{"start":{"line":1489,"column":2},"end":{"line":1489,"column":null}}},"fnMap":{"0":{"name":"(anonymous_0)","decl":{"start":{"line":145,"column":32},"end":{"line":145,"column":33}},"loc":{"start":{"line":146,"column":2},"end":{"line":146,"column":null}},"line":146},"1":{"name":"(anonymous_1)","decl":{"start":{"line":155,"column":24},"end":{"line":155,"column":25}},"loc":{"start":{"line":155,"column":52},"end":{"line":161,"column":null}},"line":155},"2":{"name":"(anonymous_2)","decl":{"start":{"line":163,"column":25},"end":{"line":163,"column":32}},"loc":{"start":{"line":163,"column":124},"end":{"line":181,"column":null}},"line":163},"3":{"name":"(anonymous_3)","decl":{"start":{"line":168,"column":51},"end":{"line":168,"column":57}},"loc":{"start":{"line":168,"column":57},"end":{"line":168,"column":66}},"line":168},"4":{"name":"(anonymous_4)","decl":{"start":{"line":175,"column":47},"end":{"line":175,"column":53}},"loc":{"start":{"line":175,"column":53},"end":{"line":175,"column":55}},"line":175},"5":{"name":"(anonymous_5)","decl":{"start":{"line":183,"column":22},"end":{"line":183,"column":29}},"loc":{"start":{"line":183,"column":130},"end":{"line":201,"column":null}},"line":183},"6":{"name":"createTournament","decl":{"start":{"line":203,"column":22},"end":{"line":203,"column":null}},"loc":{"start":{"line":206,"column":37},"end":{"line":229,"column":null}},"line":206},"7":{"name":"(anonymous_7)","decl":{"start":{"line":217,"column":50},"end":{"line":217,"column":57}},"loc":{"start":{"line":217,"column":57},"end":{"line":217,"column":84}},"line":217},"8":{"name":"uploadTournamentLogo","decl":{"start":{"line":231,"column":22},"end":{"line":231,"column":null}},"loc":{"start":{"line":235,"column":40},"end":{"line":250,"column":null}},"line":235},"9":{"name":"updateTournament","decl":{"start":{"line":252,"column":22},"end":{"line":252,"column":null}},"loc":{"start":{"line":256,"column":37},"end":{"line":272,"column":null}},"line":256},"10":{"name":"updateTournamentStatus","decl":{"start":{"line":274,"column":22},"end":{"line":274,"column":null}},"loc":{"start":{"line":278,"column":17},"end":{"line":292,"column":null}},"line":278},"11":{"name":"fetchTournamentPlayers","decl":{"start":{"line":294,"column":22},"end":{"line":294,"column":null}},"loc":{"start":{"line":297,"column":31},"end":{"line":306,"column":null}},"line":297},"12":{"name":"fetchOrphanPlayers","decl":{"start":{"line":308,"column":22},"end":{"line":308,"column":41}},"loc":{"start":{"line":308,"column":86},"end":{"line":318,"column":null}},"line":308},"13":{"name":"fetchTournamentLiveView","decl":{"start":{"line":320,"column":22},"end":{"line":320,"column":null}},"loc":{"start":{"line":323,"column":20},"end":{"line":334,"column":null}},"line":323},"14":{"name":"fetchLiveTournamentSummary","decl":{"start":{"line":336,"column":22},"end":{"line":336,"column":null}},"loc":{"start":{"line":339,"column":22},"end":{"line":361,"column":null}},"line":339},"15":{"name":"(anonymous_15)","decl":{"start":{"line":342,"column":11},"end":{"line":342,"column":12}},"loc":{"start":{"line":342,"column":23},"end":{"line":342,"column":50}},"line":342},"16":{"name":"(anonymous_16)","decl":{"start":{"line":343,"column":14},"end":{"line":343,"column":15}},"loc":{"start":{"line":343,"column":26},"end":{"line":343,"column":43}},"line":343},"17":{"name":"fetchTournamentTargets","decl":{"start":{"line":363,"column":22},"end":{"line":363,"column":null}},"loc":{"start":{"line":366,"column":31},"end":{"line":376,"column":null}},"line":366},"18":{"name":"fetchPoolStagePools","decl":{"start":{"line":378,"column":22},"end":{"line":378,"column":null}},"loc":{"start":{"line":382,"column":28},"end":{"line":395,"column":null}},"line":382},"19":{"name":"resetPoolMatches","decl":{"start":{"line":397,"column":22},"end":{"line":397,"column":null}},"loc":{"start":{"line":402,"column":17},"end":{"line":415,"column":null}},"line":402},"20":{"name":"updatePoolAssignments","decl":{"start":{"line":417,"column":22},"end":{"line":417,"column":null}},"loc":{"start":{"line":422,"column":17},"end":{"line":436,"column":null}},"line":422},"21":{"name":"registerTournamentPlayer","decl":{"start":{"line":438,"column":22},"end":{"line":438,"column":null}},"loc":{"start":{"line":442,"column":66},"end":{"line":458,"column":null}},"line":442},"22":{"name":"updateTournamentPlayer","decl":{"start":{"line":460,"column":22},"end":{"line":460,"column":null}},"loc":{"start":{"line":465,"column":17},"end":{"line":479,"column":null}},"line":465},"23":{"name":"updateTournamentPlayerCheckIn","decl":{"start":{"line":481,"column":22},"end":{"line":481,"column":null}},"loc":{"start":{"line":486,"column":17},"end":{"line":500,"column":null}},"line":486},"24":{"name":"fetchPoolStages","decl":{"start":{"line":502,"column":22},"end":{"line":502,"column":null}},"loc":{"start":{"line":505,"column":30},"end":{"line":515,"column":null}},"line":505},"25":{"name":"createPoolStage","decl":{"start":{"line":517,"column":22},"end":{"line":517,"column":null}},"loc":{"start":{"line":521,"column":28},"end":{"line":537,"column":null}},"line":521},"26":{"name":"updatePoolStage","decl":{"start":{"line":539,"column":22},"end":{"line":539,"column":null}},"loc":{"start":{"line":544,"column":28},"end":{"line":560,"column":null}},"line":544},"27":{"name":"completePoolStageWithScores","decl":{"start":{"line":562,"column":22},"end":{"line":562,"column":null}},"loc":{"start":{"line":566,"column":17},"end":{"line":576,"column":null}},"line":566},"28":{"name":"recomputeDoubleStageProgression","decl":{"start":{"line":578,"column":22},"end":{"line":578,"column":null}},"loc":{"start":{"line":582,"column":17},"end":{"line":592,"column":null}},"line":582},"29":{"name":"populateBracketFromPools","decl":{"start":{"line":594,"column":22},"end":{"line":594,"column":null}},"loc":{"start":{"line":600,"column":17},"end":{"line":614,"column":null}},"line":600},"30":{"name":"updateMatchStatus","decl":{"start":{"line":616,"column":22},"end":{"line":616,"column":null}},"loc":{"start":{"line":622,"column":17},"end":{"line":636,"column":null}},"line":622},"31":{"name":"completeMatch","decl":{"start":{"line":638,"column":22},"end":{"line":638,"column":null}},"loc":{"start":{"line":643,"column":17},"end":{"line":657,"column":null}},"line":643},"32":{"name":"saveMatchScores","decl":{"start":{"line":659,"column":22},"end":{"line":659,"column":null}},"loc":{"start":{"line":664,"column":17},"end":{"line":678,"column":null}},"line":664},"33":{"name":"resetBracketMatches","decl":{"start":{"line":680,"column":22},"end":{"line":680,"column":null}},"loc":{"start":{"line":684,"column":17},"end":{"line":694,"column":null}},"line":684},"34":{"name":"completeBracketRoundWithScores","decl":{"start":{"line":696,"column":22},"end":{"line":696,"column":null}},"loc":{"start":{"line":701,"column":17},"end":{"line":714,"column":null}},"line":701},"35":{"name":"deletePoolStage","decl":{"start":{"line":716,"column":22},"end":{"line":716,"column":null}},"loc":{"start":{"line":720,"column":17},"end":{"line":730,"column":null}},"line":720},"36":{"name":"fetchBrackets","decl":{"start":{"line":732,"column":22},"end":{"line":732,"column":null}},"loc":{"start":{"line":735,"column":28},"end":{"line":748,"column":null}},"line":735},"37":{"name":"createBracket","decl":{"start":{"line":750,"column":22},"end":{"line":750,"column":null}},"loc":{"start":{"line":754,"column":26},"end":{"line":770,"column":null}},"line":754},"38":{"name":"updateBracket","decl":{"start":{"line":772,"column":22},"end":{"line":772,"column":null}},"loc":{"start":{"line":777,"column":26},"end":{"line":793,"column":null}},"line":777},"39":{"name":"updateBracketTargets","decl":{"start":{"line":795,"column":22},"end":{"line":795,"column":null}},"loc":{"start":{"line":800,"column":26},"end":{"line":816,"column":null}},"line":800},"40":{"name":"deleteBracket","decl":{"start":{"line":818,"column":22},"end":{"line":818,"column":null}},"loc":{"start":{"line":822,"column":17},"end":{"line":832,"column":null}},"line":822},"41":{"name":"removeTournamentPlayer","decl":{"start":{"line":834,"column":22},"end":{"line":834,"column":null}},"loc":{"start":{"line":838,"column":17},"end":{"line":848,"column":null}},"line":838},"42":{"name":"unregisterTournamentPlayer","decl":{"start":{"line":850,"column":22},"end":{"line":850,"column":null}},"loc":{"start":{"line":854,"column":17},"end":{"line":864,"column":null}},"line":854},"43":{"name":"fetchTournamentPresets","decl":{"start":{"line":866,"column":22},"end":{"line":866,"column":45}},"loc":{"start":{"line":866,"column":90},"end":{"line":875,"column":null}},"line":866},"44":{"name":"createTournamentPreset","decl":{"start":{"line":877,"column":22},"end":{"line":877,"column":null}},"loc":{"start":{"line":886,"column":29},"end":{"line":901,"column":null}},"line":886},"45":{"name":"updateTournamentPreset","decl":{"start":{"line":903,"column":22},"end":{"line":903,"column":null}},"loc":{"start":{"line":913,"column":29},"end":{"line":928,"column":null}},"line":913},"46":{"name":"deleteTournamentPreset","decl":{"start":{"line":930,"column":22},"end":{"line":930,"column":45}},"loc":{"start":{"line":930,"column":94},"end":{"line":939,"column":null}},"line":930},"47":{"name":"fetchMatchFormatPresets","decl":{"start":{"line":941,"column":22},"end":{"line":941,"column":46}},"loc":{"start":{"line":941,"column":98},"end":{"line":950,"column":null}},"line":941},"48":{"name":"createMatchFormatPreset","decl":{"start":{"line":952,"column":22},"end":{"line":952,"column":null}},"loc":{"start":{"line":960,"column":36},"end":{"line":975,"column":null}},"line":960},"49":{"name":"updateMatchFormatPreset","decl":{"start":{"line":977,"column":22},"end":{"line":977,"column":null}},"loc":{"start":{"line":986,"column":36},"end":{"line":1001,"column":null}},"line":986},"50":{"name":"deleteMatchFormatPreset","decl":{"start":{"line":1003,"column":22},"end":{"line":1003,"column":46}},"loc":{"start":{"line":1003,"column":95},"end":{"line":1012,"column":null}},"line":1003},"51":{"name":"fetchDoublettes","decl":{"start":{"line":1044,"column":22},"end":{"line":1044,"column":null}},"loc":{"start":{"line":1048,"column":36},"end":{"line":1058,"column":null}},"line":1048},"52":{"name":"createDoublette","decl":{"start":{"line":1060,"column":22},"end":{"line":1060,"column":null}},"loc":{"start":{"line":1069,"column":34},"end":{"line":1084,"column":null}},"line":1069},"53":{"name":"joinDoublette","decl":{"start":{"line":1086,"column":22},"end":{"line":1086,"column":null}},"loc":{"start":{"line":1091,"column":34},"end":{"line":1106,"column":null}},"line":1091},"54":{"name":"leaveDoublette","decl":{"start":{"line":1108,"column":22},"end":{"line":1108,"column":null}},"loc":{"start":{"line":1112,"column":33},"end":{"line":1123,"column":null}},"line":1112},"55":{"name":"registerDoublette","decl":{"start":{"line":1125,"column":22},"end":{"line":1125,"column":null}},"loc":{"start":{"line":1129,"column":34},"end":{"line":1140,"column":null}},"line":1129},"56":{"name":"unregisterDoublette","decl":{"start":{"line":1142,"column":22},"end":{"line":1142,"column":null}},"loc":{"start":{"line":1146,"column":34},"end":{"line":1157,"column":null}},"line":1146},"57":{"name":"deleteDoublette","decl":{"start":{"line":1159,"column":22},"end":{"line":1159,"column":null}},"loc":{"start":{"line":1163,"column":17},"end":{"line":1172,"column":null}},"line":1163},"58":{"name":"updateDoublettePassword","decl":{"start":{"line":1174,"column":22},"end":{"line":1174,"column":null}},"loc":{"start":{"line":1179,"column":17},"end":{"line":1192,"column":null}},"line":1179},"59":{"name":"updateDoublette","decl":{"start":{"line":1194,"column":22},"end":{"line":1194,"column":null}},"loc":{"start":{"line":1199,"column":34},"end":{"line":1214,"column":null}},"line":1199},"60":{"name":"addDoubletteMember","decl":{"start":{"line":1216,"column":22},"end":{"line":1216,"column":null}},"loc":{"start":{"line":1221,"column":34},"end":{"line":1236,"column":null}},"line":1221},"61":{"name":"removeDoubletteMember","decl":{"start":{"line":1238,"column":22},"end":{"line":1238,"column":null}},"loc":{"start":{"line":1243,"column":34},"end":{"line":1257,"column":null}},"line":1243},"62":{"name":"fetchEquipes","decl":{"start":{"line":1259,"column":22},"end":{"line":1259,"column":null}},"loc":{"start":{"line":1263,"column":36},"end":{"line":1273,"column":null}},"line":1263},"63":{"name":"createEquipe","decl":{"start":{"line":1275,"column":22},"end":{"line":1275,"column":null}},"loc":{"start":{"line":1284,"column":34},"end":{"line":1299,"column":null}},"line":1284},"64":{"name":"joinEquipe","decl":{"start":{"line":1301,"column":22},"end":{"line":1301,"column":null}},"loc":{"start":{"line":1306,"column":34},"end":{"line":1321,"column":null}},"line":1306},"65":{"name":"leaveEquipe","decl":{"start":{"line":1323,"column":22},"end":{"line":1323,"column":null}},"loc":{"start":{"line":1327,"column":33},"end":{"line":1338,"column":null}},"line":1327},"66":{"name":"registerEquipe","decl":{"start":{"line":1340,"column":22},"end":{"line":1340,"column":null}},"loc":{"start":{"line":1344,"column":34},"end":{"line":1355,"column":null}},"line":1344},"67":{"name":"unregisterEquipe","decl":{"start":{"line":1357,"column":22},"end":{"line":1357,"column":null}},"loc":{"start":{"line":1361,"column":34},"end":{"line":1372,"column":null}},"line":1361},"68":{"name":"deleteEquipe","decl":{"start":{"line":1374,"column":22},"end":{"line":1374,"column":null}},"loc":{"start":{"line":1378,"column":17},"end":{"line":1387,"column":null}},"line":1378},"69":{"name":"updateEquipePassword","decl":{"start":{"line":1389,"column":22},"end":{"line":1389,"column":null}},"loc":{"start":{"line":1394,"column":17},"end":{"line":1407,"column":null}},"line":1394},"70":{"name":"updateEquipe","decl":{"start":{"line":1409,"column":22},"end":{"line":1409,"column":null}},"loc":{"start":{"line":1414,"column":34},"end":{"line":1429,"column":null}},"line":1414},"71":{"name":"addEquipeMember","decl":{"start":{"line":1431,"column":22},"end":{"line":1431,"column":null}},"loc":{"start":{"line":1436,"column":34},"end":{"line":1451,"column":null}},"line":1436},"72":{"name":"removeEquipeMember","decl":{"start":{"line":1453,"column":22},"end":{"line":1453,"column":null}},"loc":{"start":{"line":1458,"column":34},"end":{"line":1472,"column":null}},"line":1458},"73":{"name":"searchGroupPlayers","decl":{"start":{"line":1474,"column":22},"end":{"line":1474,"column":null}},"loc":{"start":{"line":1478,"column":38},"end":{"line":1490,"column":null}},"line":1478}},"branchMap":{"0":{"loc":{"start":{"line":146,"column":2},"end":{"line":146,"column":null}},"type":"cond-expr","locations":[{"start":{"line":146,"column":10},"end":{"line":146,"column":62}},{"start":{"line":146,"column":62},"end":{"line":146,"column":null}}],"line":146},"1":{"loc":{"start":{"line":164,"column":22},"end":{"line":164,"column":null}},"type":"binary-expr","locations":[{"start":{"line":164,"column":22},"end":{"line":164,"column":62}},{"start":{"line":164,"column":62},"end":{"line":164,"column":null}}],"line":164},"2":{"loc":{"start":{"line":167,"column":2},"end":{"line":173,"column":null}},"type":"if","locations":[{"start":{"line":167,"column":2},"end":{"line":173,"column":null}},{"start":{},"end":{}}],"line":167},"3":{"loc":{"start":{"line":169,"column":20},"end":{"line":171,"column":null}},"type":"cond-expr","locations":[{"start":{"line":170,"column":8},"end":{"line":170,"column":null}},{"start":{"line":171,"column":8},"end":{"line":171,"column":null}}],"line":169},"4":{"loc":{"start":{"line":169,"column":20},"end":{"line":169,"column":null}},"type":"binary-expr","locations":[{"start":{"line":169,"column":20},"end":{"line":169,"column":34}},{"start":{"line":169,"column":34},"end":{"line":169,"column":null}}],"line":169},"5":{"loc":{"start":{"line":176,"column":21},"end":{"line":176,"column":null}},"type":"cond-expr","locations":[{"start":{"line":176,"column":55},"end":{"line":176,"column":83}},{"start":{"line":176,"column":83},"end":{"line":176,"column":null}}],"line":176},"6":{"loc":{"start":{"line":177,"column":18},"end":{"line":179,"column":null}},"type":"cond-expr","locations":[{"start":{"line":178,"column":6},"end":{"line":178,"column":null}},{"start":{"line":179,"column":6},"end":{"line":179,"column":null}}],"line":177},"7":{"loc":{"start":{"line":177,"column":18},"end":{"line":177,"column":null}},"type":"binary-expr","locations":[{"start":{"line":177,"column":18},"end":{"line":177,"column":32}},{"start":{"line":177,"column":32},"end":{"line":177,"column":null}}],"line":177},"8":{"loc":{"start":{"line":186,"column":29},"end":{"line":188,"column":null}},"type":"binary-expr","locations":[{"start":{"line":186,"column":29},"end":{"line":186,"column":null}},{"start":{"line":187,"column":8},"end":{"line":187,"column":null}},{"start":{"line":188,"column":8},"end":{"line":188,"column":null}}],"line":186},"9":{"loc":{"start":{"line":188,"column":8},"end":{"line":188,"column":null}},"type":"cond-expr","locations":[{"start":{"line":188,"column":45},"end":{"line":188,"column":61}},{"start":{"line":188,"column":61},"end":{"line":188,"column":null}}],"line":188},"10":{"loc":{"start":{"line":189,"column":26},"end":{"line":190,"column":null}},"type":"binary-expr","locations":[{"start":{"line":189,"column":26},"end":{"line":189,"column":null}},{"start":{"line":190,"column":8},"end":{"line":190,"column":null}}],"line":189},"11":{"loc":{"start":{"line":190,"column":8},"end":{"line":190,"column":null}},"type":"cond-expr","locations":[{"start":{"line":190,"column":45},"end":{"line":190,"column":67}},{"start":{"line":190,"column":67},"end":{"line":190,"column":null}}],"line":190},"12":{"loc":{"start":{"line":192,"column":26},"end":{"line":192,"column":75}},"type":"binary-expr","locations":[{"start":{"line":192,"column":26},"end":{"line":192,"column":48}},{"start":{"line":192,"column":48},"end":{"line":192,"column":60}},{"start":{"line":192,"column":60},"end":{"line":192,"column":75}}],"line":192},"13":{"loc":{"start":{"line":196,"column":2},"end":{"line":198,"column":null}},"type":"if","locations":[{"start":{"line":196,"column":2},"end":{"line":198,"column":null}},{"start":{},"end":{}}],"line":196},"14":{"loc":{"start":{"line":211,"column":10},"end":{"line":211,"column":null}},"type":"cond-expr","locations":[{"start":{"line":211,"column":18},"end":{"line":211,"column":57}},{"start":{"line":211,"column":57},"end":{"line":211,"column":null}}],"line":211},"15":{"loc":{"start":{"line":216,"column":2},"end":{"line":226,"column":null}},"type":"if","locations":[{"start":{"line":216,"column":2},"end":{"line":226,"column":null}},{"start":{},"end":{}}],"line":216},"16":{"loc":{"start":{"line":218,"column":10},"end":{"line":224,"column":null}},"type":"binary-expr","locations":[{"start":{"line":219,"column":7},"end":{"line":223,"column":null}},{"start":{"line":224,"column":9},"end":{"line":224,"column":null}}],"line":218},"17":{"loc":{"start":{"line":219,"column":7},"end":{"line":223,"column":null}},"type":"cond-expr","locations":[{"start":{"line":220,"column":11},"end":{"line":222,"column":null}},{"start":{"line":223,"column":10},"end":{"line":223,"column":null}}],"line":219},"18":{"loc":{"start":{"line":219,"column":7},"end":{"line":219,"column":null}},"type":"binary-expr","locations":[{"start":{"line":219,"column":7},"end":{"line":219,"column":20}},{"start":{"line":219,"column":20},"end":{"line":219,"column":null}}],"line":219},"19":{"loc":{"start":{"line":220,"column":11},"end":{"line":222,"column":null}},"type":"binary-expr","locations":[{"start":{"line":220,"column":11},"end":{"line":220,"column":null}},{"start":{"line":221,"column":14},"end":{"line":221,"column":null}},{"start":{"line":222,"column":14},"end":{"line":222,"column":null}}],"line":220},"20":{"loc":{"start":{"line":245,"column":2},"end":{"line":247,"column":null}},"type":"if","locations":[{"start":{"line":245,"column":2},"end":{"line":247,"column":null}},{"start":{},"end":{}}],"line":245},"21":{"loc":{"start":{"line":261,"column":10},"end":{"line":261,"column":null}},"type":"cond-expr","locations":[{"start":{"line":261,"column":18},"end":{"line":261,"column":57}},{"start":{"line":261,"column":57},"end":{"line":261,"column":null}}],"line":261},"22":{"loc":{"start":{"line":266,"column":2},"end":{"line":269,"column":null}},"type":"if","locations":[{"start":{"line":266,"column":2},"end":{"line":269,"column":null}},{"start":{},"end":{}}],"line":266},"23":{"loc":{"start":{"line":268,"column":20},"end":{"line":268,"column":60}},"type":"binary-expr","locations":[{"start":{"line":268,"column":20},"end":{"line":268,"column":31}},{"start":{"line":268,"column":31},"end":{"line":268,"column":60}}],"line":268},"24":{"loc":{"start":{"line":283,"column":10},"end":{"line":283,"column":null}},"type":"cond-expr","locations":[{"start":{"line":283,"column":18},"end":{"line":283,"column":57}},{"start":{"line":283,"column":57},"end":{"line":283,"column":null}}],"line":283},"25":{"loc":{"start":{"line":288,"column":2},"end":{"line":291,"column":null}},"type":"if","locations":[{"start":{"line":288,"column":2},"end":{"line":291,"column":null}},{"start":{},"end":{}}],"line":288},"26":{"loc":{"start":{"line":290,"column":20},"end":{"line":290,"column":67}},"type":"binary-expr","locations":[{"start":{"line":290,"column":20},"end":{"line":290,"column":31}},{"start":{"line":290,"column":31},"end":{"line":290,"column":67}}],"line":290},"27":{"loc":{"start":{"line":300,"column":2},"end":{"line":302,"column":null}},"type":"if","locations":[{"start":{"line":300,"column":2},"end":{"line":302,"column":null}},{"start":{},"end":{}}],"line":300},"28":{"loc":{"start":{"line":305,"column":9},"end":{"line":305,"column":null}},"type":"binary-expr","locations":[{"start":{"line":305,"column":9},"end":{"line":305,"column":25}},{"start":{"line":305,"column":25},"end":{"line":305,"column":null}}],"line":305},"29":{"loc":{"start":{"line":311,"column":2},"end":{"line":314,"column":null}},"type":"if","locations":[{"start":{"line":311,"column":2},"end":{"line":314,"column":null}},{"start":{},"end":{}}],"line":311},"30":{"loc":{"start":{"line":313,"column":20},"end":{"line":313,"column":63}},"type":"binary-expr","locations":[{"start":{"line":313,"column":20},"end":{"line":313,"column":31}},{"start":{"line":313,"column":31},"end":{"line":313,"column":63}}],"line":313},"31":{"loc":{"start":{"line":317,"column":9},"end":{"line":317,"column":null}},"type":"binary-expr","locations":[{"start":{"line":317,"column":9},"end":{"line":317,"column":25}},{"start":{"line":317,"column":25},"end":{"line":317,"column":null}}],"line":317},"32":{"loc":{"start":{"line":329,"column":2},"end":{"line":331,"column":null}},"type":"if","locations":[{"start":{"line":329,"column":2},"end":{"line":331,"column":null}},{"start":{},"end":{}}],"line":329},"33":{"loc":{"start":{"line":337,"column":2},"end":{"line":337,"column":null}},"type":"default-arg","locations":[{"start":{"line":337,"column":23},"end":{"line":337,"column":null}}],"line":337},"34":{"loc":{"start":{"line":346,"column":16},"end":{"line":348,"column":null}},"type":"cond-expr","locations":[{"start":{"line":347,"column":6},"end":{"line":347,"column":null}},{"start":{"line":348,"column":6},"end":{"line":348,"column":null}}],"line":346},"35":{"loc":{"start":{"line":355,"column":2},"end":{"line":357,"column":null}},"type":"if","locations":[{"start":{"line":355,"column":2},"end":{"line":357,"column":null}},{"start":{},"end":{}}],"line":355},"36":{"loc":{"start":{"line":360,"column":9},"end":{"line":360,"column":null}},"type":"cond-expr","locations":[{"start":{"line":360,"column":44},"end":{"line":360,"column":63}},{"start":{"line":360,"column":63},"end":{"line":360,"column":null}}],"line":360},"37":{"loc":{"start":{"line":369,"column":2},"end":{"line":372,"column":null}},"type":"if","locations":[{"start":{"line":369,"column":2},"end":{"line":372,"column":null}},{"start":{},"end":{}}],"line":369},"38":{"loc":{"start":{"line":371,"column":20},"end":{"line":371,"column":67}},"type":"binary-expr","locations":[{"start":{"line":371,"column":20},"end":{"line":371,"column":31}},{"start":{"line":371,"column":31},"end":{"line":371,"column":67}}],"line":371},"39":{"loc":{"start":{"line":375,"column":9},"end":{"line":375,"column":null}},"type":"binary-expr","locations":[{"start":{"line":375,"column":9},"end":{"line":375,"column":25}},{"start":{"line":375,"column":25},"end":{"line":375,"column":null}}],"line":375},"40":{"loc":{"start":{"line":388,"column":2},"end":{"line":391,"column":null}},"type":"if","locations":[{"start":{"line":388,"column":2},"end":{"line":391,"column":null}},{"start":{},"end":{}}],"line":388},"41":{"loc":{"start":{"line":390,"column":20},"end":{"line":390,"column":65}},"type":"binary-expr","locations":[{"start":{"line":390,"column":20},"end":{"line":390,"column":31}},{"start":{"line":390,"column":31},"end":{"line":390,"column":65}}],"line":390},"42":{"loc":{"start":{"line":394,"column":9},"end":{"line":394,"column":null}},"type":"binary-expr","locations":[{"start":{"line":394,"column":9},"end":{"line":394,"column":23}},{"start":{"line":394,"column":23},"end":{"line":394,"column":null}}],"line":394},"43":{"loc":{"start":{"line":407,"column":10},"end":{"line":407,"column":null}},"type":"cond-expr","locations":[{"start":{"line":407,"column":18},"end":{"line":407,"column":70}},{"start":{"line":407,"column":70},"end":{"line":407,"column":null}}],"line":407},"44":{"loc":{"start":{"line":411,"column":2},"end":{"line":414,"column":null}},"type":"if","locations":[{"start":{"line":411,"column":2},"end":{"line":414,"column":null}},{"start":{},"end":{}}],"line":411},"45":{"loc":{"start":{"line":413,"column":20},"end":{"line":413,"column":61}},"type":"binary-expr","locations":[{"start":{"line":413,"column":20},"end":{"line":413,"column":31}},{"start":{"line":413,"column":31},"end":{"line":413,"column":61}}],"line":413},"46":{"loc":{"start":{"line":427,"column":10},"end":{"line":427,"column":null}},"type":"cond-expr","locations":[{"start":{"line":427,"column":18},"end":{"line":427,"column":57}},{"start":{"line":427,"column":57},"end":{"line":427,"column":null}}],"line":427},"47":{"loc":{"start":{"line":432,"column":2},"end":{"line":435,"column":null}},"type":"if","locations":[{"start":{"line":432,"column":2},"end":{"line":435,"column":null}},{"start":{},"end":{}}],"line":432},"48":{"loc":{"start":{"line":434,"column":20},"end":{"line":434,"column":66}},"type":"binary-expr","locations":[{"start":{"line":434,"column":20},"end":{"line":434,"column":31}},{"start":{"line":434,"column":31},"end":{"line":434,"column":66}}],"line":434},"49":{"loc":{"start":{"line":447,"column":10},"end":{"line":447,"column":null}},"type":"cond-expr","locations":[{"start":{"line":447,"column":18},"end":{"line":447,"column":57}},{"start":{"line":447,"column":57},"end":{"line":447,"column":null}}],"line":447},"50":{"loc":{"start":{"line":452,"column":2},"end":{"line":455,"column":null}},"type":"if","locations":[{"start":{"line":452,"column":2},"end":{"line":455,"column":null}},{"start":{},"end":{}}],"line":452},"51":{"loc":{"start":{"line":454,"column":20},"end":{"line":454,"column":58}},"type":"binary-expr","locations":[{"start":{"line":454,"column":20},"end":{"line":454,"column":31}},{"start":{"line":454,"column":31},"end":{"line":454,"column":58}}],"line":454},"52":{"loc":{"start":{"line":470,"column":10},"end":{"line":470,"column":null}},"type":"cond-expr","locations":[{"start":{"line":470,"column":18},"end":{"line":470,"column":57}},{"start":{"line":470,"column":57},"end":{"line":470,"column":null}}],"line":470},"53":{"loc":{"start":{"line":475,"column":2},"end":{"line":478,"column":null}},"type":"if","locations":[{"start":{"line":475,"column":2},"end":{"line":478,"column":null}},{"start":{},"end":{}}],"line":475},"54":{"loc":{"start":{"line":477,"column":20},"end":{"line":477,"column":56}},"type":"binary-expr","locations":[{"start":{"line":477,"column":20},"end":{"line":477,"column":31}},{"start":{"line":477,"column":31},"end":{"line":477,"column":56}}],"line":477},"55":{"loc":{"start":{"line":491,"column":10},"end":{"line":491,"column":null}},"type":"cond-expr","locations":[{"start":{"line":491,"column":18},"end":{"line":491,"column":57}},{"start":{"line":491,"column":57},"end":{"line":491,"column":null}}],"line":491},"56":{"loc":{"start":{"line":496,"column":2},"end":{"line":499,"column":null}},"type":"if","locations":[{"start":{"line":496,"column":2},"end":{"line":499,"column":null}},{"start":{},"end":{}}],"line":496},"57":{"loc":{"start":{"line":498,"column":20},"end":{"line":498,"column":65}},"type":"binary-expr","locations":[{"start":{"line":498,"column":20},"end":{"line":498,"column":31}},{"start":{"line":498,"column":31},"end":{"line":498,"column":65}}],"line":498},"58":{"loc":{"start":{"line":508,"column":2},"end":{"line":511,"column":null}},"type":"if","locations":[{"start":{"line":508,"column":2},"end":{"line":511,"column":null}},{"start":{},"end":{}}],"line":508},"59":{"loc":{"start":{"line":510,"column":20},"end":{"line":510,"column":60}},"type":"binary-expr","locations":[{"start":{"line":510,"column":20},"end":{"line":510,"column":31}},{"start":{"line":510,"column":31},"end":{"line":510,"column":60}}],"line":510},"60":{"loc":{"start":{"line":514,"column":9},"end":{"line":514,"column":null}},"type":"binary-expr","locations":[{"start":{"line":514,"column":9},"end":{"line":514,"column":28}},{"start":{"line":514,"column":28},"end":{"line":514,"column":null}}],"line":514},"61":{"loc":{"start":{"line":526,"column":10},"end":{"line":526,"column":null}},"type":"cond-expr","locations":[{"start":{"line":526,"column":18},"end":{"line":526,"column":57}},{"start":{"line":526,"column":57},"end":{"line":526,"column":null}}],"line":526},"62":{"loc":{"start":{"line":531,"column":2},"end":{"line":534,"column":null}},"type":"if","locations":[{"start":{"line":531,"column":2},"end":{"line":534,"column":null}},{"start":{},"end":{}}],"line":531},"63":{"loc":{"start":{"line":533,"column":20},"end":{"line":533,"column":60}},"type":"binary-expr","locations":[{"start":{"line":533,"column":20},"end":{"line":533,"column":31}},{"start":{"line":533,"column":31},"end":{"line":533,"column":60}}],"line":533},"64":{"loc":{"start":{"line":549,"column":10},"end":{"line":549,"column":null}},"type":"cond-expr","locations":[{"start":{"line":549,"column":18},"end":{"line":549,"column":57}},{"start":{"line":549,"column":57},"end":{"line":549,"column":null}}],"line":549},"65":{"loc":{"start":{"line":554,"column":2},"end":{"line":557,"column":null}},"type":"if","locations":[{"start":{"line":554,"column":2},"end":{"line":557,"column":null}},{"start":{},"end":{}}],"line":554},"66":{"loc":{"start":{"line":556,"column":20},"end":{"line":556,"column":60}},"type":"binary-expr","locations":[{"start":{"line":556,"column":20},"end":{"line":556,"column":31}},{"start":{"line":556,"column":31},"end":{"line":556,"column":60}}],"line":556},"67":{"loc":{"start":{"line":572,"column":2},"end":{"line":575,"column":null}},"type":"if","locations":[{"start":{"line":572,"column":2},"end":{"line":575,"column":null}},{"start":{},"end":{}}],"line":572},"68":{"loc":{"start":{"line":574,"column":20},"end":{"line":574,"column":62}},"type":"binary-expr","locations":[{"start":{"line":574,"column":20},"end":{"line":574,"column":31}},{"start":{"line":574,"column":31},"end":{"line":574,"column":62}}],"line":574},"69":{"loc":{"start":{"line":588,"column":2},"end":{"line":591,"column":null}},"type":"if","locations":[{"start":{"line":588,"column":2},"end":{"line":591,"column":null}},{"start":{},"end":{}}],"line":588},"70":{"loc":{"start":{"line":590,"column":20},"end":{"line":590,"column":77}},"type":"binary-expr","locations":[{"start":{"line":590,"column":20},"end":{"line":590,"column":31}},{"start":{"line":590,"column":31},"end":{"line":590,"column":77}}],"line":590},"71":{"loc":{"start":{"line":605,"column":10},"end":{"line":605,"column":null}},"type":"cond-expr","locations":[{"start":{"line":605,"column":18},"end":{"line":605,"column":57}},{"start":{"line":605,"column":57},"end":{"line":605,"column":null}}],"line":605},"72":{"loc":{"start":{"line":607,"column":40},"end":{"line":607,"column":62}},"type":"cond-expr","locations":[{"start":{"line":607,"column":47},"end":{"line":607,"column":58}},{"start":{"line":607,"column":58},"end":{"line":607,"column":62}}],"line":607},"73":{"loc":{"start":{"line":610,"column":2},"end":{"line":613,"column":null}},"type":"if","locations":[{"start":{"line":610,"column":2},"end":{"line":613,"column":null}},{"start":{},"end":{}}],"line":610},"74":{"loc":{"start":{"line":612,"column":20},"end":{"line":612,"column":59}},"type":"binary-expr","locations":[{"start":{"line":612,"column":20},"end":{"line":612,"column":31}},{"start":{"line":612,"column":31},"end":{"line":612,"column":59}}],"line":612},"75":{"loc":{"start":{"line":627,"column":10},"end":{"line":627,"column":null}},"type":"cond-expr","locations":[{"start":{"line":627,"column":18},"end":{"line":627,"column":57}},{"start":{"line":627,"column":57},"end":{"line":627,"column":null}}],"line":627},"76":{"loc":{"start":{"line":629,"column":39},"end":{"line":629,"column":69}},"type":"cond-expr","locations":[{"start":{"line":629,"column":50},"end":{"line":629,"column":65}},{"start":{"line":629,"column":65},"end":{"line":629,"column":69}}],"line":629},"77":{"loc":{"start":{"line":632,"column":2},"end":{"line":635,"column":null}},"type":"if","locations":[{"start":{"line":632,"column":2},"end":{"line":635,"column":null}},{"start":{},"end":{}}],"line":632},"78":{"loc":{"start":{"line":634,"column":20},"end":{"line":634,"column":62}},"type":"binary-expr","locations":[{"start":{"line":634,"column":20},"end":{"line":634,"column":31}},{"start":{"line":634,"column":31},"end":{"line":634,"column":62}}],"line":634},"79":{"loc":{"start":{"line":648,"column":10},"end":{"line":648,"column":null}},"type":"cond-expr","locations":[{"start":{"line":648,"column":18},"end":{"line":648,"column":57}},{"start":{"line":648,"column":57},"end":{"line":648,"column":null}}],"line":648},"80":{"loc":{"start":{"line":653,"column":2},"end":{"line":656,"column":null}},"type":"if","locations":[{"start":{"line":653,"column":2},"end":{"line":656,"column":null}},{"start":{},"end":{}}],"line":653},"81":{"loc":{"start":{"line":655,"column":20},"end":{"line":655,"column":57}},"type":"binary-expr","locations":[{"start":{"line":655,"column":20},"end":{"line":655,"column":31}},{"start":{"line":655,"column":31},"end":{"line":655,"column":57}}],"line":655},"82":{"loc":{"start":{"line":669,"column":10},"end":{"line":669,"column":null}},"type":"cond-expr","locations":[{"start":{"line":669,"column":18},"end":{"line":669,"column":57}},{"start":{"line":669,"column":57},"end":{"line":669,"column":null}}],"line":669},"83":{"loc":{"start":{"line":674,"column":2},"end":{"line":677,"column":null}},"type":"if","locations":[{"start":{"line":674,"column":2},"end":{"line":677,"column":null}},{"start":{},"end":{}}],"line":674},"84":{"loc":{"start":{"line":676,"column":20},"end":{"line":676,"column":62}},"type":"binary-expr","locations":[{"start":{"line":676,"column":20},"end":{"line":676,"column":31}},{"start":{"line":676,"column":31},"end":{"line":676,"column":62}}],"line":676},"85":{"loc":{"start":{"line":687,"column":8},"end":{"line":687,"column":null}},"type":"cond-expr","locations":[{"start":{"line":687,"column":16},"end":{"line":687,"column":68}},{"start":{"line":687,"column":68},"end":{"line":687,"column":null}}],"line":687},"86":{"loc":{"start":{"line":690,"column":2},"end":{"line":693,"column":null}},"type":"if","locations":[{"start":{"line":690,"column":2},"end":{"line":693,"column":null}},{"start":{},"end":{}}],"line":690},"87":{"loc":{"start":{"line":692,"column":20},"end":{"line":692,"column":64}},"type":"binary-expr","locations":[{"start":{"line":692,"column":20},"end":{"line":692,"column":31}},{"start":{"line":692,"column":31},"end":{"line":692,"column":64}}],"line":692},"88":{"loc":{"start":{"line":706,"column":10},"end":{"line":706,"column":null}},"type":"cond-expr","locations":[{"start":{"line":706,"column":18},"end":{"line":706,"column":57}},{"start":{"line":706,"column":57},"end":{"line":706,"column":null}}],"line":706},"89":{"loc":{"start":{"line":710,"column":2},"end":{"line":713,"column":null}},"type":"if","locations":[{"start":{"line":710,"column":2},"end":{"line":713,"column":null}},{"start":{},"end":{}}],"line":710},"90":{"loc":{"start":{"line":712,"column":20},"end":{"line":712,"column":65}},"type":"binary-expr","locations":[{"start":{"line":712,"column":20},"end":{"line":712,"column":31}},{"start":{"line":712,"column":31},"end":{"line":712,"column":65}}],"line":712},"91":{"loc":{"start":{"line":726,"column":2},"end":{"line":729,"column":null}},"type":"if","locations":[{"start":{"line":726,"column":2},"end":{"line":729,"column":null}},{"start":{},"end":{}}],"line":726},"92":{"loc":{"start":{"line":728,"column":20},"end":{"line":728,"column":60}},"type":"binary-expr","locations":[{"start":{"line":728,"column":20},"end":{"line":728,"column":31}},{"start":{"line":728,"column":31},"end":{"line":728,"column":60}}],"line":728},"93":{"loc":{"start":{"line":741,"column":2},"end":{"line":744,"column":null}},"type":"if","locations":[{"start":{"line":741,"column":2},"end":{"line":744,"column":null}},{"start":{},"end":{}}],"line":741},"94":{"loc":{"start":{"line":743,"column":20},"end":{"line":743,"column":57}},"type":"binary-expr","locations":[{"start":{"line":743,"column":20},"end":{"line":743,"column":31}},{"start":{"line":743,"column":31},"end":{"line":743,"column":57}}],"line":743},"95":{"loc":{"start":{"line":747,"column":9},"end":{"line":747,"column":null}},"type":"binary-expr","locations":[{"start":{"line":747,"column":9},"end":{"line":747,"column":26}},{"start":{"line":747,"column":26},"end":{"line":747,"column":null}}],"line":747},"96":{"loc":{"start":{"line":759,"column":10},"end":{"line":759,"column":null}},"type":"cond-expr","locations":[{"start":{"line":759,"column":18},"end":{"line":759,"column":57}},{"start":{"line":759,"column":57},"end":{"line":759,"column":null}}],"line":759},"97":{"loc":{"start":{"line":764,"column":2},"end":{"line":767,"column":null}},"type":"if","locations":[{"start":{"line":764,"column":2},"end":{"line":767,"column":null}},{"start":{},"end":{}}],"line":764},"98":{"loc":{"start":{"line":766,"column":20},"end":{"line":766,"column":57}},"type":"binary-expr","locations":[{"start":{"line":766,"column":20},"end":{"line":766,"column":31}},{"start":{"line":766,"column":31},"end":{"line":766,"column":57}}],"line":766},"99":{"loc":{"start":{"line":782,"column":10},"end":{"line":782,"column":null}},"type":"cond-expr","locations":[{"start":{"line":782,"column":18},"end":{"line":782,"column":57}},{"start":{"line":782,"column":57},"end":{"line":782,"column":null}}],"line":782},"100":{"loc":{"start":{"line":787,"column":2},"end":{"line":790,"column":null}},"type":"if","locations":[{"start":{"line":787,"column":2},"end":{"line":790,"column":null}},{"start":{},"end":{}}],"line":787},"101":{"loc":{"start":{"line":789,"column":20},"end":{"line":789,"column":57}},"type":"binary-expr","locations":[{"start":{"line":789,"column":20},"end":{"line":789,"column":31}},{"start":{"line":789,"column":31},"end":{"line":789,"column":57}}],"line":789},"102":{"loc":{"start":{"line":805,"column":10},"end":{"line":805,"column":null}},"type":"cond-expr","locations":[{"start":{"line":805,"column":18},"end":{"line":805,"column":57}},{"start":{"line":805,"column":57},"end":{"line":805,"column":null}}],"line":805},"103":{"loc":{"start":{"line":810,"column":2},"end":{"line":813,"column":null}},"type":"if","locations":[{"start":{"line":810,"column":2},"end":{"line":813,"column":null}},{"start":{},"end":{}}],"line":810},"104":{"loc":{"start":{"line":812,"column":20},"end":{"line":812,"column":65}},"type":"binary-expr","locations":[{"start":{"line":812,"column":20},"end":{"line":812,"column":31}},{"start":{"line":812,"column":31},"end":{"line":812,"column":65}}],"line":812},"105":{"loc":{"start":{"line":828,"column":2},"end":{"line":831,"column":null}},"type":"if","locations":[{"start":{"line":828,"column":2},"end":{"line":831,"column":null}},{"start":{},"end":{}}],"line":828},"106":{"loc":{"start":{"line":830,"column":20},"end":{"line":830,"column":57}},"type":"binary-expr","locations":[{"start":{"line":830,"column":20},"end":{"line":830,"column":31}},{"start":{"line":830,"column":31},"end":{"line":830,"column":57}}],"line":830},"107":{"loc":{"start":{"line":844,"column":2},"end":{"line":847,"column":null}},"type":"if","locations":[{"start":{"line":844,"column":2},"end":{"line":847,"column":null}},{"start":{},"end":{}}],"line":844},"108":{"loc":{"start":{"line":846,"column":20},"end":{"line":846,"column":56}},"type":"binary-expr","locations":[{"start":{"line":846,"column":20},"end":{"line":846,"column":31}},{"start":{"line":846,"column":31},"end":{"line":846,"column":56}}],"line":846},"109":{"loc":{"start":{"line":860,"column":2},"end":{"line":863,"column":null}},"type":"if","locations":[{"start":{"line":860,"column":2},"end":{"line":863,"column":null}},{"start":{},"end":{}}],"line":860},"110":{"loc":{"start":{"line":862,"column":20},"end":{"line":862,"column":60}},"type":"binary-expr","locations":[{"start":{"line":862,"column":20},"end":{"line":862,"column":31}},{"start":{"line":862,"column":31},"end":{"line":862,"column":60}}],"line":862},"111":{"loc":{"start":{"line":869,"column":2},"end":{"line":871,"column":null}},"type":"if","locations":[{"start":{"line":869,"column":2},"end":{"line":871,"column":null}},{"start":{},"end":{}}],"line":869},"112":{"loc":{"start":{"line":874,"column":9},"end":{"line":874,"column":null}},"type":"binary-expr","locations":[{"start":{"line":874,"column":9},"end":{"line":874,"column":25}},{"start":{"line":874,"column":25},"end":{"line":874,"column":null}}],"line":874},"113":{"loc":{"start":{"line":891,"column":10},"end":{"line":891,"column":null}},"type":"cond-expr","locations":[{"start":{"line":891,"column":18},"end":{"line":891,"column":57}},{"start":{"line":891,"column":57},"end":{"line":891,"column":null}}],"line":891},"114":{"loc":{"start":{"line":896,"column":2},"end":{"line":898,"column":null}},"type":"if","locations":[{"start":{"line":896,"column":2},"end":{"line":898,"column":null}},{"start":{},"end":{}}],"line":896},"115":{"loc":{"start":{"line":918,"column":10},"end":{"line":918,"column":null}},"type":"cond-expr","locations":[{"start":{"line":918,"column":18},"end":{"line":918,"column":57}},{"start":{"line":918,"column":57},"end":{"line":918,"column":null}}],"line":918},"116":{"loc":{"start":{"line":923,"column":2},"end":{"line":925,"column":null}},"type":"if","locations":[{"start":{"line":923,"column":2},"end":{"line":925,"column":null}},{"start":{},"end":{}}],"line":923},"117":{"loc":{"start":{"line":936,"column":2},"end":{"line":938,"column":null}},"type":"if","locations":[{"start":{"line":936,"column":2},"end":{"line":938,"column":null}},{"start":{},"end":{}}],"line":936},"118":{"loc":{"start":{"line":944,"column":2},"end":{"line":946,"column":null}},"type":"if","locations":[{"start":{"line":944,"column":2},"end":{"line":946,"column":null}},{"start":{},"end":{}}],"line":944},"119":{"loc":{"start":{"line":949,"column":9},"end":{"line":949,"column":null}},"type":"binary-expr","locations":[{"start":{"line":949,"column":9},"end":{"line":949,"column":25}},{"start":{"line":949,"column":25},"end":{"line":949,"column":null}}],"line":949},"120":{"loc":{"start":{"line":965,"column":10},"end":{"line":965,"column":null}},"type":"cond-expr","locations":[{"start":{"line":965,"column":18},"end":{"line":965,"column":57}},{"start":{"line":965,"column":57},"end":{"line":965,"column":null}}],"line":965},"121":{"loc":{"start":{"line":970,"column":2},"end":{"line":972,"column":null}},"type":"if","locations":[{"start":{"line":970,"column":2},"end":{"line":972,"column":null}},{"start":{},"end":{}}],"line":970},"122":{"loc":{"start":{"line":991,"column":10},"end":{"line":991,"column":null}},"type":"cond-expr","locations":[{"start":{"line":991,"column":18},"end":{"line":991,"column":57}},{"start":{"line":991,"column":57},"end":{"line":991,"column":null}}],"line":991},"123":{"loc":{"start":{"line":996,"column":2},"end":{"line":998,"column":null}},"type":"if","locations":[{"start":{"line":996,"column":2},"end":{"line":998,"column":null}},{"start":{},"end":{}}],"line":996},"124":{"loc":{"start":{"line":1009,"column":2},"end":{"line":1011,"column":null}},"type":"if","locations":[{"start":{"line":1009,"column":2},"end":{"line":1011,"column":null}},{"start":{},"end":{}}],"line":1009},"125":{"loc":{"start":{"line":1049,"column":16},"end":{"line":1049,"column":null}},"type":"cond-expr","locations":[{"start":{"line":1049,"column":25},"end":{"line":1049,"column":67}},{"start":{"line":1049,"column":67},"end":{"line":1049,"column":null}}],"line":1049},"126":{"loc":{"start":{"line":1052,"column":2},"end":{"line":1054,"column":null}},"type":"if","locations":[{"start":{"line":1052,"column":2},"end":{"line":1054,"column":null}},{"start":{},"end":{}}],"line":1052},"127":{"loc":{"start":{"line":1057,"column":9},"end":{"line":1057,"column":null}},"type":"binary-expr","locations":[{"start":{"line":1057,"column":9},"end":{"line":1057,"column":28}},{"start":{"line":1057,"column":28},"end":{"line":1057,"column":null}}],"line":1057},"128":{"loc":{"start":{"line":1074,"column":10},"end":{"line":1074,"column":null}},"type":"cond-expr","locations":[{"start":{"line":1074,"column":18},"end":{"line":1074,"column":57}},{"start":{"line":1074,"column":57},"end":{"line":1074,"column":null}}],"line":1074},"129":{"loc":{"start":{"line":1079,"column":2},"end":{"line":1081,"column":null}},"type":"if","locations":[{"start":{"line":1079,"column":2},"end":{"line":1081,"column":null}},{"start":{},"end":{}}],"line":1079},"130":{"loc":{"start":{"line":1096,"column":10},"end":{"line":1096,"column":null}},"type":"cond-expr","locations":[{"start":{"line":1096,"column":18},"end":{"line":1096,"column":57}},{"start":{"line":1096,"column":57},"end":{"line":1096,"column":null}}],"line":1096},"131":{"loc":{"start":{"line":1101,"column":2},"end":{"line":1103,"column":null}},"type":"if","locations":[{"start":{"line":1101,"column":2},"end":{"line":1103,"column":null}},{"start":{},"end":{}}],"line":1101},"132":{"loc":{"start":{"line":1118,"column":2},"end":{"line":1120,"column":null}},"type":"if","locations":[{"start":{"line":1118,"column":2},"end":{"line":1120,"column":null}},{"start":{},"end":{}}],"line":1118},"133":{"loc":{"start":{"line":1135,"column":2},"end":{"line":1137,"column":null}},"type":"if","locations":[{"start":{"line":1135,"column":2},"end":{"line":1137,"column":null}},{"start":{},"end":{}}],"line":1135},"134":{"loc":{"start":{"line":1152,"column":2},"end":{"line":1154,"column":null}},"type":"if","locations":[{"start":{"line":1152,"column":2},"end":{"line":1154,"column":null}},{"start":{},"end":{}}],"line":1152},"135":{"loc":{"start":{"line":1169,"column":2},"end":{"line":1171,"column":null}},"type":"if","locations":[{"start":{"line":1169,"column":2},"end":{"line":1171,"column":null}},{"start":{},"end":{}}],"line":1169},"136":{"loc":{"start":{"line":1184,"column":10},"end":{"line":1184,"column":null}},"type":"cond-expr","locations":[{"start":{"line":1184,"column":18},"end":{"line":1184,"column":57}},{"start":{"line":1184,"column":57},"end":{"line":1184,"column":null}}],"line":1184},"137":{"loc":{"start":{"line":1189,"column":2},"end":{"line":1191,"column":null}},"type":"if","locations":[{"start":{"line":1189,"column":2},"end":{"line":1191,"column":null}},{"start":{},"end":{}}],"line":1189},"138":{"loc":{"start":{"line":1204,"column":10},"end":{"line":1204,"column":null}},"type":"cond-expr","locations":[{"start":{"line":1204,"column":18},"end":{"line":1204,"column":57}},{"start":{"line":1204,"column":57},"end":{"line":1204,"column":null}}],"line":1204},"139":{"loc":{"start":{"line":1209,"column":2},"end":{"line":1211,"column":null}},"type":"if","locations":[{"start":{"line":1209,"column":2},"end":{"line":1211,"column":null}},{"start":{},"end":{}}],"line":1209},"140":{"loc":{"start":{"line":1226,"column":10},"end":{"line":1226,"column":null}},"type":"cond-expr","locations":[{"start":{"line":1226,"column":18},"end":{"line":1226,"column":57}},{"start":{"line":1226,"column":57},"end":{"line":1226,"column":null}}],"line":1226},"141":{"loc":{"start":{"line":1231,"column":2},"end":{"line":1233,"column":null}},"type":"if","locations":[{"start":{"line":1231,"column":2},"end":{"line":1233,"column":null}},{"start":{},"end":{}}],"line":1231},"142":{"loc":{"start":{"line":1252,"column":2},"end":{"line":1254,"column":null}},"type":"if","locations":[{"start":{"line":1252,"column":2},"end":{"line":1254,"column":null}},{"start":{},"end":{}}],"line":1252},"143":{"loc":{"start":{"line":1264,"column":16},"end":{"line":1264,"column":null}},"type":"cond-expr","locations":[{"start":{"line":1264,"column":25},"end":{"line":1264,"column":67}},{"start":{"line":1264,"column":67},"end":{"line":1264,"column":null}}],"line":1264},"144":{"loc":{"start":{"line":1267,"column":2},"end":{"line":1269,"column":null}},"type":"if","locations":[{"start":{"line":1267,"column":2},"end":{"line":1269,"column":null}},{"start":{},"end":{}}],"line":1267},"145":{"loc":{"start":{"line":1272,"column":9},"end":{"line":1272,"column":null}},"type":"binary-expr","locations":[{"start":{"line":1272,"column":9},"end":{"line":1272,"column":25}},{"start":{"line":1272,"column":25},"end":{"line":1272,"column":null}}],"line":1272},"146":{"loc":{"start":{"line":1289,"column":10},"end":{"line":1289,"column":null}},"type":"cond-expr","locations":[{"start":{"line":1289,"column":18},"end":{"line":1289,"column":57}},{"start":{"line":1289,"column":57},"end":{"line":1289,"column":null}}],"line":1289},"147":{"loc":{"start":{"line":1294,"column":2},"end":{"line":1296,"column":null}},"type":"if","locations":[{"start":{"line":1294,"column":2},"end":{"line":1296,"column":null}},{"start":{},"end":{}}],"line":1294},"148":{"loc":{"start":{"line":1311,"column":10},"end":{"line":1311,"column":null}},"type":"cond-expr","locations":[{"start":{"line":1311,"column":18},"end":{"line":1311,"column":57}},{"start":{"line":1311,"column":57},"end":{"line":1311,"column":null}}],"line":1311},"149":{"loc":{"start":{"line":1316,"column":2},"end":{"line":1318,"column":null}},"type":"if","locations":[{"start":{"line":1316,"column":2},"end":{"line":1318,"column":null}},{"start":{},"end":{}}],"line":1316},"150":{"loc":{"start":{"line":1333,"column":2},"end":{"line":1335,"column":null}},"type":"if","locations":[{"start":{"line":1333,"column":2},"end":{"line":1335,"column":null}},{"start":{},"end":{}}],"line":1333},"151":{"loc":{"start":{"line":1350,"column":2},"end":{"line":1352,"column":null}},"type":"if","locations":[{"start":{"line":1350,"column":2},"end":{"line":1352,"column":null}},{"start":{},"end":{}}],"line":1350},"152":{"loc":{"start":{"line":1367,"column":2},"end":{"line":1369,"column":null}},"type":"if","locations":[{"start":{"line":1367,"column":2},"end":{"line":1369,"column":null}},{"start":{},"end":{}}],"line":1367},"153":{"loc":{"start":{"line":1384,"column":2},"end":{"line":1386,"column":null}},"type":"if","locations":[{"start":{"line":1384,"column":2},"end":{"line":1386,"column":null}},{"start":{},"end":{}}],"line":1384},"154":{"loc":{"start":{"line":1399,"column":10},"end":{"line":1399,"column":null}},"type":"cond-expr","locations":[{"start":{"line":1399,"column":18},"end":{"line":1399,"column":57}},{"start":{"line":1399,"column":57},"end":{"line":1399,"column":null}}],"line":1399},"155":{"loc":{"start":{"line":1404,"column":2},"end":{"line":1406,"column":null}},"type":"if","locations":[{"start":{"line":1404,"column":2},"end":{"line":1406,"column":null}},{"start":{},"end":{}}],"line":1404},"156":{"loc":{"start":{"line":1419,"column":10},"end":{"line":1419,"column":null}},"type":"cond-expr","locations":[{"start":{"line":1419,"column":18},"end":{"line":1419,"column":57}},{"start":{"line":1419,"column":57},"end":{"line":1419,"column":null}}],"line":1419},"157":{"loc":{"start":{"line":1424,"column":2},"end":{"line":1426,"column":null}},"type":"if","locations":[{"start":{"line":1424,"column":2},"end":{"line":1426,"column":null}},{"start":{},"end":{}}],"line":1424},"158":{"loc":{"start":{"line":1441,"column":10},"end":{"line":1441,"column":null}},"type":"cond-expr","locations":[{"start":{"line":1441,"column":18},"end":{"line":1441,"column":57}},{"start":{"line":1441,"column":57},"end":{"line":1441,"column":null}}],"line":1441},"159":{"loc":{"start":{"line":1446,"column":2},"end":{"line":1448,"column":null}},"type":"if","locations":[{"start":{"line":1446,"column":2},"end":{"line":1448,"column":null}},{"start":{},"end":{}}],"line":1446},"160":{"loc":{"start":{"line":1467,"column":2},"end":{"line":1469,"column":null}},"type":"if","locations":[{"start":{"line":1467,"column":2},"end":{"line":1469,"column":null}},{"start":{},"end":{}}],"line":1467},"161":{"loc":{"start":{"line":1484,"column":2},"end":{"line":1486,"column":null}},"type":"if","locations":[{"start":{"line":1484,"column":2},"end":{"line":1486,"column":null}},{"start":{},"end":{}}],"line":1484},"162":{"loc":{"start":{"line":1489,"column":9},"end":{"line":1489,"column":null}},"type":"binary-expr","locations":[{"start":{"line":1489,"column":9},"end":{"line":1489,"column":25}},{"start":{"line":1489,"column":25},"end":{"line":1489,"column":null}}],"line":1489}},"s":{"0":2,"1":47,"2":2,"3":1,"4":1,"5":0,"6":2,"7":15,"8":15,"9":15,"10":2,"11":0,"12":2,"13":2,"14":10,"15":0,"16":10,"17":15,"18":15,"19":2,"20":15,"21":12,"22":15,"23":15,"24":15,"25":2,"26":12,"27":12,"28":2,"29":2,"30":1,"31":0,"32":1,"33":1,"34":1,"35":1,"36":1,"37":1,"38":1,"39":0,"40":1,"41":2,"42":2,"43":1,"44":1,"45":1,"46":2,"47":2,"48":1,"49":1,"50":1,"51":1,"52":0,"53":1,"54":1,"55":1,"56":1,"57":0,"58":0,"59":1,"60":1,"61":2,"62":2,"63":1,"64":1,"65":4,"66":6,"67":6,"68":4,"69":4,"70":4,"71":1,"72":3,"73":3,"74":2,"75":2,"76":1,"77":1,"78":1,"79":1,"80":2,"81":2,"82":1,"83":1,"84":1,"85":1,"86":2,"87":2,"88":1,"89":1,"90":2,"91":2,"92":1,"93":1,"94":2,"95":2,"96":1,"97":1,"98":1,"99":2,"100":2,"101":1,"102":1,"103":2,"104":2,"105":1,"106":1,"107":1,"108":1,"109":0,"110":0,"111":1,"112":1,"113":2,"114":2,"115":1,"116":1,"117":1,"118":2,"119":2,"120":1,"121":1,"122":1,"123":2,"124":2,"125":1,"126":1,"127":2,"128":2,"129":1,"130":1,"131":2,"132":2,"133":1,"134":1,"135":1,"136":1,"137":0,"138":0,"139":1,"140":1,"141":0,"142":0,"143":1,"144":1,"145":1,"146":1,"147":2,"148":2,"149":1,"150":1,"151":1,"152":1,"153":1,"154":1,"155":1,"156":1,"157":1,"158":1,"159":2,"160":2,"161":1,"162":1,"163":1,"164":1,"165":1,"166":1,"167":0,"168":0,"169":1,"170":1,"171":1,"172":0,"173":0,"174":1,"175":2,"176":2,"177":1,"178":1,"179":1,"180":1,"181":1,"182":1,"183":1,"184":1,"185":1,"186":1,"187":1,"188":1,"189":1,"190":0,"191":0,"192":1,"193":1,"194":0,"195":1,"196":1,"197":2,"198":2,"199":1,"200":1,"201":1,"202":1,"203":0,"204":1,"205":1,"206":1,"207":0,"208":1,"209":1,"210":0,"211":1,"212":1,"213":1,"214":1,"215":0,"216":1,"217":1,"218":1,"219":0,"220":1,"221":1,"222":1,"223":1,"224":2,"225":2,"226":2,"227":1,"228":1,"229":1,"230":2,"231":2,"232":1,"233":1,"234":1,"235":1,"236":0,"237":1,"238":1,"239":1,"240":0,"241":1,"242":1,"243":1,"244":0,"245":1,"246":1,"247":1,"248":0,"249":1,"250":2,"251":2,"252":1,"253":2,"254":2,"255":1,"256":1,"257":1,"258":0,"259":1,"260":1,"261":1,"262":0,"263":1,"264":2,"265":2,"266":1,"267":1,"268":1,"269":1,"270":1,"271":0,"272":1,"273":1,"274":1,"275":1,"276":0,"277":1,"278":1,"279":1,"280":0,"281":1,"282":1,"283":1,"284":0,"285":1,"286":1,"287":1,"288":0,"289":1,"290":1,"291":1,"292":0,"293":1,"294":2,"295":2,"296":1,"297":2,"298":2,"299":1,"300":2,"301":2,"302":1,"303":1,"304":2,"305":2,"306":1,"307":1,"308":2,"309":2,"310":1,"311":1,"312":2,"313":2,"314":1,"315":1,"316":1},"f":{"0":47,"1":1,"2":15,"3":0,"4":0,"5":15,"6":2,"7":0,"8":1,"9":2,"10":2,"11":1,"12":1,"13":2,"14":4,"15":6,"16":6,"17":2,"18":2,"19":2,"20":2,"21":2,"22":2,"23":2,"24":1,"25":2,"26":2,"27":2,"28":2,"29":2,"30":1,"31":1,"32":1,"33":2,"34":1,"35":1,"36":2,"37":1,"38":1,"39":2,"40":1,"41":1,"42":1,"43":1,"44":2,"45":1,"46":1,"47":1,"48":1,"49":1,"50":1,"51":2,"52":2,"53":1,"54":1,"55":1,"56":1,"57":2,"58":2,"59":1,"60":1,"61":2,"62":1,"63":1,"64":1,"65":1,"66":1,"67":1,"68":2
[...]
"93":[1,1],"94":[1,1],"95":[1,0],"96":[0,1],"97":[0,1],"98":[0,0],"99":[0,1],"100":[0,1],"101":[0,0],"102":[0,2],"103":[1,1],"104":[1,1],"105":[1,0],"106":[1,0],"107":[1,0],"108":[1,0],"109":[0,1],"110":[0,0],"111":[0,1],"112":[1,0],"113":[1,1],"114":[1,1],"115":[0,1],"116":[0,1],"117":[0,1],"118":[0,1],"119":[1,0],"120":[0,1],"121":[0,1],"122":[1,0],"123":[0,1],"124":[1,0],"125":[1,1],"126":[1,1],"127":[1,0],"128":[0,2],"129":[1,1],"130":[0,1],"131":[0,1],"132":[0,1],"133":[0,1],"134":[0,1],"135":[1,1],"136":[0,2],"137":[1,1],"138":[0,1],"139":[0,1],"140":[0,1],"141":[0,1],"142":[1,1],"143":[0,1],"144":[0,1],"145":[1,0],"146":[0,1],"147":[0,1],"148":[0,1],"149":[0,1],"150":[0,1],"151":[0,1],"152":[0,1],"153":[1,1],"154":[0,2],"155":[1,1],"156":[0,2],"157":[1,1],"158":[0,2],"159":[1,1],"160":[1,1],"161":[1,1],"162":[1,0]},"meta":{"lastBranch":163,"lastFunction":74,"lastStatement":317,"seen":{"s:145:32:146:Infinity":0,"f:145:32:145:33":0,"s:146:2:146:Infinity":1,"b:146:10:146:62:146:62:146:Infinity":0,"s:155:24:161:Infinity":2,"f:155:24:155:25":1,"s:156:2:160:Infinity":3,"s:157:4:157:Infinity":4,"s:159:4:159:Infinity":5,"s:163:25:181:Infinity":6,"f:163:25:163:32":2,"s:164:22:164:Infinity":7,"b:164:22:164:62:164:62:164:Infinity":1,"s:165:17:165:Infinity":8,"b:167:2:173:Infinity:undefined:undefined:undefined:undefined":2,"s:167:2:173:Infinity":9,"s:168:23:168:Infinity":10,"f:168:51:168:57":3,"s:168:57:168:66":11,"s:169:20:171:Infinity":12,"b:170:8:170:Infinity:171:8:171:Infinity":3,"b:169:20:169:34:169:34:169:Infinity":4,"s:172:4:172:Infinity":13,"s:175:19:175:Infinity":14,"f:175:47:175:53":4,"s:175:53:175:55":15,"s:176:21:176:Infinity":16,"b:176:55:176:83:176:83:176:Infinity":5,"s:177:18:179:Infinity":17,"b:178:6:178:Infinity:179:6:179:Infinity":6,"b:177:18:177:32:177:32:177:Infinity":7,"s:180:2:180:Infinity":18,"s:183:22:201:Infinity":19,"f:183:22:183:29":5,"s:184:32:184:Infinity":20,"s:186:29:188:Infinity":21,"b:186:29:186:Infinity:187:8:187:Infinity:188:8:188:Infinity":8,"b:188:45:188:61:188:61:188:Infinity":9,"s:189:26:190:Infinity":22,"b:189:26:189:Infinity:190:8:190:Infinity":10,"b:190:45:190:67:190:67:190:Infinity":11,"s:192:16:192:Infinity":23,"b:192:26:192:48:192:48:192:60:192:60:192:75":12,"b:196:2:198:Infinity:undefined:undefined:undefined:undefined":13,"s:196:2:198:Infinity":24,"s:197:4:197:Infinity":25,"s:199:2:199:Infinity":26,"s:200:2:200:Infinity":27,"f:203:22:203:Infinity":6,"s:207:19:214:Infinity":28,"b:211:18:211:57:211:57:211:Infinity":14,"b:216:2:226:Infinity:undefined:undefined:undefined:undefined":15,"s:216:2:226:Infinity":29,"s:217:22:217:Infinity":30,"f:217:50:217:57":7,"s:217:57:217:84":31,"s:218:10:224:Infinity":32,"b:219:7:223:Infinity:224:9:224:Infinity":16,"b:220:11:222:Infinity:223:10:223:Infinity":17,"b:219:7:219:20:219:20:219:Infinity":18,"b:220:11:220:Infinity:221:14:221:Infinity:222:14:222:Infinity":19,"s:225:4:225:Infinity":33,"s:228:2:228:Infinity":34,"f:231:22:231:Infinity":8,"s:236:19:236:Infinity":35,"s:237:2:237:Infinity":36,"s:239:19:243:Infinity":37,"b:245:2:247:Infinity:undefined:undefined:undefined:undefined":20,"s:245:2:247:Infinity":38,"s:246:4:246:Infinity":39,"s:249:2:249:Infinity":40,"f:252:22:252:Infinity":9,"s:257:19:264:Infinity":41,"b:261:18:261:57:261:57:261:Infinity":21,"b:266:2:269:Infinity:undefined:undefined:undefined:undefined":22,"s:266:2:269:Infinity":42,"s:267:20:267:Infinity":43,"s:268:4:268:Infinity":44,"b:268:20:268:31:268:31:268:60":23,"s:271:2:271:Infinity":45,"f:274:22:274:Infinity":10,"s:279:19:286:Infinity":46,"b:283:18:283:57:283:57:283:Infinity":24,"b:288:2:291:Infinity:undefined:undefined:undefined:undefined":25,"s:288:2:291:Infinity":47,"s:289:20:289:Infinity":48,"s:290:4:290:Infinity":49,"b:290:20:290:31:290:31:290:67":26,"f:294:22:294:Infinity":11,"s:298:19:298:Infinity":50,"b:300:2:302:Infinity:undefined:undefined:undefined:undefined":27,"s:300:2:302:Infinity":51,"s:301:4:301:Infinity":52,"s:304:15:304:Infinity":53,"s:305:2:305:Infinity":54,"b:305:9:305:25:305:25:305:Infinity":28,"f:308:22:308:41":12,"s:309:19:309:Infinity":55,"b:311:2:314:Infinity:undefined:undefined:undefined:undefined":29,"s:311:2:314:Infinity":56,"s:312:20:312:Infinity":57,"s:313:4:313:Infinity":58,"b:313:20:313:31:313:31:313:63":30,"s:316:15:316:Infinity":59,"s:317:2:317:Infinity":60,"b:317:9:317:25:317:25:317:Infinity":31,"f:320:22:320:Infinity":13,"s:324:19:327:Infinity":61,"b:329:2:331:Infinity:undefined:undefined:undefined:undefined":32,"s:329:2:331:Infinity":62,"s:330:4:330:Infinity":63,"s:333:2:333:Infinity":64,"f:336:22:336:Infinity":14,"b:337:23:337:Infinity":33,"s:340:29:344:Infinity":65,"f:342:11:342:12":15,"s:342:23:342:50":66,"f:343:14:343:15":16,"s:343:26:343:43":67,"s:346:16:348:Infinity":68,"b:347:6:347:Infinity:348:6:348:Infinity":34,"s:350:19:353:Infinity":69,"b:355:2:357:Infinity:undefined:undefined:undefined:undefined":35,"s:355:2:357:Infinity":70,"s:356:4:356:Infinity":71,"s:359:15:359:Infinity":72,"s:360:2:360:Infinity":73,"b:360:44:360:63:360:63:360:Infinity":36,"f:363:22:363:Infinity":17,"s:367:19:367:Infinity":74,"b:369:2:372:Infinity:undefined:undefined:undefined:undefined":37,"s:369:2:372:Infinity":75,"s:370:20:370:Infinity":76,"s:371:4:371:Infinity":77,"b:371:20:371:31:371:31:371:67":38,"s:374:15:374:Infinity":78,"s:375:2:375:Infinity":79,"b:375:9:375:25:375:25:375:Infinity":39,"f:378:22:378:Infinity":18,"s:383:19:386:Infinity":80,"b:388:2:391:Infinity:undefined:undefined:undefined:undefined":40,"s:388:2:391:Infinity":81,"s:389:20:389:Infinity":82,"s:390:4:390:Infinity":83,"b:390:20:390:31:390:31:390:65":41,"s:393:15:393:Infinity":84,"s:394:2:394:Infinity":85,"b:394:9:394:23:394:23:394:Infinity":42,"f:397:22:397:Infinity":19,"s:403:19:409:Infinity":86,"b:407:18:407:70:407:70:407:Infinity":43,"b:411:2:414:Infinity:undefined:undefined:undefined:undefined":44,"s:411:2:414:Infinity":87,"s:412:20:412:Infinity":88,"s:413:4:413:Infinity":89,"b:413:20:413:31:413:31:413:61":45,"f:417:22:417:Infinity":20,"s:423:19:430:Infinity":90,"b:427:18:427:57:427:57:427:Infinity":46,"b:432:2:435:Infinity:undefined:undefined:undefined:undefined":47,"s:432:2:435:Infinity":91,"s:433:20:433:Infinity":92,"s:434:4:434:Infinity":93,"b:434:20:434:31:434:31:434:66":48,"f:438:22:438:Infinity":21,"s:443:19:450:Infinity":94,"b:447:18:447:57:447:57:447:Infinity":49,"b:452:2:455:Infinity:undefined:undefined:undefined:undefined":50,"s:452:2:455:Infinity":95,"s:453:20:453:Infinity":96,"s:454:4:454:Infinity":97,"b:454:20:454:31:454:31:454:58":51,"s:457:2:457:Infinity":98,"f:460:22:460:Infinity":22,"s:466:19:473:Infinity":99,"b:470:18:470:57:470:57:470:Infinity":52,"b:475:2:478:Infinity:undefined:undefined:undefined:undefined":53,"s:475:2:478:Infinity":100,"s:476:20:476:Infinity":101,"s:477:4:477:Infinity":102,"b:477:20:477:31:477:31:477:56":54,"f:481:22:481:Infinity":23,"s:487:19:494:Infinity":103,"b:491:18:491:57:491:57:491:Infinity":55,"b:496:2:499:Infinity:undefined:undefined:undefined:undefined":56,"s:496:2:499:Infinity":104,"s:497:20:497:Infinity":105,"s:498:4:498:Infinity":106,"b:498:20:498:31:498:31:498:65":57,"f:502:22:502:Infinity":24,"s:506:19:506:Infinity":107,"b:508:2:511:Infinity:undefined:undefined:undefined:undefined":58,"s:508:2:511:Infinity":108,"s:509:20:509:Infinity":109,"s:510:4:510:Infinity":110,"b:510:20:510:31:510:31:510:60":59,"s:513:15:513:Infinity":111,"s:514:2:514:Infinity":112,"b:514:9:514:28:514:28:514:Infinity":60,"f:517:22:517:Infinity":25,"s:522:19:529:Infinity":113,"b:526:18:526:57:526:57:526:Infinity":61,"b:531:2:534:Infinity:undefined:undefined:undefined:undefined":62,"s:531:2:534:Infinity":114,"s:532:20:532:Infinity":115,"s:533:4:533:Infinity":116,"b:533:20:533:31:533:31:533:60":63,"s:536:2:536:Infinity":117,"f:539:22:539:Infinity":26,"s:545:19:552:Infinity":118,"b:549:18:549:57:549:57:549:Infinity":64,"b:554:2:557:Infinity:undefined:undefined:undefined:undefined":65,"s:554:2:557:Infinity":119,"s:555:20:555:Infinity":120,"s:556:4:556:Infinity":121,"b:556:20:556:31:556:31:556:60":66,"s:559:2:559:Infinity":122,"f:562:22:562:Infinity":27,"s:567:19:570:Infinity":123,"b:572:2:575:Infinity:undefined:undefined:undefined:undefined":67,"s:572:2:575:Infinity":124,"s:573:20:573:Infinity":125,"s:574:4:574:Infinity":126,"b:574:20:574:31:574:31:574:62":68,"f:578:22:578:Infinity":28,"s:583:19:586:Infinity":127,"b:588:2:591:Infinity:undefined:undefined:undefined:undefined":69,"s:588:2:591:Infinity":128,"s:589:20:589:Infinity":129,"s:590:4:590:Infinity":130,"b:590:20:590:31:590:31:590:77":70,"f:594:22:594:Infinity":29,"s:601:19:608:Infinity":131,"b:605:18:605:57:605:57:605:Infinity":71,"b:607:47:607:58:607:58:607:62":72,"b:610:2:613:Infinity:undefined:undefined:undefined:undefined":73,"s:610:2:613:Infinity":132,"s:611:20:611:Infinity":133,"s:612:4:612:Infinity":134,"b:612:20:612:31:612:31:612:59":74,"f:616:22:616:Infinity":30,"s:623:19:630:Infinity":135,"b:627:18:627:57:627:57:627:Infinity":75,"b:629:50:629:65:629:65:629:69":76,"b:632:2:635:Infinity:undefined:undefined:undefined:undefined":77,"s:632:2:635:Infinity":136,"s:633:20:633:Infinity":137,"s:634:4:634:Infinity":138,"b:634:20:634:31:634:31:634:62":78,"f:638:22:638:Infinity":31,"s:644:19:651:Infinity":139,"b:648:18:648:57:648:57:648:Infinity":79,"b:653:2:656:Infinity:undefined:undefined:undefined:undefined":80,"s:653:2:656:Infinity":140,"s:654:20:654:Infinity":141,"s:655:4:655:Infinity":142,"b:655:20:655:31:655:31:655:57":81,"f:659:22:659:Infinity":32,"s:665:19:672:Infinity":143,"b:669:18:669:57:669:57:669:Infinity":82,"b:674:2:677:Infinity:undefined:undefined:undefined:undefined":83,"s:674:2:677:Infinity":144,"s:675:20:675:Infinity":145,"s:676:4:676:Infinity":146,"b:676:20:676:31:676:31:676:62":84,"f:680:22:680:Infinity":33,"s:685:19:688:Infinity":147,"b:687:16:687:68:687:68:687:Infinity":85,"b:690:2:693:Infinity:undefined:undefined:undefined:undefined":86,"s:690:2:693:Infinity":148,"s:691:20:691:Infinity":149,"s:692:4:692:Infinity":150,"b:692:20:692:31:692:31:692:64":87,"f:696:22:696:Infinity":34,"s:702:19:708:Infinity":151,"b:706:18:706:57:706:57:706:Infinity":88,"b:710:2:713:Infinity:undefined:undefined:undefined:undefined":89,"s:710:2:713:Infinity":152,"s:711:20:711:Infinity":153,"s:712:4:712:Infinity":154,"b:712:20:712:31:712:31:712:65":90,"f:716:22:716:Infinity":35,"s:721:19:724:Infinity":155,"b:726:2:729:Infinity:undefined:undefined:undefined:undefined":91,"s:726:2:729:Infinity":156,"s:727:20:727:Infinity":157,"s:728:4:728:Infinity":158,"b:728:20:728:31:728:31:728:60":92,"f:732:22:732:Infinity":36,"s:736:19:739:Infinity":159,"b:741:2:744:Infinity:undefined:undefined:undefined:undefined":93,"s:741:2:744:Infinity":160,"s:742:20:742:Infinity":161,"s:743:4:743:Infinity":162,"b:743:20:743:31:743:31:743:57":94,"s:746:15:746:Infinity":163,"s:747:2:747:Infinity":164,"b:747:9:747:26:747:26:747:Infinity":95,"f:750:22:750:Infinity":37,"s:755:19:762:Infinity":165,"b:759:18:759:57:759:57:759:Infinity":96,"b:764:2:767:Infinity:undefined:undefined:undefined:undefined":97,"s:764:2:767:Infinity":166,"s:765:20:765:Infinity":167,"s:766:4:766:Infinity":168,"b:766:20:766:31:766:31:766:57":98,"s:769:2:769:Infinity":169,"f:772:22:772:Infinity":38,"s:778:19:785:Infinity":170,"b:782:18:782:57:782:57:782:Infinity":99,"b:787:2:790:Infinity:undefined:undefined:undefined:undefined":100,"s:787:2:790:Infinity":171,"s:788:20:788:Infinity":172,"s:789:4:789:Infinity":173,"b:789:20:789:31:789:31:789:57":101,"s:792:2:792:Infinity":174,"f:795:22:795:Infinity":39,"s:801:19:808:Infinity":175,"b:805:18:805:57:805:57:805:Infinity":102,"b:810:2:813:Infinity:undefined:undefined:undefined:undefined":103,"s:810:2:813:Infinity":176,"s:811:20:811:Infinity":177,"s:812:4:812:Infinity":178,"b:812:20:812:31:812:31:812:65":104,"s:815:2:815:Infinity":179,"f:818:22:818:Infinity":40,"s:823:19:826:Infinity":180,"b:828:2:831:Infinity:undefined:undefined:undefined:undefined":105,"s:828:2:831:Infinity":181,"s:829:20:829:Infinity":182,"s:830:4:830:Infinity":183,"b:830:20:830:31:830:31:830:57":106,"f:834:22:834:Infinity":41,"s:839:19:842:Infinity":184,"b:844:2:847:Infinity:undefined:undefined:undefined:undefined":107,"s:844:2:847:Infinity":185,"s:845:20:845:Infinity":186,"s:846:4:846:Infinity":187,"b:846:20:846:31:846:31:846:56":108,"f:850:22:850:Infinity":42,"s:855:19:858:Infinity":188,"b:860:2:863:Infinity:undefined:undefined:undefined:undefined":109,"s:860:2:863:Infinity":189,"s:861:20:861:Infinity":190,"s:862:4:862:Infinity":191,"b:862:20:862:31:862:31:862:60":110,"f:866:22:866:45":43,"s:867:19:867:Infinity":192,"b:869:2:871:Infinity:undefined:undefined:undefined:undefined":111,"s:869:2:871:Infinity":193,"s:870:4:870:Infinity":194,"s:873:15:873:Infinity":195,"s:874:2:874:Infinity":196,"b:874:9:874:25:874:25:874:Infinity":112,"f:877:22:877:Infinity":44,"s:887:19:894:Infinity":197,"b:891:18:891:57:891:57:891:Infinity":113,"b:896:2:898:Infinity:undefined:undefined:undefined:undefined":114,"s:896:2:898:Infinity":198,"s:897:4:897:Infinity":199,"s:900:2:900:Infinity":200,"f:903:22:903:Infinity":45,"s:914:19:921:Infinity":201,"b:918:18:918:57:918:57:918:Infinity":115,"b:923:2:925:Infinity:undefined:undefined:undefined:undefined":116,"s:923:2:925:Infinity":202,"s:924:4:924:Infinity":203,"s:927:2:927:Infinity":204,"f:930:22:930:45":46,"s:931:19:934:Infinity":205,"b:936:2:938:Infinity:undefined:undefined:undefined:undefined":117,"s:936:2:938:Infinity":206,"s:937:4:937:Infinity":207,"f:941:22:941:46":47,"s:942:19:942:Infinity":208,"b:944:2:946:Infinity:undefined:undefined:undefined:undefined":118,"s:944:2:946:Infinity":209,"s:945:4:945:Infinity":210,"s:948:15:948:Infinity":211,"s:949:2:949:Infinity":212,"b:949:9:949:25:949:25:949:Infinity":119,"f:952:22:952:Infinity":48,"s:961:19:968:Infinity":213,"b:965:18:965:57:965:57:965:Infinity":120,"b:970:2:972:Infinity:undefined:undefined:undefined:undefined":121,"s:970:2:972:Infinity":214,"s:971:4:971:Infinity":215,"s:974:2:974:Infinity":216,"f:977:22:977:Infinity":49,"s:987:19:994:Infinity":217,"b:991:18:991:57:991:57:991:Infinity":122,"b:996:2:998:Infinity:undefined:undefined:undefined:undefined":123,"s:996:2:998:Infinity":218,"s:997:4:997:Infinity":219,"s:1000:2:1000:Infinity":220,"f:1003:22:1003:46":50,"s:1004:19:1007:Infinity":221,"b:1009:2:1011:Infinity:undefined:undefined:undefined:undefined":124,"s:1009:2:1011:Infinity":222,"s:1010:4:1010:Infinity":223,"f:1044:22:1044:Infinity":51,"s:1049:16:1049:Infinity":224,"b:1049:25:1049:67:1049:67:1049:Infinity":125,"s:1050:19:1050:Infinity":225,"b:1052:2:1054:Infinity:undefined:undefined:undefined:undefined":126,"s:1052:2:1054:Infinity":226,"s:1053:4:1053:Infinity":227,"s:1056:15:1056:Infinity":228,"s:1057:2:1057:Infinity":229,"b:1057:9:1057:28:1057:28:1057:Infinity":127,"f:1060:22:1060:Infinity":52,"s:1070:19:1077:Infinity":230,"b:1074:18:1074:57:1074:57:1074:Infinity":128,"b:1079:2:1081:Infinity:undefined:undefined:undefined:undefined":129,"s:1079:2:1081:Infinity":231,"s:1080:4:1080:Infinity":232,"s:1083:2:1083:Infinity":233,"f:1086:22:1086:Infinity":53,"s:1092:19:1099:Infinity":234,"b:1096:18:1096:57:1096:57:1096:Infinity":130,"b:1101:2:1103:Infinity:undefined:undefined:undefined:undefined":131,"s:1101:2:1103:Infinity":235,"s:1102:4:1102:Infinity":236,"s:1105:2:1105:Infinity":237,"f:1108:22:1108:Infinity":54,"s:1113:19:1116:Infinity":238,"b:1118:2:1120:Infinity:undefined:undefined:undefined:undefined":132,"s:1118:2:1120:Infinity":239,"s:1119:4:1119:Infinity":240,"s:1122:2:1122:Infinity":241,"f:1125:22:1125:Infinity":55,"s:1130:19:1133:Infinity":242,"b:1135:2:1137:Infinity:undefined:undefined:undefined:undefined":133,"s:1135:2:1137:Infinity":243,"s:1136:4:1136:Infinity":244,"s:1139:2:1139:Infinity":245,"f:1142:22:1142:Infinity":56,"s:1147:19:1150:Infinity":246,"b:1152:2:1154:Infinity:undefined:undefined:undefined:undefined":134,"s:1152:2:1154:Infinity":247,"s:1153:4:1153:Infinity":248,"s:1156:2:1156:Infinity":249,"f:1159:22:1159:Infinity":57,"s:1164:19:1167:Infinity":250,"b:1169:2:1171:Infinity:undefined:undefined:undefined:undefined":135,"s:1169:2:1171:Infinity":251,"s:1170:4:1170:Infinity":252,"f:1174:22:1174:Infinity":58,"s:1180:19:1187:Infinity":253,"b:1184:18:1184:57:1184:57:1184:Infinity":136,"b:1189:2:1191:Infinity:undefined:undefined:undefined:undefined":137,"s:1189:2:1191:Infinity":254,"s:1190:4:1190:Infinity":255,"f:1194:22:1194:Infinity":59,"s:1200:19:1207:Infinity":256,"b:1204:18:1204:57:1204:57:1204:Infinity":138,"b:1209:2:1211:Infinity:undefined:undefined:undefined:undefined":139,"s:1209:2:1211:Infinity":257,"s:1210:4:1210:Infinity":258,"s:1213:2:1213:Infinity":259,"f:1216:22:1216:Infinity":60,"s:1222:19:1229:Infinity":260,"b:1226:18:1226:57:1226:57:1226:Infinity":140,"b:1231:2:1233:Infinity:undefined:undefined:undefined:undefined":141,"s:1231:2:1233:Infinity":261,"s:1232:4:1232:Infinity":262,"s:1235:2:1235:Infinity":263,"f:1238:22:1238:Infinity":61,"s:1244:19:1250:Infinity":264,"b:1252:2:1254:Infinity:undefined:undefined:undefined:undefined":142,"s:1252:2:1254:Infinity":265,"s:1253:4:1253:Infinity":266,"s:1256:2:1256:Infinity":267,"f:1259:22:1259:Infinity":62,"s:1264:16:1264:Infinity":268,"b:1264:25:1264:67:1264:67:1264:Infinity":143,"s:1265:19:1265:Infinity":269,"b:1267:2:1269:Infinity:undefined:undefined:undefined:undefined":144,"s:1267:2:1269:Infinity":270,"s:1268:4:1268:Infinity":271,"s:1271:15:1271:Infinity":272,"s:1272:2:1272:Infinity":273,"b:1272:9:1272:25:1272:25:1272:Infinity":145,"f:1275:22:1275:Infinity":63,"s:1285:19:1292:Infinity":274,"b:1289:18:1289:57:1289:57:1289:Infinity":146,"b:1294:2:1296:Infinity:undefined:undefined:undefined:undefined":147,"s:1294:2:1296:Infinity":275,"s:1295:4:1295:Infinity":276,"s:1298:2:1298:Infinity":277,"f:1301:22:1301:Infinity":64,"s:1307:19:1314:Infinity":278,"b:1311:18:1311:57:1311:57:1311:Infinity":148,"b:1316:2:1318:Infinity:undefined:undefined:undefined:undefined":149,"s:1316:2:1318:Infinity":279,"s:1317:4:1317:Infinity":280,"s:1320:2:1320:Infinity":281,"f:1323:22:1323:Infinity":65,"s:1328:19:1331:Infinity":282,"b:1333:2:1335:Infinity:undefined:undefined:undefined:undefined":150,"s:1333:2:1335:Infinity":283,"s:1334:4:1334:Infinity":284,"s:1337:2:1337:Infinity":285,"f:1340:22:1340:Infinity":66,"s:1345:19:1348:Infinity":286,"b:1350:2:1352:Infinity:undefined:undefined:undefined:undefined":151,"s:1350:2:1352:Infinity":287,"s:1351:4:1351:Infinity":288,"s:1354:2:1354:Infinity":289,"f:1357:22:1357:Infinity":67,"s:1362:19:1365:Infinity":290,"b:1367:2:1369:Infinity:undefined:undefined:undefined:undefined":152,"s:1367:2:1369:Infinity":291,"s:1368:4:1368:Infinity":292,"s:1371:2:1371:Infinity":293,"f:1374:22:1374:Infinity":68,"s:1379:19:1382:Infinity":294,"b:1384:2:1386:Infinity:undefined:undefined:undefined:undefined":153,"s:1384:2:1386:Infinity":295,"s:1385:4:1385:Infinity":296,"f:1389:22:1389:Infinity":69,"s:1395:19:1402:Infinity":297,"b:1399:18:1399:57:1399:57:1399:Infinity":154,"b:1404:2:1406:Infinity:undefined:undefined:undefined:undefined":155,"s:1404:2:1406:Infinity":298,"s:1405:4:1405:Infinity":299,"f:1409:22:1409:Infinity":70,"s:1415:19:1422:Infinity":300,"b:1419:18:1419:57:1419:57:1419:Infinity":156,"b:1424:2:1426:Infinity:undefined:undefined:undefined:undefined":157,"s:1424:2:1426:Infinity":301,"s:1425:4:1425:Infinity":302,"s:1428:2:1428:Infinity":303,"f:1431:22:1431:Infinity":71,"s:1437:19:1444:Infinity":304,"b:1441:18:1441:57:1441:57:1441:Infinity":158,"b:1446:2:1448:Infinity:undefined:undefined:undefined:undefined":159,"s:1446:2:1448:Infinity":305,"s:1447:4:1447:Infinity":306,"s:1450:2:1450:Infinity":307,"f:1453:22:1453:Infinity":72,"s:1459:19:1465:Infinity":308,"b:1467:2:1469:Infinity:undefined:undefined:undefined:undefined":160,"s:1467:2:1469:Infinity":309,"s:1468:4:1468:Infinity":310,"s:1471:2:1471:Infinity":311,"f:1474:22:1474:Infinity":73,"s:1479:19:1482:Infinity":312,"b:1484:2:1486:Infinity:undefined:undefined:undefined:undefined":161,"s:1484:2:1486:Infinity":313,"s:1485:4:1485:Infinity":314,"s:1488:15:1488:Infinity":315,"s:1489:2:1489:Infinity":316,"b:1489:9:1489:25:1489:25:1489:Infinity":162}}}
}
