{"/home/tangi/darts_tournament/frontend/src/components/tournament-list/tournament-players-actions.ts": {"path":"/home/tangi/darts_tournament/frontend/src/components/tournament-list/tournament-players-actions.ts","statementMap":{"0":{"start":{"line":38,"column":29},"end":{"line":52,"column":null}},"1":{"start":{"line":39,"column":2},"end":{"line":43,"column":null}},"2":{"start":{"line":40,"column":4},"end":{"line":42,"column":null}},"3":{"start":{"line":45,"column":2},"end":{"line":49,"column":null}},"4":{"start":{"line":46,"column":4},"end":{"line":48,"column":null}},"5":{"start":{"line":51,"column":2},"end":{"line":51,"column":null}},"6":{"start":{"line":54,"column":27},"end":{"line":59,"column":null}},"7":{"start":{"line":55,"column":2},"end":{"line":57,"column":null}},"8":{"start":{"line":56,"column":4},"end":{"line":56,"column":null}},"9":{"start":{"line":58,"column":2},"end":{"line":58,"column":null}},"10":{"start":{"line":61,"column":27},"end":{"line":90,"column":null}},"11":{"start":{"line":66,"column":41},"end":{"line":66,"column":null}},"12":{"start":{"line":67,"column":2},"end":{"line":69,"column":null}},"13":{"start":{"line":68,"column":4},"end":{"line":68,"column":null}},"14":{"start":{"line":71,"column":31},"end":{"line":71,"column":null}},"15":{"start":{"line":72,"column":18},"end":{"line":72,"column":null}},"16":{"start":{"line":74,"column":18},"end":{"line":87,"column":null}},"17":{"start":{"line":75,"column":4},"end":{"line":86,"column":null}},"18":{"start":{"line":76,"column":20},"end":{"line":76,"column":null}},"19":{"start":{"line":77,"column":6},"end":{"line":77,"column":null}},"20":{"start":{"line":78,"column":6},"end":{"line":80,"column":null}},"21":{"start":{"line":79,"column":8},"end":{"line":79,"column":null}},"22":{"start":{"line":81,"column":19},"end":{"line":81,"column":null}},"23":{"start":{"line":82,"column":6},"end":{"line":84,"column":null}},"24":{"start":{"line":83,"column":8},"end":{"line":83,"column":null}},"25":{"start":{"line":85,"column":6},"end":{"line":85,"column":null}},"26":{"start":{"line":89,"column":2},"end":{"line":89,"column":null}},"27":{"start":{"line":92,"column":31},"end":{"line":132,"column":null}},"28":{"start":{"line":98,"column":54},"end":{"line":98,"column":null}},"29":{"start":{"line":99,"column":26},"end":{"line":99,"column":null}},"30":{"start":{"line":100,"column":2},"end":{"line":102,"column":null}},"31":{"start":{"line":101,"column":4},"end":{"line":101,"column":null}},"32":{"start":{"line":104,"column":19},"end":{"line":104,"column":null}},"33":{"start":{"line":106,"column":2},"end":{"line":119,"column":null}},"34":{"start":{"line":107,"column":20},"end":{"line":116,"column":null}},"35":{"start":{"line":117,"column":4},"end":{"line":117,"column":null}},"36":{"start":{"line":118,"column":4},"end":{"line":118,"column":null}},"37":{"start":{"line":121,"column":18},"end":{"line":130,"column":null}},"38":{"start":{"line":131,"column":2},"end":{"line":131,"column":null}},"39":{"start":{"line":134,"column":28},"end":{"line":170,"column":null}},"40":{"start":{"line":141,"column":81},"end":{"line":141,"column":null}},"41":{"start":{"line":142,"column":2},"end":{"line":144,"column":null}},"42":{"start":{"line":143,"column":4},"end":{"line":143,"column":null}},"43":{"start":{"line":146,"column":50},"end":{"line":156,"column":null}},"44":{"start":{"line":158,"column":2},"end":{"line":160,"column":null}},"45":{"start":{"line":159,"column":4},"end":{"line":159,"column":null}},"46":{"start":{"line":162,"column":2},"end":{"line":169,"column":null}},"47":{"start":{"line":166,"column":6},"end":{"line":166,"column":null}},"48":{"start":{"line":167,"column":6},"end":{"line":167,"column":null}},"49":{"start":{"line":172,"column":32},"end":{"line":262,"column":null}},"50":{"start":{"line":179,"column":66},"end":{"line":179,"column":null}},"51":{"start":{"line":181,"column":25},"end":{"line":183,"column":null}},"52":{"start":{"line":185,"column":27},"end":{"line":187,"column":null}},"53":{"start":{"line":186,"column":38},"end":{"line":186,"column":84}},"54":{"start":{"line":186,"column":68},"end":{"line":186,"column":83}},"55":{"start":{"line":188,"column":22},"end":{"line":188,"column":null}},"56":{"start":{"line":188,"column":49},"end":{"line":188,"column":87}},"57":{"start":{"line":190,"column":26},"end":{"line":190,"column":null}},"58":{"start":{"line":191,"column":27},"end":{"line":191,"column":null}},"59":{"start":{"line":191,"column":60},"end":{"line":191,"column":78}},"60":{"start":{"line":192,"column":30},"end":{"line":192,"column":null}},"61":{"start":{"line":194,"column":30},"end":{"line":194,"column":null}},"62":{"start":{"line":195,"column":34},"end":{"line":195,"column":null}},"63":{"start":{"line":197,"column":29},"end":{"line":199,"column":null}},"64":{"start":{"line":200,"column":29},"end":{"line":200,"column":null}},"65":{"start":{"line":202,"column":2},"end":{"line":207,"column":null}},"66":{"start":{"line":203,"column":4},"end":{"line":205,"column":null}},"67":{"start":{"line":204,"column":6},"end":{"line":204,"column":null}},"68":{"start":{"line":206,"column":4},"end":{"line":206,"column":null}},"69":{"start":{"line":209,"column":24},"end":{"line":209,"column":null}},"70":{"start":{"line":210,"column":30},"end":{"line":210,"column":null}},"71":{"start":{"line":211,"column":21},"end":{"line":211,"column":null}},"72":{"start":{"line":212,"column":23},"end":{"line":212,"column":null}},"73":{"start":{"line":213,"column":30},"end":{"line":216,"column":null}},"74":{"start":{"line":214,"column":4},"end":{"line":214,"column":null}},"75":{"start":{"line":215,"column":4},"end":{"line":215,"column":null}},"76":{"start":{"line":218,"column":2},"end":{"line":220,"column":null}},"77":{"start":{"line":219,"column":4},"end":{"line":219,"column":null}},"78":{"start":{"line":222,"column":2},"end":{"line":228,"column":null}},"79":{"start":{"line":230,"column":27},"end":{"line":230,"column":null}},"80":{"start":{"line":231,"column":27},"end":{"line":231,"column":null}},"81":{"start":{"line":231,"column":63},"end":{"line":231,"column":101}},"82":{"start":{"line":233,"column":2},"end":{"line":235,"column":null}},"83":{"start":{"line":234,"column":4},"end":{"line":234,"column":null}},"84":{"start":{"line":237,"column":25},"end":{"line":237,"column":null}},"85":{"start":{"line":238,"column":68},"end":{"line":238,"column":null}},"86":{"start":{"line":239,"column":2},"end":{"line":247,"column":null}},"87":{"start":{"line":239,"column":19},"end":{"line":239,"column":22}},"88":{"start":{"line":240,"column":18},"end":{"line":240,"column":null}},"89":{"start":{"line":241,"column":20},"end":{"line":241,"column":null}},"90":{"start":{"line":242,"column":22},"end":{"line":242,"column":null}},"91":{"start":{"line":242,"column":46},"end":{"line":242,"column":61}},"92":{"start":{"line":242,"column":104},"end":{"line":242,"column":121}},"93":{"start":{"line":243,"column":4},"end":{"line":245,"column":null}},"94":{"start":{"line":244,"column":6},"end":{"line":244,"column":null}},"95":{"start":{"line":246,"column":4},"end":{"line":246,"column":null}},"96":{"start":{"line":249,"column":2},"end":{"line":261,"column":null}},"97":{"start":{"line":253,"column":6},"end":{"line":258,"column":null}},"98":{"start":{"line":259,"column":6},"end":{"line":259,"column":null}},"99":{"start":{"line":264,"column":33},"end":{"line":308,"column":null}},"100":{"start":{"line":270,"column":53},"end":{"line":270,"column":null}},"101":{"start":{"line":271,"column":21},"end":{"line":271,"column":null}},"102":{"start":{"line":272,"column":25},"end":{"line":272,"column":null}},"103":{"start":{"line":273,"column":2},"end":{"line":275,"column":null}},"104":{"start":{"line":274,"column":4},"end":{"line":274,"column":null}},"105":{"start":{"line":277,"column":52},"end":{"line":287,"column":null}},"106":{"start":{"line":289,"column":2},"end":{"line":291,"column":null}},"107":{"start":{"line":290,"column":4},"end":{"line":290,"column":null}},"108":{"start":{"line":293,"column":2},"end":{"line":295,"column":null}},"109":{"start":{"line":294,"column":4},"end":{"line":294,"column":null}},"110":{"start":{"line":297,"column":18},"end":{"line":297,"column":null}},"111":{"start":{"line":299,"column":2},"end":{"line":307,"column":null}},"112":{"start":{"line":303,"column":6},"end":{"line":303,"column":null}},"113":{"start":{"line":304,"column":6},"end":{"line":304,"column":null}},"114":{"start":{"line":305,"column":6},"end":{"line":305,"column":null}},"115":{"start":{"line":310,"column":34},"end":{"line":329,"column":null}},"116":{"start":{"line":321,"column":22},"end":{"line":321,"column":null}},"117":{"start":{"line":322,"column":2},"end":{"line":326,"column":null}},"118":{"start":{"line":323,"column":4},"end":{"line":323,"column":null}},"119":{"start":{"line":325,"column":4},"end":{"line":325,"column":null}},"120":{"start":{"line":328,"column":2},"end":{"line":328,"column":null}},"121":{"start":{"line":331,"column":36},"end":{"line":359,"column":null}},"122":{"start":{"line":342,"column":25},"end":{"line":342,"column":null}},"123":{"start":{"line":342,"column":52},"end":{"line":342,"column":69}},"124":{"start":{"line":344,"column":2},"end":{"line":346,"column":null}},"125":{"start":{"line":345,"column":4},"end":{"line":345,"column":null}},"126":{"start":{"line":348,"column":18},"end":{"line":348,"column":null}},"127":{"start":{"line":350,"column":2},"end":{"line":358,"column":null}},"128":{"start":{"line":354,"column":6},"end":{"line":354,"column":null}},"129":{"start":{"line":355,"column":6},"end":{"line":355,"column":null}},"130":{"start":{"line":356,"column":6},"end":{"line":356,"column":null}},"131":{"start":{"line":361,"column":27},"end":{"line":376,"column":null}},"132":{"start":{"line":362,"column":39},"end":{"line":365,"column":null}},"133":{"start":{"line":366,"column":18},"end":{"line":366,"column":null}},"134":{"start":{"line":367,"column":19},"end":{"line":367,"column":null}},"135":{"start":{"line":368,"column":16},"end":{"line":368,"column":null}},"136":{"start":{"line":369,"column":16},"end":{"line":369,"column":null}},"137":{"start":{"line":370,"column":2},"end":{"line":370,"column":null}},"138":{"start":{"line":370,"column":15},"end":{"line":370,"column":null}},"139":{"start":{"line":371,"column":2},"end":{"line":371,"column":null}},"140":{"start":{"line":371,"column":16},"end":{"line":371,"column":null}},"141":{"start":{"line":372,"column":2},"end":{"line":372,"column":null}},"142":{"start":{"line":372,"column":13},"end":{"line":372,"column":null}},"143":{"start":{"line":373,"column":2},"end":{"line":373,"column":null}},"144":{"start":{"line":373,"column":13},"end":{"line":373,"column":null}},"145":{"start":{"line":374,"column":2},"end":{"line":374,"column":null}},"146":{"start":{"line":374,"column":29},"end":{"line":374,"column":null}},"147":{"start":{"line":375,"column":2},"end":{"line":375,"column":null}},"148":{"start":{"line":378,"column":39},"end":{"line":463,"column":null}},"149":{"start":{"line":401,"column":8},"end":{"line":421,"column":null}},"150":{"start":{"line":402,"column":4},"end":{"line":402,"column":null}},"151":{"start":{"line":402,"column":28},"end":{"line":402,"column":null}},"152":{"start":{"line":403,"column":4},"end":{"line":406,"column":null}},"153":{"start":{"line":404,"column":6},"end":{"line":404,"column":null}},"154":{"start":{"line":405,"column":6},"end":{"line":405,"column":null}},"155":{"start":{"line":408,"column":4},"end":{"line":408,"column":null}},"156":{"start":{"line":409,"column":4},"end":{"line":409,"column":null}},"157":{"start":{"line":410,"column":4},"end":{"line":420,"column":null}},"158":{"start":{"line":411,"column":20},"end":{"line":411,"column":null}},"159":{"start":{"line":412,"column":22},"end":{"line":412,"column":null}},"160":{"start":{"line":413,"column":6},"end":{"line":413,"column":null}},"161":{"start":{"line":414,"column":6},"end":{"line":414,"column":null}},"162":{"start":{"line":415,"column":6},"end":{"line":415,"column":null}},"163":{"start":{"line":417,"column":6},"end":{"line":417,"column":null}},"164":{"start":{"line":419,"column":6},"end":{"line":419,"column":null}},"165":{"start":{"line":423,"column":8},"end":{"line":443,"column":null}},"166":{"start":{"line":424,"column":4},"end":{"line":424,"column":null}},"167":{"start":{"line":424,"column":48},"end":{"line":424,"column":null}},"168":{"start":{"line":425,"column":4},"end":{"line":428,"column":null}},"169":{"start":{"line":426,"column":6},"end":{"line":426,"column":null}},"170":{"start":{"line":427,"column":6},"end":{"line":427,"column":null}},"171":{"start":{"line":430,"column":4},"end":{"line":430,"column":null}},"172":{"start":{"line":431,"column":4},"end":{"line":431,"column":null}},"173":{"start":{"line":432,"column":4},"end":{"line":442,"column":null}},"174":{"start":{"line":433,"column":20},"end":{"line":433,"column":null}},"175":{"start":{"line":434,"column":22},"end":{"line":434,"column":null}},"176":{"start":{"line":435,"column":6},"end":{"line":435,"column":null}},"177":{"start":{"line":436,"column":6},"end":{"line":436,"column":null}},"178":{"start":{"line":437,"column":6},"end":{"line":437,"column":null}},"179":{"start":{"line":439,"column":6},"end":{"line":439,"column":null}},"180":{"start":{"line":441,"column":6},"end":{"line":441,"column":null}},"181":{"start":{"line":445,"column":8},"end":{"line":456,"column":null}},"182":{"start":{"line":446,"column":4},"end":{"line":446,"column":null}},"183":{"start":{"line":446,"column":28},"end":{"line":446,"column":null}},"184":{"start":{"line":447,"column":4},"end":{"line":447,"column":null}},"185":{"start":{"line":447,"column":61},"end":{"line":447,"column":null}},"186":{"start":{"line":448,"column":4},"end":{"line":448,"column":null}},"187":{"start":{"line":449,"column":4},"end":{"line":455,"column":null}},"188":{"start":{"line":450,"column":20},"end":{"line":450,"column":null}},"189":{"start":{"line":451,"column":6},"end":{"line":451,"column":null}},"190":{"start":{"line":452,"column":6},"end":{"line":452,"column":null}},"191":{"start":{"line":454,"column":6},"end":{"line":454,"column":null}},"192":{"start":{"line":458,"column":2},"end":{"line":462,"column":null}},"193":{"start":{"line":465,"column":34},"end":{"line":533,"column":null}},"194":{"start":{"line":488,"column":8},"end":{"line":507,"column":null}},"195":{"start":{"line":489,"column":4},"end":{"line":489,"column":null}},"196":{"start":{"line":489,"column":28},"end":{"line":489,"column":null}},"197":{"start":{"line":490,"column":4},"end":{"line":490,"column":null}},"198":{"start":{"line":491,"column":4},"end":{"line":491,"column":null}},"199":{"start":{"line":492,"column":4},"end":{"line":506,"column":null}},"200":{"start":{"line":493,"column":20},"end":{"line":493,"column":null}},"201":{"start":{"line":494,"column":6},"end":{"line":499,"column":null}},"202":{"start":{"line":500,"column":6},"end":{"line":500,"column":null}},"203":{"start":{"line":501,"column":6},"end":{"line":501,"column":null}},"204":{"start":{"line":503,"column":6},"end":{"line":503,"column":null}},"205":{"start":{"line":505,"column":6},"end":{"line":505,"column":null}},"206":{"start":{"line":509,"column":8},"end":{"line":530,"column":null}},"207":{"start":{"line":510,"column":4},"end":{"line":510,"column":null}},"208":{"start":{"line":510,"column":52},"end":{"line":510,"column":null}},"209":{"start":{"line":511,"column":4},"end":{"line":511,"column":null}},"210":{"start":{"line":512,"column":4},"end":{"line":512,"column":null}},"211":{"start":{"line":513,"column":4},"end":{"line":513,"column":null}},"212":{"start":{"line":514,"column":4},"end":{"line":529,"column":null}},"213":{"start":{"line":515,"column":20},"end":{"line":515,"column":null}},"214":{"start":{"line":516,"column":6},"end":{"line":521,"column":null}},"215":{"start":{"line":522,"column":6},"end":{"line":522,"column":null}},"216":{"start":{"line":523,"column":6},"end":{"line":523,"column":null}},"217":{"start":{"line":525,"column":6},"end":{"line":525,"column":null}},"218":{"start":{"line":527,"column":6},"end":{"line":527,"column":null}},"219":{"start":{"line":528,"column":6},"end":{"line":528,"column":null}},"220":{"start":{"line":532,"column":2},"end":{"line":532,"column":null}},"221":{"start":{"line":535,"column":34},"end":{"line":578,"column":null}},"222":{"start":{"line":554,"column":8},"end":{"line":575,"column":null}},"223":{"start":{"line":555,"column":4},"end":{"line":555,"column":null}},"224":{"start":{"line":555,"column":28},"end":{"line":555,"column":null}},"225":{"start":{"line":556,"column":4},"end":{"line":556,"column":null}},"226":{"start":{"line":557,"column":4},"end":{"line":557,"column":null}},"227":{"start":{"line":558,"column":4},"end":{"line":558,"column":null}},"228":{"start":{"line":560,"column":4},"end":{"line":574,"column":null}},"229":{"start":{"line":561,"column":20},"end":{"line":561,"column":null}},"230":{"start":{"line":562,"column":6},"end":{"line":567,"column":null}},"231":{"start":{"line":568,"column":6},"end":{"line":568,"column":null}},"232":{"start":{"line":570,"column":6},"end":{"line":570,"column":null}},"233":{"start":{"line":572,"column":6},"end":{"line":572,"column":null}},"234":{"start":{"line":573,"column":6},"end":{"line":573,"column":null}},"235":{"start":{"line":577,"column":2},"end":{"line":577,"column":null}}},"fnMap":{"0":{"name":"(anonymous_0)","decl":{"start":{"line":38,"column":29},"end":{"line":38,"column":30}},"loc":{"start":{"line":38,"column":49},"end":{"line":52,"column":null}},"line":38},"1":{"name":"(anonymous_1)","decl":{"start":{"line":54,"column":27},"end":{"line":54,"column":28}},"loc":{"start":{"line":54,"column":78},"end":{"line":59,"column":null}},"line":54},"2":{"name":"(anonymous_2)","decl":{"start":{"line":61,"column":27},"end":{"line":61,"column":41}},"loc":{"start":{"line":65,"column":21},"end":{"line":90,"column":null}},"line":65},"3":{"name":"(anonymous_3)","decl":{"start":{"line":74,"column":63},"end":{"line":74,"column":75}},"loc":{"start":{"line":74,"column":75},"end":{"line":87,"column":3}},"line":74},"4":{"name":"(anonymous_4)","decl":{"start":{"line":92,"column":31},"end":{"line":92,"column":38}},"loc":{"start":{"line":97,"column":6},"end":{"line":132,"column":null}},"line":97},"5":{"name":"(anonymous_5)","decl":{"start":{"line":134,"column":28},"end":{"line":134,"column":35}},"loc":{"start":{"line":140,"column":6},"end":{"line":170,"column":null}},"line":140},"6":{"name":"(anonymous_6)","decl":{"start":{"line":165,"column":12},"end":{"line":165,"column":19}},"loc":{"start":{"line":165,"column":36},"end":{"line":168,"column":null}},"line":165},"7":{"name":"(anonymous_7)","decl":{"start":{"line":172,"column":32},"end":{"line":172,"column":39}},"loc":{"start":{"line":178,"column":6},"end":{"line":262,"column":null}},"line":178},"8":{"name":"(anonymous_8)","decl":{"start":{"line":186,"column":27},"end":{"line":186,"column":28}},"loc":{"start":{"line":186,"column":38},"end":{"line":186,"column":84}},"line":186},"9":{"name":"(anonymous_9)","decl":{"start":{"line":186,"column":56},"end":{"line":186,"column":57}},"loc":{"start":{"line":186,"column":68},"end":{"line":186,"column":83}},"line":186},"10":{"name":"(anonymous_10)","decl":{"start":{"line":188,"column":37},"end":{"line":188,"column":38}},"loc":{"start":{"line":188,"column":49},"end":{"line":188,"column":87}},"line":188},"11":{"name":"(anonymous_11)","decl":{"start":{"line":191,"column":49},"end":{"line":191,"column":50}},"loc":{"start":{"line":191,"column":60},"end":{"line":191,"column":78}},"line":191},"12":{"name":"(anonymous_12)","decl":{"start":{"line":213,"column":30},"end":{"line":213,"column":36}},"loc":{"start":{"line":213,"column":36},"end":{"line":216,"column":null}},"line":213},"13":{"name":"(anonymous_13)","decl":{"start":{"line":231,"column":51},"end":{"line":231,"column":52}},"loc":{"start":{"line":231,"column":63},"end":{"line":231,"column":101}},"line":231},"14":{"name":"(anonymous_14)","decl":{"start":{"line":242,"column":34},"end":{"line":242,"column":35}},"loc":{"start":{"line":242,"column":46},"end":{"line":242,"column":61}},"line":242},"15":{"name":"(anonymous_15)","decl":{"start":{"line":242,"column":70},"end":{"line":242,"column":71}},"loc":{"start":{"line":242,"column":104},"end":{"line":242,"column":121}},"line":242},"16":{"name":"(anonymous_16)","decl":{"start":{"line":252,"column":12},"end":{"line":252,"column":19}},"loc":{"start":{"line":252,"column":28},"end":{"line":260,"column":null}},"line":252},"17":{"name":"(anonymous_17)","decl":{"start":{"line":264,"column":33},"end":{"line":264,"column":40}},"loc":{"start":{"line":269,"column":6},"end":{"line":308,"column":null}},"line":269},"18":{"name":"(anonymous_18)","decl":{"start":{"line":302,"column":12},"end":{"line":302,"column":19}},"loc":{"start":{"line":302,"column":36},"end":{"line":306,"column":null}},"line":302},"19":{"name":"(anonymous_19)","decl":{"start":{"line":310,"column":34},"end":{"line":310,"column":41}},"loc":{"start":{"line":320,"column":21},"end":{"line":329,"column":null}},"line":320},"20":{"name":"(anonymous_20)","decl":{"start":{"line":331,"column":36},"end":{"line":331,"column":43}},"loc":{"start":{"line":341,"column":21},"end":{"line":359,"column":null}},"line":341},"21":{"name":"(anonymous_21)","decl":{"start":{"line":342,"column":40},"end":{"line":342,"column":41}},"loc":{"start":{"line":342,"column":52},"end":{"line":342,"column":69}},"line":342},"22":{"name":"(anonymous_22)","decl":{"start":{"line":353,"column":12},"end":{"line":353,"column":19}},"loc":{"start":{"line":353,"column":30},"end":{"line":357,"column":null}},"line":353},"23":{"name":"(anonymous_23)","decl":{"start":{"line":361,"column":27},"end":{"line":361,"column":28}},"loc":{"start":{"line":361,"column":85},"end":{"line":376,"column":null}},"line":361},"24":{"name":"(anonymous_24)","decl":{"start":{"line":378,"column":39},"end":{"line":378,"column":40}},"loc":{"start":{"line":400,"column":6},"end":{"line":463,"column":null}},"line":400},"25":{"name":"(anonymous_25)","decl":{"start":{"line":401,"column":37},"end":{"line":401,"column":49}},"loc":{"start":{"line":401,"column":49},"end":{"line":421,"column":5}},"line":401},"26":{"name":"(anonymous_26)","decl":{"start":{"line":423,"column":37},"end":{"line":423,"column":49}},"loc":{"start":{"line":423,"column":49},"end":{"line":443,"column":5}},"line":423},"27":{"name":"(anonymous_27)","decl":{"start":{"line":445,"column":35},"end":{"line":445,"column":42}},"loc":{"start":{"line":445,"column":63},"end":{"line":456,"column":5}},"line":445},"28":{"name":"(anonymous_28)","decl":{"start":{"line":465,"column":34},"end":{"line":465,"column":35}},"loc":{"start":{"line":487,"column":6},"end":{"line":533,"column":null}},"line":487},"29":{"name":"(anonymous_29)","decl":{"start":{"line":488,"column":42},"end":{"line":488,"column":49}},"loc":{"start":{"line":488,"column":78},"end":{"line":507,"column":5}},"line":488},"30":{"name":"(anonymous_30)","decl":{"start":{"line":509,"column":40},"end":{"line":509,"column":52}},"loc":{"start":{"line":509,"column":52},"end":{"line":530,"column":5}},"line":509},"31":{"name":"(anonymous_31)","decl":{"start":{"line":535,"column":34},"end":{"line":535,"column":35}},"loc":{"start":{"line":553,"column":6},"end":{"line":578,"column":null}},"line":553},"32":{"name":"(anonymous_32)","decl":{"start":{"line":554,"column":38},"end":{"line":554,"column":50}},"loc":{"start":{"line":554,"column":50},"end":{"line":575,"column":5}},"line":554}},"branchMap":{"0":{"loc":{"start":{"line":39,"column":2},"end":{"line":43,"column":null}},"type":"if","locations":[{"start":{"line":39,"column":2},"end":{"line":43,"column":null}},{"start":{},"end":{}}],"line":39},"1":{"loc":{"start":{"line":45,"column":2},"end":{"line":49,"column":null}},"type":"if","locations":[{"start":{"line":45,"column":2},"end":{"line":49,"column":null}},{"start":{},"end":{}}],"line":45},"2":{"loc":{"start":{"line":55,"column":2},"end":{"line":57,"column":null}},"type":"if","locations":[{"start":{"line":55,"column":2},"end":{"line":57,"column":null}},{"start":{},"end":{}}],"line":55},"3":{"loc":{"start":{"line":67,"column":2},"end":{"line":69,"column":null}},"type":"if","locations":[{"start":{"line":67,"column":2},"end":{"line":69,"column":null}},{"start":{},"end":{}}],"line":67},"4":{"loc":{"start":{"line":78,"column":6},"end":{"line":80,"column":null}},"type":"if","locations":[{"start":{"line":78,"column":6},"end":{"line":80,"column":null}},{"start":{},"end":{}}],"line":78},"5":{"loc":{"start":{"line":82,"column":6},"end":{"line":84,"column":null}},"type":"if","locations":[{"start":{"line":82,"column":6},"end":{"line":84,"column":null}},{"start":{},"end":{}}],"line":82},"6":{"loc":{"start":{"line":100,"column":2},"end":{"line":102,"column":null}},"type":"if","locations":[{"start":{"line":100,"column":2},"end":{"line":102,"column":null}},{"start":{},"end":{}}],"line":100},"7":{"loc":{"start":{"line":100,"column":6},"end":{"line":100,"column":50}},"type":"binary-expr","locations":[{"start":{"line":100,"column":6},"end":{"line":100,"column":26}},{"start":{"line":100,"column":26},"end":{"line":100,"column":50}}],"line":100},"8":{"loc":{"start":{"line":106,"column":2},"end":{"line":119,"column":null}},"type":"if","locations":[{"start":{"line":106,"column":2},"end":{"line":119,"column":null}},{"start":{},"end":{}}],"line":106},"9":{"loc":{"start":{"line":142,"column":2},"end":{"line":144,"column":null}},"type":"if","locations":[{"start":{"line":142,"column":2},"end":{"line":144,"column":null}},{"start":{},"end":{}}],"line":142},"10":{"loc":{"start":{"line":158,"column":2},"end":{"line":160,"column":null}},"type":"if","locations":[{"start":{"line":158,"column":2},"end":{"line":160,"column":null}},{"start":{},"end":{}}],"line":158},"11":{"loc":{"start":{"line":181,"column":25},"end":{"line":183,"column":null}},"type":"cond-expr","locations":[{"start":{"line":182,"column":6},"end":{"line":182,"column":null}},{"start":{"line":183,"column":6},"end":{"line":183,"column":null}}],"line":181},"12":{"loc":{"start":{"line":190,"column":26},"end":{"line":190,"column":null}},"type":"binary-expr","locations":[{"start":{"line":190,"column":26},"end":{"line":190,"column":58}},{"start":{"line":190,"column":58},"end":{"line":190,"column":null}}],"line":190},"13":{"loc":{"start":{"line":202,"column":2},"end":{"line":207,"column":null}},"type":"if","locations":[{"start":{"line":202,"column":2},"end":{"line":207,"column":null}},{"start":{},"end":{}}],"line":202},"14":{"loc":{"start":{"line":203,"column":4},"end":{"line":205,"column":null}},"type":"if","locations":[{"start":{"line":203,"column":4},"end":{"line":205,"column":null}},{"start":{},"end":{}}],"line":203},"15":{"loc":{"start":{"line":218,"column":2},"end":{"line":220,"column":null}},"type":"if","locations":[{"start":{"line":218,"column":2},"end":{"line":220,"column":null}},{"start":{},"end":{}}],"line":218},"16":{"loc":{"start":{"line":233,"column":2},"end":{"line":235,"column":null}},"type":"if","locations":[{"start":{"line":233,"column":2},"end":{"line":235,"column":null}},{"start":{},"end":{}}],"line":233},"17":{"loc":{"start":{"line":243,"column":4},"end":{"line":245,"column":null}},"type":"if","locations":[{"start":{"line":243,"column":4},"end":{"line":245,"column":null}},{"start":{},"end":{}}],"line":243},"18":{"loc":{"start":{"line":271,"column":21},"end":{"line":271,"column":null}},"type":"binary-expr","locations":[{"start":{"line":271,"column":21},"end":{"line":271,"column":53}},{"start":{"line":271,"column":53},"end":{"line":271,"column":null}}],"line":271},"19":{"loc":{"start":{"line":273,"column":2},"end":{"line":275,"column":null}},"type":"if","locations":[{"start":{"line":273,"column":2},"end":{"line":275,"column":null}},{"start":{},"end":{}}],"line":273},"20":{"loc":{"start":{"line":289,"column":2},"end":{"line":291,"column":null}},"type":"if","locations":[{"start":{"line":289,"column":2},"end":{"line":291,"column":null}},{"start":{},"end":{}}],"line":289},"21":{"loc":{"start":{"line":293,"column":2},"end":{"line":295,"column":null}},"type":"if","locations":[{"start":{"line":293,"column":2},"end":{"line":295,"column":null}},{"start":{},"end":{}}],"line":293},"22":{"loc":{"start":{"line":322,"column":2},"end":{"line":326,"column":null}},"type":"if","locations":[{"start":{"line":322,"column":2},"end":{"line":326,"column":null}},{"start":{},"end":{}}],"line":322},"23":{"loc":{"start":{"line":344,"column":2},"end":{"line":346,"column":null}},"type":"if","locations":[{"start":{"line":344,"column":2},"end":{"line":346,"column":null}},{"start":{},"end":{}}],"line":344},"24":{"loc":{"start":{"line":370,"column":2},"end":{"line":370,"column":null}},"type":"if","locations":[{"start":{"line":370,"column":2},"end":{"line":370,"column":null}},{"start":{},"end":{}}],"line":370},"25":{"loc":{"start":{"line":371,"column":2},"end":{"line":371,"column":null}},"type":"if","locations":[{"start":{"line":371,"column":2},"end":{"line":371,"column":null}},{"start":{},"end":{}}],"line":371},"26":{"loc":{"start":{"line":372,"column":2},"end":{"line":372,"column":null}},"type":"if","locations":[{"start":{"line":372,"column":2},"end":{"line":372,"column":null}},{"start":{},"end":{}}],"line":372},"27":{"loc":{"start":{"line":373,"column":2},"end":{"line":373,"column":null}},"type":"if","locations":[{"start":{"line":373,"column":2},"end":{"line":373,"column":null}},{"start":{},"end":{}}],"line":373},"28":{"loc":{"start":{"line":374,"column":2},"end":{"line":374,"column":null}},"type":"if","locations":[{"start":{"line":374,"column":2},"end":{"line":374,"column":null}},{"start":{},"end":{}}],"line":374},"29":{"loc":{"start":{"line":402,"column":4},"end":{"line":402,"column":null}},"type":"if","locations":[{"start":{"line":402,"column":4},"end":{"line":402,"column":null}},{"start":{},"end":{}}],"line":402},"30":{"loc":{"start":{"line":403,"column":4},"end":{"line":406,"column":null}},"type":"if","locations":[{"start":{"line":403,"column":4},"end":{"line":406,"column":null}},{"start":{},"end":{}}],"line":403},"31":{"loc":{"start":{"line":403,"column":8},"end":{"line":403,"column":69}},"type":"binary-expr","locations":[{"start":{"line":403,"column":8},"end":{"line":403,"column":40}},{"start":{"line":403,"column":40},"end":{"line":403,"column":69}}],"line":403},"32":{"loc":{"start":{"line":417,"column":22},"end":{"line":417,"column":101}},"type":"cond-expr","locations":[{"start":{"line":417,"column":48},"end":{"line":417,"column":65}},{"start":{"line":417,"column":65},"end":{"line":417,"column":101}}],"line":417},"33":{"loc":{"start":{"line":424,"column":4},"end":{"line":424,"column":null}},"type":"if","locations":[{"start":{"line":424,"column":4},"end":{"line":424,"column":null}},{"start":{},"end":{}}],"line":424},"34":{"loc":{"start":{"line":424,"column":8},"end":{"line":424,"column":48}},"type":"binary-expr","locations":[{"start":{"line":424,"column":8},"end":{"line":424,"column":30}},{"start":{"line":424,"column":30},"end":{"line":424,"column":48}}],"line":424},"35":{"loc":{"start":{"line":425,"column":4},"end":{"line":428,"column":null}},"type":"if","locations":[{"start":{"line":425,"column":4},"end":{"line":428,"column":null}},{"start":{},"end":{}}],"line":425},"36":{"loc":{"start":{"line":425,"column":8},"end":{"line":425,"column":69}},"type":"binary-expr","locations":[{"start":{"line":425,"column":8},"end":{"line":425,"column":40}},{"start":{"line":425,"column":40},"end":{"line":425,"column":69}}],"line":425},"37":{"loc":{"start":{"line":439,"column":22},"end":{"line":439,"column":99}},"type":"cond-expr","locations":[{"start":{"line":439,"column":48},"end":{"line":439,"column":65}},{"start":{"line":439,"column":65},"end":{"line":439,"column":99}}],"line":439},"38":{"loc":{"start":{"line":446,"column":4},"end":{"line":446,"column":null}},"type":"if","locations":[{"start":{"line":446,"column":4},"end":{"line":446,"column":null}},{"start":{},"end":{}}],"line":446},"39":{"loc":{"start":{"line":447,"column":4},"end":{"line":447,"column":null}},"type":"if","locations":[{"start":{"line":447,"column":4},"end":{"line":447,"column":null}},{"start":{},"end":{}}],"line":447},"40":{"loc":{"start":{"line":454,"column":22},"end":{"line":454,"column":99}},"type":"cond-expr","locations":[{"start":{"line":454,"column":48},"end":{"line":454,"column":65}},{"start":{"line":454,"column":65},"end":{"line":454,"column":99}}],"line":454},"41":{"loc":{"start":{"line":489,"column":4},"end":{"line":489,"column":null}},"type":"if","locations":[{"start":{"line":489,"column":4},"end":{"line":489,"column":null}},{"start":{},"end":{}}],"line":489},"42":{"loc":{"start":{"line":503,"column":22},"end":{"line":503,"column":100}},"type":"cond-expr","locations":[{"start":{"line":503,"column":48},"end":{"line":503,"column":65}},{"start":{"line":503,"column":65},"end":{"line":503,"column":100}}],"line":503},"43":{"loc":{"start":{"line":510,"column":4},"end":{"line":510,"column":null}},"type":"if","locations":[{"start":{"line":510,"column":4},"end":{"line":510,"column":null}},{"start":{},"end":{}}],"line":510},"44":{"loc":{"start":{"line":510,"column":8},"end":{"line":510,"column":52}},"type":"binary-expr","locations":[{"start":{"line":510,"column":8},"end":{"line":510,"column":30}},{"start":{"line":510,"column":30},"end":{"line":510,"column":52}}],"line":510},"45":{"loc":{"start":{"line":525,"column":22},"end":{"line":525,"column":104}},"type":"cond-expr","locations":[{"start":{"line":525,"column":48},"end":{"line":525,"column":65}},{"start":{"line":525,"column":65},"end":{"line":525,"column":104}}],"line":525},"46":{"loc":{"start":{"line":555,"column":4},"end":{"line":555,"column":null}},"type":"if","locations":[{"start":{"line":555,"column":4},"end":{"line":555,"column":null}},{"start":{},"end":{}}],"line":555},"47":{"loc":{"start":{"line":570,"column":22},"end":{"line":570,"column":102}},"type":"cond-expr","locations":[{"start":{"line":570,"column":48},"end":{"line":570,"column":65}},{"start":{"line":570,"column":65},"end":{"line":570,"column":102}}],"line":570}},"s":{"0":1,"1":8,"2":3,"3":5,"4":1,"5":4,"6":1,"7":3,"8":2,"9":1,"10":1,"11":8,"12":8,"13":1,"14":7,"15":7,"16":7,"17":14,"18":14,"19":14,"20":14,"21":0,"22":14,"23":14,"24":0,"25":14,"26":7,"27":1,"28":3,"29":3,"30":3,"31":0,"32":3,"33":3,"34":2,"35":2,"36":2,"37":1,"38":1,"39":1,"40":2,"41":2,"42":0,"43":2,"44":2,"45":0,"46":2,"47":8,"48":8,"49":1,"50":4,"51":4,"52":1,"53":2,"54":5,"55":1,"56":5,"57":1,"58":4,"59":2,"60":4,"61":4,"62":4,"63":4,"64":4,"65":4,"66":2,"67":1,"68":1,"69":2,"70":2,"71":2,"72":2,"73":2,"74":11,"75":11,"76":2,"77":2,"78":2,"79":2,"80":2,"81":8,"82":2,"83":0,"84":2,"85":2,"86":2,"87":2,"88":3,"89":3,"90":3,"91":8,"92":8,"93":3,"94":0,"95":3,"96":3,"97":3,"98":3,"99":1,"100":4,"101":4,"102":4,"103":4,"104":1,"105":3,"106":3,"107":1,"108":2,"109":2,"110":2,"111":2,"112":2,"113":1,"114":1,"115":1,"116":8,"117":8,"118":4,"119":2,"120":4,"121":1,"122":2,"123":4,"124":2,"125":1,"126":2,"127":2,"128":1,"129":1,"130":1,"131":1,"132":2,"133":2,"134":2,"135":2,"136":2,"137":2,"138":0,"139":2,"140":0,"141":2,"142":1,"143":2,"144":0,"145":2,"146":0,"147":2,"148":1,"149":5,"150":3,"151":1,"152":2,"153":1,"154":1,"155":1,"156":1,"157":1,"158":1,"159":1,"160":1,"161":1,"162":1,"163":0,"164":1,"165":5,"166":2,"167":1,"168":1,"169":0,"170":0,"171":1,"172":1,"173":1,"174":1,"175":1,"176":1,"177":1,"178":1,"179":0,"180":1,"181":5,"182":3,"183":1,"184":2,"185":2,"186":1,"187":1,"188":1,"189":1,"190":1,"191":0,"192":5,"193":1,"194":3,"195":3,"196":1,"197":2,"198":2,"199":2,"200":2,"201":2,"202":1,"203":1,"204":1,"205":2,"206":3,"207":2,"208":1,"209":1,"210":1,"211":1,"212":1,"213":1,"214":1,"215":1,"216":1,"217":0,"218":1,"219":1,"220":3,"221":1,"222":2,"223":3,"224":0,"225":3,"226":3,"227":3,"228":3,"229":3,"230":3,"231":1,"232":2,"233":3,"234":3,"235":2},"f":{"0":8,"1":3,"2":8,"3":14,"4":3,"5":2,"6":8,"7":4,"8":2,"9":5,"10":5,"11":2,"12":11,"13":8,"14":8,"15":8,"16":3,"17":4,"18":2,"19":8,"20":2,"21":4,"22":1,"23":2,"24":5,"25":3,"26":2,"27":3,"28":3,"29":3,"30":2,"31":2,"32":3},"b":{"0":[3,5],"1":[1,4],"2":[2,1],"3":[1,7],"4":[0,14],"5":[0,14],"6":[0,3],"7":[3,3],"8":[2,1],"9":[0,2],"10":[0,2],"11":[3,1],"12":[1,0],"13":[2,2],"14":[1,1],"15":[2,0],"16":[0,2],"17":[0,3],"18":[4,0],"19":[1,3],"20":[1,2],"21":[2,0],"22":[4,4],"23":[1,1],"24":[0,2],"25":[0,2],"26":[1,1],"27":[0,2],"28":[0,2],"29":[1,2],"30":[1,1],"31":[2,1],"32":[0,0],"33":[1,1],"34":[2,1],"35":[0,1],"36":[1,1],"37":[0,0],"38":[1,2],"39":[1,1],"40":[0,0],"41":[1,2],"42":[0,1],"43":[1,1],"44":[2,1],"45":[0,0],"46":[0,3],"47":[1,1]},"meta":{"lastBranch":48,"lastFunction":33,"lastStatement":236,"seen":{"s:38:29:52:Infinity":0,"f:38:29:38:30":0,"b:39:2:43:Infinity:undefined:undefined:undefined:undefined":0,"s:39:2:43:Infinity":1,"s:40:4:42:Infinity":2,"b:45:2:49:Infinity:undefined:undefined:undefined:undefined":1,"s:45:2:49:Infinity":3,"s:46:4:48:Infinity":4,"s:51:2:51:Infinity":5,"s:54:27:59:Infinity":6,"f:54:27:54:28":1,"b:55:2:57:Infinity:undefined:undefined:undefined:undefined":2,"s:55:2:57:Infinity":7,"s:56:4:56:Infinity":8,"s:58:2:58:Infinity":9,"s:61:27:90:Infinity":10,"f:61:27:61:41":2,"s:66:41:66:Infinity":11,"b:67:2:69:Infinity:undefined:undefined:undefined:undefined":3,"s:67:2:69:Infinity":12,"s:68:4:68:Infinity":13,"s:71:31:71:Infinity":14,"s:72:18:72:Infinity":15,"s:74:18:87:Infinity":16,"f:74:63:74:75":3,"s:75:4:86:Infinity":17,"s:76:20:76:Infinity":18,"s:77:6:77:Infinity":19,"b:78:6:80:Infinity:undefined:undefined:undefined:undefined":4,"s:78:6:80:Infinity":20,"s:79:8:79:Infinity":21,"s:81:19:81:Infinity":22,"b:82:6:84:Infinity:undefined:undefined:undefined:undefined":5,"s:82:6:84:Infinity":23,"s:83:8:83:Infinity":24,"s:85:6:85:Infinity":25,"s:89:2:89:Infinity":26,"s:92:31:132:Infinity":27,"f:92:31:92:38":4,"s:98:54:98:Infinity":28,"s:99:26:99:Infinity":29,"b:100:2:102:Infinity:undefined:undefined:undefined:undefined":6,"s:100:2:102:Infinity":30,"b:100:6:100:26:100:26:100:50":7,"s:101:4:101:Infinity":31,"s:104:19:104:Infinity":32,"b:106:2:119:Infinity:undefined:undefined:undefined:undefined":8,"s:106:2:119:Infinity":33,"s:107:20:116:Infinity":34,"s:117:4:117:Infinity":35,"s:118:4:118:Infinity":36,"s:121:18:130:Infinity":37,"s:131:2:131:Infinity":38,"s:134:28:170:Infinity":39,"f:134:28:134:35":5,"s:141:81:141:Infinity":40,"b:142:2:144:Infinity:undefined:undefined:undefined:undefined":9,"s:142:2:144:Infinity":41,"s:143:4:143:Infinity":42,"s:146:50:156:Infinity":43,"b:158:2:160:Infinity:undefined:undefined:undefined:undefined":10,"s:158:2:160:Infinity":44,"s:159:4:159:Infinity":45,"s:162:2:169:Infinity":46,"f:165:12:165:19":6,"s:166:6:166:Infinity":47,"s:167:6:167:Infinity":48,"s:172:32:262:Infinity":49,"f:172:32:172:39":7,"s:179:66:179:Infinity":50,"s:181:25:183:Infinity":51,"b:182:6:182:Infinity:183:6:183:Infinity":11,"s:185:27:187:Infinity":52,"f:186:27:186:28":8,"s:186:38:186:84":53,"f:186:56:186:57":9,"s:186:68:186:83":54,"s:188:22:188:Infinity":55,"f:188:37:188:38":10,"s:188:49:188:87":56,"s:190:26:190:Infinity":57,"b:190:26:190:58:190:58:190:Infinity":12,"s:191:27:191:Infinity":58,"f:191:49:191:50":11,"s:191:60:191:78":59,"s:192:30:192:Infinity":60,"s:194:30:194:Infinity":61,"s:195:34:195:Infinity":62,"s:197:29:199:Infinity":63,"s:200:29:200:Infinity":64,"b:202:2:207:Infinity:undefined:undefined:undefined:undefined":13,"s:202:2:207:Infinity":65,"b:203:4:205:Infinity:undefined:undefined:undefined:undefined":14,"s:203:4:205:Infinity":66,"s:204:6:204:Infinity":67,"s:206:4:206:Infinity":68,"s:209:24:209:Infinity":69,"s:210:30:210:Infinity":70,"s:211:21:211:Infinity":71,"s:212:23:212:Infinity":72,"s:213:30:216:Infinity":73,"f:213:30:213:36":12,"s:214:4:214:Infinity":74,"s:215:4:215:Infinity":75,"b:218:2:220:Infinity:undefined:undefined:undefined:undefined":15,"s:218:2:220:Infinity":76,"s:219:4:219:Infinity":77,"s:222:2:228:Infinity":78,"s:230:27:230:Infinity":79,"s:231:27:231:Infinity":80,"f:231:51:231:52":13,"s:231:63:231:101":81,"b:233:2:235:Infinity:undefined:undefined:undefined:undefined":16,"s:233:2:235:Infinity":82,"s:234:4:234:Infinity":83,"s:237:25:237:Infinity":84,"s:238:68:238:Infinity":85,"s:239:2:247:Infinity":86,"s:239:19:239:22":87,"s:240:18:240:Infinity":88,"s:241:20:241:Infinity":89,"s:242:22:242:Infinity":90,"f:242:34:242:35":14,"s:242:46:242:61":91,"f:242:70:242:71":15,"s:242:104:242:121":92,"b:243:4:245:Infinity:undefined:undefined:undefined:undefined":17,"s:243:4:245:Infinity":93,"s:244:6:244:Infinity":94,"s:246:4:246:Infinity":95,"s:249:2:261:Infinity":96,"f:252:12:252:19":16,"s:253:6:258:Infinity":97,"s:259:6:259:Infinity":98,"s:264:33:308:Infinity":99,"f:264:33:264:40":17,"s:270:53:270:Infinity":100,"s:271:21:271:Infinity":101,"b:271:21:271:53:271:53:271:Infinity":18,"s:272:25:272:Infinity":102,"b:273:2:275:Infinity:undefined:undefined:undefined:undefined":19,"s:273:2:275:Infinity":103,"s:274:4:274:Infinity":104,"s:277:52:287:Infinity":105,"b:289:2:291:Infinity:undefined:undefined:undefined:undefined":20,"s:289:2:291:Infinity":106,"s:290:4:290:Infinity":107,"b:293:2:295:Infinity:undefined:undefined:undefined:undefined":21,"s:293:2:295:Infinity":108,"s:294:4:294:Infinity":109,"s:297:18:297:Infinity":110,"s:299:2:307:Infinity":111,"f:302:12:302:19":18,"s:303:6:303:Infinity":112,"s:304:6:304:Infinity":113,"s:305:6:305:Infinity":114,"s:310:34:329:Infinity":115,"f:310:34:310:41":19,"s:321:22:321:Infinity":116,"b:322:2:326:Infinity:undefined:undefined:undefined:undefined":22,"s:322:2:326:Infinity":117,"s:323:4:323:Infinity":118,"s:325:4:325:Infinity":119,"s:328:2:328:Infinity":120,"s:331:36:359:Infinity":121,"f:331:36:331:43":20,"s:342:25:342:Infinity":122,"f:342:40:342:41":21,"s:342:52:342:69":123,"b:344:2:346:Infinity:undefined:undefined:undefined:undefined":23,"s:344:2:346:Infinity":124,"s:345:4:345:Infinity":125,"s:348:18:348:Infinity":126,"s:350:2:358:Infinity":127,"f:353:12:353:19":22,"s:354:6:354:Infinity":128,"s:355:6:355:Infinity":129,"s:356:6:356:Infinity":130,"s:361:27:376:Infinity":131,"f:361:27:361:28":23,"s:362:39:365:Infinity":132,"s:366:18:366:Infinity":133,"s:367:19:367:Infinity":134,"s:368:16:368:Infinity":135,"s:369:16:369:Infinity":136,"b:370:2:370:Infinity:undefined:undefined:undefined:undefined":24,"s:370:2:370:Infinity":137,"s:370:15:370:Infinity":138,"b:371:2:371:Infinity:undefined:undefined:undefined:undefined":25,"s:371:2:371:Infinity":139,"s:371:16:371:Infinity":140,"b:372:2:372:Infinity:undefined:undefined:undefined:undefined":26,"s:372:2:372:Infinity":141,"s:372:13:372:Infinity":142,"b:373:2:373:Infinity:undefined:undefined:undefined:undefined":27,"s:373:2:373:Infinity":143,"s:373:13:373:Infinity":144,"b:374:2:374:Infinity:undefined:undefined:undefined:undefined":28,"s:374:2:374:Infinity":145,"s:374:29:374:Infinity":146,"s:375:2:375:Infinity":147,"s:378:39:463:Infinity":148,"f:378:39:378:40":24,"s:401:8:421:Infinity":149,"f:401:37:401:49":25,"b:402:4:402:Infinity:undefined:undefined:undefined:undefined":29,"s:402:4:402:Infinity":150,"s:402:28:402:Infinity":151,"b:403:4:406:Infinity:undefined:undefined:undefined:undefined":30,"s:403:4:406:Infinity":152,"b:403:8:403:40:403:40:403:69":31,"s:404:6:404:Infinity":153,"s:405:6:405:Infinity":154,"s:408:4:408:Infinity":155,"s:409:4:409:Infinity":156,"s:410:4:420:Infinity":157,"s:411:20:411:Infinity":158,"s:412:22:412:Infinity":159,"s:413:6:413:Infinity":160,"s:414:6:414:Infinity":161,"s:415:6:415:Infinity":162,"s:417:6:417:Infinity":163,"b:417:48:417:65:417:65:417:101":32,"s:419:6:419:Infinity":164,"s:423:8:443:Infinity":165,"f:423:37:423:49":26,"b:424:4:424:Infinity:undefined:undefined:undefined:undefined":33,"s:424:4:424:Infinity":166,"b:424:8:424:30:424:30:424:48":34,"s:424:48:424:Infinity":167,"b:425:4:428:Infinity:undefined:undefined:undefined:undefined":35,"s:425:4:428:Infinity":168,"b:425:8:425:40:425:40:425:69":36,"s:426:6:426:Infinity":169,"s:427:6:427:Infinity":170,"s:430:4:430:Infinity":171,"s:431:4:431:Infinity":172,"s:432:4:442:Infinity":173,"s:433:20:433:Infinity":174,"s:434:22:434:Infinity":175,"s:435:6:435:Infinity":176,"s:436:6:436:Infinity":177,"s:437:6:437:Infinity":178,"s:439:6:439:Infinity":179,"b:439:48:439:65:439:65:439:99":37,"s:441:6:441:Infinity":180,"s:445:8:456:Infinity":181,"f:445:35:445:42":27,"b:446:4:446:Infinity:undefined:undefined:undefined:undefined":38,"s:446:4:446:Infinity":182,"s:446:28:446:Infinity":183,"b:447:4:447:Infinity:undefined:undefined:undefined:undefined":39,"s:447:4:447:Infinity":184,"s:447:61:447:Infinity":185,"s:448:4:448:Infinity":186,"s:449:4:455:Infinity":187,"s:450:20:450:Infinity":188,"s:451:6:451:Infinity":189,"s:452:6:452:Infinity":190,"s:454:6:454:Infinity":191,"b:454:48:454:65:454:65:454:99":40,"s:458:2:462:Infinity":192,"s:465:34:533:Infinity":193,"f:465:34:465:35":28,"s:488:8:507:Infinity":194,"f:488:42:488:49":29,"b:489:4:489:Infinity:undefined:undefined:undefined:undefined":41,"s:489:4:489:Infinity":195,"s:489:28:489:Infinity":196,"s:490:4:490:Infinity":197,"s:491:4:491:Infinity":198,"s:492:4:506:Infinity":199,"s:493:20:493:Infinity":200,"s:494:6:499:Infinity":201,"s:500:6:500:Infinity":202,"s:501:6:501:Infinity":203,"s:503:6:503:Infinity":204,"b:503:48:503:65:503:65:503:100":42,"s:505:6:505:Infinity":205,"s:509:8:530:Infinity":206,"f:509:40:509:52":30,"b:510:4:510:Infinity:undefined:undefined:undefined:undefined":43,"s:510:4:510:Infinity":207,"b:510:8:510:30:510:30:510:52":44,"s:510:52:510:Infinity":208,"s:511:4:511:Infinity":209,"s:512:4:512:Infinity":210,"s:513:4:513:Infinity":211,"s:514:4:529:Infinity":212,"s:515:20:515:Infinity":213,"s:516:6:521:Infinity":214,"s:522:6:522:Infinity":215,"s:523:6:523:Infinity":216,"s:525:6:525:Infinity":217,"b:525:48:525:65:525:65:525:104":45,"s:527:6:527:Infinity":218,"s:528:6:528:Infinity":219,"s:532:2:532:Infinity":220,"s:535:34:578:Infinity":221,"f:535:34:535:35":31,"s:554:8:575:Infinity":222,"f:554:38:554:50":32,"b:555:4:555:Infinity:undefined:undefined:undefined:undefined":46,"s:555:4:555:Infinity":223,"s:555:28:555:Infinity":224,"s:556:4:556:Infinity":225,"s:557:4:557:Infinity":226,"s:558:4:558:Infinity":227,"s:560:4:574:Infinity":228,"s:561:20:561:Infinity":229,"s:562:6:567:Infinity":230,"s:568:6:568:Infinity":231,"s:570:6:570:Infinity":232,"b:570:48:570:65:570:65:570:102":47,"s:572:6:572:Infinity":233,"s:573:6:573:Infinity":234,"s:577:2:577:Infinity":235}}}
}
