{"/home/tangi/darts_tournament/frontend/src/components/notifications/use-match-started-notifications.ts": {"path":"/home/tangi/darts_tournament/frontend/src/components/notifications/use-match-started-notifications.ts","statementMap":{"0":{"start":{"line":38,"column":21},"end":{"line":38,"column":null}},"1":{"start":{"line":38,"column":63},"end":{"line":38,"column":null}},"2":{"start":{"line":40,"column":32},"end":{"line":41,"column":null}},"3":{"start":{"line":41,"column":3},"end":{"line":41,"column":null}},"4":{"start":{"line":43,"column":32},"end":{"line":54,"column":null}},"5":{"start":{"line":44,"column":2},"end":{"line":53,"column":null}},"6":{"start":{"line":45,"column":19},"end":{"line":45,"column":null}},"7":{"start":{"line":46,"column":4},"end":{"line":48,"column":null}},"8":{"start":{"line":47,"column":6},"end":{"line":47,"column":null}},"9":{"start":{"line":49,"column":19},"end":{"line":49,"column":null}},"10":{"start":{"line":50,"column":4},"end":{"line":50,"column":null}},"11":{"start":{"line":52,"column":4},"end":{"line":52,"column":null}},"12":{"start":{"line":56,"column":27},"end":{"line":73,"column":null}},"13":{"start":{"line":57,"column":17},"end":{"line":57,"column":null}},"14":{"start":{"line":58,"column":15},"end":{"line":65,"column":null}},"15":{"start":{"line":67,"column":2},"end":{"line":72,"column":null}},"16":{"start":{"line":68,"column":4},"end":{"line":68,"column":null}},"17":{"start":{"line":69,"column":4},"end":{"line":69,"column":null}},"18":{"start":{"line":75,"column":23},"end":{"line":84,"column":null}},"19":{"start":{"line":76,"column":21},"end":{"line":78,"column":null}},"20":{"start":{"line":79,"column":2},"end":{"line":81,"column":null}},"21":{"start":{"line":80,"column":4},"end":{"line":80,"column":null}},"22":{"start":{"line":82,"column":17},"end":{"line":82,"column":null}},"23":{"start":{"line":83,"column":2},"end":{"line":83,"column":null}},"24":{"start":{"line":86,"column":29},"end":{"line":109,"column":null}},"25":{"start":{"line":87,"column":19},"end":{"line":87,"column":null}},"26":{"start":{"line":88,"column":20},"end":{"line":92,"column":null}},"27":{"start":{"line":89,"column":4},"end":{"line":91,"column":null}},"28":{"start":{"line":93,"column":2},"end":{"line":95,"column":null}},"29":{"start":{"line":93,"column":35},"end":{"line":93,"column":47}},"30":{"start":{"line":94,"column":4},"end":{"line":94,"column":null}},"31":{"start":{"line":96,"column":19},"end":{"line":96,"column":null}},"32":{"start":{"line":96,"column":65},"end":{"line":96,"column":80}},"33":{"start":{"line":97,"column":24},"end":{"line":97,"column":null}},"34":{"start":{"line":98,"column":2},"end":{"line":107,"column":null}},"35":{"start":{"line":99,"column":24},"end":{"line":101,"column":null}},"36":{"start":{"line":102,"column":4},"end":{"line":106,"column":null}},"37":{"start":{"line":103,"column":6},"end":{"line":105,"column":null}},"38":{"start":{"line":104,"column":8},"end":{"line":104,"column":null}},"39":{"start":{"line":108,"column":2},"end":{"line":108,"column":null}},"40":{"start":{"line":111,"column":37},"end":{"line":121,"column":null}},"41":{"start":{"line":112,"column":19},"end":{"line":115,"column":null}},"42":{"start":{"line":116,"column":2},"end":{"line":118,"column":null}},"43":{"start":{"line":117,"column":4},"end":{"line":117,"column":null}},"44":{"start":{"line":119,"column":15},"end":{"line":119,"column":null}},"45":{"start":{"line":120,"column":2},"end":{"line":120,"column":null}},"46":{"start":{"line":123,"column":28},"end":{"line":133,"column":null}},"47":{"start":{"line":124,"column":19},"end":{"line":127,"column":null}},"48":{"start":{"line":128,"column":2},"end":{"line":130,"column":null}},"49":{"start":{"line":129,"column":4},"end":{"line":129,"column":null}},"50":{"start":{"line":131,"column":15},"end":{"line":131,"column":null}},"51":{"start":{"line":132,"column":2},"end":{"line":132,"column":null}},"52":{"start":{"line":135,"column":31},"end":{"line":165,"column":null}},"53":{"start":{"line":140,"column":20},"end":{"line":140,"column":null}},"54":{"start":{"line":141,"column":38},"end":{"line":141,"column":null}},"55":{"start":{"line":143,"column":2},"end":{"line":162,"column":null}},"56":{"start":{"line":144,"column":28},"end":{"line":146,"column":null}},"57":{"start":{"line":147,"column":4},"end":{"line":149,"column":null}},"58":{"start":{"line":148,"column":6},"end":{"line":148,"column":null}},"59":{"start":{"line":150,"column":25},"end":{"line":150,"column":null}},"60":{"start":{"line":152,"column":4},"end":{"line":157,"column":null}},"61":{"start":{"line":153,"column":6},"end":{"line":156,"column":null}},"62":{"start":{"line":154,"column":8},"end":{"line":154,"column":null}},"63":{"start":{"line":155,"column":8},"end":{"line":155,"column":null}},"64":{"start":{"line":158,"column":4},"end":{"line":161,"column":null}},"65":{"start":{"line":159,"column":6},"end":{"line":159,"column":null}},"66":{"start":{"line":160,"column":6},"end":{"line":160,"column":null}},"67":{"start":{"line":164,"column":2},"end":{"line":164,"column":null}},"68":{"start":{"line":167,"column":37},"end":{"line":387,"column":null}},"69":{"start":{"line":168,"column":12},"end":{"line":168,"column":null}},"70":{"start":{"line":169,"column":72},"end":{"line":169,"column":null}},"71":{"start":{"line":170,"column":8},"end":{"line":179,"column":null}},"72":{"start":{"line":171,"column":19},"end":{"line":171,"column":null}},"73":{"start":{"line":172,"column":4},"end":{"line":172,"column":null}},"74":{"start":{"line":172,"column":17},"end":{"line":172,"column":null}},"75":{"start":{"line":173,"column":21},"end":{"line":173,"column":null}},"76":{"start":{"line":174,"column":18},"end":{"line":174,"column":null}},"77":{"start":{"line":175,"column":4},"end":{"line":177,"column":null}},"78":{"start":{"line":176,"column":6},"end":{"line":176,"column":null}},"79":{"start":{"line":178,"column":4},"end":{"line":178,"column":null}},"80":{"start":{"line":181,"column":8},"end":{"line":188,"column":null}},"81":{"start":{"line":182,"column":4},"end":{"line":186,"column":null}},"82":{"start":{"line":183,"column":20},"end":{"line":183,"column":null}},"83":{"start":{"line":184,"column":19},"end":{"line":184,"column":null}},"84":{"start":{"line":185,"column":6},"end":{"line":185,"column":null}},"85":{"start":{"line":187,"column":4},"end":{"line":187,"column":null}},"86":{"start":{"line":190,"column":8},"end":{"line":211,"column":null}},"87":{"start":{"line":191,"column":4},"end":{"line":193,"column":null}},"88":{"start":{"line":192,"column":6},"end":{"line":192,"column":null}},"89":{"start":{"line":195,"column":19},"end":{"line":197,"column":null}},"90":{"start":{"line":196,"column":24},"end":{"line":196,"column":108}},"91":{"start":{"line":197,"column":104},"end":{"line":197,"column":123}},"92":{"start":{"line":199,"column":4},"end":{"line":201,"column":null}},"93":{"start":{"line":200,"column":6},"end":{"line":200,"column":null}},"94":{"start":{"line":203,"column":19},"end":{"line":203,"column":null}},"95":{"start":{"line":203,"column":41},"end":{"line":203,"column":61}},"96":{"start":{"line":204,"column":19},"end":{"line":204,"column":null}},"97":{"start":{"line":204,"column":46},"end":{"line":204,"column":63}},"98":{"start":{"line":205,"column":18},"end":{"line":205,"column":null}},"99":{"start":{"line":206,"column":19},"end":{"line":206,"column":null}},"100":{"start":{"line":206,"column":41},"end":{"line":206,"column":55}},"101":{"start":{"line":207,"column":4},"end":{"line":209,"column":null}},"102":{"start":{"line":208,"column":6},"end":{"line":208,"column":null}},"103":{"start":{"line":210,"column":4},"end":{"line":210,"column":null}},"104":{"start":{"line":213,"column":8},"end":{"line":241,"column":null}},"105":{"start":{"line":214,"column":4},"end":{"line":216,"column":null}},"106":{"start":{"line":215,"column":6},"end":{"line":215,"column":null}},"107":{"start":{"line":217,"column":4},"end":{"line":219,"column":null}},"108":{"start":{"line":218,"column":6},"end":{"line":218,"column":null}},"109":{"start":{"line":220,"column":24},"end":{"line":220,"column":null}},"110":{"start":{"line":221,"column":23},"end":{"line":221,"column":null}},"111":{"start":{"line":222,"column":25},"end":{"line":222,"column":null}},"112":{"start":{"line":223,"column":16},"end":{"line":223,"column":null}},"113":{"start":{"line":224,"column":4},"end":{"line":230,"column":null}},"114":{"start":{"line":225,"column":6},"end":{"line":225,"column":null}},"115":{"start":{"line":226,"column":4},"end":{"line":230,"column":null}},"116":{"start":{"line":227,"column":6},"end":{"line":227,"column":null}},"117":{"start":{"line":228,"column":4},"end":{"line":230,"column":null}},"118":{"start":{"line":229,"column":6},"end":{"line":229,"column":null}},"119":{"start":{"line":231,"column":25},"end":{"line":233,"column":null}},"120":{"start":{"line":234,"column":24},"end":{"line":234,"column":null}},"121":{"start":{"line":235,"column":17},"end":{"line":235,"column":null}},"122":{"start":{"line":236,"column":4},"end":{"line":240,"column":null}},"123":{"start":{"line":237,"column":6},"end":{"line":237,"column":null}},"124":{"start":{"line":243,"column":48},"end":{"line":243,"column":null}},"125":{"start":{"line":244,"column":8},"end":{"line":244,"column":null}},"126":{"start":{"line":245,"column":8},"end":{"line":245,"column":null}},"127":{"start":{"line":247,"column":8},"end":{"line":259,"column":null}},"128":{"start":{"line":248,"column":22},"end":{"line":248,"column":null}},"129":{"start":{"line":249,"column":4},"end":{"line":251,"column":null}},"130":{"start":{"line":250,"column":6},"end":{"line":250,"column":null}},"131":{"start":{"line":252,"column":4},"end":{"line":254,"column":null}},"132":{"start":{"line":252,"column":41},"end":{"line":252,"column":78}},"133":{"start":{"line":253,"column":6},"end":{"line":253,"column":null}},"134":{"start":{"line":255,"column":4},"end":{"line":257,"column":null}},"135":{"start":{"line":256,"column":6},"end":{"line":256,"column":null}},"136":{"start":{"line":258,"column":4},"end":{"line":258,"column":null}},"137":{"start":{"line":261,"column":8},"end":{"line":269,"column":null}},"138":{"start":{"line":262,"column":4},"end":{"line":262,"column":null}},"139":{"start":{"line":262,"column":22},"end":{"line":262,"column":null}},"140":{"start":{"line":263,"column":4},"end":{"line":268,"column":null}},"141":{"start":{"line":264,"column":6},"end":{"line":264,"column":null}},"142":{"start":{"line":267,"column":6},"end":{"line":267,"column":null}},"143":{"start":{"line":271,"column":2},"end":{"line":321,"column":null}},"144":{"start":{"line":272,"column":4},"end":{"line":274,"column":null}},"145":{"start":{"line":273,"column":6},"end":{"line":273,"column":null}},"146":{"start":{"line":276,"column":20},"end":{"line":276,"column":null}},"147":{"start":{"line":277,"column":26},"end":{"line":314,"column":null}},"148":{"start":{"line":278,"column":6},"end":{"line":313,"column":null}},"149":{"start":{"line":279,"column":22},"end":{"line":279,"column":null}},"150":{"start":{"line":280,"column":8},"end":{"line":282,"column":null}},"151":{"start":{"line":281,"column":10},"end":{"line":281,"column":null}},"152":{"start":{"line":283,"column":22},"end":{"line":283,"column":null}},"153":{"start":{"line":284,"column":8},"end":{"line":286,"column":null}},"154":{"start":{"line":285,"column":10},"end":{"line":285,"column":null}},"155":{"start":{"line":287,"column":28},"end":{"line":287,"column":null}},"156":{"start":{"line":288,"column":21},"end":{"line":288,"column":null}},"157":{"start":{"line":289,"column":25},"end":{"line":289,"column":null}},"158":{"start":{"line":290,"column":8},"end":{"line":303,"column":null}},"159":{"start":{"line":291,"column":25},"end":{"line":291,"column":null}},"160":{"start":{"line":292,"column":10},"end":{"line":302,"column":null}},"161":{"start":{"line":293,"column":26},"end":{"line":293,"column":null}},"162":{"start":{"line":294,"column":12},"end":{"line":301,"column":null}},"163":{"start":{"line":295,"column":20},"end":{"line":297,"column":null}},"164":{"start":{"line":296,"column":16},"end":{"line":296,"column":null}},"165":{"start":{"line":298,"column":14},"end":{"line":300,"column":null}},"166":{"start":{"line":299,"column":16},"end":{"line":299,"column":null}},"167":{"start":{"line":305,"column":8},"end":{"line":307,"column":null}},"168":{"start":{"line":306,"column":10},"end":{"line":306,"column":null}},"169":{"start":{"line":308,"column":8},"end":{"line":308,"column":null}},"170":{"start":{"line":309,"column":8},"end":{"line":309,"column":null}},"171":{"start":{"line":310,"column":8},"end":{"line":310,"column":null}},"172":{"start":{"line":316,"column":4},"end":{"line":316,"column":null}},"173":{"start":{"line":318,"column":4},"end":{"line":320,"column":null}},"174":{"start":{"line":319,"column":6},"end":{"line":319,"column":null}},"175":{"start":{"line":323,"column":2},"end":{"line":386,"column":null}},"176":{"start":{"line":324,"column":4},"end":{"line":326,"column":null}},"177":{"start":{"line":325,"column":6},"end":{"line":325,"column":null}},"178":{"start":{"line":327,"column":4},"end":{"line":329,"column":null}},"179":{"start":{"line":328,"column":6},"end":{"line":328,"column":null}},"180":{"start":{"line":331,"column":21},"end":{"line":331,"column":null}},"181":{"start":{"line":334,"column":23},"end":{"line":377,"column":null}},"182":{"start":{"line":335,"column":20},"end":{"line":335,"column":null}},"183":{"start":{"line":336,"column":6},"end":{"line":338,"column":null}},"184":{"start":{"line":337,"column":8},"end":{"line":337,"column":null}},"185":{"start":{"line":340,"column":6},"end":{"line":345,"column":null}},"186":{"start":{"line":347,"column":6},"end":{"line":351,"column":null}},"187":{"start":{"line":348,"column":8},"end":{"line":350,"column":null}},"188":{"start":{"line":349,"column":10},"end":{"line":349,"column":null}},"189":{"start":{"line":353,"column":6},"end":{"line":360,"column":null}},"190":{"start":{"line":354,"column":25},"end":{"line":354,"column":null}},"191":{"start":{"line":355,"column":8},"end":{"line":357,"column":null}},"192":{"start":{"line":356,"column":10},"end":{"line":356,"column":null}},"193":{"start":{"line":358,"column":8},"end":{"line":358,"column":null}},"194":{"start":{"line":359,"column":8},"end":{"line":359,"column":null}},"195":{"start":{"line":362,"column":6},"end":{"line":368,"column":null}},"196":{"start":{"line":363,"column":8},"end":{"line":365,"column":null}},"197":{"start":{"line":364,"column":10},"end":{"line":364,"column":null}},"198":{"start":{"line":366,"column":8},"end":{"line":366,"column":null}},"199":{"start":{"line":367,"column":8},"end":{"line":367,"column":null}},"200":{"start":{"line":370,"column":6},"end":{"line":376,"column":null}},"201":{"start":{"line":371,"column":8},"end":{"line":373,"column":null}},"202":{"start":{"line":372,"column":10},"end":{"line":372,"column":null}},"203":{"start":{"line":374,"column":8},"end":{"line":374,"column":null}},"204":{"start":{"line":375,"column":8},"end":{"line":375,"column":null}},"205":{"start":{"line":379,"column":4},"end":{"line":379,"column":null}},"206":{"start":{"line":381,"column":4},"end":{"line":385,"column":null}},"207":{"start":{"line":382,"column":6},"end":{"line":382,"column":null}},"208":{"start":{"line":383,"column":6},"end":{"line":383,"column":null}},"209":{"start":{"line":384,"column":6},"end":{"line":384,"column":null}}},"fnMap":{"0":{"name":"(anonymous_0)","decl":{"start":{"line":38,"column":21},"end":{"line":38,"column":22}},"loc":{"start":{"line":38,"column":63},"end":{"line":38,"column":null}},"line":38},"1":{"name":"(anonymous_1)","decl":{"start":{"line":40,"column":32},"end":{"line":40,"column":33}},"loc":{"start":{"line":41,"column":3},"end":{"line":41,"column":null}},"line":41},"2":{"name":"(anonymous_2)","decl":{"start":{"line":43,"column":32},"end":{"line":43,"column":38}},"loc":{"start":{"line":43,"column":38},"end":{"line":54,"column":null}},"line":43},"3":{"name":"(anonymous_3)","decl":{"start":{"line":56,"column":27},"end":{"line":56,"column":28}},"loc":{"start":{"line":56,"column":66},"end":{"line":73,"column":null}},"line":56},"4":{"name":"(anonymous_4)","decl":{"start":{"line":75,"column":23},"end":{"line":75,"column":30}},"loc":{"start":{"line":75,"column":48},"end":{"line":84,"column":null}},"line":75},"5":{"name":"(anonymous_5)","decl":{"start":{"line":86,"column":29},"end":{"line":86,"column":36}},"loc":{"start":{"line":86,"column":54},"end":{"line":109,"column":null}},"line":86},"6":{"name":"(anonymous_6)","decl":{"start":{"line":88,"column":51},"end":{"line":88,"column":52}},"loc":{"start":{"line":89,"column":4},"end":{"line":91,"column":null}},"line":89},"7":{"name":"(anonymous_7)","decl":{"start":{"line":93,"column":21},"end":{"line":93,"column":22}},"loc":{"start":{"line":93,"column":35},"end":{"line":93,"column":47}},"line":93},"8":{"name":"(anonymous_8)","decl":{"start":{"line":96,"column":51},"end":{"line":96,"column":52}},"loc":{"start":{"line":96,"column":65},"end":{"line":96,"column":80}},"line":96},"9":{"name":"(anonymous_9)","decl":{"start":{"line":111,"column":37},"end":{"line":111,"column":44}},"loc":{"start":{"line":111,"column":85},"end":{"line":121,"column":null}},"line":111},"10":{"name":"(anonymous_10)","decl":{"start":{"line":123,"column":28},"end":{"line":123,"column":35}},"loc":{"start":{"line":123,"column":93},"end":{"line":133,"column":null}},"line":123},"11":{"name":"(anonymous_11)","decl":{"start":{"line":135,"column":31},"end":{"line":135,"column":null}},"loc":{"start":{"line":139,"column":5},"end":{"line":165,"column":null}},"line":139},"12":{"name":"(anonymous_12)","decl":{"start":{"line":167,"column":37},"end":{"line":167,"column":43}},"loc":{"start":{"line":167,"column":43},"end":{"line":387,"column":null}},"line":167},"13":{"name":"(anonymous_13)","decl":{"start":{"line":170,"column":40},"end":{"line":170,"column":41}},"loc":{"start":{"line":170,"column":79},"end":{"line":179,"column":5}},"line":170},"14":{"name":"(anonymous_14)","decl":{"start":{"line":181,"column":38},"end":{"line":181,"column":39}},"loc":{"start":{"line":181,"column":77},"end":{"line":188,"column":5}},"line":181},"15":{"name":"(anonymous_15)","decl":{"start":{"line":190,"column":40},"end":{"line":190,"column":41}},"loc":{"start":{"line":190,"column":79},"end":{"line":211,"column":5}},"line":190},"16":{"name":"(anonymous_16)","decl":{"start":{"line":196,"column":11},"end":{"line":196,"column":12}},"loc":{"start":{"line":196,"column":24},"end":{"line":196,"column":108}},"line":196},"17":{"name":"(anonymous_17)","decl":{"start":{"line":197,"column":14},"end":{"line":197,"column":15}},"loc":{"start":{"line":197,"column":104},"end":{"line":197,"column":123}},"line":197},"18":{"name":"(anonymous_18)","decl":{"start":{"line":203,"column":31},"end":{"line":203,"column":32}},"loc":{"start":{"line":203,"column":41},"end":{"line":203,"column":61}},"line":203},"19":{"name":"(anonymous_19)","decl":{"start":{"line":204,"column":36},"end":{"line":204,"column":37}},"loc":{"start":{"line":204,"column":46},"end":{"line":204,"column":63}},"line":204},"20":{"name":"(anonymous_20)","decl":{"start":{"line":206,"column":31},"end":{"line":206,"column":32}},"loc":{"start":{"line":206,"column":41},"end":{"line":206,"column":55}},"line":206},"21":{"name":"(anonymous_21)","decl":{"start":{"line":213,"column":51},"end":{"line":213,"column":52}},"loc":{"start":{"line":213,"column":90},"end":{"line":241,"column":5}},"line":213},"22":{"name":"(anonymous_22)","decl":{"start":{"line":247,"column":41},"end":{"line":247,"column":42}},"loc":{"start":{"line":247,"column":80},"end":{"line":259,"column":5}},"line":247},"23":{"name":"(anonymous_23)","decl":{"start":{"line":252,"column":29},"end":{"line":252,"column":30}},"loc":{"start":{"line":252,"column":41},"end":{"line":252,"column":78}},"line":252},"24":{"name":"(anonymous_24)","decl":{"start":{"line":261,"column":41},"end":{"line":261,"column":82}},"loc":{"start":{"line":261,"column":82},"end":{"line":269,"column":5}},"line":261},"25":{"name":"(anonymous_25)","decl":{"start":{"line":271,"column":12},"end":{"line":271,"column":18}},"loc":{"start":{"line":271,"column":18},"end":{"line":321,"column":5}},"line":271},"26":{"name":"(anonymous_26)","decl":{"start":{"line":277,"column":26},"end":{"line":277,"column":38}},"loc":{"start":{"line":277,"column":38},"end":{"line":314,"column":null}},"line":277},"27":{"name":"(anonymous_27)","decl":{"start":{"line":295,"column":62},"end":{"line":295,"column":63}},"loc":{"start":{"line":296,"column":16},"end":{"line":296,"column":null}},"line":296},"28":{"name":"(anonymous_28)","decl":{"start":{"line":318,"column":11},"end":{"line":318,"column":17}},"loc":{"start":{"line":318,"column":17},"end":{"line":320,"column":null}},"line":318},"29":{"name":"(anonymous_29)","decl":{"start":{"line":323,"column":12},"end":{"line":323,"column":18}},"loc":{"start":{"line":323,"column":18},"end":{"line":386,"column":5}},"line":323},"30":{"name":"(anonymous_30)","decl":{"start":{"line":334,"column":23},"end":{"line":334,"column":35}},"loc":{"start":{"line":334,"column":35},"end":{"line":377,"column":null}},"line":334},"31":{"name":"(anonymous_31)","decl":{"start":{"line":347,"column":27},"end":{"line":347,"column":33}},"loc":{"start":{"line":347,"column":33},"end":{"line":351,"column":7}},"line":347},"32":{"name":"(anonymous_32)","decl":{"start":{"line":353,"column":33},"end":{"line":353,"column":34}},"loc":{"start":{"line":353,"column":82},"end":{"line":360,"column":7}},"line":353},"33":{"name":"(anonymous_33)","decl":{"start":{"line":362,"column":34},"end":{"line":362,"column":35}},"loc":{"start":{"line":362,"column":69},"end":{"line":368,"column":7}},"line":362},"34":{"name":"(anonymous_34)","decl":{"start":{"line":370,"column":40},"end":{"line":370,"column":41}},"loc":{"start":{"line":370,"column":80},"end":{"line":376,"column":7}},"line":370},"35":{"name":"(anonymous_35)","decl":{"start":{"line":381,"column":11},"end":{"line":381,"column":17}},"loc":{"start":{"line":381,"column":17},"end":{"line":385,"column":null}},"line":381}},"branchMap":{"0":{"loc":{"start":{"line":41,"column":3},"end":{"line":41,"column":null}},"type":"cond-expr","locations":[{"start":{"line":41,"column":11},"end":{"line":41,"column":63}},{"start":{"line":41,"column":63},"end":{"line":41,"column":null}}],"line":41},"1":{"loc":{"start":{"line":46,"column":4},"end":{"line":48,"column":null}},"type":"if","locations":[{"start":{"line":46,"column":4},"end":{"line":48,"column":null}},{"start":{},"end":{}}],"line":46},"2":{"loc":{"start":{"line":50,"column":11},"end":{"line":50,"column":null}},"type":"cond-expr","locations":[{"start":{"line":50,"column":35},"end":{"line":50,"column":44}},{"start":{"line":50,"column":44},"end":{"line":50,"column":null}}],"line":50},"3":{"loc":{"start":{"line":79,"column":2},"end":{"line":81,"column":null}},"type":"if","locations":[{"start":{"line":79,"column":2},"end":{"line":81,"column":null}},{"start":{},"end":{}}],"line":79},"4":{"loc":{"start":{"line":93,"column":2},"end":{"line":95,"column":null}},"type":"if","locations":[{"start":{"line":93,"column":2},"end":{"line":95,"column":null}},{"start":{},"end":{}}],"line":93},"5":{"loc":{"start":{"line":99,"column":24},"end":{"line":101,"column":null}},"type":"cond-expr","locations":[{"start":{"line":100,"column":9},"end":{"line":100,"column":null}},{"start":{"line":101,"column":8},"end":{"line":101,"column":null}}],"line":99},"6":{"loc":{"start":{"line":103,"column":6},"end":{"line":105,"column":null}},"type":"if","locations":[{"start":{"line":103,"column":6},"end":{"line":105,"column":null}},{"start":{},"end":{}}],"line":103},"7":{"loc":{"start":{"line":116,"column":2},"end":{"line":118,"column":null}},"type":"if","locations":[{"start":{"line":116,"column":2},"end":{"line":118,"column":null}},{"start":{},"end":{}}],"line":116},"8":{"loc":{"start":{"line":120,"column":10},"end":{"line":120,"column":null}},"type":"binary-expr","locations":[{"start":{"line":120,"column":10},"end":{"line":120,"column":29}},{"start":{"line":120,"column":29},"end":{"line":120,"column":null}}],"line":120},"9":{"loc":{"start":{"line":128,"column":2},"end":{"line":130,"column":null}},"type":"if","locations":[{"start":{"line":128,"column":2},"end":{"line":130,"column":null}},{"start":{},"end":{}}],"line":128},"10":{"loc":{"start":{"line":132,"column":10},"end":{"line":132,"column":null}},"type":"binary-expr","locations":[{"start":{"line":132,"column":10},"end":{"line":132,"column":24}},{"start":{"line":132,"column":24},"end":{"line":132,"column":null}}],"line":132},"11":{"loc":{"start":{"line":147,"column":4},"end":{"line":149,"column":null}},"type":"if","locations":[{"start":{"line":147,"column":4},"end":{"line":149,"column":null}},{"start":{},"end":{}}],"line":147},"12":{"loc":{"start":{"line":152,"column":25},"end":{"line":152,"column":52}},"type":"binary-expr","locations":[{"start":{"line":152,"column":25},"end":{"line":152,"column":48}},{"start":{"line":152,"column":48},"end":{"line":152,"column":52}}],"line":152},"13":{"loc":{"start":{"line":153,"column":6},"end":{"line":156,"column":null}},"type":"if","locations":[{"start":{"line":153,"column":6},"end":{"line":156,"column":null}},{"start":{},"end":{}}],"line":153},"14":{"loc":{"start":{"line":153,"column":11},"end":{"line":153,"column":31}},"type":"binary-expr","locations":[{"start":{"line":153,"column":11},"end":{"line":153,"column":27}},{"start":{"line":153,"column":27},"end":{"line":153,"column":31}}],"line":153},"15":{"loc":{"start":{"line":158,"column":4},"end":{"line":161,"column":null}},"type":"if","locations":[{"start":{"line":158,"column":4},"end":{"line":161,"column":null}},{"start":{},"end":{}}],"line":158},"16":{"loc":{"start":{"line":172,"column":4},"end":{"line":172,"column":null}},"type":"if","locations":[{"start":{"line":172,"column":4},"end":{"line":172,"column":null}},{"start":{},"end":{}}],"line":172},"17":{"loc":{"start":{"line":173,"column":21},"end":{"line":173,"column":null}},"type":"binary-expr","locations":[{"start":{"line":173,"column":21},"end":{"line":173,"column":42}},{"start":{"line":173,"column":42},"end":{"line":173,"column":57}},{"start":{"line":173,"column":57},"end":{"line":173,"column":null}}],"line":173},"18":{"loc":{"start":{"line":175,"column":4},"end":{"line":177,"column":null}},"type":"if","locations":[{"start":{"line":175,"column":4},"end":{"line":177,"column":null}},{"start":{},"end":{}}],"line":175},"19":{"loc":{"start":{"line":182,"column":4},"end":{"line":186,"column":null}},"type":"if","locations":[{"start":{"line":182,"column":4},"end":{"line":186,"column":null}},{"start":{},"end":{}}],"line":182},"20":{"loc":{"start":{"line":183,"column":20},"end":{"line":183,"column":null}},"type":"binary-expr","locations":[{"start":{"line":183,"column":20},"end":{"line":183,"column":49}},{"start":{"line":183,"column":49},"end":{"line":183,"column":null}}],"line":183},"21":{"loc":{"start":{"line":184,"column":19},"end":{"line":184,"column":null}},"type":"binary-expr","locations":[{"start":{"line":184,"column":19},"end":{"line":184,"column":47}},{"start":{"line":184,"column":47},"end":{"line":184,"column":null}}],"line":184},"22":{"loc":{"start":{"line":187,"column":43},"end":{"line":187,"column":74}},"type":"binary-expr","locations":[{"start":{"line":187,"column":43},"end":{"line":187,"column":72}},{"start":{"line":187,"column":72},"end":{"line":187,"column":74}}],"line":187},"23":{"loc":{"start":{"line":191,"column":4},"end":{"line":193,"column":null}},"type":"if","locations":[{"start":{"line":191,"column":4},"end":{"line":193,"column":null}},{"start":{},"end":{}}],"line":191},"24":{"loc":{"start":{"line":196,"column":41},"end":{"line":196,"column":106}},"type":"cond-expr","locations":[{"start":{"line":196,"column":81},"end":{"line":196,"column":101}},{"start":{"line":196,"column":101},"end":{"line":196,"column":106}}],"line":196},"25":{"loc":{"start":{"line":199,"column":4},"end":{"line":201,"column":null}},"type":"if","locations":[{"start":{"line":199,"column":4},"end":{"line":201,"column":null}},{"start":{},"end":{}}],"line":199},"26":{"loc":{"start":{"line":205,"column":18},"end":{"line":205,"column":null}},"type":"binary-expr","locations":[{"start":{"line":205,"column":18},"end":{"line":205,"column":28}},{"start":{"line":205,"column":28},"end":{"line":205,"column":null}}],"line":205},"27":{"loc":{"start":{"line":206,"column":19},"end":{"line":206,"column":null}},"type":"binary-expr","locations":[{"start":{"line":206,"column":19},"end":{"line":206,"column":60}},{"start":{"line":206,"column":60},"end":{"line":206,"column":null}}],"line":206},"28":{"loc":{"start":{"line":207,"column":4},"end":{"line":209,"column":null}},"type":"if","locations":[{"start":{"line":207,"column":4},"end":{"line":209,"column":null}},{"start":{},"end":{}}],"line":207},"29":{"loc":{"start":{"line":207,"column":8},"end":{"line":207,"column":27}},"type":"binary-expr","locations":[{"start":{"line":207,"column":8},"end":{"line":207,"column":18}},{"start":{"line":207,"column":18},"end":{"line":207,"column":27}}],"line":207},"30":{"loc":{"start":{"line":214,"column":4},"end":{"line":216,"column":null}},"type":"if","locations":[{"start":{"line":214,"column":4},"end":{"line":216,"column":null}},{"start":{},"end":{}}],"line":214},"31":{"loc":{"start":{"line":217,"column":4},"end":{"line":219,"column":null}},"type":"if","locations":[{"start":{"line":217,"column":4},"end":{"line":219,"column":null}},{"start":{},"end":{}}],"line":217},"32":{"loc":{"start":{"line":224,"column":4},"end":{"line":230,"column":null}},"type":"if","locations":[{"start":{"line":224,"column":4},"end":{"line":230,"column":null}},{"start":{"line":226,"column":4},"end":{"line":230,"column":null}}],"line":224},"33":{"loc":{"start":{"line":226,"column":4},"end":{"line":230,"column":null}},"type":"if","locations":[{"start":{"line":226,"column":4},"end":{"line":230,"column":null}},{"start":{"line":228,"column":4},"end":{"line":230,"column":null}}],"line":226},"34":{"loc":{"start":{"line":228,"column":4},"end":{"line":230,"column":null}},"type":"if","locations":[{"start":{"line":228,"column":4},"end":{"line":230,"column":null}},{"start":{},"end":{}}],"line":228},"35":{"loc":{"start":{"line":231,"column":25},"end":{"line":233,"column":null}},"type":"cond-expr","locations":[{"start":{"line":232,"column":8},"end":{"line":232,"column":null}},{"start":{"line":233,"column":8},"end":{"line":233,"column":null}}],"line":231},"36":{"loc":{"start":{"line":234,"column":24},"end":{"line":234,"column":null}},"type":"cond-expr","locations":[{"start":{"line":234,"column":39},"end":{"line":234,"column":87}},{"start":{"line":234,"column":87},"end":{"line":234,"column":null}}],"line":234},"37":{"loc":{"start":{"line":249,"column":4},"end":{"line":251,"column":null}},"type":"if","locations":[{"start":{"line":249,"column":4},"end":{"line":251,"column":null}},{"start":{},"end":{}}],"line":249},"38":{"loc":{"start":{"line":252,"column":4},"end":{"line":254,"column":null}},"type":"if","locations":[{"start":{"line":252,"column":4},"end":{"line":254,"column":null}},{"start":{},"end":{}}],"line":252},"39":{"loc":{"start":{"line":252,"column":41},"end":{"line":252,"column":78}},"type":"binary-expr","locations":[{"start":{"line":252,"column":41},"end":{"line":252,"column":54}},{"start":{"line":252,"column":54},"end":{"line":252,"column":78}}],"line":252},"40":{"loc":{"start":{"line":255,"column":4},"end":{"line":257,"column":null}},"type":"if","locations":[{"start":{"line":255,"column":4},"end":{"line":257,"column":null}},{"start":{},"end":{}}],"line":255},"41":{"loc":{"start":{"line":255,"column":8},"end":{"line":255,"column":65}},"type":"binary-expr","locations":[{"start":{"line":255,"column":8},"end":{"line":255,"column":43}},{"start":{"line":255,"column":43},"end":{"line":255,"column":65}}],"line":255},"42":{"loc":{"start":{"line":262,"column":4},"end":{"line":262,"column":null}},"type":"if","locations":[{"start":{"line":262,"column":4},"end":{"line":262,"column":null}},{"start":{},"end":{}}],"line":262},"43":{"loc":{"start":{"line":272,"column":4},"end":{"line":274,"column":null}},"type":"if","locations":[{"start":{"line":272,"column":4},"end":{"line":274,"column":null}},{"start":{},"end":{}}],"line":272},"44":{"loc":{"start":{"line":272,"column":8},"end":{"line":272,"column":42}},"type":"binary-expr","locations":[{"start":{"line":272,"column":8},"end":{"line":272,"column":24}},{"start":{"line":272,"column":24},"end":{"line":272,"column":42}}],"line":272},"45":{"loc":{"start":{"line":280,"column":8},"end":{"line":282,"column":null}},"type":"if","locations":[{"start":{"line":280,"column":8},"end":{"line":282,"column":null}},{"start":{},"end":{}}],"line":280},"46":{"loc":{"start":{"line":284,"column":8},"end":{"line":286,"column":null}},"type":"if","locations":[{"start":{"line":284,"column":8},"end":{"line":286,"column":null}},{"start":{},"end":{}}],"line":284},"47":{"loc":{"start":{"line":295,"column":33},"end":{"line":295,"column":57}},"type":"binary-expr","locations":[{"start":{"line":295,"column":33},"end":{"line":295,"column":53}},{"start":{"line":295,"column":53},"end":{"line":295,"column":57}}],"line":295},"48":{"loc":{"start":{"line":296,"column":16},"end":{"line":296,"column":null}},"type":"binary-expr","locations":[{"start":{"line":296,"column":16},"end":{"line":296,"column":39}},{"start":{"line":296,"column":39},"end":{"line":296,"column":null}}],"line":296},"49":{"loc":{"start":{"line":298,"column":14},"end":{"line":300,"column":null}},"type":"if","locations":[{"start":{"line":298,"column":14},"end":{"line":300,"column":null}},{"start":{},"end":{}}],"line":298},"50":{"loc":{"start":{"line":305,"column":8},"end":{"line":307,"column":null}},"type":"if","locations":[{"start":{"line":305,"column":8},"end":{"line":307,"column":null}},{"start":{},"end":{}}],"line":305},"51":{"loc":{"start":{"line":324,"column":4},"end":{"line":326,"column":null}},"type":"if","locations":[{"start":{"line":324,"column":4},"end":{"line":326,"column":null}},{"start":{},"end":{}}],"line":324},"52":{"loc":{"start":{"line":324,"column":8},"end":{"line":324,"column":42}},"type":"binary-expr","locations":[{"start":{"line":324,"column":8},"end":{"line":324,"column":24}},{"start":{"line":324,"column":24},"end":{"line":324,"column":42}}],"line":324},"53":{"loc":{"start":{"line":327,"column":4},"end":{"line":329,"column":null}},"type":"if","locations":[{"start":{"line":327,"column":4},"end":{"line":329,"column":null}},{"start":{},"end":{}}],"line":327},"54":{"loc":{"start":{"line":336,"column":6},"end":{"line":338,"column":null}},"type":"if","locations":[{"start":{"line":336,"column":6},"end":{"line":338,"column":null}},{"start":{},"end":{}}],"line":336},"55":{"loc":{"start":{"line":340,"column":18},"end":{"line":340,"column":60}},"type":"binary-expr","locations":[{"start":{"line":340,"column":18},"end":{"line":340,"column":56}},{"start":{"line":340,"column":56},"end":{"line":340,"column":60}}],"line":340},"56":{"loc":{"start":{"line":344,"column":12},"end":{"line":344,"column":null}},"type":"cond-expr","locations":[{"start":{"line":344,"column":20},"end":{"line":344,"column":42}},{"start":{"line":344,"column":42},"end":{"line":344,"column":null}}],"line":344},"57":{"loc":{"start":{"line":355,"column":8},"end":{"line":357,"column":null}},"type":"if","locations":[{"start":{"line":355,"column":8},"end":{"line":357,"column":null}},{"start":{},"end":{}}],"line":355},"58":{"loc":{"start":{"line":363,"column":8},"end":{"line":365,"column":null}},"type":"if","locations":[{"start":{"line":363,"column":8},"end":{"line":365,"column":null}},{"start":{},"end":{}}],"line":363},"59":{"loc":{"start":{"line":371,"column":8},"end":{"line":373,"column":null}},"type":"if","locations":[{"start":{"line":371,"column":8},"end":{"line":373,"column":null}},{"start":{},"end":{}}],"line":371}},"s":{"0":1,"1":5,"2":1,"3":8,"4":1,"5":5,"6":5,"7":5,"8":4,"9":1,"10":1,"11":0,"12":1,"13":5,"14":5,"15":5,"16":5,"17":5,"18":1,"19":4,"20":4,"21":0,"22":4,"23":4,"24":1,"25":4,"26":4,"27":8,"28":4,"29":8,"30":0,"31":4,"32":8,"33":4,"34":4,"35":8,"36":8,"37":4,"38":4,"39":4,"40":1,"41":4,"42":4,"43":0,"44":4,"45":4,"46":1,"47":4,"48":4,"49":0,"50":4,"51":4,"52":1,"53":4,"54":4,"55":4,"56":4,"57":4,"58":0,"59":4,"60":4,"61":4,"62":4,"63":4,"64":4,"65":4,"66":4,"67":4,"68":1,"69":10,"70":10,"71":10,"72":3,"73":3,"74":2,"75":1,"76":3,"77":3,"78":1,"79":0,"80":10,"81":3,"82":3,"83":3,"84":3,"85":0,"86":10,"87":3,"88":2,"89":1,"90":2,"91":2,"92":1,"93":0,"94":1,"95":1,"96":1,"97":1,"98":1,"99":3,"100":2,"101":3,"102":0,"103":1,"104":10,"105":5,"106":1,"107":4,"108":1,"109":3,"110":3,"111":3,"112":3,"113":3,"114":1,"115":2,"116":1,"117":1,"118":1,"119":3,"120":5,"121":5,"122":5,"123":5,"124":10,"125":10,"126":10,"127":10,"128":6,"129":6,"130":0,"131":6,"132":6,"133":4,"134":2,"135":1,"136":1,"137":10,"138":9,"139":0,"140":9,"141":9,"142":1,"143":10,"144":6,"145":1,"146":5,"147":5,"148":5,"149":5,"150":5,"151":1,"152":4,"153":4,"154":0,"155":4,"156":4,"157":4,"158":4,"159":4,"160":4,"161":4,"162":4,"163":4,"164":4,"165":4,"166":4,"167":4,"168":0,"169":4,"170":4,"171":4,"172":5,"173":5,"174":5,"175":10,"176":10,"177":1,"178":9,"179":5,"180":4,"181":4,"182":4,"183":4,"184":0,"185":4,"186":4,"187":1,"188":1,"189":4,"190":3,"191":3,"192":1,"193":2,"194":2,"195":4,"196":2,"197":0,"198":2,"199":2,"200":4,"201":1,"202":0,"203":1,"204":1,"205":4,"206":4,"207":4,"208":4,"209":4},"f":{"0":5,"1":8,"2":5,"3":5,"4":4,"5":4,"6":8,"7":8,"8":8,"9":4,"10":4,"11":4,"12":10,"13":3,"14":3,"15":3,"16":2,"17":2,"18":1,"19":1,"20":2,"21":5,"22":6,"23":6,"24":9,"25":6,"26":5,"27":4,"28":5,"29":10,"30":4,"31":1,"32":3,"33":2,"34":1,"35":4},"b":{"0":[8,0],"1":[4,1],"2":[1,0],"3":[0,4],"4":[0,4],"5":[8,0],"6":[4,0],"7":[0,4],"8":[4,0],"9":[0,4],"10":[4,0],"11":[0,4],"12":[4,0],"13":[4,0],"14":[4,0],"15":[4,0],"16":[2,1],"17":[1,0,0],"18":[1,2],"19":[3,0],"20":[3,0],"21":[3,0],"22":[0,0],"23":[2,1],"24":[2,0],"25":[0,1],"26":[1,0],"27":[3,0],"28":[0,3],"29":[3,1],"30":[1,4],"31":[1,3],"32":[1,2],"33":[1,1],"34":[1,0],"35":[1,2],"36":[1,2],"37":[0,6],"38":[4,2],"39":[6,6],"40":[1,1],"41":[2,1],"42":[0,9],"43":[1,5],"44":[6,5],"45":[1,4],"46":[0,4],"47":[4,0],"48":[4,4],"49":[4,0],"50":[0,4],"51":[1,9],"52":[10,9],"53":[5,4],"54":[0,4],"55":[4,0],"56":[4,0],"57":[1,2],"58":[0,2],"59":[0,1]},"meta":{"lastBranch":60,"lastFunction":36,"lastStatement":210,"seen":{"s:38:21:38:Infinity":0,"f:38:21:38:22":0,"s:38:63:38:Infinity":1,"s:40:32:41:Infinity":2,"f:40:32:40:33":1,"s:41:3:41:Infinity":3,"b:41:11:41:63:41:63:41:Infinity":0,"s:43:32:54:Infinity":4,"f:43:32:43:38":2,"s:44:2:53:Infinity":5,"s:45:19:45:Infinity":6,"b:46:4:48:Infinity:undefined:undefined:undefined:undefined":1,"s:46:4:48:Infinity":7,"s:47:6:47:Infinity":8,"s:49:19:49:Infinity":9,"s:50:4:50:Infinity":10,"b:50:35:50:44:50:44:50:Infinity":2,"s:52:4:52:Infinity":11,"s:56:27:73:Infinity":12,"f:56:27:56:28":3,"s:57:17:57:Infinity":13,"s:58:15:65:Infinity":14,"s:67:2:72:Infinity":15,"s:68:4:68:Infinity":16,"s:69:4:69:Infinity":17,"s:75:23:84:Infinity":18,"f:75:23:75:30":4,"s:76:21:78:Infinity":19,"b:79:2:81:Infinity:undefined:undefined:undefined:undefined":3,"s:79:2:81:Infinity":20,"s:80:4:80:Infinity":21,"s:82:17:82:Infinity":22,"s:83:2:83:Infinity":23,"s:86:29:109:Infinity":24,"f:86:29:86:36":5,"s:87:19:87:Infinity":25,"s:88:20:92:Infinity":26,"f:88:51:88:52":6,"s:89:4:91:Infinity":27,"b:93:2:95:Infinity:undefined:undefined:undefined:undefined":4,"s:93:2:95:Infinity":28,"f:93:21:93:22":7,"s:93:35:93:47":29,"s:94:4:94:Infinity":30,"s:96:19:96:Infinity":31,"f:96:51:96:52":8,"s:96:65:96:80":32,"s:97:24:97:Infinity":33,"s:98:2:107:Infinity":34,"s:99:24:101:Infinity":35,"b:100:9:100:Infinity:101:8:101:Infinity":5,"s:102:4:106:Infinity":36,"b:103:6:105:Infinity:undefined:undefined:undefined:undefined":6,"s:103:6:105:Infinity":37,"s:104:8:104:Infinity":38,"s:108:2:108:Infinity":39,"s:111:37:121:Infinity":40,"f:111:37:111:44":9,"s:112:19:115:Infinity":41,"b:116:2:118:Infinity:undefined:undefined:undefined:undefined":7,"s:116:2:118:Infinity":42,"s:117:4:117:Infinity":43,"s:119:15:119:Infinity":44,"s:120:2:120:Infinity":45,"b:120:10:120:29:120:29:120:Infinity":8,"s:123:28:133:Infinity":46,"f:123:28:123:35":10,"s:124:19:127:Infinity":47,"b:128:2:130:Infinity:undefined:undefined:undefined:undefined":9,"s:128:2:130:Infinity":48,"s:129:4:129:Infinity":49,"s:131:15:131:Infinity":50,"s:132:2:132:Infinity":51,"b:132:10:132:24:132:24:132:Infinity":10,"s:135:31:165:Infinity":52,"f:135:31:135:Infinity":11,"s:140:20:140:Infinity":53,"s:141:38:141:Infinity":54,"s:143:2:162:Infinity":55,"s:144:28:146:Infinity":56,"b:147:4:149:Infinity:undefined:undefined:undefined:undefined":11,"s:147:4:149:Infinity":57,"s:148:6:148:Infinity":58,"s:150:25:150:Infinity":59,"s:152:4:157:Infinity":60,"b:152:25:152:48:152:48:152:52":12,"b:153:6:156:Infinity:undefined:undefined:undefined:undefined":13,"s:153:6:156:Infinity":61,"b:153:11:153:27:153:27:153:31":14,"s:154:8:154:Infinity":62,"s:155:8:155:Infinity":63,"b:158:4:161:Infinity:undefined:undefined:undefined:undefined":15,"s:158:4:161:Infinity":64,"s:159:6:159:Infinity":65,"s:160:6:160:Infinity":66,"s:164:2:164:Infinity":67,"s:167:37:387:Infinity":68,"f:167:37:167:43":12,"s:168:12:168:Infinity":69,"s:169:72:169:Infinity":70,"s:170:8:179:Infinity":71,"f:170:40:170:41":13,"s:171:19:171:Infinity":72,"b:172:4:172:Infinity:undefined:undefined:undefined:undefined":16,"s:172:4:172:Infinity":73,"s:172:17:172:Infinity":74,"s:173:21:173:Infinity":75,"b:173:21:173:42:173:42:173:57:173:57:173:Infinity":17,"s:174:18:174:Infinity":76,"b:175:4:177:Infinity:undefined:undefined:undefined:undefined":18,"s:175:4:177:Infinity":77,"s:176:6:176:Infinity":78,"s:178:4:178:Infinity":79,"s:181:8:188:Infinity":80,"f:181:38:181:39":14,"b:182:4:186:Infinity:undefined:undefined:undefined:undefined":19,"s:182:4:186:Infinity":81,"s:183:20:183:Infinity":82,"b:183:20:183:49:183:49:183:Infinity":20,"s:184:19:184:Infinity":83,"b:184:19:184:47:184:47:184:Infinity":21,"s:185:6:185:Infinity":84,"s:187:4:187:Infinity":85,"b:187:43:187:72:187:72:187:74":22,"s:190:8:211:Infinity":86,"f:190:40:190:41":15,"b:191:4:193:Infinity:undefined:undefined:undefined:undefined":23,"s:191:4:193:Infinity":87,"s:192:6:192:Infinity":88,"s:195:19:197:Infinity":89,"f:196:11:196:12":16,"s:196:24:196:108":90,"b:196:81:196:101:196:101:196:106":24,"f:197:14:197:15":17,"s:197:104:197:123":91,"b:199:4:201:Infinity:undefined:undefined:undefined:undefined":25,"s:199:4:201:Infinity":92,"s:200:6:200:Infinity":93,"s:203:19:203:Infinity":94,"f:203:31:203:32":18,"s:203:41:203:61":95,"s:204:19:204:Infinity":96,"f:204:36:204:37":19,"s:204:46:204:63":97,"s:205:18:205:Infinity":98,"b:205:18:205:28:205:28:205:Infinity":26,"s:206:19:206:Infinity":99,"b:206:19:206:60:206:60:206:Infinity":27,"f:206:31:206:32":20,"s:206:41:206:55":100,"b:207:4:209:Infinity:undefined:undefined:undefined:undefined":28,"s:207:4:209:Infinity":101,"b:207:8:207:18:207:18:207:27":29,"s:208:6:208:Infinity":102,"s:210:4:210:Infinity":103,"s:213:8:241:Infinity":104,"f:213:51:213:52":21,"b:214:4:216:Infinity:undefined:undefined:undefined:undefined":30,"s:214:4:216:Infinity":105,"s:215:6:215:Infinity":106,"b:217:4:219:Infinity:undefined:undefined:undefined:undefined":31,"s:217:4:219:Infinity":107,"s:218:6:218:Infinity":108,"s:220:24:220:Infinity":109,"s:221:23:221:Infinity":110,"s:222:25:222:Infinity":111,"s:223:16:223:Infinity":112,"b:224:4:230:Infinity:226:4:230:Infinity":32,"s:224:4:230:Infinity":113,"s:225:6:225:Infinity":114,"b:226:4:230:Infinity:228:4:230:Infinity":33,"s:226:4:230:Infinity":115,"s:227:6:227:Infinity":116,"b:228:4:230:Infinity:undefined:undefined:undefined:undefined":34,"s:228:4:230:Infinity":117,"s:229:6:229:Infinity":118,"s:231:25:233:Infinity":119,"b:232:8:232:Infinity:233:8:233:Infinity":35,"s:234:24:234:Infinity":120,"b:234:39:234:87:234:87:234:Infinity":36,"s:235:17:235:Infinity":121,"s:236:4:240:Infinity":122,"s:237:6:237:Infinity":123,"s:243:48:243:Infinity":124,"s:244:8:244:Infinity":125,"s:245:8:245:Infinity":126,"s:247:8:259:Infinity":127,"f:247:41:247:42":22,"s:248:22:248:Infinity":128,"b:249:4:251:Infinity:undefined:undefined:undefined:undefined":37,"s:249:4:251:Infinity":129,"s:250:6:250:Infinity":130,"b:252:4:254:Infinity:undefined:undefined:undefined:undefined":38,"s:252:4:254:Infinity":131,"f:252:29:252:30":23,"s:252:41:252:78":132,"b:252:41:252:54:252:54:252:78":39,"s:253:6:253:Infinity":133,"b:255:4:257:Infinity:undefined:undefined:undefined:undefined":40,"s:255:4:257:Infinity":134,"b:255:8:255:43:255:43:255:65":41,"s:256:6:256:Infinity":135,"s:258:4:258:Infinity":136,"s:261:8:269:Infinity":137,"f:261:41:261:82":24,"b:262:4:262:Infinity:undefined:undefined:undefined:undefined":42,"s:262:4:262:Infinity":138,"s:262:22:262:Infinity":139,"s:263:4:268:Infinity":140,"s:264:6:264:Infinity":141,"s:267:6:267:Infinity":142,"s:271:2:321:Infinity":143,"f:271:12:271:18":25,"b:272:4:274:Infinity:undefined:undefined:undefined:undefined":43,"s:272:4:274:Infinity":144,"b:272:8:272:24:272:24:272:42":44,"s:273:6:273:Infinity":145,"s:276:20:276:Infinity":146,"s:277:26:314:Infinity":147,"f:277:26:277:38":26,"s:278:6:313:Infinity":148,"s:279:22:279:Infinity":149,"b:280:8:282:Infinity:undefined:undefined:undefined:undefined":45,"s:280:8:282:Infinity":150,"s:281:10:281:Infinity":151,"s:283:22:283:Infinity":152,"b:284:8:286:Infinity:undefined:undefined:undefined:undefined":46,"s:284:8:286:Infinity":153,"s:285:10:285:Infinity":154,"s:287:28:287:Infinity":155,"s:288:21:288:Infinity":156,"s:289:25:289:Infinity":157,"s:290:8:303:Infinity":158,"s:291:25:291:Infinity":159,"s:292:10:302:Infinity":160,"s:293:26:293:Infinity":161,"s:294:12:301:Infinity":162,"s:295:20:297:Infinity":163,"b:295:33:295:53:295:53:295:57":47,"f:295:62:295:63":27,"s:296:16:296:Infinity":164,"b:296:16:296:39:296:39:296:Infinity":48,"b:298:14:300:Infinity:undefined:undefined:undefined:undefined":49,"s:298:14:300:Infinity":165,"s:299:16:299:Infinity":166,"b:305:8:307:Infinity:undefined:undefined:undefined:undefined":50,"s:305:8:307:Infinity":167,"s:306:10:306:Infinity":168,"s:308:8:308:Infinity":169,"s:309:8:309:Infinity":170,"s:310:8:310:Infinity":171,"s:316:4:316:Infinity":172,"s:318:4:320:Infinity":173,"f:318:11:318:17":28,"s:319:6:319:Infinity":174,"s:323:2:386:Infinity":175,"f:323:12:323:18":29,"b:324:4:326:Infinity:undefined:undefined:undefined:undefined":51,"s:324:4:326:Infinity":176,"b:324:8:324:24:324:24:324:42":52,"s:325:6:325:Infinity":177,"b:327:4:329:Infinity:undefined:undefined:undefined:undefined":53,"s:327:4:329:Infinity":178,"s:328:6:328:Infinity":179,"s:331:21:331:Infinity":180,"s:334:23:377:Infinity":181,"f:334:23:334:35":30,"s:335:20:335:Infinity":182,"b:336:6:338:Infinity:undefined:undefined:undefined:undefined":54,"s:336:6:338:Infinity":183,"s:337:8:337:Infinity":184,"s:340:6:345:Infinity":185,"b:340:18:340:56:340:56:340:60":55,"b:344:20:344:42:344:42:344:Infinity":56,"s:347:6:351:Infinity":186,"f:347:27:347:33":31,"s:348:8:350:Infinity":187,"s:349:10:349:Infinity":188,"s:353:6:360:Infinity":189,"f:353:33:353:34":32,"s:354:25:354:Infinity":190,"b:355:8:357:Infinity:undefined:undefined:undefined:undefined":57,"s:355:8:357:Infinity":191,"s:356:10:356:Infinity":192,"s:358:8:358:Infinity":193,"s:359:8:359:Infinity":194,"s:362:6:368:Infinity":195,"f:362:34:362:35":33,"b:363:8:365:Infinity:undefined:undefined:undefined:undefined":58,"s:363:8:365:Infinity":196,"s:364:10:364:Infinity":197,"s:366:8:366:Infinity":198,"s:367:8:367:Infinity":199,"s:370:6:376:Infinity":200,"f:370:40:370:41":34,"b:371:8:373:Infinity:undefined:undefined:undefined:undefined":59,"s:371:8:373:Infinity":201,"s:372:10:372:Infinity":202,"s:374:8:374:Infinity":203,"s:375:8:375:Infinity":204,"s:379:4:379:Infinity":205,"s:381:4:385:Infinity":206,"f:381:11:381:17":35,"s:382:6:382:Infinity":207,"s:383:6:383:Infinity":208,"s:384:6:384:Infinity":209}}}
}
