{"/home/tangi/darts_tournament/frontend/src/components/match-formats-view.tsx": {"path":"/home/tangi/darts_tournament/frontend/src/components/match-formats-view.tsx","statementMap":{"0":{"start":{"line":31,"column":37},"end":{"line":31,"column":null}},"1":{"start":{"line":33,"column":21},"end":{"line":38,"column":null}},"2":{"start":{"line":33,"column":46},"end":{"line":38,"column":null}},"3":{"start":{"line":40,"column":37},"end":{"line":46,"column":null}},"4":{"start":{"line":41,"column":8},"end":{"line":41,"column":null}},"5":{"start":{"line":42,"column":2},"end":{"line":44,"column":null}},"6":{"start":{"line":43,"column":4},"end":{"line":43,"column":null}},"7":{"start":{"line":45,"column":2},"end":{"line":45,"column":null}},"8":{"start":{"line":48,"column":16},"end":{"line":59,"column":null}},"9":{"start":{"line":48,"column":72},"end":{"line":59,"column":null}},"10":{"start":{"line":53,"column":40},"end":{"line":56,"column":6}},"11":{"start":{"line":61,"column":25},"end":{"line":535,"column":null}},"12":{"start":{"line":62,"column":12},"end":{"line":62,"column":null}},"13":{"start":{"line":63,"column":18},"end":{"line":63,"column":null}},"14":{"start":{"line":64,"column":72},"end":{"line":64,"column":null}},"15":{"start":{"line":65,"column":28},"end":{"line":65,"column":null}},"16":{"start":{"line":66,"column":34},"end":{"line":66,"column":null}},"17":{"start":{"line":67,"column":24},"end":{"line":67,"column":null}},"18":{"start":{"line":68,"column":24},"end":{"line":68,"column":null}},"19":{"start":{"line":69,"column":30},"end":{"line":69,"column":null}},"20":{"start":{"line":70,"column":40},"end":{"line":70,"column":null}},"21":{"start":{"line":72,"column":19},"end":{"line":81,"column":null}},"22":{"start":{"line":73,"column":4},"end":{"line":75,"column":null}},"23":{"start":{"line":74,"column":6},"end":{"line":74,"column":null}},"24":{"start":{"line":76,"column":4},"end":{"line":80,"column":null}},"25":{"start":{"line":77,"column":6},"end":{"line":77,"column":null}},"26":{"start":{"line":79,"column":6},"end":{"line":79,"column":null}},"27":{"start":{"line":83,"column":18},"end":{"line":100,"column":null}},"28":{"start":{"line":84,"column":4},"end":{"line":84,"column":null}},"29":{"start":{"line":85,"column":4},"end":{"line":85,"column":null}},"30":{"start":{"line":86,"column":4},"end":{"line":99,"column":null}},"31":{"start":{"line":87,"column":22},"end":{"line":87,"column":null}},"32":{"start":{"line":88,"column":21},"end":{"line":88,"column":null}},"33":{"start":{"line":89,"column":6},"end":{"line":89,"column":null}},"34":{"start":{"line":90,"column":6},"end":{"line":94,"column":null}},"35":{"start":{"line":90,"column":53},"end":{"line":94,"column":8}},"36":{"start":{"line":96,"column":6},"end":{"line":96,"column":null}},"37":{"start":{"line":98,"column":6},"end":{"line":98,"column":null}},"38":{"start":{"line":102,"column":2},"end":{"line":104,"column":null}},"39":{"start":{"line":103,"column":4},"end":{"line":103,"column":null}},"40":{"start":{"line":106,"column":29},"end":{"line":118,"column":null}},"41":{"start":{"line":107,"column":28},"end":{"line":107,"column":null}},"42":{"start":{"line":108,"column":19},"end":{"line":108,"column":null}},"43":{"start":{"line":109,"column":4},"end":{"line":112,"column":null}},"44":{"start":{"line":110,"column":21},"end":{"line":110,"column":null}},"45":{"start":{"line":111,"column":6},"end":{"line":111,"column":null}},"46":{"start":{"line":114,"column":23},"end":{"line":115,"column":null}},"47":{"start":{"line":114,"column":76},"end":{"line":114,"column":93}},"48":{"start":{"line":115,"column":25},"end":{"line":115,"column":61}},"49":{"start":{"line":116,"column":26},"end":{"line":116,"column":null}},"50":{"start":{"line":116,"column":53},"end":{"line":116,"column":83}},"51":{"start":{"line":117,"column":4},"end":{"line":117,"column":null}},"52":{"start":{"line":120,"column":34},"end":{"line":142,"column":null}},"53":{"start":{"line":121,"column":23},"end":{"line":121,"column":null}},"54":{"start":{"line":122,"column":4},"end":{"line":124,"column":null}},"55":{"start":{"line":123,"column":6},"end":{"line":123,"column":null}},"56":{"start":{"line":126,"column":18},"end":{"line":126,"column":null}},"57":{"start":{"line":128,"column":4},"end":{"line":134,"column":null}},"58":{"start":{"line":129,"column":6},"end":{"line":129,"column":null}},"59":{"start":{"line":130,"column":4},"end":{"line":134,"column":null}},"60":{"start":{"line":131,"column":6},"end":{"line":131,"column":null}},"61":{"start":{"line":132,"column":4},"end":{"line":134,"column":null}},"62":{"start":{"line":133,"column":6},"end":{"line":133,"column":null}},"63":{"start":{"line":135,"column":24},"end":{"line":135,"column":null}},"64":{"start":{"line":137,"column":4},"end":{"line":139,"column":null}},"65":{"start":{"line":138,"column":6},"end":{"line":138,"column":null}},"66":{"start":{"line":141,"column":4},"end":{"line":141,"column":null}},"67":{"start":{"line":144,"column":30},"end":{"line":154,"column":null}},"68":{"start":{"line":145,"column":48},"end":{"line":145,"column":null}},"69":{"start":{"line":146,"column":4},"end":{"line":152,"column":null}},"70":{"start":{"line":147,"column":21},"end":{"line":147,"column":null}},"71":{"start":{"line":148,"column":6},"end":{"line":150,"column":null}},"72":{"start":{"line":149,"column":8},"end":{"line":149,"column":null}},"73":{"start":{"line":151,"column":6},"end":{"line":151,"column":null}},"74":{"start":{"line":153,"column":4},"end":{"line":153,"column":null}},"75":{"start":{"line":156,"column":26},"end":{"line":162,"column":null}},"76":{"start":{"line":159,"column":26},"end":{"line":162,"column":null}},"77":{"start":{"line":164,"column":27},"end":{"line":170,"column":null}},"78":{"start":{"line":168,"column":23},"end":{"line":170,"column":null}},"79":{"start":{"line":169,"column":4},"end":{"line":169,"column":null}},"80":{"start":{"line":172,"column":28},"end":{"line":173,"column":null}},"81":{"start":{"line":173,"column":4},"end":{"line":173,"column":null}},"82":{"start":{"line":173,"column":33},"end":{"line":173,"column":57}},"83":{"start":{"line":176,"column":31},"end":{"line":179,"column":null}},"84":{"start":{"line":176,"column":78},"end":{"line":179,"column":null}},"85":{"start":{"line":181,"column":24},"end":{"line":195,"column":null}},"86":{"start":{"line":186,"column":4},"end":{"line":194,"column":null}},"87":{"start":{"line":187,"column":23},"end":{"line":187,"column":null}},"88":{"start":{"line":188,"column":6},"end":{"line":190,"column":null}},"89":{"start":{"line":189,"column":8},"end":{"line":189,"column":null}},"90":{"start":{"line":191,"column":19},"end":{"line":191,"column":null}},"91":{"start":{"line":192,"column":6},"end":{"line":192,"column":null}},"92":{"start":{"line":192,"column":64},"end":{"line":192,"column":108}},"93":{"start":{"line":193,"column":6},"end":{"line":193,"column":null}},"94":{"start":{"line":197,"column":21},"end":{"line":207,"column":null}},"95":{"start":{"line":198,"column":4},"end":{"line":206,"column":null}},"96":{"start":{"line":199,"column":23},"end":{"line":199,"column":null}},"97":{"start":{"line":200,"column":6},"end":{"line":202,"column":null}},"98":{"start":{"line":201,"column":8},"end":{"line":201,"column":null}},"99":{"start":{"line":203,"column":19},"end":{"line":203,"column":null}},"100":{"start":{"line":204,"column":6},"end":{"line":204,"column":null}},"101":{"start":{"line":205,"column":6},"end":{"line":205,"column":null}},"102":{"start":{"line":209,"column":28},"end":{"line":219,"column":null}},"103":{"start":{"line":210,"column":4},"end":{"line":218,"column":null}},"104":{"start":{"line":211,"column":23},"end":{"line":211,"column":null}},"105":{"start":{"line":212,"column":6},"end":{"line":214,"column":null}},"106":{"start":{"line":213,"column":8},"end":{"line":213,"column":null}},"107":{"start":{"line":215,"column":19},"end":{"line":215,"column":null}},"108":{"start":{"line":216,"column":6},"end":{"line":216,"column":null}},"109":{"start":{"line":216,"column":64},"end":{"line":216,"column":102}},"110":{"start":{"line":217,"column":6},"end":{"line":217,"column":null}},"111":{"start":{"line":221,"column":25},"end":{"line":231,"column":null}},"112":{"start":{"line":222,"column":4},"end":{"line":230,"column":null}},"113":{"start":{"line":223,"column":23},"end":{"line":223,"column":null}},"114":{"start":{"line":224,"column":6},"end":{"line":226,"column":null}},"115":{"start":{"line":225,"column":8},"end":{"line":225,"column":null}},"116":{"start":{"line":227,"column":19},"end":{"line":227,"column":null}},"117":{"start":{"line":228,"column":6},"end":{"line":228,"column":null}},"118":{"start":{"line":229,"column":6},"end":{"line":229,"column":null}},"119":{"start":{"line":233,"column":32},"end":{"line":240,"column":null}},"120":{"start":{"line":234,"column":4},"end":{"line":239,"column":null}},"121":{"start":{"line":234,"column":30},"end":{"line":239,"column":6}},"122":{"start":{"line":237,"column":8},"end":{"line":237,"column":null}},"123":{"start":{"line":242,"column":32},"end":{"line":247,"column":null}},"124":{"start":{"line":243,"column":4},"end":{"line":246,"column":null}},"125":{"start":{"line":243,"column":30},"end":{"line":246,"column":6}},"126":{"start":{"line":245,"column":53},"end":{"line":245,"column":77}},"127":{"start":{"line":249,"column":29},"end":{"line":254,"column":null}},"128":{"start":{"line":250,"column":4},"end":{"line":253,"column":null}},"129":{"start":{"line":250,"column":30},"end":{"line":253,"column":6}},"130":{"start":{"line":256,"column":19},"end":{"line":277,"column":null}},"131":{"start":{"line":257,"column":4},"end":{"line":259,"column":null}},"132":{"start":{"line":258,"column":6},"end":{"line":258,"column":null}},"133":{"start":{"line":260,"column":4},"end":{"line":260,"column":null}},"134":{"start":{"line":261,"column":4},"end":{"line":261,"column":null}},"135":{"start":{"line":262,"column":4},"end":{"line":276,"column":null}},"136":{"start":{"line":263,"column":20},"end":{"line":263,"column":null}},"137":{"start":{"line":264,"column":23},"end":{"line":264,"column":null}},"138":{"start":{"line":265,"column":6},"end":{"line":269,"column":null}},"139":{"start":{"line":270,"column":6},"end":{"line":270,"column":null}},"140":{"start":{"line":271,"column":6},"end":{"line":271,"column":null}},"141":{"start":{"line":273,"column":6},"end":{"line":273,"column":null}},"142":{"start":{"line":275,"column":6},"end":{"line":275,"column":null}},"143":{"start":{"line":279,"column":28},"end":{"line":280,"column":null}},"144":{"start":{"line":280,"column":4},"end":{"line":280,"column":null}},"145":{"start":{"line":283,"column":21},"end":{"line":298,"column":null}},"146":{"start":{"line":284,"column":4},"end":{"line":286,"column":null}},"147":{"start":{"line":285,"column":6},"end":{"line":285,"column":null}},"148":{"start":{"line":287,"column":4},"end":{"line":287,"column":null}},"149":{"start":{"line":288,"column":4},"end":{"line":288,"column":null}},"150":{"start":{"line":289,"column":4},"end":{"line":297,"column":null}},"151":{"start":{"line":290,"column":20},"end":{"line":290,"column":null}},"152":{"start":{"line":291,"column":6},"end":{"line":291,"column":null}},"153":{"start":{"line":292,"column":6},"end":{"line":292,"column":null}},"154":{"start":{"line":294,"column":6},"end":{"line":294,"column":null}},"155":{"start":{"line":296,"column":6},"end":{"line":296,"column":null}},"156":{"start":{"line":300,"column":21},"end":{"line":321,"column":null}},"157":{"start":{"line":301,"column":4},"end":{"line":303,"column":null}},"158":{"start":{"line":302,"column":6},"end":{"line":302,"column":null}},"159":{"start":{"line":304,"column":4},"end":{"line":304,"column":null}},"160":{"start":{"line":305,"column":4},"end":{"line":305,"column":null}},"161":{"start":{"line":306,"column":4},"end":{"line":320,"column":null}},"162":{"start":{"line":307,"column":20},"end":{"line":307,"column":null}},"163":{"start":{"line":308,"column":23},"end":{"line":308,"column":null}},"164":{"start":{"line":309,"column":6},"end":{"line":313,"column":null}},"165":{"start":{"line":314,"column":6},"end":{"line":314,"column":null}},"166":{"start":{"line":315,"column":6},"end":{"line":315,"column":null}},"167":{"start":{"line":317,"column":6},"end":{"line":317,"column":null}},"168":{"start":{"line":319,"column":6},"end":{"line":319,"column":null}},"169":{"start":{"line":323,"column":2},"end":{"line":533,"column":null}},"170":{"start":{"line":357,"column":35},"end":{"line":357,"column":null}},"171":{"start":{"line":358,"column":30},"end":{"line":358,"column":null}},"172":{"start":{"line":359,"column":12},"end":{"line":457,"column":null}},"173":{"start":{"line":366,"column":42},"end":{"line":366,"column":null}},"174":{"start":{"line":376,"column":42},"end":{"line":376,"column":null}},"175":{"start":{"line":384,"column":18},"end":{"line":404,"column":null}},"176":{"start":{"line":389,"column":46},"end":{"line":389,"column":null}},"177":{"start":{"line":397,"column":37},"end":{"line":397,"column":null}},"178":{"start":{"line":408,"column":33},"end":{"line":408,"column":null}},"179":{"start":{"line":419,"column":33},"end":{"line":419,"column":null}},"180":{"start":{"line":428,"column":20},"end":{"line":428,"column":null}},"181":{"start":{"line":438,"column":20},"end":{"line":438,"column":null}},"182":{"start":{"line":439,"column":20},"end":{"line":439,"column":null}},"183":{"start":{"line":449,"column":20},"end":{"line":449,"column":null}},"184":{"start":{"line":470,"column":38},"end":{"line":470,"column":null}},"185":{"start":{"line":470,"column":64},"end":{"line":470,"column":105}},"186":{"start":{"line":480,"column":38},"end":{"line":480,"column":null}},"187":{"start":{"line":480,"column":64},"end":{"line":480,"column":125}},"188":{"start":{"line":488,"column":14},"end":{"line":508,"column":null}},"189":{"start":{"line":493,"column":40},"end":{"line":493,"column":null}},"190":{"start":{"line":501,"column":33},"end":{"line":501,"column":null}},"191":{"start":{"line":523,"column":16},"end":{"line":523,"column":null}}},"fnMap":{"0":{"name":"(anonymous_0)","decl":{"start":{"line":33,"column":21},"end":{"line":33,"column":46}},"loc":{"start":{"line":33,"column":46},"end":{"line":38,"column":null}},"line":33},"1":{"name":"(anonymous_1)","decl":{"start":{"line":40,"column":37},"end":{"line":40,"column":38}},"loc":{"start":{"line":40,"column":84},"end":{"line":46,"column":null}},"line":40},"2":{"name":"(anonymous_2)","decl":{"start":{"line":48,"column":16},"end":{"line":48,"column":17}},"loc":{"start":{"line":48,"column":72},"end":{"line":59,"column":null}},"line":48},"3":{"name":"(anonymous_3)","decl":{"start":{"line":53,"column":26},"end":{"line":53,"column":27}},"loc":{"start":{"line":53,"column":40},"end":{"line":56,"column":6}},"line":53},"4":{"name":"(anonymous_4)","decl":{"start":{"line":61,"column":25},"end":{"line":61,"column":31}},"loc":{"start":{"line":61,"column":31},"end":{"line":535,"column":null}},"line":61},"5":{"name":"(anonymous_5)","decl":{"start":{"line":72,"column":19},"end":{"line":72,"column":60}},"loc":{"start":{"line":72,"column":60},"end":{"line":81,"column":null}},"line":72},"6":{"name":"(anonymous_6)","decl":{"start":{"line":83,"column":18},"end":{"line":83,"column":30}},"loc":{"start":{"line":83,"column":30},"end":{"line":100,"column":null}},"line":83},"7":{"name":"(anonymous_7)","decl":{"start":{"line":90,"column":40},"end":{"line":90,"column":41}},"loc":{"start":{"line":90,"column":53},"end":{"line":94,"column":8}},"line":90},"8":{"name":"(anonymous_8)","decl":{"start":{"line":102,"column":12},"end":{"line":102,"column":18}},"loc":{"start":{"line":102,"column":18},"end":{"line":104,"column":5}},"line":102},"9":{"name":"(anonymous_9)","decl":{"start":{"line":106,"column":29},"end":{"line":106,"column":30}},"loc":{"start":{"line":106,"column":74},"end":{"line":118,"column":null}},"line":106},"10":{"name":"(anonymous_10)","decl":{"start":{"line":114,"column":64},"end":{"line":114,"column":65}},"loc":{"start":{"line":114,"column":76},"end":{"line":114,"column":93}},"line":114},"11":{"name":"(anonymous_11)","decl":{"start":{"line":115,"column":14},"end":{"line":115,"column":15}},"loc":{"start":{"line":115,"column":25},"end":{"line":115,"column":61}},"line":115},"12":{"name":"(anonymous_12)","decl":{"start":{"line":116,"column":42},"end":{"line":116,"column":43}},"loc":{"start":{"line":116,"column":53},"end":{"line":116,"column":83}},"line":116},"13":{"name":"(anonymous_13)","decl":{"start":{"line":120,"column":34},"end":{"line":120,"column":35}},"loc":{"start":{"line":120,"column":97},"end":{"line":142,"column":null}},"line":120},"14":{"name":"(anonymous_14)","decl":{"start":{"line":144,"column":30},"end":{"line":144,"column":31}},"loc":{"start":{"line":144,"column":88},"end":{"line":154,"column":null}},"line":144},"15":{"name":"(anonymous_15)","decl":{"start":{"line":156,"column":26},"end":{"line":156,"column":null}},"loc":{"start":{"line":159,"column":26},"end":{"line":162,"column":null}},"line":159},"16":{"name":"(anonymous_16)","decl":{"start":{"line":164,"column":27},"end":{"line":164,"column":null}},"loc":{"start":{"line":168,"column":23},"end":{"line":170,"column":null}},"line":168},"17":{"name":"(anonymous_17)","decl":{"start":{"line":168,"column":36},"end":{"line":168,"column":37}},"loc":{"start":{"line":169,"column":4},"end":{"line":169,"column":null}},"line":169},"18":{"name":"(anonymous_18)","decl":{"start":{"line":172,"column":28},"end":{"line":172,"column":29}},"loc":{"start":{"line":173,"column":4},"end":{"line":173,"column":null}},"line":173},"19":{"name":"(anonymous_19)","decl":{"start":{"line":173,"column":20},"end":{"line":173,"column":21}},"loc":{"start":{"line":173,"column":33},"end":{"line":173,"column":57}},"line":173},"20":{"name":"(anonymous_20)","decl":{"start":{"line":176,"column":31},"end":{"line":176,"column":32}},"loc":{"start":{"line":176,"column":78},"end":{"line":179,"column":null}},"line":176},"21":{"name":"(anonymous_21)","decl":{"start":{"line":181,"column":24},"end":{"line":181,"column":null}},"loc":{"start":{"line":185,"column":7},"end":{"line":195,"column":null}},"line":185},"22":{"name":"(anonymous_22)","decl":{"start":{"line":186,"column":13},"end":{"line":186,"column":14}},"loc":{"start":{"line":186,"column":26},"end":{"line":194,"column":5}},"line":186},"23":{"name":"(anonymous_23)","decl":{"start":{"line":192,"column":50},"end":{"line":192,"column":51}},"loc":{"start":{"line":192,"column":64},"end":{"line":192,"column":108}},"line":192},"24":{"name":"(anonymous_24)","decl":{"start":{"line":197,"column":21},"end":{"line":197,"column":22}},"loc":{"start":{"line":197,"column":78},"end":{"line":207,"column":null}},"line":197},"25":{"name":"(anonymous_25)","decl":{"start":{"line":198,"column":13},"end":{"line":198,"column":14}},"loc":{"start":{"line":198,"column":26},"end":{"line":206,"column":5}},"line":198},"26":{"name":"(anonymous_26)","decl":{"start":{"line":209,"column":28},"end":{"line":209,"column":29}},"loc":{"start":{"line":209,"column":70},"end":{"line":219,"column":null}},"line":209},"27":{"name":"(anonymous_27)","decl":{"start":{"line":210,"column":13},"end":{"line":210,"column":14}},"loc":{"start":{"line":210,"column":26},"end":{"line":218,"column":5}},"line":210},"28":{"name":"(anonymous_28)","decl":{"start":{"line":216,"column":50},"end":{"line":216,"column":51}},"loc":{"start":{"line":216,"column":64},"end":{"line":216,"column":102}},"line":216},"29":{"name":"(anonymous_29)","decl":{"start":{"line":221,"column":25},"end":{"line":221,"column":26}},"loc":{"start":{"line":221,"column":48},"end":{"line":231,"column":null}},"line":221},"30":{"name":"(anonymous_30)","decl":{"start":{"line":222,"column":13},"end":{"line":222,"column":14}},"loc":{"start":{"line":222,"column":26},"end":{"line":230,"column":5}},"line":222},"31":{"name":"(anonymous_31)","decl":{"start":{"line":233,"column":32},"end":{"line":233,"column":33}},"loc":{"start":{"line":233,"column":85},"end":{"line":240,"column":null}},"line":233},"32":{"name":"(anonymous_32)","decl":{"start":{"line":234,"column":16},"end":{"line":234,"column":17}},"loc":{"start":{"line":234,"column":30},"end":{"line":239,"column":6}},"line":234},"33":{"name":"(anonymous_33)","decl":{"start":{"line":236,"column":37},"end":{"line":236,"column":38}},"loc":{"start":{"line":237,"column":8},"end":{"line":237,"column":null}},"line":237},"34":{"name":"(anonymous_34)","decl":{"start":{"line":242,"column":32},"end":{"line":242,"column":33}},"loc":{"start":{"line":242,"column":55},"end":{"line":247,"column":null}},"line":242},"35":{"name":"(anonymous_35)","decl":{"start":{"line":243,"column":16},"end":{"line":243,"column":17}},"loc":{"start":{"line":243,"column":30},"end":{"line":246,"column":6}},"line":243},"36":{"name":"(anonymous_36)","decl":{"start":{"line":245,"column":40},"end":{"line":245,"column":41}},"loc":{"start":{"line":245,"column":53},"end":{"line":245,"column":77}},"line":245},"37":{"name":"(anonymous_37)","decl":{"start":{"line":249,"column":29},"end":{"line":249,"column":35}},"loc":{"start":{"line":249,"column":35},"end":{"line":254,"column":null}},"line":249},"38":{"name":"(anonymous_38)","decl":{"start":{"line":250,"column":16},"end":{"line":250,"column":17}},"loc":{"start":{"line":250,"column":30},"end":{"line":253,"column":6}},"line":250},"39":{"name":"(anonymous_39)","decl":{"start":{"line":256,"column":19},"end":{"line":256,"column":26}},"loc":{"start":{"line":256,"column":53},"end":{"line":277,"column":null}},"line":256},"40":{"name":"(anonymous_40)","decl":{"start":{"line":279,"column":28},"end":{"line":279,"column":29}},"loc":{"start":{"line":280,"column":4},"end":{"line":280,"column":null}},"line":280},"41":{"name":"(anonymous_41)","decl":{"start":{"line":283,"column":21},"end":{"line":283,"column":28}},"loc":{"start":{"line":283,"column":55},"end":{"line":298,"column":null}},"line":283},"42":{"name":"(anonymous_42)","decl":{"start":{"line":300,"column":21},"end":{"line":300,"column":33}},"loc":{"start":{"line":300,"column":33},"end":{"line":321,"column":null}},"line":300},"43":{"name":"(anonymous_43)","decl":{"start":{"line":356,"column":21},"end":{"line":356,"column":22}},"loc":{"start":{"line":356,"column":42},"end":{"line":458,"column":13}},"line":356},"44":{"name":"(anonymous_44)","decl":{"start":{"line":366,"column":30},"end":{"line":366,"column":31}},"loc":{"start":{"line":366,"column":42},"end":{"line":366,"column":null}},"line":366},"45":{"name":"(anonymous_45)","decl":{"start":{"line":376,"column":30},"end":{"line":376,"column":31}},"loc":{"start":{"line":376,"column":42},"end":{"line":376,"column":null}},"line":376},"46":{"name":"(anonymous_46)","decl":{"start":{"line":383,"column":35},"end":{"line":383,"column":36}},"loc":{"start":{"line":384,"column":18},"end":{"line":404,"column":null}},"line":384},"47":{"name":"(anonymous_47)","decl":{"start":{"line":389,"column":34},"end":{"line":389,"column":35}},"loc":{"start":{"line":389,"column":46},"end":{"line":389,"column":null}},"line":389},"48":{"name":"(anonymous_48)","decl":{"start":{"line":397,"column":31},"end":{"line":397,"column":37}},"loc":{"start":{"line":397,"column":37},"end":{"line":397,"column":null}},"line":397},"49":{"name":"(anonymous_49)","decl":{"start":{"line":408,"column":27},"end":{"line":408,"column":33}},"loc":{"start":{"line":408,"column":33},"end":{"line":408,"column":null}},"line":408},"50":{"name":"(anonymous_50)","decl":{"start":{"line":419,"column":27},"end":{"line":419,"column":33}},"loc":{"start":{"line":419,"column":33},"end":{"line":419,"column":null}},"line":419},"51":{"name":"(anonymous_51)","decl":{"start":{"line":427,"column":27},"end":{"line":427,"column":33}},"loc":{"start":{"line":427,"column":33},"end":{"line":429,"column":null}},"line":427},"52":{"name":"(anonymous_52)","decl":{"start":{"line":437,"column":27},"end":{"line":437,"column":33}},"loc":{"start":{"line":437,"column":33},"end":{"line":440,"column":null}},"line":437},"53":{"name":"(anonymous_53)","decl":{"start":{"line":448,"column":27},"end":{"line":448,"column":33}},"loc":{"start":{"line":448,"column":33},"end":{"line":450,"column":null}},"line":448},"54":{"name":"(anonymous_54)","decl":{"start":{"line":470,"column":26},"end":{"line":470,"column":27}},"loc":{"start":{"line":470,"column":38},"end":{"line":470,"column":null}},"line":470},"55":{"name":"(anonymous_55)","decl":{"start":{"line":470,"column":50},"end":{"line":470,"column":51}},"loc":{"start":{"line":470,"column":64},"end":{"line":470,"column":105}},"line":470},"56":{"name":"(anonymous_56)","decl":{"start":{"line":480,"column":26},"end":{"line":480,"column":27}},"loc":{"start":{"line":480,"column":38},"end":{"line":480,"column":null}},"line":480},"57":{"name":"(anonymous_57)","decl":{"start":{"line":480,"column":50},"end":{"line":480,"column":51}},"loc":{"start":{"line":480,"column":64},"end":{"line":480,"column":125}},"line":480},"58":{"name":"(anonymous_58)","decl":{"start":{"line":487,"column":35},"end":{"line":487,"column":36}},"loc":{"start":{"line":488,"column":14},"end":{"line":508,"column":null}},"line":488},"59":{"name":"(anonymous_59)","decl":{"start":{"line":493,"column":28},"end":{"line":493,"column":29}},"loc":{"start":{"line":493,"column":40},"end":{"line":493,"column":null}},"line":493},"60":{"name":"(anonymous_60)","decl":{"start":{"line":501,"column":27},"end":{"line":501,"column":33}},"loc":{"start":{"line":501,"column":33},"end":{"line":501,"column":null}},"line":501},"61":{"name":"(anonymous_61)","decl":{"start":{"line":522,"column":23},"end":{"line":522,"column":29}},"loc":{"start":{"line":522,"column":29},"end":{"line":524,"column":null}},"line":522}},"branchMap":{"0":{"loc":{"start":{"line":42,"column":2},"end":{"line":44,"column":null}},"type":"if","locations":[{"start":{"line":42,"column":2},"end":{"line":44,"column":null}},{"start":{},"end":{}}],"line":42},"1":{"loc":{"start":{"line":50,"column":14},"end":{"line":50,"column":30}},"type":"binary-expr","locations":[{"start":{"line":50,"column":14},"end":{"line":50,"column":28}},{"start":{"line":50,"column":28},"end":{"line":50,"column":30}}],"line":50},"2":{"loc":{"start":{"line":51,"column":26},"end":{"line":51,"column":53}},"type":"binary-expr","locations":[{"start":{"line":51,"column":26},"end":{"line":51,"column":52}},{"start":{"line":51,"column":52},"end":{"line":51,"column":53}}],"line":51},"3":{"loc":{"start":{"line":52,"column":12},"end":{"line":57,"column":null}},"type":"cond-expr","locations":[{"start":{"line":53,"column":6},"end":{"line":56,"column":null}},{"start":{"line":57,"column":6},"end":{"line":57,"column":null}}],"line":52},"4":{"loc":{"start":{"line":73,"column":4},"end":{"line":75,"column":null}},"type":"if","locations":[{"start":{"line":73,"column":4},"end":{"line":75,"column":null}},{"start":{},"end":{}}],"line":73},"5":{"loc":{"start":{"line":73,"column":8},"end":{"line":73,"column":42}},"type":"binary-expr","locations":[{"start":{"line":73,"column":8},"end":{"line":73,"column":24}},{"start":{"line":73,"column":24},"end":{"line":73,"column":42}}],"line":73},"6":{"loc":{"start":{"line":96,"column":15},"end":{"line":96,"column":88}},"type":"cond-expr","locations":[{"start":{"line":96,"column":41},"end":{"line":96,"column":58}},{"start":{"line":96,"column":58},"end":{"line":96,"column":88}}],"line":96},"7":{"loc":{"start":{"line":109,"column":4},"end":{"line":112,"column":null}},"type":"if","locations":[{"start":{"line":109,"column":4},"end":{"line":112,"column":null}},{"start":{},"end":{}}],"line":109},"8":{"loc":{"start":{"line":111,"column":13},"end":{"line":111,"column":null}},"type":"cond-expr","locations":[{"start":{"line":111,"column":54},"end":{"line":111,"column":63}},{"start":{"line":111,"column":63},"end":{"line":111,"column":null}}],"line":111},"9":{"loc":{"start":{"line":111,"column":13},"end":{"line":111,"column":54}},"type":"binary-expr","locations":[{"start":{"line":111,"column":13},"end":{"line":111,"column":41}},{"start":{"line":111,"column":41},"end":{"line":111,"column":54}}],"line":111},"10":{"loc":{"start":{"line":115,"column":25},"end":{"line":115,"column":61}},"type":"binary-expr","locations":[{"start":{"line":115,"column":25},"end":{"line":115,"column":52}},{"start":{"line":115,"column":52},"end":{"line":115,"column":61}}],"line":115},"11":{"loc":{"start":{"line":116,"column":53},"end":{"line":116,"column":83}},"type":"binary-expr","locations":[{"start":{"line":116,"column":53},"end":{"line":116,"column":70}},{"start":{"line":116,"column":70},"end":{"line":116,"column":83}}],"line":116},"12":{"loc":{"start":{"line":117,"column":11},"end":{"line":117,"column":null}},"type":"cond-expr","locations":[{"start":{"line":117,"column":48},"end":{"line":117,"column":64}},{"start":{"line":117,"column":64},"end":{"line":117,"column":null}}],"line":117},"13":{"loc":{"start":{"line":117,"column":11},"end":{"line":117,"column":48}},"type":"binary-expr","locations":[{"start":{"line":117,"column":11},"end":{"line":117,"column":28}},{"start":{"line":117,"column":28},"end":{"line":117,"column":48}}],"line":117},"14":{"loc":{"start":{"line":122,"column":4},"end":{"line":124,"column":null}},"type":"if","locations":[{"start":{"line":122,"column":4},"end":{"line":124,"column":null}},{"start":{},"end":{}}],"line":122},"15":{"loc":{"start":{"line":128,"column":4},"end":{"line":134,"column":null}},"type":"if","locations":[{"start":{"line":128,"column":4},"end":{"line":134,"column":null}},{"start":{"line":130,"column":4},"end":{"line":134,"column":null}}],"line":128},"16":{"loc":{"start":{"line":130,"column":4},"end":{"line":134,"column":null}},"type":"if","locations":[{"start":{"line":130,"column":4},"end":{"line":134,"column":null}},{"start":{"line":132,"column":4},"end":{"line":134,"column":null}}],"line":130},"17":{"loc":{"start":{"line":132,"column":4},"end":{"line":134,"column":null}},"type":"if","locations":[{"start":{"line":132,"column":4},"end":{"line":134,"column":null}},{"start":{},"end":{}}],"line":132},"18":{"loc":{"start":{"line":135,"column":24},"end":{"line":135,"column":null}},"type":"binary-expr","locations":[{"start":{"line":135,"column":24},"end":{"line":135,"column":58}},{"start":{"line":135,"column":58},"end":{"line":135,"column":null}}],"line":135},"19":{"loc":{"start":{"line":137,"column":4},"end":{"line":139,"column":null}},"type":"if","locations":[{"start":{"line":137,"column":4},"end":{"line":139,"column":null}},{"start":{},"end":{}}],"line":137},"20":{"loc":{"start":{"line":148,"column":6},"end":{"line":150,"column":null}},"type":"if","locations":[{"start":{"line":148,"column":6},"end":{"line":150,"column":null}},{"start":{},"end":{}}],"line":148},"21":{"loc":{"start":{"line":169,"column":4},"end":{"line":169,"column":null}},"type":"cond-expr","locations":[{"start":{"line":169,"column":31},"end":{"line":169,"column":58}},{"start":{"line":169,"column":58},"end":{"line":169,"column":null}}],"line":169},"22":{"loc":{"start":{"line":188,"column":6},"end":{"line":190,"column":null}},"type":"if","locations":[{"start":{"line":188,"column":6},"end":{"line":190,"column":null}},{"start":{},"end":{}}],"line":188},"23":{"loc":{"start":{"line":200,"column":6},"end":{"line":202,"column":null}},"type":"if","locations":[{"start":{"line":200,"column":6},"end":{"line":202,"column":null}},{"start":{},"end":{}}],"line":200},"24":{"loc":{"start":{"line":212,"column":6},"end":{"line":214,"column":null}},"type":"if","locations":[{"start":{"line":212,"column":6},"end":{"line":214,"column":null}},{"start":{},"end":{}}],"line":212},"25":{"loc":{"start":{"line":224,"column":6},"end":{"line":226,"column":null}},"type":"if","locations":[{"start":{"line":224,"column":6},"end":{"line":226,"column":null}},{"start":{},"end":{}}],"line":224},"26":{"loc":{"start":{"line":237,"column":8},"end":{"line":237,"column":null}},"type":"cond-expr","locations":[{"start":{"line":237,"column":35},"end":{"line":237,"column":62}},{"start":{"line":237,"column":62},"end":{"line":237,"column":null}}],"line":237},"27":{"loc":{"start":{"line":257,"column":4},"end":{"line":259,"column":null}},"type":"if","locations":[{"start":{"line":257,"column":4},"end":{"line":259,"column":null}},{"start":{},"end":{}}],"line":257},"28":{"loc":{"start":{"line":257,"column":8},"end":{"line":257,"column":30}},"type":"binary-expr","locations":[{"start":{"line":257,"column":8},"end":{"line":257,"column":20}},{"start":{"line":257,"column":20},"end":{"line":257,"column":30}}],"line":257},"29":{"loc":{"start":{"line":273,"column":15},"end":{"line":273,"column":81}},"type":"cond-expr","locations":[{"start":{"line":273,"column":41},"end":{"line":273,"column":58}},{"start":{"line":273,"column":58},"end":{"line":273,"column":81}}],"line":273},"30":{"loc":{"start":{"line":280,"column":4},"end":{"line":280,"column":null}},"type":"binary-expr","locations":[{"start":{"line":280,"column":4},"end":{"line":280,"column":15}},{"start":{"line":280,"column":15},"end":{"line":280,"column":null}}],"line":280},"31":{"loc":{"start":{"line":284,"column":4},"end":{"line":286,"column":null}},"type":"if","locations":[{"start":{"line":284,"column":4},"end":{"line":286,"column":null}},{"start":{},"end":{}}],"line":284},"32":{"loc":{"start":{"line":284,"column":8},"end":{"line":284,"column":47}},"type":"binary-expr","locations":[{"start":{"line":284,"column":8},"end":{"line":284,"column":20}},{"start":{"line":284,"column":20},"end":{"line":284,"column":32}},{"start":{"line":284,"column":32},"end":{"line":284,"column":47}}],"line":284},"33":{"loc":{"start":{"line":294,"column":15},"end":{"line":294,"column":83}},"type":"cond-expr","locations":[{"start":{"line":294,"column":41},"end":{"line":294,"column":58}},{"start":{"line":294,"column":58},"end":{"line":294,"column":83}}],"line":294},"34":{"loc":{"start":{"line":301,"column":4},"end":{"line":303,"column":null}},"type":"if","locations":[{"start":{"line":301,"column":4},"end":{"line":303,"column":null}},{"start":{},"end":{}}],"line":301},"35":{"loc":{"start":{"line":317,"column":15},"end":{"line":317,"column":83}},"type":"cond-expr","locations":[{"start":{"line":317,"column":41},"end":{"line":317,"column":58}},{"start":{"line":317,"column":58},"end":{"line":317,"column":83}}],"line":317},"36":{"loc":{"start":{"line":330,"column":7},"end":{"line":333,"column":null}},"type":"binary-expr","locations":[{"start":{"line":330,"column":7},"end":{"line":330,"column":null}},{"start":{"line":331,"column":8},"end":{"line":333,"column":null}}],"line":330},"37":{"loc":{"start":{"line":336,"column":7},"end":{"line":339,"column":null}},"type":"binary-expr","locations":[{"start":{"line":336,"column":7},"end":{"line":336,"column":null}},{"start":{"line":337,"column":8},"end":{"line":339,"column":null}}],"line":336},"38":{"loc":{"start":{"line":342,"column":7},"end":{"line":345,"column":null}},"type":"binary-expr","locations":[{"start":{"line":342,"column":7},"end":{"line":342,"column":null}},{"start":{"line":343,"column":8},"end":{"line":345,"column":null}}],"line":342},"39":{"loc":{"start":{"line":352,"column":7},"end":{"line":459,"column":null}},"type":"cond-expr","locations":[{"start":{"line":353,"column":8},"end":{"line":353,"column":null}},{"start":{"line":355,"column":8},"end":{"line":459,"column":null}}],"line":352},"40":{"loc":{"start":{"line":368,"column":30},"end":{"line":368,"column":null}},"type":"binary-expr","locations":[{"start":{"line":368,"column":30},"end":{"line":368,"column":42}},{"start":{"line":368,"column":42},"end":{"line":368,"column":56}},{"start":{"line":368,"column":56},"end":{"line":368,"column":null}}],"line":368},"41":{"loc":{"start":{"line":378,"column":30},"end":{"line":378,"column":null}},"type":"binary-expr","locations":[{"start":{"line":378,"column":30},"end":{"line":378,"column":42}},{"start":{"line":378,"column":42},"end":{"line":378,"column":56}},{"start":{"line":378,"column":56},"end":{"line":378,"column":null}}],"line":378},"42":{"loc":{"start":{"line":393,"column":34},"end":{"line":393,"column":null}},"type":"binary-expr","locations":[{"start":{"line":393,"column":34},"end":{"line":393,"column":46}},{"start":{"line":393,"column":46},"end":{"line":393,"column":60}},{"start":{"line":393,"column":60},"end":{"line":393,"column":null}}],"line":393},"43":{"loc":{"start":{"line":399,"column":32},"end":{"line":399,"column":null}},"type":"binary-expr","locations":[{"start":{"line":399,"column":32},"end":{"line":399,"column":44}},{"start":{"line":399,"column":44},"end":{"line":399,"column":58}},{"start":{"line":399,"column":58},"end":{"line":399,"column":72}},{"start":{"line":399,"column":72},"end":{"line":399,"column":null}}],"line":399},"44":{"loc":{"start":{"line":410,"column":28},"end":{"line":410,"column":null}},"type":"binary-expr","locations":[{"start":{"line":410,"column":28},"end":{"line":410,"column":40}},{"start":{"line":410,"column":40},"end":{"line":410,"column":54}},{"start":{"line":410,"column":54},"end":{"line":410,"column":null}}],"line":410},"45":{"loc":{"start":{"line":421,"column":28},"end":{"line":421,"column":null}},"type":"binary-expr","locations":[{"start":{"line":421,"column":28},"end":{"line":421,"column":40}},{"start":{"line":421,"column":40},"end":{"line":421,"column":null}}],"line":421},"46":{"loc":{"start":{"line":431,"column":28},"end":{"line":431,"column":null}},"type":"binary-expr","locations":[{"start":{"line":431,"column":28},"end":{"line":431,"column":40}},{"start":{"line":431,"column":40},"end":{"line":431,"column":54}},{"start":{"line":431,"column":54},"end":{"line":431,"column":null}}],"line":431},"47":{"loc":{"start":{"line":442,"column":28},"end":{"line":442,"column":null}},"type":"binary-expr","locations":[{"start":{"line":442,"column":28},"end":{"line":442,"column":40}},{"start":{"line":442,"column":40},"end":{"line":442,"column":54}},{"start":{"line":442,"column":54},"end":{"line":442,"column":null}}],"line":442},"48":{"loc":{"start":{"line":452,"column":28},"end":{"line":452,"column":null}},"type":"binary-expr","locations":[{"start":{"line":452,"column":28},"end":{"line":452,"column":40}},{"start":{"line":452,"column":40},"end":{"line":452,"column":54}},{"start":{"line":452,"column":54},"end":{"line":452,"column":null}}],"line":452},"49":{"loc":{"start":{"line":462,"column":7},"end":{"line":531,"column":null}},"type":"binary-expr","locations":[{"start":{"line":462,"column":7},"end":{"line":462,"column":null}},{"start":{"line":463,"column":8},"end":{"line":531,"column":null}}],"line":462},"50":{"loc":{"start":{"line":503,"column":28},"end":{"line":503,"column":null}},"type":"binary-expr","locations":[{"start":{"line":503,"column":28},"end":{"line":503,"column":42}},{"start":{"line":503,"column":42},"end":{"line":503,"column":null}}],"line":503}},"s":{"0":1,"1":1,"2":65,"3":1,"4":6,"5":6,"6":5,"7":1,"8":1,"9":6,"10":6,"11":1,"12":62,"13":62,"14":62,"15":62,"16":62,"17":62,"18":62,"19":62,"20":62,"21":62,"22":6,"23":4,"24":2,"25":2,"26":1,"27":62,"28":15,"29":15,"30":15,"31":15,"32":14,"33":14,"34":14,"35":6,"36":1,"37":15,"38":62,"39":9,"40":62,"41":5,"42":5,"43":5,"44":2,"45":2,"46":3,"47":2,"48":2,"49":3,"50":2,"51":3,"52":62,"53":5,"54":5,"55":0,"56":5,"57":5,"58":1,"59":4,"60":1,"61":3,"62":2,"63":5,"64":5,"65":1,"66":4,"67":62,"68":5,"69":5,"70":5,"71":5,"72":1,"73":4,"74":4,"75":62,"76":2,"77":62,"78":0,"79":0,"80":62,"81":1,"82":2,"83":62,"84":1,"85":62,"86":0,"87":0,"88":0,"89":0,"90":0,"91":0,"92":0,"93":0,"94":62,"95":1,"96":1,"97":1,"98":0,"99":1,"100":1,"101":1,"102":62,"103":1,"104":1,"105":1,"106":0,"107":1,"108":1,"109":1,"110":1,"111":62,"112":1,"113":1,"114":1,"115":0,"116":1,"117":1,"118":1,"119":62,"120":3,"121":3,"122":4,"123":62,"124":1,"125":1,"126":2,"127":62,"128":1,"129":1,"130":62,"131":1,"132":0,"133":1,"134":1,"135":1,"136":1,"137":1,"138":1,"139":1,"140":1,"141":0,"142":1,"143":62,"144":18,"145":62,"146":1,"147":0,"148":1,"149":1,"150":1,"151":1,"152":1,"153":1,"154":0,"155":1,"156":62,"157":4,"158":0,"159":4,"160":4,"161":4,"162":4,"163":4,"164":4,"165":3,"166":3,"167":1,"168":4,"169":62,"170":18,"171":18,"172":18,"173":1,"174":0,"175":19,"176":0,"177":1,"178":1,"179":2,"180":1,"181":1,"182":1,"183":1,"184":3,"185":3,"186":0,"187":0,"188":63,"189":3,"190":1,"191":4},"f":{"0":65,"1":6,"2":6,"3":6,"4":62,"5":6,"6":15,"7":6,"8":9,"9":5,"10":2,"11":2,"12":2,"13":5,"14":5,"15":2,"16":0,"17":0,"18":1,"19":2,"20":1,"21":0,"22":0,"23":0,"24":1,"25":1,"26":1,"27":1,"28":1,"29":1,"30":1,"31":3,"32":3,"33":4,"34":1,"35":1,"36":2,"37":1,"38":1,"39":1,"40":18,"41":1,"42":4,"43":18,"44":1,"45":0,"46":19,"47":0,"48":1,"49":1,"50":2,"51":1,"52":1,"53":1,"54":3,"55":3,"56":0,"57":0,"58":63,"59":3,"60":1,"61":4},"b":{"0":[5,1],"1":[6,0],"2":[6,0],"3":[6,0],"4":[4,2],"5":[6,2],"6":[0,1],"7":[2,3],"8":[2,0],"9":[2,2],"10":[2,2],"11":[2,0],"12":[0,3],"13":[3,0],"14":[0,5],"15":[1,4],"16":[1,3],"17":[2,1],"18":[5,3],"19":[1,4],"20":[1,4],"21":[0,0],"22":[0,0],"23":[0,1],"24":[0,1],"25":[0,1],"26":[3,1],"27":[0,1],"28":[1,1],"29":[0,0],"30":[18,0],"31":[0,1],"32":[1,1,1],"33":[0,0],"34":[0,4],"35":[1,0],"36":[62,3],"37":[62,2],"38":[62,60],"39":[15,47],"40":[18,18,14],"41":[18,18,14],"42":[19,19,15],"43":[19,19,15,6],"44":[18,18,14],"45":[18,18],"46":[18,18,14],"47":[18,18,14],"48":[18,18,14],"49":[62,60],"50":[63,47]},"meta":{"lastBranch":51,"lastFunction":62,"lastStatement":192,"seen":{"s:31:37:31:Infinity":0,"s:33:21:38:Infinity":1,"f:33:21:33:46":0,"s:33:46:38:Infinity":2,"s:40:37:46:Infinity":3,"f:40:37:40:38":1,"s:41:8:41:Infinity":4,"b:42:2:44:Infinity:undefined:undefined:undefined:undefined":0,"s:42:2:44:Infinity":5,"s:43:4:43:Infinity":6,"s:45:2:45:Infinity":7,"s:48:16:59:Infinity":8,"f:48:16:48:17":2,"s:48:72:59:Infinity":9,"b:50:14:50:28:50:28:50:30":1,"b:51:26:51:52:51:52:51:53":2,"b:53:6:56:Infinity:57:6:57:Infinity":3,"f:53:26:53:27":3,"s:53:40:56:6":10,"s:61:25:535:Infinity":11,"f:61:25:61:31":4,"s:62:12:62:Infinity":12,"s:63:18:63:Infinity":13,"s:64:72:64:Infinity":14,"s:65:28:65:Infinity":15,"s:66:34:66:Infinity":16,"s:67:24:67:Infinity":17,"s:68:24:68:Infinity":18,"s:69:30:69:Infinity":19,"s:70:40:70:Infinity":20,"s:72:19:81:Infinity":21,"f:72:19:72:60":5,"b:73:4:75:Infinity:undefined:undefined:undefined:undefined":4,"s:73:4:75:Infinity":22,"b:73:8:73:24:73:24:73:42":5,"s:74:6:74:Infinity":23,"s:76:4:80:Infinity":24,"s:77:6:77:Infinity":25,"s:79:6:79:Infinity":26,"s:83:18:100:Infinity":27,"f:83:18:83:30":6,"s:84:4:84:Infinity":28,"s:85:4:85:Infinity":29,"s:86:4:99:Infinity":30,"s:87:22:87:Infinity":31,"s:88:21:88:Infinity":32,"s:89:6:89:Infinity":33,"s:90:6:94:Infinity":34,"f:90:40:90:41":7,"s:90:53:94:8":35,"s:96:6:96:Infinity":36,"b:96:41:96:58:96:58:96:88":6,"s:98:6:98:Infinity":37,"s:102:2:104:Infinity":38,"f:102:12:102:18":8,"s:103:4:103:Infinity":39,"s:106:29:118:Infinity":40,"f:106:29:106:30":9,"s:107:28:107:Infinity":41,"s:108:19:108:Infinity":42,"b:109:4:112:Infinity:undefined:undefined:undefined:undefined":7,"s:109:4:112:Infinity":43,"s:110:21:110:Infinity":44,"s:111:6:111:Infinity":45,"b:111:54:111:63:111:63:111:Infinity":8,"b:111:13:111:41:111:41:111:54":9,"s:114:23:115:Infinity":46,"f:114:64:114:65":10,"s:114:76:114:93":47,"f:115:14:115:15":11,"s:115:25:115:61":48,"b:115:25:115:52:115:52:115:61":10,"s:116:26:116:Infinity":49,"f:116:42:116:43":12,"s:116:53:116:83":50,"b:116:53:116:70:116:70:116:83":11,"s:117:4:117:Infinity":51,"b:117:48:117:64:117:64:117:Infinity":12,"b:117:11:117:28:117:28:117:48":13,"s:120:34:142:Infinity":52,"f:120:34:120:35":13,"s:121:23:121:Infinity":53,"b:122:4:124:Infinity:undefined:undefined:undefined:undefined":14,"s:122:4:124:Infinity":54,"s:123:6:123:Infinity":55,"s:126:18:126:Infinity":56,"b:128:4:134:Infinity:130:4:134:Infinity":15,"s:128:4:134:Infinity":57,"s:129:6:129:Infinity":58,"b:130:4:134:Infinity:132:4:134:Infinity":16,"s:130:4:134:Infinity":59,"s:131:6:131:Infinity":60,"b:132:4:134:Infinity:undefined:undefined:undefined:undefined":17,"s:132:4:134:Infinity":61,"s:133:6:133:Infinity":62,"s:135:24:135:Infinity":63,"b:135:24:135:58:135:58:135:Infinity":18,"b:137:4:139:Infinity:undefined:undefined:undefined:undefined":19,"s:137:4:139:Infinity":64,"s:138:6:138:Infinity":65,"s:141:4:141:Infinity":66,"s:144:30:154:Infinity":67,"f:144:30:144:31":14,"s:145:48:145:Infinity":68,"s:146:4:152:Infinity":69,"s:147:21:147:Infinity":70,"b:148:6:150:Infinity:undefined:undefined:undefined:undefined":20,"s:148:6:150:Infinity":71,"s:149:8:149:Infinity":72,"s:151:6:151:Infinity":73,"s:153:4:153:Infinity":74,"s:156:26:162:Infinity":75,"f:156:26:156:Infinity":15,"s:159:26:162:Infinity":76,"s:164:27:170:Infinity":77,"f:164:27:164:Infinity":16,"s:168:23:170:Infinity":78,"f:168:36:168:37":17,"s:169:4:169:Infinity":79,"b:169:31:169:58:169:58:169:Infinity":21,"s:172:28:173:Infinity":80,"f:172:28:172:29":18,"s:173:4:173:Infinity":81,"f:173:20:173:21":19,"s:173:33:173:57":82,"s:176:31:179:Infinity":83,"f:176:31:176:32":20,"s:176:78:179:Infinity":84,"s:181:24:195:Infinity":85,"f:181:24:181:Infinity":21,"s:186:4:194:Infinity":86,"f:186:13:186:14":22,"s:187:23:187:Infinity":87,"b:188:6:190:Infinity:undefined:undefined:undefined:undefined":22,"s:188:6:190:Infinity":88,"s:189:8:189:Infinity":89,"s:191:19:191:Infinity":90,"s:192:6:192:Infinity":91,"f:192:50:192:51":23,"s:192:64:192:108":92,"s:193:6:193:Infinity":93,"s:197:21:207:Infinity":94,"f:197:21:197:22":24,"s:198:4:206:Infinity":95,"f:198:13:198:14":25,"s:199:23:199:Infinity":96,"b:200:6:202:Infinity:undefined:undefined:undefined:undefined":23,"s:200:6:202:Infinity":97,"s:201:8:201:Infinity":98,"s:203:19:203:Infinity":99,"s:204:6:204:Infinity":100,"s:205:6:205:Infinity":101,"s:209:28:219:Infinity":102,"f:209:28:209:29":26,"s:210:4:218:Infinity":103,"f:210:13:210:14":27,"s:211:23:211:Infinity":104,"b:212:6:214:Infinity:undefined:undefined:undefined:undefined":24,"s:212:6:214:Infinity":105,"s:213:8:213:Infinity":106,"s:215:19:215:Infinity":107,"s:216:6:216:Infinity":108,"f:216:50:216:51":28,"s:216:64:216:102":109,"s:217:6:217:Infinity":110,"s:221:25:231:Infinity":111,"f:221:25:221:26":29,"s:222:4:230:Infinity":112,"f:222:13:222:14":30,"s:223:23:223:Infinity":113,"b:224:6:226:Infinity:undefined:undefined:undefined:undefined":25,"s:224:6:226:Infinity":114,"s:225:8:225:Infinity":115,"s:227:19:227:Infinity":116,"s:228:6:228:Infinity":117,"s:229:6:229:Infinity":118,"s:233:32:240:Infinity":119,"f:233:32:233:33":31,"s:234:4:239:Infinity":120,"f:234:16:234:17":32,"s:234:30:239:6":121,"f:236:37:236:38":33,"s:237:8:237:Infinity":122,"b:237:35:237:62:237:62:237:Infinity":26,"s:242:32:247:Infinity":123,"f:242:32:242:33":34,"s:243:4:246:Infinity":124,"f:243:16:243:17":35,"s:243:30:246:6":125,"f:245:40:245:41":36,"s:245:53:245:77":126,"s:249:29:254:Infinity":127,"f:249:29:249:35":37,"s:250:4:253:Infinity":128,"f:250:16:250:17":38,"s:250:30:253:6":129,"s:256:19:277:Infinity":130,"f:256:19:256:26":39,"b:257:4:259:Infinity:undefined:undefined:undefined:undefined":27,"s:257:4:259:Infinity":131,"b:257:8:257:20:257:20:257:30":28,"s:258:6:258:Infinity":132,"s:260:4:260:Infinity":133,"s:261:4:261:Infinity":134,"s:262:4:276:Infinity":135,"s:263:20:263:Infinity":136,"s:264:23:264:Infinity":137,"s:265:6:269:Infinity":138,"s:270:6:270:Infinity":139,"s:271:6:271:Infinity":140,"s:273:6:273:Infinity":141,"b:273:41:273:58:273:58:273:81":29,"s:275:6:275:Infinity":142,"s:279:28:280:Infinity":143,"f:279:28:279:29":40,"s:280:4:280:Infinity":144,"b:280:4:280:15:280:15:280:Infinity":30,"s:283:21:298:Infinity":145,"f:283:21:283:28":41,"b:284:4:286:Infinity:undefined:undefined:undefined:undefined":31,"s:284:4:286:Infinity":146,"b:284:8:284:20:284:20:284:32:284:32:284:47":32,"s:285:6:285:Infinity":147,"s:287:4:287:Infinity":148,"s:288:4:288:Infinity":149,"s:289:4:297:Infinity":150,"s:290:20:290:Infinity":151,"s:291:6:291:Infinity":152,"s:292:6:292:Infinity":153,"s:294:6:294:Infinity":154,"b:294:41:294:58:294:58:294:83":33,"s:296:6:296:Infinity":155,"s:300:21:321:Infinity":156,"f:300:21:300:33":42,"b:301:4:303:Infinity:undefined:undefined:undefined:undefined":34,"s:301:4:303:Infinity":157,"s:302:6:302:Infinity":158,"s:304:4:304:Infinity":159,"s:305:4:305:Infinity":160,"s:306:4:320:Infinity":161,"s:307:20:307:Infinity":162,"s:308:23:308:Infinity":163,"s:309:6:313:Infinity":164,"s:314:6:314:Infinity":165,"s:315:6:315:Infinity":166,"s:317:6:317:Infinity":167,"b:317:41:317:58:317:58:317:83":35,"s:319:6:319:Infinity":168,"s:323:2:533:Infinity":169,"b:330:7:330:Infinity:331:8:333:Infinity":36,"b:336:7:336:Infinity:337:8:339:Infinity":37,"b:342:7:342:Infinity:343:8:345:Infinity":38,"b:353:8:353:Infinity:355:8:459:Infinity":39,"f:356:21:356:22":43,"s:357:35:357:Infinity":170,"s:358:30:358:Infinity":171,"s:359:12:457:Infinity":172,"f:366:30:366:31":44,"s:366:42:366:Infinity":173,"b:368:30:368:42:368:42:368:56:368:56:368:Infinity":40,"f:376:30:376:31":45,"s:376:42:376:Infinity":174,"b:378:30:378:42:378:42:378:56:378:56:378:Infinity":41,"f:383:35:383:36":46,"s:384:18:404:Infinity":175,"f:389:34:389:35":47,"s:389:46:389:Infinity":176,"b:393:34:393:46:393:46:393:60:393:60:393:Infinity":42,"f:397:31:397:37":48,"s:397:37:397:Infinity":177,"b:399:32:399:44:399:44:399:58:399:58:399:72:399:72:399:Infinity":43,"f:408:27:408:33":49,"s:408:33:408:Infinity":178,"b:410:28:410:40:410:40:410:54:410:54:410:Infinity":44,"f:419:27:419:33":50,"s:419:33:419:Infinity":179,"b:421:28:421:40:421:40:421:Infinity":45,"f:427:27:427:33":51,"s:428:20:428:Infinity":180,"b:431:28:431:40:431:40:431:54:431:54:431:Infinity":46,"f:437:27:437:33":52,"s:438:20:438:Infinity":181,"s:439:20:439:Infinity":182,"b:442:28:442:40:442:40:442:54:442:54:442:Infinity":47,"f:448:27:448:33":53,"s:449:20:449:Infinity":183,"b:452:28:452:40:452:40:452:54:452:54:452:Infinity":48,"b:462:7:462:Infinity:463:8:531:Infinity":49,"f:470:26:470:27":54,"s:470:38:470:Infinity":184,"f:470:50:470:51":55,"s:470:64:470:105":185,"f:480:26:480:27":56,"s:480:38:480:Infinity":186,"f:480:50:480:51":57,"s:480:64:480:125":187,"f:487:35:487:36":58,"s:488:14:508:Infinity":188,"f:493:28:493:29":59,"s:493:40:493:Infinity":189,"f:501:27:501:33":60,"s:501:33:501:Infinity":190,"b:503:28:503:42:503:42:503:Infinity":50,"f:522:23:522:29":61,"s:523:16:523:Infinity":191}}}
}
