{"/home/tangi/darts_tournament/frontend/src/components/tournament-presets-view.tsx": {"path":"/home/tangi/darts_tournament/frontend/src/components/tournament-presets-view.tsx","statementMap":{"0":{"start":{"line":59,"column":32},"end":{"line":66,"column":null}},"1":{"start":{"line":60,"column":24},"end":{"line":60,"column":null}},"2":{"start":{"line":61,"column":2},"end":{"line":64,"column":null}},"3":{"start":{"line":62,"column":21},"end":{"line":62,"column":null}},"4":{"start":{"line":62,"column":53},"end":{"line":62,"column":72}},"5":{"start":{"line":63,"column":4},"end":{"line":63,"column":null}},"6":{"start":{"line":65,"column":2},"end":{"line":65,"column":null}},"7":{"start":{"line":68,"column":48},"end":{"line":68,"column":null}},"8":{"start":{"line":70,"column":42},"end":{"line":76,"column":null}},"9":{"start":{"line":78,"column":29},"end":{"line":78,"column":null}},"10":{"start":{"line":80,"column":15},"end":{"line":80,"column":null}},"11":{"start":{"line":80,"column":50},"end":{"line":80,"column":null}},"12":{"start":{"line":82,"column":27},"end":{"line":90,"column":null}},"13":{"start":{"line":83,"column":2},"end":{"line":85,"column":null}},"14":{"start":{"line":84,"column":4},"end":{"line":84,"column":null}},"15":{"start":{"line":86,"column":2},"end":{"line":88,"column":null}},"16":{"start":{"line":87,"column":4},"end":{"line":87,"column":null}},"17":{"start":{"line":89,"column":2},"end":{"line":89,"column":null}},"18":{"start":{"line":92,"column":42},"end":{"line":110,"column":null}},"19":{"start":{"line":96,"column":23},"end":{"line":96,"column":null}},"20":{"start":{"line":97,"column":2},"end":{"line":99,"column":null}},"21":{"start":{"line":98,"column":4},"end":{"line":98,"column":null}},"22":{"start":{"line":100,"column":27},"end":{"line":100,"column":null}},"23":{"start":{"line":101,"column":52},"end":{"line":101,"column":null}},"24":{"start":{"line":102,"column":2},"end":{"line":108,"column":null}},"25":{"start":{"line":102,"column":22},"end":{"line":102,"column":25}},"26":{"start":{"line":103,"column":4},"end":{"line":107,"column":null}},"27":{"start":{"line":104,"column":6},"end":{"line":104,"column":null}},"28":{"start":{"line":106,"column":6},"end":{"line":106,"column":null}},"29":{"start":{"line":109,"column":2},"end":{"line":109,"column":null}},"30":{"start":{"line":112,"column":54},"end":{"line":129,"column":null}},"31":{"start":{"line":116,"column":35},"end":{"line":116,"column":null}},"32":{"start":{"line":117,"column":33},"end":{"line":121,"column":null}},"33":{"start":{"line":119,"column":31},"end":{"line":119,"column":108}},"34":{"start":{"line":120,"column":28},"end":{"line":120,"column":63}},"35":{"start":{"line":123,"column":52},"end":{"line":123,"column":null}},"36":{"start":{"line":124,"column":2},"end":{"line":126,"column":null}},"37":{"start":{"line":124,"column":22},"end":{"line":124,"column":25}},"38":{"start":{"line":125,"column":4},"end":{"line":125,"column":null}},"39":{"start":{"line":128,"column":2},"end":{"line":128,"column":null}},"40":{"start":{"line":131,"column":37},"end":{"line":203,"column":null}},"41":{"start":{"line":135,"column":36},"end":{"line":145,"column":null}},"42":{"start":{"line":135,"column":77},"end":{"line":145,"column":4}},"43":{"start":{"line":147,"column":26},"end":{"line":147,"column":null}},"44":{"start":{"line":147,"column":60},"end":{"line":147,"column":86}},"45":{"start":{"line":149,"column":55},"end":{"line":162,"column":null}},"46":{"start":{"line":149,"column":92},"end":{"line":162,"column":4}},"47":{"start":{"line":164,"column":26},"end":{"line":164,"column":null}},"48":{"start":{"line":164,"column":75},"end":{"line":164,"column":104}},"49":{"start":{"line":166,"column":21},"end":{"line":197,"column":null}},"50":{"start":{"line":167,"column":25},"end":{"line":167,"column":null}},"51":{"start":{"line":167,"column":62},"end":{"line":167,"column":100}},"52":{"start":{"line":168,"column":63},"end":{"line":190,"column":null}},"53":{"start":{"line":169,"column":35},"end":{"line":169,"column":67}},"54":{"start":{"line":171,"column":8},"end":{"line":179,"column":null}},"55":{"start":{"line":172,"column":28},"end":{"line":174,"column":null}},"56":{"start":{"line":175,"column":10},"end":{"line":177,"column":null}},"57":{"start":{"line":176,"column":12},"end":{"line":176,"column":null}},"58":{"start":{"line":178,"column":10},"end":{"line":178,"column":null}},"59":{"start":{"line":180,"column":8},"end":{"line":188,"column":null}},"60":{"start":{"line":181,"column":30},"end":{"line":183,"column":null}},"61":{"start":{"line":184,"column":10},"end":{"line":186,"column":null}},"62":{"start":{"line":185,"column":12},"end":{"line":185,"column":null}},"63":{"start":{"line":187,"column":10},"end":{"line":187,"column":null}},"64":{"start":{"line":189,"column":8},"end":{"line":189,"column":null}},"65":{"start":{"line":192,"column":4},"end":{"line":196,"column":null}},"66":{"start":{"line":195,"column":72},"end":{"line":195,"column":113}},"67":{"start":{"line":199,"column":2},"end":{"line":202,"column":null}},"68":{"start":{"line":205,"column":37},"end":{"line":282,"column":null}},"69":{"start":{"line":210,"column":23},"end":{"line":210,"column":null}},"70":{"start":{"line":210,"column":67},"end":{"line":210,"column":105}},"71":{"start":{"line":211,"column":26},"end":{"line":211,"column":null}},"72":{"start":{"line":211,"column":62},"end":{"line":211,"column":91}},"73":{"start":{"line":212,"column":26},"end":{"line":212,"column":null}},"74":{"start":{"line":212,"column":60},"end":{"line":212,"column":86}},"75":{"start":{"line":214,"column":71},"end":{"line":214,"column":null}},"76":{"start":{"line":216,"column":29},"end":{"line":253,"column":null}},"77":{"start":{"line":220,"column":4},"end":{"line":232,"column":null}},"78":{"start":{"line":221,"column":37},"end":{"line":223,"column":null}},"79":{"start":{"line":224,"column":6},"end":{"line":231,"column":null}},"80":{"start":{"line":225,"column":8},"end":{"line":230,"column":null}},"81":{"start":{"line":234,"column":4},"end":{"line":246,"column":null}},"82":{"start":{"line":235,"column":37},"end":{"line":237,"column":null}},"83":{"start":{"line":238,"column":6},"end":{"line":245,"column":null}},"84":{"start":{"line":239,"column":8},"end":{"line":244,"column":null}},"85":{"start":{"line":248,"column":4},"end":{"line":252,"column":null}},"86":{"start":{"line":255,"column":2},"end":{"line":258,"column":null}},"87":{"start":{"line":256,"column":35},"end":{"line":256,"column":null}},"88":{"start":{"line":257,"column":4},"end":{"line":257,"column":null}},"89":{"start":{"line":257,"column":69},"end":{"line":257,"column":119}},"90":{"start":{"line":260,"column":2},"end":{"line":281,"column":null}},"91":{"start":{"line":262,"column":41},"end":{"line":271,"column":6}},"92":{"start":{"line":272,"column":41},"end":{"line":279,"column":6}},"93":{"start":{"line":285,"column":12},"end":{"line":285,"column":null}},"94":{"start":{"line":290,"column":2},"end":{"line":290,"column":null}},"95":{"start":{"line":292,"column":28},"end":{"line":292,"column":null}},"96":{"start":{"line":293,"column":28},"end":{"line":293,"column":null}},"97":{"start":{"line":294,"column":44},"end":{"line":294,"column":null}},"98":{"start":{"line":295,"column":32},"end":{"line":295,"column":null}},"99":{"start":{"line":296,"column":32},"end":{"line":296,"column":null}},"100":{"start":{"line":297,"column":34},"end":{"line":297,"column":null}},"101":{"start":{"line":298,"column":8},"end":{"line":298,"column":null}},"102":{"start":{"line":300,"column":34},"end":{"line":300,"column":null}},"103":{"start":{"line":301,"column":30},"end":{"line":301,"column":null}},"104":{"start":{"line":302,"column":48},"end":{"line":302,"column":null}},"105":{"start":{"line":303,"column":44},"end":{"line":303,"column":null}},"106":{"start":{"line":304,"column":38},"end":{"line":313,"column":null}},"107":{"start":{"line":314,"column":34},"end":{"line":319,"column":null}},"108":{"start":{"line":320,"column":25},"end":{"line":322,"column":null}},"109":{"start":{"line":323,"column":25},"end":{"line":323,"column":null}},"110":{"start":{"line":324,"column":21},"end":{"line":324,"column":null}},"111":{"start":{"line":325,"column":23},"end":{"line":325,"column":null}},"112":{"start":{"line":327,"column":8},"end":{"line":336,"column":null}},"113":{"start":{"line":328,"column":4},"end":{"line":330,"column":null}},"114":{"start":{"line":329,"column":6},"end":{"line":329,"column":null}},"115":{"start":{"line":331,"column":4},"end":{"line":335,"column":null}},"116":{"start":{"line":332,"column":6},"end":{"line":332,"column":null}},"117":{"start":{"line":334,"column":6},"end":{"line":334,"column":null}},"118":{"start":{"line":338,"column":8},"end":{"line":360,"column":null}},"119":{"start":{"line":339,"column":24},"end":{"line":339,"column":null}},"120":{"start":{"line":340,"column":4},"end":{"line":340,"column":null}},"121":{"start":{"line":341,"column":4},"end":{"line":341,"column":null}},"122":{"start":{"line":342,"column":4},"end":{"line":352,"column":null}},"123":{"start":{"line":353,"column":4},"end":{"line":359,"column":null}},"124":{"start":{"line":362,"column":8},"end":{"line":374,"column":null}},"125":{"start":{"line":363,"column":4},"end":{"line":363,"column":null}},"126":{"start":{"line":364,"column":4},"end":{"line":373,"column":null}},"127":{"start":{"line":365,"column":20},"end":{"line":365,"column":null}},"128":{"start":{"line":366,"column":19},"end":{"line":366,"column":null}},"129":{"start":{"line":367,"column":6},"end":{"line":367,"column":null}},"130":{"start":{"line":368,"column":6},"end":{"line":368,"column":null}},"131":{"start":{"line":370,"column":6},"end":{"line":370,"column":null}},"132":{"start":{"line":372,"column":6},"end":{"line":372,"column":null}},"133":{"start":{"line":376,"column":2},"end":{"line":378,"column":null}},"134":{"start":{"line":377,"column":4},"end":{"line":377,"column":null}},"135":{"start":{"line":380,"column":2},"end":{"line":383,"column":null}},"136":{"start":{"line":381,"column":10},"end":{"line":381,"column":null}},"137":{"start":{"line":382,"column":4},"end":{"line":382,"column":null}},"138":{"start":{"line":385,"column":8},"end":{"line":388,"column":null}},"139":{"start":{"line":386,"column":10},"end":{"line":386,"column":null}},"140":{"start":{"line":386,"column":47},"end":{"line":386,"column":94}},"141":{"start":{"line":390,"column":8},"end":{"line":405,"column":null}},"142":{"start":{"line":391,"column":4},"end":{"line":393,"column":null}},"143":{"start":{"line":392,"column":6},"end":{"line":392,"column":null}},"144":{"start":{"line":394,"column":16},"end":{"line":394,"column":null}},"145":{"start":{"line":395,"column":17},"end":{"line":395,"column":null}},"146":{"start":{"line":396,"column":25},"end":{"line":396,"column":null}},"147":{"start":{"line":397,"column":4},"end":{"line":399,"column":null}},"148":{"start":{"line":398,"column":6},"end":{"line":398,"column":null}},"149":{"start":{"line":400,"column":22},"end":{"line":400,"column":null}},"150":{"start":{"line":401,"column":4},"end":{"line":401,"column":null}},"151":{"start":{"line":402,"column":4},"end":{"line":402,"column":null}},"152":{"start":{"line":403,"column":4},"end":{"line":403,"column":null}},"153":{"start":{"line":404,"column":4},"end":{"line":404,"column":null}},"154":{"start":{"line":407,"column":20},"end":{"line":414,"column":null}},"155":{"start":{"line":408,"column":4},"end":{"line":408,"column":null}},"156":{"start":{"line":409,"column":4},"end":{"line":409,"column":null}},"157":{"start":{"line":410,"column":4},"end":{"line":410,"column":null}},"158":{"start":{"line":411,"column":4},"end":{"line":411,"column":null}},"159":{"start":{"line":412,"column":4},"end":{"line":412,"column":null}},"160":{"start":{"line":413,"column":4},"end":{"line":413,"column":null}},"161":{"start":{"line":416,"column":23},"end":{"line":443,"column":null}},"162":{"start":{"line":417,"column":25},"end":{"line":417,"column":null}},"163":{"start":{"line":418,"column":20},"end":{"line":418,"column":null}},"164":{"start":{"line":420,"column":4},"end":{"line":423,"column":null}},"165":{"start":{"line":421,"column":6},"end":{"line":421,"column":null}},"166":{"start":{"line":422,"column":6},"end":{"line":422,"column":null}},"167":{"start":{"line":424,"column":4},"end":{"line":427,"column":null}},"168":{"start":{"line":425,"column":6},"end":{"line":425,"column":null}},"169":{"start":{"line":426,"column":6},"end":{"line":426,"column":null}},"170":{"start":{"line":428,"column":4},"end":{"line":431,"column":null}},"171":{"start":{"line":429,"column":6},"end":{"line":429,"column":null}},"172":{"start":{"line":430,"column":6},"end":{"line":430,"column":null}},"173":{"start":{"line":432,"column":4},"end":{"line":435,"column":null}},"174":{"start":{"line":433,"column":6},"end":{"line":433,"column":null}},"175":{"start":{"line":434,"column":6},"end":{"line":434,"column":null}},"176":{"start":{"line":436,"column":4},"end":{"line":439,"column":null}},"177":{"start":{"line":437,"column":6},"end":{"line":437,"column":null}},"178":{"start":{"line":438,"column":6},"end":{"line":438,"column":null}},"179":{"start":{"line":441,"column":4},"end":{"line":441,"column":null}},"180":{"start":{"line":442,"column":4},"end":{"line":442,"column":null}},"181":{"start":{"line":445,"column":27},"end":{"line":493,"column":null}},"182":{"start":{"line":446,"column":22},"end":{"line":446,"column":null}},"183":{"start":{"line":447,"column":4},"end":{"line":449,"column":null}},"184":{"start":{"line":448,"column":6},"end":{"line":448,"column":null}},"185":{"start":{"line":451,"column":4},"end":{"line":451,"column":null}},"186":{"start":{"line":452,"column":4},"end":{"line":492,"column":null}},"187":{"start":{"line":453,"column":20},"end":{"line":453,"column":null}},"188":{"start":{"line":454,"column":29},"end":{"line":454,"column":null}},"189":{"start":{"line":456,"column":6},"end":{"line":484,"column":null}},"190":{"start":{"line":457,"column":8},"end":{"line":467,"column":null}},"191":{"start":{"line":469,"column":8},"end":{"line":478,"column":null}},"192":{"start":{"line":480,"column":8},"end":{"line":483,"column":null}},"193":{"start":{"line":481,"column":10},"end":{"line":481,"column":null}},"194":{"start":{"line":482,"column":10},"end":{"line":482,"column":null}},"195":{"start":{"line":486,"column":6},"end":{"line":486,"column":null}},"196":{"start":{"line":487,"column":6},"end":{"line":487,"column":null}},"197":{"start":{"line":489,"column":6},"end":{"line":489,"column":null}},"198":{"start":{"line":491,"column":6},"end":{"line":491,"column":null}},"199":{"start":{"line":495,"column":27},"end":{"line":513,"column":null}},"200":{"start":{"line":496,"column":19},"end":{"line":496,"column":null}},"201":{"start":{"line":498,"column":4},"end":{"line":498,"column":null}},"202":{"start":{"line":499,"column":4},"end":{"line":505,"column":null}},"203":{"start":{"line":506,"column":4},"end":{"line":506,"column":null}},"204":{"start":{"line":507,"column":4},"end":{"line":507,"column":null}},"205":{"start":{"line":508,"column":4},"end":{"line":508,"column":null}},"206":{"start":{"line":509,"column":4},"end":{"line":509,"column":null}},"207":{"start":{"line":510,"column":4},"end":{"line":512,"column":null}},"208":{"start":{"line":511,"column":6},"end":{"line":511,"column":null}},"209":{"start":{"line":515,"column":2},"end":{"line":523,"column":null}},"210":{"start":{"line":516,"column":4},"end":{"line":518,"column":null}},"211":{"start":{"line":517,"column":6},"end":{"line":517,"column":null}},"212":{"start":{"line":519,"column":27},"end":{"line":519,"column":null}},"213":{"start":{"line":519,"column":52},"end":{"line":519,"column":80}},"214":{"start":{"line":520,"column":4},"end":{"line":522,"column":null}},"215":{"start":{"line":521,"column":6},"end":{"line":521,"column":null}},"216":{"start":{"line":525,"column":29},"end":{"line":542,"column":null}},"217":{"start":{"line":526,"column":4},"end":{"line":528,"column":null}},"218":{"start":{"line":527,"column":6},"end":{"line":527,"column":null}},"219":{"start":{"line":529,"column":4},"end":{"line":541,"column":null}},"220":{"start":{"line":530,"column":6},"end":{"line":530,"column":null}},"221":{"start":{"line":531,"column":20},"end":{"line":531,"column":null}},"222":{"start":{"line":532,"column":6},"end":{"line":532,"column":null}},"223":{"start":{"line":533,"column":6},"end":{"line":533,"column":null}},"224":{"start":{"line":534,"column":6},"end":{"line":536,"column":null}},"225":{"start":{"line":535,"column":8},"end":{"line":535,"column":null}},"226":{"start":{"line":538,"column":6},"end":{"line":538,"column":null}},"227":{"start":{"line":540,"column":6},"end":{"line":540,"column":null}},"228":{"start":{"line":544,"column":26},"end":{"line":546,"column":null}},"229":{"start":{"line":545,"column":4},"end":{"line":545,"column":null}},"230":{"start":{"line":545,"column":31},"end":{"line":545,"column":102}},"231":{"start":{"line":545,"column":55},"end":{"line":545,"column":101}},"232":{"start":{"line":548,"column":43},"end":{"line":560,"column":null}},"233":{"start":{"line":553,"column":4},"end":{"line":559,"column":null}},"234":{"start":{"line":554,"column":19},"end":{"line":554,"column":null}},"235":{"start":{"line":554,"column":87},"end":{"line":554,"column":113}},"236":{"start":{"line":555,"column":6},"end":{"line":558,"column":null}},"237":{"start":{"line":557,"column":88},"end":{"line":557,"column":111}},"238":{"start":{"line":562,"column":38},"end":{"line":564,"column":null}},"239":{"start":{"line":563,"column":4},"end":{"line":563,"column":null}},"240":{"start":{"line":563,"column":44},"end":{"line":563,"column":67}},"241":{"start":{"line":566,"column":37},"end":{"line":578,"column":null}},"242":{"start":{"line":567,"column":23},"end":{"line":570,"column":null}},"243":{"start":{"line":571,"column":22},"end":{"line":571,"column":null}},"244":{"start":{"line":572,"column":4},"end":{"line":576,"column":null}},"245":{"start":{"line":573,"column":6},"end":{"line":573,"column":null}},"246":{"start":{"line":575,"column":6},"end":{"line":575,"column":null}},"247":{"start":{"line":577,"column":4},"end":{"line":577,"column":null}},"248":{"start":{"line":580,"column":39},"end":{"line":592,"column":null}},"249":{"start":{"line":581,"column":23},"end":{"line":584,"column":null}},"250":{"start":{"line":585,"column":24},"end":{"line":585,"column":null}},"251":{"start":{"line":586,"column":4},"end":{"line":590,"column":null}},"252":{"start":{"line":587,"column":6},"end":{"line":587,"column":null}},"253":{"start":{"line":589,"column":6},"end":{"line":589,"column":null}},"254":{"start":{"line":591,"column":4},"end":{"line":591,"column":null}},"255":{"start":{"line":594,"column":36},"end":{"line":596,"column":null}},"256":{"start":{"line":595,"column":4},"end":{"line":595,"column":null}},"257":{"start":{"line":595,"column":42},"end":{"line":595,"column":88}},"258":{"start":{"line":598,"column":38},"end":{"line":602,"column":null}},"259":{"start":{"line":599,"column":4},"end":{"line":601,"column":null}},"260":{"start":{"line":599,"column":29},"end":{"line":601,"column":6}},"261":{"start":{"line":600,"column":6},"end":{"line":600,"column":null}},"262":{"start":{"line":604,"column":29},"end":{"line":635,"column":null}},"263":{"start":{"line":605,"column":20},"end":{"line":605,"column":null}},"264":{"start":{"line":606,"column":4},"end":{"line":621,"column":null}},"265":{"start":{"line":606,"column":31},"end":{"line":621,"column":6}},"266":{"start":{"line":622,"column":4},"end":{"line":622,"column":null}},"267":{"start":{"line":623,"column":4},"end":{"line":633,"column":null}},"268":{"start":{"line":634,"column":4},"end":{"line":634,"column":null}},"269":{"start":{"line":637,"column":27},"end":{"line":660,"column":null}},"270":{"start":{"line":638,"column":22},"end":{"line":638,"column":null}},"271":{"start":{"line":639,"column":4},"end":{"line":651,"column":null}},"272":{"start":{"line":639,"column":29},"end":{"line":651,"column":6}},"273":{"start":{"line":652,"column":4},"end":{"line":652,"column":null}},"274":{"start":{"line":653,"column":4},"end":{"line":659,"column":null}},"275":{"start":{"line":662,"column":8},"end":{"line":738,"column":null}},"276":{"start":{"line":663,"column":4},"end":{"line":665,"column":null}},"277":{"start":{"line":664,"column":6},"end":{"line":664,"column":null}},"278":{"start":{"line":666,"column":4},"end":{"line":668,"column":null}},"279":{"start":{"line":667,"column":6},"end":{"line":667,"column":null}},"280":{"start":{"line":669,"column":4},"end":{"line":736,"column":null}},"281":{"start":{"line":672,"column":10},"end":{"line":734,"column":null}},"282":{"start":{"line":711,"column":18},"end":{"line":713,"column":null}},"283":{"start":{"line":712,"column":20},"end":{"line":712,"column":null}},"284":{"start":{"line":714,"column":30},"end":{"line":714,"column":null}},"285":{"start":{"line":715,"column":18},"end":{"line":715,"column":null}},"286":{"start":{"line":716,"column":18},"end":{"line":716,"column":null}},"287":{"start":{"line":717,"column":18},"end":{"line":717,"column":null}},"288":{"start":{"line":726,"column":18},"end":{"line":726,"column":null}},"289":{"start":{"line":740,"column":2},"end":{"line":1098,"column":null}},"290":{"start":{"line":787,"column":36},"end":{"line":787,"column":null}},"291":{"start":{"line":787,"column":63},"end":{"line":787,"column":105}},"292":{"start":{"line":796,"column":39},"end":{"line":796,"column":null}},"293":{"start":{"line":797,"column":41},"end":{"line":797,"column":null}},"294":{"start":{"line":798,"column":22},"end":{"line":798,"column":null}},"295":{"start":{"line":799,"column":16},"end":{"line":803,"column":null}},"296":{"start":{"line":799,"column":43},"end":{"line":803,"column":18}},"297":{"start":{"line":804,"column":16},"end":{"line":804,"column":null}},"298":{"start":{"line":819,"column":36},"end":{"line":819,"column":null}},"299":{"start":{"line":819,"column":63},"end":{"line":819,"column":118}},"300":{"start":{"line":829,"column":36},"end":{"line":829,"column":null}},"301":{"start":{"line":829,"column":63},"end":{"line":829,"column":112}},"302":{"start":{"line":837,"column":36},"end":{"line":837,"column":null}},"303":{"start":{"line":837,"column":63},"end":{"line":837,"column":127}},"304":{"start":{"line":857,"column":34},"end":{"line":857,"column":null}},"305":{"start":{"line":858,"column":50},"end":{"line":858,"column":null}},"306":{"start":{"line":858,"column":82},"end":{"line":858,"column":115}},"307":{"start":{"line":859,"column":48},"end":{"line":859,"column":null}},"308":{"start":{"line":859,"column":80},"end":{"line":859,"column":106}},"309":{"start":{"line":860,"column":53},"end":{"line":860,"column":null}},"310":{"start":{"line":860,"column":85},"end":{"line":860,"column":116}},"311":{"start":{"line":861,"column":58},"end":{"line":865,"column":null}},"312":{"start":{"line":861,"column":90},"end":{"line":865,"column":12}},"313":{"start":{"line":866,"column":56},"end":{"line":866,"column":null}},"314":{"start":{"line":866,"column":88},"end":{"line":866,"column":122}},"315":{"start":{"line":867,"column":55},"end":{"line":874,"column":null}},"316":{"start":{"line":868,"column":12},"end":{"line":872,"column":null}},"317":{"start":{"line":869,"column":27},"end":{"line":869,"column":null}},"318":{"start":{"line":870,"column":14},"end":{"line":870,"column":null}},"319":{"start":{"line":871,"column":14},"end":{"line":871,"column":null}},"320":{"start":{"line":873,"column":12},"end":{"line":873,"column":null}},"321":{"start":{"line":875,"column":57},"end":{"line":875,"column":null}},"322":{"start":{"line":875,"column":89},"end":{"line":875,"column":133}},"323":{"start":{"line":878,"column":44},"end":{"line":878,"column":null}},"324":{"start":{"line":879,"column":38},"end":{"line":879,"column":null}},"325":{"start":{"line":879,"column":70},"end":{"line":879,"column":75}},"326":{"start":{"line":880,"column":37},"end":{"line":880,"column":null}},"327":{"start":{"line":880,"column":64},"end":{"line":880,"column":106}},"328":{"start":{"line":880,"column":90},"end":{"line":880,"column":105}},"329":{"start":{"line":881,"column":37},"end":{"line":881,"column":null}},"330":{"start":{"line":882,"column":38},"end":{"line":882,"column":null}},"331":{"start":{"line":883,"column":54},"end":{"line":883,"column":null}},"332":{"start":{"line":883,"column":84},"end":{"line":883,"column":119}},"333":{"start":{"line":884,"column":47},"end":{"line":884,"column":null}},"334":{"start":{"line":884,"column":77},"end":{"line":884,"column":105}},"335":{"start":{"line":885,"column":52},"end":{"line":885,"column":null}},"336":{"start":{"line":885,"column":82},"end":{"line":885,"column":115}},"337":{"start":{"line":886,"column":57},"end":{"line":890,"column":null}},"338":{"start":{"line":886,"column":87},"end":{"line":890,"column":12}},"339":{"start":{"line":891,"column":55},"end":{"line":891,"column":null}},"340":{"start":{"line":891,"column":85},"end":{"line":891,"column":121}},"341":{"start":{"line":892,"column":54},"end":{"line":899,"column":null}},"342":{"start":{"line":893,"column":12},"end":{"line":897,"column":null}},"343":{"start":{"line":894,"column":27},"end":{"line":894,"column":null}},"344":{"start":{"line":895,"column":14},"end":{"line":895,"column":null}},"345":{"start":{"line":896,"column":14},"end":{"line":896,"column":null}},"346":{"start":{"line":898,"column":12},"end":{"line":898,"column":null}},"347":{"start":{"line":900,"column":56},"end":{"line":900,"column":null}},"348":{"start":{"line":900,"column":86},"end":{"line":900,"column":132}},"349":{"start":{"line":902,"column":12},"end":{"line":908,"column":null}},"350":{"start":{"line":903,"column":20},"end":{"line":903,"column":null}},"351":{"start":{"line":903,"column":92},"end":{"line":903,"column":118}},"352":{"start":{"line":904,"column":14},"end":{"line":907,"column":null}},"353":{"start":{"line":911,"column":33},"end":{"line":911,"column":null}},"354":{"start":{"line":927,"column":32},"end":{"line":927,"column":null}},"355":{"start":{"line":928,"column":46},"end":{"line":930,"column":null}},"356":{"start":{"line":928,"column":71},"end":{"line":930,"column":12}},"357":{"start":{"line":929,"column":12},"end":{"line":929,"column":null}},"358":{"start":{"line":931,"column":37},"end":{"line":931,"column":null}},"359":{"start":{"line":932,"column":48},"end":{"line":934,"column":null}},"360":{"start":{"line":932,"column":73},"end":{"line":934,"column":12}},"361":{"start":{"line":933,"column":12},"end":{"line":933,"column":null}},"362":{"start":{"line":935,"column":71},"end":{"line":951,"column":null}},"363":{"start":{"line":935,"column":96},"end":{"line":951,"column":12}},"364":{"start":{"line":936,"column":12},"end":{"line":938,"column":null}},"365":{"start":{"line":937,"column":14},"end":{"line":937,"column":null}},"366":{"start":{"line":939,"column":66},"end":{"line":941,"column":null}},"367":{"start":{"line":942,"column":12},"end":{"line":946,"column":null}},"368":{"start":{"line":943,"column":14},"end":{"line":943,"column":null}},"369":{"start":{"line":945,"column":14},"end":{"line":945,"column":null}},"370":{"start":{"line":947,"column":12},"end":{"line":950,"column":null}},"371":{"start":{"line":952,"column":48},"end":{"line":954,"column":null}},"372":{"start":{"line":952,"column":73},"end":{"line":954,"column":12}},"373":{"start":{"line":953,"column":12},"end":{"line":953,"column":null}},"374":{"start":{"line":955,"column":39},"end":{"line":955,"column":null}},"375":{"start":{"line":956,"column":38},"end":{"line":958,"column":null}},"376":{"start":{"line":956,"column":63},"end":{"line":958,"column":12}},"377":{"start":{"line":957,"column":12},"end":{"line":957,"column":null}},"378":{"start":{"line":959,"column":38},"end":{"line":959,"column":null}},"379":{"start":{"line":960,"column":35},"end":{"line":960,"column":null}},"380":{"start":{"line":960,"column":60},"end":{"line":960,"column":106}},"381":{"start":{"line":960,"column":88},"end":{"line":960,"column":105}},"382":{"start":{"line":961,"column":35},"end":{"line":961,"column":null}},"383":{"start":{"line":962,"column":36},"end":{"line":962,"column":null}},"384":{"start":{"line":963,"column":45},"end":{"line":963,"column":null}},"385":{"start":{"line":963,"column":73},"end":{"line":963,"column":101}},"386":{"start":{"line":964,"column":45},"end":{"line":964,"column":null}},"387":{"start":{"line":964,"column":73},"end":{"line":964,"column":108}},"388":{"start":{"line":965,"column":47},"end":{"line":965,"column":null}},"389":{"start":{"line":965,"column":75},"end":{"line":965,"column":110}},"390":{"start":{"line":966,"column":70},"end":{"line":979,"column":null}},"391":{"start":{"line":967,"column":66},"end":{"line":969,"column":null}},"392":{"start":{"line":970,"column":12},"end":{"line":974,"column":null}},"393":{"start":{"line":971,"column":14},"end":{"line":971,"column":null}},"394":{"start":{"line":973,"column":14},"end":{"line":973,"column":null}},"395":{"start":{"line":975,"column":12},"end":{"line":978,"column":null}},"396":{"start":{"line":981,"column":33},"end":{"line":981,"column":null}},"397":{"start":{"line":993,"column":43},"end":{"line":993,"column":81}},"398":{"start":{"line":995,"column":40},"end":{"line":995,"column":null}},"399":{"start":{"line":996,"column":37},"end":{"line":1002,"column":null}},"400":{"start":{"line":997,"column":41},"end":{"line":997,"column":66}},"401":{"start":{"line":998,"column":47},"end":{"line":998,"column":85}},"402":{"start":{"line":999,"column":39},"end":{"line":1002,"column":20}},"403":{"start":{"line":1003,"column":39},"end":{"line":1006,"column":null}},"404":{"start":{"line":1003,"column":66},"end":{"line":1006,"column":18}},"405":{"start":{"line":1007,"column":32},"end":{"line":1007,"column":null}},"406":{"start":{"line":1008,"column":16},"end":{"line":1028,"column":null}},"407":{"start":{"line":1013,"column":30},"end":{"line":1013,"column":null}},"408":{"start":{"line":1014,"column":24},"end":{"line":1024,"column":null}},"409":{"start":{"line":1018,"column":43},"end":{"line":1018,"column":null}},"410":{"start":{"line":1036,"column":38},"end":{"line":1036,"column":null}},"411":{"start":{"line":1037,"column":35},"end":{"line":1042,"column":null}},"412":{"start":{"line":1038,"column":45},"end":{"line":1038,"column":83}},"413":{"start":{"line":1039,"column":33},"end":{"line":1042,"column":18}},"414":{"start":{"line":1043,"column":37},"end":{"line":1048,"column":null}},"415":{"start":{"line":1044,"column":39},"end":{"line":1044,"column":66}},"416":{"start":{"line":1045,"column":37},"end":{"line":1048,"column":18}},"417":{"start":{"line":1049,"column":30},"end":{"line":1049,"column":null}},"418":{"start":{"line":1050,"column":14},"end":{"line":1070,"column":null}},"419":{"start":{"line":1055,"column":28},"end":{"line":1055,"column":null}},"420":{"start":{"line":1056,"column":22},"end":{"line":1066,"column":null}},"421":{"start":{"line":1060,"column":41},"end":{"line":1060,"column":null}},"422":{"start":{"line":1088,"column":14},"end":{"line":1088,"column":null}}},"fnMap":{"0":{"name":"(anonymous_0)","decl":{"start":{"line":59,"column":32},"end":{"line":59,"column":33}},"loc":{"start":{"line":59,"column":107},"end":{"line":66,"column":null}},"line":59},"1":{"name":"(anonymous_1)","decl":{"start":{"line":62,"column":42},"end":{"line":62,"column":43}},"loc":{"start":{"line":62,"column":53},"end":{"line":62,"column":72}},"line":62},"2":{"name":"(anonymous_2)","decl":{"start":{"line":80,"column":15},"end":{"line":80,"column":16}},"loc":{"start":{"line":80,"column":50},"end":{"line":80,"column":null}},"line":80},"3":{"name":"(anonymous_3)","decl":{"start":{"line":82,"column":27},"end":{"line":82,"column":28}},"loc":{"start":{"line":82,"column":93},"end":{"line":90,"column":null}},"line":82},"4":{"name":"(anonymous_4)","decl":{"start":{"line":92,"column":42},"end":{"line":92,"column":null}},"loc":{"start":{"line":95,"column":36},"end":{"line":110,"column":null}},"line":95},"5":{"name":"(anonymous_5)","decl":{"start":{"line":112,"column":54},"end":{"line":112,"column":null}},"loc":{"start":{"line":115,"column":36},"end":{"line":129,"column":null}},"line":115},"6":{"name":"(anonymous_6)","decl":{"start":{"line":119,"column":14},"end":{"line":119,"column":15}},"loc":{"start":{"line":119,"column":31},"end":{"line":119,"column":108}},"line":119},"7":{"name":"(anonymous_7)","decl":{"start":{"line":120,"column":11},"end":{"line":120,"column":12}},"loc":{"start":{"line":120,"column":28},"end":{"line":120,"column":63}},"line":120},"8":{"name":"(anonymous_8)","decl":{"start":{"line":131,"column":37},"end":{"line":131,"column":38}},"loc":{"start":{"line":134,"column":5},"end":{"line":203,"column":null}},"line":134},"9":{"name":"(anonymous_9)","decl":{"start":{"line":135,"column":56},"end":{"line":135,"column":57}},"loc":{"start":{"line":135,"column":77},"end":{"line":145,"column":4}},"line":135},"10":{"name":"(anonymous_10)","decl":{"start":{"line":147,"column":47},"end":{"line":147,"column":48}},"loc":{"start":{"line":147,"column":60},"end":{"line":147,"column":86}},"line":147},"11":{"name":"(anonymous_11)","decl":{"start":{"line":149,"column":73},"end":{"line":149,"column":74}},"loc":{"start":{"line":149,"column":92},"end":{"line":162,"column":4}},"line":149},"12":{"name":"(anonymous_12)","decl":{"start":{"line":164,"column":64},"end":{"line":164,"column":65}},"loc":{"start":{"line":164,"column":75},"end":{"line":164,"column":104}},"line":164},"13":{"name":"(anonymous_13)","decl":{"start":{"line":166,"column":51},"end":{"line":166,"column":52}},"loc":{"start":{"line":166,"column":62},"end":{"line":197,"column":3}},"line":166},"14":{"name":"(anonymous_14)","decl":{"start":{"line":167,"column":52},"end":{"line":167,"column":53}},"loc":{"start":{"line":167,"column":62},"end":{"line":167,"column":100}},"line":167},"15":{"name":"(anonymous_15)","decl":{"start":{"line":169,"column":16},"end":{"line":169,"column":17}},"loc":{"start":{"line":169,"column":35},"end":{"line":169,"column":67}},"line":169},"16":{"name":"(anonymous_16)","decl":{"start":{"line":170,"column":11},"end":{"line":170,"column":12}},"loc":{"start":{"line":170,"column":21},"end":{"line":190,"column":7}},"line":170},"17":{"name":"(anonymous_17)","decl":{"start":{"line":195,"column":55},"end":{"line":195,"column":56}},"loc":{"start":{"line":195,"column":72},"end":{"line":195,"column":113}},"line":195},"18":{"name":"(anonymous_18)","decl":{"start":{"line":205,"column":37},"end":{"line":205,"column":null}},"loc":{"start":{"line":209,"column":37},"end":{"line":282,"column":null}},"line":209},"19":{"name":"(anonymous_19)","decl":{"start":{"line":210,"column":48},"end":{"line":210,"column":49}},"loc":{"start":{"line":210,"column":67},"end":{"line":210,"column":105}},"line":210},"20":{"name":"(anonymous_20)","decl":{"start":{"line":211,"column":51},"end":{"line":211,"column":52}},"loc":{"start":{"line":211,"column":62},"end":{"line":211,"column":91}},"line":211},"21":{"name":"(anonymous_21)","decl":{"start":{"line":212,"column":47},"end":{"line":212,"column":48}},"loc":{"start":{"line":212,"column":60},"end":{"line":212,"column":86}},"line":212},"22":{"name":"(anonymous_22)","decl":{"start":{"line":216,"column":29},"end":{"line":216,"column":null}},"loc":{"start":{"line":219,"column":63},"end":{"line":253,"column":null}},"line":219},"23":{"name":"(anonymous_23)","decl":{"start":{"line":257,"column":52},"end":{"line":257,"column":53}},"loc":{"start":{"line":257,"column":69},"end":{"line":257,"column":119}},"line":257},"24":{"name":"(anonymous_24)","decl":{"start":{"line":262,"column":29},"end":{"line":262,"column":30}},"loc":{"start":{"line":262,"column":41},"end":{"line":271,"column":6}},"line":262},"25":{"name":"(anonymous_25)","decl":{"start":{"line":272,"column":27},"end":{"line":272,"column":28}},"loc":{"start":{"line":272,"column":41},"end":{"line":279,"column":6}},"line":272},"26":{"name":"TournamentPresetsView","decl":{"start":{"line":284,"column":9},"end":{"line":284,"column":31}},"loc":{"start":{"line":284,"column":83},"end":{"line":1100,"column":null}},"line":284},"27":{"name":"(anonymous_27)","decl":{"start":{"line":327,"column":41},"end":{"line":327,"column":82}},"loc":{"start":{"line":327,"column":82},"end":{"line":336,"column":5}},"line":327},"28":{"name":"(anonymous_28)","decl":{"start":{"line":338,"column":50},"end":{"line":338,"column":51}},"loc":{"start":{"line":338,"column":94},"end":{"line":360,"column":5}},"line":338},"29":{"name":"(anonymous_29)","decl":{"start":{"line":362,"column":34},"end":{"line":362,"column":46}},"loc":{"start":{"line":362,"column":46},"end":{"line":374,"column":5}},"line":362},"30":{"name":"(anonymous_30)","decl":{"start":{"line":376,"column":12},"end":{"line":376,"column":18}},"loc":{"start":{"line":376,"column":18},"end":{"line":378,"column":5}},"line":376},"31":{"name":"(anonymous_31)","decl":{"start":{"line":380,"column":12},"end":{"line":380,"column":18}},"loc":{"start":{"line":380,"column":18},"end":{"line":383,"column":5}},"line":380},"32":{"name":"(anonymous_32)","decl":{"start":{"line":386,"column":4},"end":{"line":386,"column":10}},"loc":{"start":{"line":386,"column":10},"end":{"line":386,"column":null}},"line":386},"33":{"name":"(anonymous_33)","decl":{"start":{"line":386,"column":28},"end":{"line":386,"column":29}},"loc":{"start":{"line":386,"column":47},"end":{"line":386,"column":94}},"line":386},"34":{"name":"(anonymous_34)","decl":{"start":{"line":390,"column":34},"end":{"line":390,"column":40}},"loc":{"start":{"line":390,"column":40},"end":{"line":405,"column":5}},"line":390},"35":{"name":"(anonymous_35)","decl":{"start":{"line":407,"column":20},"end":{"line":407,"column":26}},"loc":{"start":{"line":407,"column":26},"end":{"line":414,"column":null}},"line":407},"36":{"name":"(anonymous_36)","decl":{"start":{"line":416,"column":23},"end":{"line":416,"column":84}},"loc":{"start":{"line":416,"column":84},"end":{"line":443,"column":null}},"line":416},"37":{"name":"(anonymous_37)","decl":{"start":{"line":445,"column":27},"end":{"line":445,"column":39}},"loc":{"start":{"line":445,"column":39},"end":{"line":493,"column":null}},"line":445},"38":{"name":"(anonymous_38)","decl":{"start":{"line":495,"column":27},"end":{"line":495,"column":28}},"loc":{"start":{"line":495,"column":54},"end":{"line":513,"column":null}},"line":495},"39":{"name":"(anonymous_39)","decl":{"start":{"line":510,"column":45},"end":{"line":510,"column":51}},"loc":{"start":{"line":510,"column":51},"end":{"line":512,"column":5}},"line":510},"40":{"name":"(anonymous_40)","decl":{"start":{"line":515,"column":12},"end":{"line":515,"column":18}},"loc":{"start":{"line":515,"column":18},"end":{"line":523,"column":5}},"line":515},"41":{"name":"(anonymous_41)","decl":{"start":{"line":519,"column":40},"end":{"line":519,"column":41}},"loc":{"start":{"line":519,"column":52},"end":{"line":519,"column":80}},"line":519},"42":{"name":"(anonymous_42)","decl":{"start":{"line":525,"column":29},"end":{"line":525,"column":36}},"loc":{"start":{"line":525,"column":57},"end":{"line":542,"column":null}},"line":525},"43":{"name":"(anonymous_43)","decl":{"start":{"line":544,"column":26},"end":{"line":544,"column":27}},"loc":{"start":{"line":544,"column":101},"end":{"line":546,"column":null}},"line":544},"44":{"name":"(anonymous_44)","decl":{"start":{"line":545,"column":18},"end":{"line":545,"column":19}},"loc":{"start":{"line":545,"column":31},"end":{"line":545,"column":102}},"line":545},"45":{"name":"(anonymous_45)","decl":{"start":{"line":545,"column":43},"end":{"line":545,"column":44}},"loc":{"start":{"line":545,"column":55},"end":{"line":545,"column":101}},"line":545},"46":{"name":"(anonymous_46)","decl":{"start":{"line":548,"column":43},"end":{"line":548,"column":null}},"loc":{"start":{"line":552,"column":7},"end":{"line":560,"column":null}},"line":552},"47":{"name":"(anonymous_47)","decl":{"start":{"line":553,"column":29},"end":{"line":553,"column":30}},"loc":{"start":{"line":553,"column":40},"end":{"line":559,"column":5}},"line":553},"48":{"name":"(anonymous_48)","decl":{"start":{"line":554,"column":77},"end":{"line":554,"column":78}},"loc":{"start":{"line":554,"column":87},"end":{"line":554,"column":113}},"line":554},"49":{"name":"(anonymous_49)","decl":{"start":{"line":557,"column":78},"end":{"line":557,"column":79}},"loc":{"start":{"line":557,"column":88},"end":{"line":557,"column":111}},"line":557},"50":{"name":"(anonymous_50)","decl":{"start":{"line":562,"column":38},"end":{"line":562,"column":39}},"loc":{"start":{"line":562,"column":82},"end":{"line":564,"column":null}},"line":562},"51":{"name":"(anonymous_51)","decl":{"start":{"line":563,"column":30},"end":{"line":563,"column":31}},"loc":{"start":{"line":563,"column":44},"end":{"line":563,"column":67}},"line":563},"52":{"name":"(anonymous_52)","decl":{"start":{"line":566,"column":37},"end":{"line":566,"column":38}},"loc":{"start":{"line":566,"column":101},"end":{"line":578,"column":null}},"line":566},"53":{"name":"(anonymous_53)","decl":{"start":{"line":580,"column":39},"end":{"line":580,"column":40}},"loc":{"start":{"line":580,"column":101},"end":{"line":592,"column":null}},"line":580},"54":{"name":"(anonymous_54)","decl":{"start":{"line":594,"column":36},"end":{"line":594,"column":37}},"loc":{"start":{"line":594,"column":76},"end":{"line":596,"column":null}},"line":594},"55":{"name":"(anonymous_55)","decl":{"start":{"line":595,"column":29},"end":{"line":595,"column":30}},"loc":{"start":{"line":595,"column":42},"end":{"line":595,"column":88}},"line":595},"56":{"name":"(anonymous_56)","decl":{"start":{"line":598,"column":38},"end":{"line":598,"column":39}},"loc":{"start":{"line":598,"column":80},"end":{"line":602,"column":null}},"line":598},"57":{"name":"(anonymous_57)","decl":{"start":{"line":599,"column":16},"end":{"line":599,"column":17}},"loc":{"start":{"line":599,"column":29},"end":{"line":601,"column":6}},"line":599},"58":{"name":"(anonymous_58)","decl":{"start":{"line":599,"column":41},"end":{"line":599,"column":42}},"loc":{"start":{"line":600,"column":6},"end":{"line":600,"column":null}},"line":600},"59":{"name":"(anonymous_59)","decl":{"start":{"line":604,"column":29},"end":{"line":604,"column":41}},"loc":{"start":{"line":604,"column":41},"end":{"line":635,"column":null}},"line":604},"60":{"name":"(anonymous_60)","decl":{"start":{"line":606,"column":18},"end":{"line":606,"column":19}},"loc":{"start":{"line":606,"column":31},"end":{"line":621,"column":6}},"line":606},"61":{"name":"(anonymous_61)","decl":{"start":{"line":637,"column":27},"end":{"line":637,"column":33}},"loc":{"start":{"line":637,"column":33},"end":{"line":660,"column":null}},"line":637},"62":{"name":"(anonymous_62)","decl":{"start":{"line":639,"column":16},"end":{"line":639,"column":17}},"loc":{"start":{"line":639,"column":29},"end":{"line":651,"column":6}},"line":639},"63":{"name":"(anonymous_63)","decl":{"start":{"line":662,"column":33},"end":{"line":662,"column":39}},"loc":{"start":{"line":662,"column":39},"end":{"line":738,"column":5}},"line":662},"64":{"name":"(anonymous_64)","decl":{"start":{"line":671,"column":27},"end":{"line":671,"column":28}},"loc":{"start":{"line":672,"column":10},"end":{"line":734,"column":null}},"line":672},"65":{"name":"(anonymous_65)","decl":{"start":{"line":710,"column":25},"end":{"line":710,"column":31}},"loc":{"start":{"line":710,"column":31},"end":{"line":718,"column":null}},"line":710},"66":{"name":"(anonymous_66)","decl":{"start":{"line":725,"column":25},"end":{"line":725,"column":31}},"loc":{"start":{"line":725,"column":31},"end":{"line":727,"column":null}},"line":725},"67":{"name":"(anonymous_67)","decl":{"start":{"line":787,"column":24},"end":{"line":787,"column":25}},"loc":{"start":{"line":787,"column":36},"end":{"line":787,"column":null}},"line":787},"68":{"name":"(anonymous_68)","decl":{"start":{"line":787,"column":49},"end":{"line":787,"column":50}},"loc":{"start":{"line":787,"column":63},"end":{"line":787,"column":105}},"line":787},"69":{"name":"(anonymous_69)","decl":{"start":{"line":795,"column":24},"end":{"line":795,"column":25}},"loc":{"start":{"line":795,"column":36},"end":{"line":805,"column":null}},"line":795},"70":{"name":"(anonymous_70)","decl":{"start":{"line":799,"column":29},"end":{"line":799,"column":30}},"loc":{"start":{"line":799,"column":43},"end":{"line":803,"column":18}},"line":799},"71":{"name":"(anonymous_71)","decl":{"start":{"line":819,"column":24},"end":{"line":819,"column":25}},"loc":{"start":{"line":819,"column":36},"end":{"line":819,"column":null}},"line":819},"72":{"name":"(anonymous_72)","decl":{"start":{"line":819,"column":49},"end":{"line":819,"column":50}},"loc":{"start":{"line":819,"column":63},"end":{"line":819,"column":118}},"line":819},"73":{"name":"(anonymous_73)","decl":{"start":{"line":829,"column":24},"end":{"line":829,"column":25}},"loc":{"start":{"line":829,"column":36},"end":{"line":829,"column":null}},"line":829},"74":{"name":"(anonymous_74)","decl":{"start":{"line":829,"column":49},"end":{"line":829,"column":50}},"loc":{"start":{"line":829,"column":63},"end":{"line":829,"column":112}},"line":829},"75":{"name":"(anonymous_75)","decl":{"start":{"line":837,"column":24},"end":{"line":837,"column":25}},"loc":{"start":{"line":837,"column":36},"end":{"line":837,"column":null}},"line":837},"76":{"name":"(anonymous_76)","decl":{"start":{"line":837,"column":49},"end":{"line":837,"column":50}},"loc":{"start":{"line":837,"column":63},"end":{"line":837,"column":127}},"line":837},"77":{"name":"(anonymous_77)","decl":{"start":{"line":857,"column":28},"end":{"line":857,"column":34}},"loc":{"start":{"line":857,"column":34},"end":{"line":857,"column":null}},"line":857},"78":{"name":"(anonymous_78)","decl":{"start":{"line":858,"column":35},"end":{"line":858,"column":36}},"loc":{"start":{"line":858,"column":50},"end":{"line":858,"column":null}},"line":858},"79":{"name":"(anonymous_79)","decl":{"start":{"line":858,"column":70},"end":{"line":858,"column":71}},"loc":{"start":{"line":858,"column":82},"end":{"line":858,"column":115}},"line":858},"80":{"name":"(anonymous_80)","decl":{"start":{"line":859,"column":33},"end":{"line":859,"column":34}},"loc":{"start":{"line":859,"column":48},"end":{"line":859,"column":null}},"line":859},"81":{"name":"(anonymous_81)","decl":{"start":{"line":859,"column":68},"end":{"line":859,"column":69}},"loc":{"start":{"line":859,"column":80},"end":{"line":859,"column":106}},"line":859},"82":{"name":"(anonymous_82)","decl":{"start":{"line":860,"column":38},"end":{"line":860,"column":39}},"loc":{"start":{"line":860,"column":53},"end":{"line":860,"column":null}},"line":860},"83":{"name":"(anonymous_83)","decl":{"start":{"line":860,"column":73},"end":{"line":860,"column":74}},"loc":{"start":{"line":860,"column":85},"end":{"line":860,"column":116}},"line":860},"84":{"name":"(anonymous_84)","decl":{"start":{"line":861,"column":43},"end":{"line":861,"column":44}},"loc":{"start":{"line":861,"column":58},"end":{"line":865,"column":null}},"line":861},"85":{"name":"(anonymous_85)","decl":{"start":{"line":861,"column":78},"end":{"line":861,"column":79}},"loc":{"start":{"line":861,"column":90},"end":{"line":865,"column":12}},"line":861},"86":{"name":"(anonymous_86)","decl":{"start":{"line":866,"column":41},"end":{"line":866,"column":42}},"loc":{"start":{"line":866,"column":56},"end":{"line":866,"column":null}},"line":866},"87":{"name":"(anonymous_87)","decl":{"start":{"line":866,"column":76},"end":{"line":866,"column":77}},"loc":{"start":{"line":866,"column":88},"end":{"line":866,"column":122}},"line":866},"88":{"name":"(anonymous_88)","decl":{"start":{"line":867,"column":40},"end":{"line":867,"column":41}},"loc":{"start":{"line":867,"column":55},"end":{"line":874,"column":null}},"line":867},"89":{"name":"(anonymous_89)","decl":{"start":{"line":867,"column":75},"end":{"line":867,"column":76}},"loc":{"start":{"line":867,"column":86},"end":{"line":874,"column":11}},"line":867},"90":{"name":"(anonymous_90)","decl":{"start":{"line":875,"column":42},"end":{"line":875,"column":43}},"loc":{"start":{"line":875,"column":57},"end":{"line":875,"column":null}},"line":875},"91":{"name":"(anonymous_91)","decl":{"start":{"line":875,"column":77},"end":{"line":875,"column":78}},"loc":{"start":{"line":875,"column":89},"end":{"line":875,"column":133}},"line":875},"92":{"name":"(anonymous_92)","decl":{"start":{"line":878,"column":38},"end":{"line":878,"column":44}},"loc":{"start":{"line":878,"column":44},"end":{"line":878,"column":null}},"line":878},"93":{"name":"(anonymous_93)","decl":{"start":{"line":879,"column":27},"end":{"line":879,"column":28}},"loc":{"start":{"line":879,"column":38},"end":{"line":879,"column":null}},"line":879},"94":{"name":"(anonymous_94)","decl":{"start":{"line":879,"column":64},"end":{"line":879,"column":70}},"loc":{"start":{"line":879,"column":70},"end":{"line":879,"column":75}},"line":879},"95":{"name":"(anonymous_95)","decl":{"start":{"line":880,"column":29},"end":{"line":880,"column":30}},"loc":{"start":{"line":880,"column":37},"end":{"line":880,"column":null}},"line":880},"96":{"name":"(anonymous_96)","decl":{"start":{"line":880,"column":51},"end":{"line":880,"column":52}},"loc":{"start":{"line":880,"column":64},"end":{"line":880,"column":106}},"line":880},"97":{"name":"(anonymous_97)","decl":{"start":{"line":880,"column":79},"end":{"line":880,"column":80}},"loc":{"start":{"line":880,"column":90},"end":{"line":880,"column":105}},"line":880},"98":{"name":"(anonymous_98)","decl":{"start":{"line":881,"column":31},"end":{"line":881,"column":37}},"loc":{"start":{"line":881,"column":37},"end":{"line":881,"column":null}},"line":881},"99":{"name":"(anonymous_99)","decl":{"start":{"line":882,"column":32},"end":{"line":882,"column":38}},"loc":{"start":{"line":882,"column":38},"end":{"line":882,"column":null}},"line":882},"100":{"name":"(anonymous_100)","decl":{"start":{"line":883,"column":43},"end":{"line":883,"column":44}},"loc":{"start":{"line":883,"column":54},"end":{"line":883,"column":null}},"line":883},"101":{"name":"(anonymous_101)","decl":{"start":{"line":883,"column":70},"end":{"line":883,"column":71}},"loc":{"start":{"line":883,"column":84},"end":{"line":883,"column":119}},"line":883},"102":{"name":"(anonymous_102)","decl":{"start":{"line":884,"column":36},"end":{"line":884,"column":37}},"loc":{"start":{"line":884,"column":47},"end":{"line":884,"column":null}},"line":884},"103":{"name":"(anonymous_103)","decl":{"start":{"line":884,"column":63},"end":{"line":884,"column":64}},"loc":{"start":{"line":884,"column":77},"end":{"line":884,"column":105}},"line":884},"104":{"name":"(anonymous_104)","decl":{"start":{"line":885,"column":41},"end":{"line":885,"column":42}},"loc":{"start":{"line":885,"column":52},"end":{"line":885,"column":null}},"line":885},"105":{"name":"(anonymous_105)","decl":{"start":{"line":885,"column":68},"end":{"line":885,"column":69}},"loc":{"start":{"line":885,"column":82},"end":{"line":885,"column":115}},"line":885},"106":{"name":"(anonymous_106)","decl":{"start":{"line":886,"column":46},"end":{"line":886,"column":47}},"loc":{"start":{"line":886,"column":57},"end":{"line":890,"column":null}},"line":886},"107":{"name":"(anonymous_107)","decl":{"start":{"line":886,"column":73},"end":{"line":886,"column":74}},"loc":{"start":{"line":886,"column":87},"end":{"line":890,"column":12}},"line":886},"108":{"name":"(anonymous_108)","decl":{"start":{"line":891,"column":44},"end":{"line":891,"column":45}},"loc":{"start":{"line":891,"column":55},"end":{"line":891,"column":null}},"line":891},"109":{"name":"(anonymous_109)","decl":{"start":{"line":891,"column":71},"end":{"line":891,"column":72}},"loc":{"start":{"line":891,"column":85},"end":{"line":891,"column":121}},"line":891},"110":{"name":"(anonymous_110)","decl":{"start":{"line":892,"column":43},"end":{"line":892,"column":44}},"loc":{"start":{"line":892,"column":54},"end":{"line":899,"column":null}},"line":892},"111":{"name":"(anonymous_111)","decl":{"start":{"line":892,"column":70},"end":{"line":892,"column":71}},"loc":{"start":{"line":892,"column":83},"end":{"line":899,"column":11}},"line":892},"112":{"name":"(anonymous_112)","decl":{"start":{"line":900,"column":45},"end":{"line":900,"column":46}},"loc":{"start":{"line":900,"column":56},"end":{"line":900,"column":null}},"line":900},"113":{"name":"(anonymous_113)","decl":{"start":{"line":900,"column":72},"end":{"line":900,"column":73}},"loc":{"start":{"line":900,"column":86},"end":{"line":900,"column":132}},"line":900},"114":{"name":"(anonymous_114)","decl":{"start":{"line":901,"column":50},"end":{"line":901,"column":51}},"loc":{"start":{"line":901,"column":77},"end":{"line":909,"column":null}},"line":901},"115":{"name":"(anonymous_115)","decl":{"start":{"line":902,"column":28},"end":{"line":902,"column":29}},"loc":{"start":{"line":902,"column":41},"end":{"line":908,"column":13}},"line":902},"116":{"name":"(anonymous_116)","decl":{"start":{"line":903,"column":82},"end":{"line":903,"column":83}},"loc":{"start":{"line":903,"column":92},"end":{"line":903,"column":118}},"line":903},"117":{"name":"(anonymous_117)","decl":{"start":{"line":911,"column":26},"end":{"line":911,"column":27}},"loc":{"start":{"line":911,"column":33},"end":{"line":911,"column":null}},"line":911},"118":{"name":"(anonymous_118)","decl":{"start":{"line":927,"column":26},"end":{"line":927,"column":32}},"loc":{"start":{"line":927,"column":32},"end":{"line":927,"column":null}},"line":927},"119":{"name":"(anonymous_119)","decl":{"start":{"line":928,"column":31},"end":{"line":928,"column":32}},"loc":{"start":{"line":928,"column":46},"end":{"line":930,"column":null}},"line":928},"120":{"name":"(anonymous_120)","decl":{"start":{"line":928,"column":58},"end":{"line":928,"column":59}},"loc":{"start":{"line":928,"column":71},"end":{"line":930,"column":12}},"line":928},"121":{"name":"(anonymous_121)","decl":{"start":{"line":928,"column":83},"end":{"line":928,"column":84}},"loc":{"start":{"line":929,"column":12},"end":{"line":929,"column":null}},"line":929},"122":{"name":"(anonymous_122)","decl":{"start":{"line":931,"column":31},"end":{"line":931,"column":37}},"loc":{"start":{"line":931,"column":37},"end":{"line":931,"column":null}},"line":931},"123":{"name":"(anonymous_123)","decl":{"start":{"line":932,"column":33},"end":{"line":932,"column":34}},"loc":{"start":{"line":932,"column":48},"end":{"line":934,"column":null}},"line":932},"124":{"name":"(anonymous_124)","decl":{"start":{"line":932,"column":60},"end":{"line":932,"column":61}},"loc":{"start":{"line":932,"column":73},"end":{"line":934,"column":12}},"line":932},"125":{"name":"(anonymous_125)","decl":{"start":{"line":932,"column":85},"end":{"line":932,"column":86}},"loc":{"start":{"line":933,"column":12},"end":{"line":933,"column":null}},"line":933},"126":{"name":"(anonymous_126)","decl":{"start":{"line":935,"column":43},"end":{"line":935,"column":44}},"loc":{"start":{"line":935,"column":71},"end":{"line":951,"column":null}},"line":935},"127":{"name":"(anonymous_127)","decl":{"start":{"line":935,"column":83},"end":{"line":935,"column":84}},"loc":{"start":{"line":935,"column":96},"end":{"line":951,"column":12}},"line":935},"128":{"name":"(anonymous_128)","decl":{"start":{"line":935,"column":108},"end":{"line":935,"column":109}},"loc":{"start":{"line":935,"column":121},"end":{"line":951,"column":11}},"line":935},"129":{"name":"(anonymous_129)","decl":{"start":{"line":952,"column":33},"end":{"line":952,"column":34}},"loc":{"start":{"line":952,"column":48},"end":{"line":954,"column":null}},"line":952},"130":{"name":"(anonymous_130)","decl":{"start":{"line":952,"column":60},"end":{"line":952,"column":61}},"loc":{"start":{"line":952,"column":73},"end":{"line":954,"column":12}},"line":952},"131":{"name":"(anonymous_131)","decl":{"start":{"line":952,"column":85},"end":{"line":952,"column":86}},"loc":{"start":{"line":953,"column":12},"end":{"line":953,"column":null}},"line":953},"132":{"name":"(anonymous_132)","decl":{"start":{"line":955,"column":33},"end":{"line":955,"column":39}},"loc":{"start":{"line":955,"column":39},"end":{"line":955,"column":null}},"line":955},"133":{"name":"(anonymous_133)","decl":{"start":{"line":956,"column":25},"end":{"line":956,"column":26}},"loc":{"start":{"line":956,"column":38},"end":{"line":958,"column":null}},"line":956},"134":{"name":"(anonymous_134)","decl":{"start":{"line":956,"column":50},"end":{"line":956,"column":51}},"loc":{"start":{"line":956,"column":63},"end":{"line":958,"column":12}},"line":956},"135":{"name":"(anonymous_135)","decl":{"start":{"line":956,"column":75},"end":{"line":956,"column":76}},"loc":{"start":{"line":957,"column":12},"end":{"line":957,"column":null}},"line":957},"136":{"name":"(anonymous_136)","decl":{"start":{"line":959,"column":32},"end":{"line":959,"column":38}},"loc":{"start":{"line":959,"column":38},"end":{"line":959,"column":null}},"line":959},"137":{"name":"(anonymous_137)","decl":{"start":{"line":960,"column":27},"end":{"line":960,"column":28}},"loc":{"start":{"line":960,"column":35},"end":{"line":960,"column":null}},"line":960},"138":{"name":"(anonymous_138)","decl":{"start":{"line":960,"column":47},"end":{"line":960,"column":48}},"loc":{"start":{"line":960,"column":60},"end":{"line":960,"column":106}},"line":960},"139":{"name":"(anonymous_139)","decl":{"start":{"line":960,"column":75},"end":{"line":960,"column":76}},"loc":{"start":{"line":960,"column":88},"end":{"line":960,"column":105}},"line":960},"140":{"name":"(anonymous_140)","decl":{"start":{"line":961,"column":29},"end":{"line":961,"column":35}},"loc":{"start":{"line":961,"column":35},"end":{"line":961,"column":null}},"line":961},"141":{"name":"(anonymous_141)","decl":{"start":{"line":962,"column":30},"end":{"line":962,"column":36}},"loc":{"start":{"line":962,"column":36},"end":{"line":962,"column":null}},"line":962},"142":{"name":"(anonymous_142)","decl":{"start":{"line":963,"column":34},"end":{"line":963,"column":35}},"loc":{"start":{"line":963,"column":45},"end":{"line":963,"column":null}},"line":963},"143":{"name":"(anonymous_143)","decl":{"start":{"line":963,"column":59},"end":{"line":963,"column":60}},"loc":{"start":{"line":963,"column":73},"end":{"line":963,"column":101}},"line":963},"144":{"name":"(anonymous_144)","decl":{"start":{"line":964,"column":34},"end":{"line":964,"column":35}},"loc":{"start":{"line":964,"column":45},"end":{"line":964,"column":null}},"line":964},"145":{"name":"(anonymous_145)","decl":{"start":{"line":964,"column":59},"end":{"line":964,"column":60}},"loc":{"start":{"line":964,"column":73},"end":{"line":964,"column":108}},"line":964},"146":{"name":"(anonymous_146)","decl":{"start":{"line":965,"column":36},"end":{"line":965,"column":37}},"loc":{"start":{"line":965,"column":47},"end":{"line":965,"column":null}},"line":965},"147":{"name":"(anonymous_147)","decl":{"start":{"line":965,"column":61},"end":{"line":965,"column":62}},"loc":{"start":{"line":965,"column":75},"end":{"line":965,"column":110}},"line":965},"148":{"name":"(anonymous_148)","decl":{"start":{"line":966,"column":46},"end":{"line":966,"column":47}},"loc":{"start":{"line":966,"column":70},"end":{"line":979,"column":null}},"line":966},"149":{"name":"(anonymous_149)","decl":{"start":{"line":966,"column":84},"end":{"line":966,"column":85}},"loc":{"start":{"line":966,"column":97},"end":{"line":979,"column":11}},"line":966},"150":{"name":"(anonymous_150)","decl":{"start":{"line":981,"column":26},"end":{"line":981,"column":27}},"loc":{"start":{"line":981,"column":33},"end":{"line":981,"column":null}},"line":981},"151":{"name":"(anonymous_151)","decl":{"start":{"line":993,"column":24},"end":{"line":993,"column":25}},"loc":{"start":{"line":993,"column":43},"end":{"line":993,"column":81}},"line":993},"152":{"name":"(anonymous_152)","decl":{"start":{"line":994,"column":19},"end":{"line":994,"column":20}},"loc":{"start":{"line":994,"column":30},"end":{"line":1030,"column":15}},"line":994},"153":{"name":"(anonymous_153)","decl":{"start":{"line":997,"column":26},"end":{"line":997,"column":27}},"loc":{"start":{"line":997,"column":41},"end":{"line":997,"column":66}},"line":997},"154":{"name":"(anonymous_154)","decl":{"start":{"line":998,"column":28},"end":{"line":998,"column":29}},"loc":{"start":{"line":998,"column":47},"end":{"line":998,"column":85}},"line":998},"155":{"name":"(anonymous_155)","decl":{"start":{"line":999,"column":23},"end":{"line":999,"column":24}},"loc":{"start":{"line":999,"column":39},"end":{"line":1002,"column":20}},"line":999},"156":{"name":"(anonymous_156)","decl":{"start":{"line":1003,"column":52},"end":{"line":1003,"column":53}},"loc":{"start":{"line":1003,"column":66},"end":{"line":1006,"column":18}},"line":1003},"157":{"name":"(anonymous_157)","decl":{"start":{"line":1012,"column":35},"end":{"line":1012,"column":36}},"loc":{"start":{"line":1012,"column":47},"end":{"line":1026,"column":23}},"line":1012},"158":{"name":"(anonymous_158)","decl":{"start":{"line":1018,"column":37},"end":{"line":1018,"column":43}},"loc":{"start":{"line":1018,"column":43},"end":{"line":1018,"column":null}},"line":1018},"159":{"name":"(anonymous_159)","decl":{"start":{"line":1035,"column":26},"end":{"line":1035,"column":27}},"loc":{"start":{"line":1035,"column":39},"end":{"line":1072,"column":13}},"line":1035},"160":{"name":"(anonymous_160)","decl":{"start":{"line":1038,"column":26},"end":{"line":1038,"column":27}},"loc":{"start":{"line":1038,"column":45},"end":{"line":1038,"column":83}},"line":1038},"161":{"name":"(anonymous_161)","decl":{"start":{"line":1039,"column":21},"end":{"line":1039,"column":22}},"loc":{"start":{"line":1039,"column":33},"end":{"line":1042,"column":18}},"line":1039},"162":{"name":"(anonymous_162)","decl":{"start":{"line":1044,"column":24},"end":{"line":1044,"column":25}},"loc":{"start":{"line":1044,"column":39},"end":{"line":1044,"column":66}},"line":1044},"163":{"name":"(anonymous_163)","decl":{"start":{"line":1045,"column":21},"end":{"line":1045,"column":22}},"loc":{"start":{"line":1045,"column":37},"end":{"line":1048,"column":18}},"line":1045},"164":{"name":"(anonymous_164)","decl":{"start":{"line":1054,"column":33},"end":{"line":1054,"column":34}},"loc":{"start":{"line":1054,"column":45},"end":{"line":1068,"column":21}},"line":1054},"165":{"name":"(anonymous_165)","decl":{"start":{"line":1060,"column":35},"end":{"line":1060,"column":41}},"loc":{"start":{"line":1060,"column":41},"end":{"line":1060,"column":null}},"line":1060},"166":{"name":"(anonymous_166)","decl":{"start":{"line":1087,"column":21},"end":{"line":1087,"column":27}},"loc":{"start":{"line":1087,"column":27},"end":{"line":1089,"column":null}},"line":1087}},"branchMap":{"0":{"loc":{"start":{"line":60,"column":24},"end":{"line":60,"column":null}},"type":"binary-expr","locations":[{"start":{"line":60,"column":24},"end":{"line":60,"column":34}},{"start":{"line":60,"column":34},"end":{"line":60,"column":null}}],"line":60},"1":{"loc":{"start":{"line":61,"column":2},"end":{"line":64,"column":null}},"type":"if","locations":[{"start":{"line":61,"column":2},"end":{"line":64,"column":null}},{"start":{},"end":{}}],"line":61},"2":{"loc":{"start":{"line":63,"column":11},"end":{"line":63,"column":null}},"type":"cond-expr","locations":[{"start":{"line":63,"column":33},"end":{"line":63,"column":44}},{"start":{"line":63,"column":44},"end":{"line":63,"column":null}}],"line":63},"3":{"loc":{"start":{"line":83,"column":2},"end":{"line":85,"column":null}},"type":"if","locations":[{"start":{"line":83,"column":2},"end":{"line":85,"column":null}},{"start":{},"end":{}}],"line":83},"4":{"loc":{"start":{"line":86,"column":2},"end":{"line":88,"column":null}},"type":"if","locations":[{"start":{"line":86,"column":2},"end":{"line":88,"column":null}},{"start":{},"end":{}}],"line":86},"5":{"loc":{"start":{"line":96,"column":23},"end":{"line":96,"column":null}},"type":"binary-expr","locations":[{"start":{"line":96,"column":23},"end":{"line":96,"column":52}},{"start":{"line":96,"column":52},"end":{"line":96,"column":null}}],"line":96},"6":{"loc":{"start":{"line":97,"column":2},"end":{"line":99,"column":null}},"type":"if","locations":[{"start":{"line":97,"column":2},"end":{"line":99,"column":null}},{"start":{},"end":{}}],"line":97},"7":{"loc":{"start":{"line":103,"column":4},"end":{"line":107,"column":null}},"type":"if","locations":[{"start":{"line":103,"column":4},"end":{"line":107,"column":null}},{"start":{"line":105,"column":11},"end":{"line":107,"column":null}}],"line":103},"8":{"loc":{"start":{"line":103,"column":8},"end":{"line":103,"column":60}},"type":"binary-expr","locations":[{"start":{"line":103,"column":8},"end":{"line":103,"column":42}},{"start":{"line":103,"column":42},"end":{"line":103,"column":60}}],"line":103},"9":{"loc":{"start":{"line":116,"column":35},"end":{"line":116,"column":null}},"type":"cond-expr","locations":[{"start":{"line":116,"column":69},"end":{"line":116,"column":99}},{"start":{"line":116,"column":99},"end":{"line":116,"column":null}}],"line":116},"10":{"loc":{"start":{"line":118,"column":5},"end":{"line":118,"column":null}},"type":"binary-expr","locations":[{"start":{"line":118,"column":5},"end":{"line":118,"column":28}},{"start":{"line":118,"column":28},"end":{"line":118,"column":null}}],"line":118},"11":{"loc":{"start":{"line":119,"column":31},"end":{"line":119,"column":108}},"type":"binary-expr","locations":[{"start":{"line":119,"column":31},"end":{"line":119,"column":60}},{"start":{"line":119,"column":60},"end":{"line":119,"column":108}}],"line":119},"12":{"loc":{"start":{"line":125,"column":20},"end":{"line":125,"column":103}},"type":"binary-expr","locations":[{"start":{"line":125,"column":20},"end":{"line":125,"column":60}},{"start":{"line":125,"column":60},"end":{"line":125,"column":103}}],"line":125},"13":{"loc":{"start":{"line":141,"column":8},"end":{"line":141,"column":null}},"type":"cond-expr","locations":[{"start":{"line":141,"column":36},"end":{"line":141,"column":87}},{"start":{"line":141,"column":87},"end":{"line":141,"column":null}}],"line":141},"14":{"loc":{"start":{"line":142,"column":8},"end":{"line":142,"column":null}},"type":"cond-expr","locations":[{"start":{"line":142,"column":33},"end":{"line":142,"column":78}},{"start":{"line":142,"column":78},"end":{"line":142,"column":null}}],"line":142},"15":{"loc":{"start":{"line":157,"column":8},"end":{"line":157,"column":null}},"type":"cond-expr","locations":[{"start":{"line":157,"column":31},"end":{"line":157,"column":74}},{"start":{"line":157,"column":74},"end":{"line":157,"column":null}}],"line":157},"16":{"loc":{"start":{"line":158,"column":8},"end":{"line":158,"column":null}},"type":"cond-expr","locations":[{"start":{"line":158,"column":31},"end":{"line":158,"column":74}},{"start":{"line":158,"column":74},"end":{"line":158,"column":null}}],"line":158},"17":{"loc":{"start":{"line":171,"column":8},"end":{"line":179,"column":null}},"type":"if","locations":[{"start":{"line":171,"column":8},"end":{"line":179,"column":null}},{"start":{},"end":{}}],"line":171},"18":{"loc":{"start":{"line":172,"column":28},"end":{"line":174,"column":null}},"type":"cond-expr","locations":[{"start":{"line":173,"column":14},"end":{"line":173,"column":null}},{"start":{"line":174,"column":14},"end":{"line":174,"column":null}}],"line":172},"19":{"loc":{"start":{"line":175,"column":10},"end":{"line":177,"column":null}},"type":"if","locations":[{"start":{"line":175,"column":10},"end":{"line":177,"column":null}},{"start":{},"end":{}}],"line":175},"20":{"loc":{"start":{"line":180,"column":8},"end":{"line":188,"column":null}},"type":"if","locations":[{"start":{"line":180,"column":8},"end":{"line":188,"column":null}},{"start":{},"end":{}}],"line":180},"21":{"loc":{"start":{"line":181,"column":30},"end":{"line":183,"column":null}},"type":"cond-expr","locations":[{"start":{"line":182,"column":14},"end":{"line":182,"column":null}},{"start":{"line":183,"column":14},"end":{"line":183,"column":null}}],"line":181},"22":{"loc":{"start":{"line":184,"column":10},"end":{"line":186,"column":null}},"type":"if","locations":[{"start":{"line":184,"column":10},"end":{"line":186,"column":null}},{"start":{},"end":{}}],"line":184},"23":{"loc":{"start":{"line":220,"column":4},"end":{"line":232,"column":null}},"type":"if","locations":[{"start":{"line":220,"column":4},"end":{"line":232,"column":null}},{"start":{},"end":{}}],"line":220},"24":{"loc":{"start":{"line":221,"column":37},"end":{"line":223,"column":null}},"type":"cond-expr","locations":[{"start":{"line":222,"column":10},"end":{"line":222,"column":null}},{"start":{"line":223,"column":10},"end":{"line":223,"column":null}}],"line":221},"25":{"loc":{"start":{"line":224,"column":6},"end":{"line":231,"column":null}},"type":"if","locations":[{"start":{"line":224,"column":6},"end":{"line":231,"column":null}},{"start":{},"end":{}}],"line":224},"26":{"loc":{"start":{"line":234,"column":4},"end":{"line":246,"column":null}},"type":"if","locations":[{"start":{"line":234,"column":4},"end":{"line":246,"column":null}},{"start":{},"end":{}}],"line":234},"27":{"loc":{"start":{"line":235,"column":37},"end":{"line":237,"column":null}},"type":"cond-expr","locations":[{"start":{"line":236,"column":10},"end":{"line":236,"column":null}},{"start":{"line":237,"column":10},"end":{"line":237,"column":null}}],"line":235},"28":{"loc":{"start":{"line":238,"column":6},"end":{"line":245,"column":null}},"type":"if","locations":[{"start":{"line":238,"column":6},"end":{"line":245,"column":null}},{"start":{},"end":{}}],"line":238},"29":{"loc":{"start":{"line":267,"column":10},"end":{"line":267,"column":null}},"type":"cond-expr","locations":[{"start":{"line":267,"column":33},"end":{"line":267,"column":76}},{"start":{"line":267,"column":76},"end":{"line":267,"column":null}}],"line":267},"30":{"loc":{"start":{"line":268,"column":11},"end":{"line":270,"column":null}},"type":"cond-expr","locations":[{"start":{"line":269,"column":10},"end":{"line":269,"column":null}},{"start":{"line":270,"column":10},"end":{"line":270,"column":null}}],"line":268},"31":{"loc":{"start":{"line":275,"column":10},"end":{"line":275,"column":null}},"type":"cond-expr","locations":[{"start":{"line":275,"column":38},"end":{"line":275,"column":89}},{"start":{"line":275,"column":89},"end":{"line":275,"column":null}}],"line":275},"32":{"loc":{"start":{"line":276,"column":11},"end":{"line":278,"column":null}},"type":"cond-expr","locations":[{"start":{"line":277,"column":10},"end":{"line":277,"column":null}},{"start":{"line":278,"column":10},"end":{"line":278,"column":null}}],"line":276},"33":{"loc":{"start":{"line":284,"column":33},"end":{"line":284,"column":47}},"type":"default-arg","locations":[{"start":{"line":284,"column":40},"end":{"line":284,"column":47}}],"line":284},"34":{"loc":{"start":{"line":320,"column":25},"end":{"line":322,"column":null}},"type":"cond-expr","locations":[{"start":{"line":321,"column":6},"end":{"line":321,"column":null}},{"start":{"line":322,"column":6},"end":{"line":322,"column":null}}],"line":320},"35":{"loc":{"start":{"line":328,"column":4},"end":{"line":330,"column":null}},"type":"if","locations":[{"start":{"line":328,"column":4},"end":{"line":330,"column":null}},{"start":{},"end":{}}],"line":328},"36":{"loc":{"start":{"line":328,"column":8},"end":{"line":328,"column":42}},"type":"binary-expr","locations":[{"start":{"line":328,"column":8},"end":{"line":328,"column":24}},{"start":{"line":328,"column":24},"end":{"line":328,"column":42}}],"line":328},"37":{"loc":{"start":{"line":370,"column":19},"end":{"line":370,"column":98}},"type":"cond-expr","locations":[{"start":{"line":370,"column":45},"end":{"line":370,"column":62}},{"start":{"line":370,"column":62},"end":{"line":370,"column":98}}],"line":370},"38":{"loc":{"start":{"line":391,"column":4},"end":{"line":393,"column":null}},"type":"if","locations":[{"start":{"line":391,"column":4},"end":{"line":393,"column":null}},{"start":{},"end":{}}],"line":391},"39":{"loc":{"start":{"line":397,"column":4},"end":{"line":399,"column":null}},"type":"if","locations":[{"start":{"line":397,"column":4},"end":{"line":399,"column":null}},{"start":{},"end":{}}],"line":397},"40":{"loc":{"start":{"line":397,"column":8},"end":{"line":397,"column":53}},"type":"binary-expr","locations":[{"start":{"line":397,"column":8},"end":{"line":397,"column":38}},{"start":{"line":397,"column":38},"end":{"line":397,"column":53}}],"line":397},"41":{"loc":{"start":{"line":420,"column":4},"end":{"line":423,"column":null}},"type":"if","locations":[{"start":{"line":420,"column":4},"end":{"line":423,"column":null}},{"start":{},"end":{}}],"line":420},"42":{"loc":{"start":{"line":424,"column":4},"end":{"line":427,"column":null}},"type":"if","locations":[{"start":{"line":424,"column":4},"end":{"line":427,"column":null}},{"start":{},"end":{}}],"line":424},"43":{"loc":{"start":{"line":424,"column":8},"end":{"line":424,"column":60}},"type":"binary-expr","locations":[{"start":{"line":424,"column":8},"end":{"line":424,"column":42}},{"start":{"line":424,"column":42},"end":{"line":424,"column":60}}],"line":424},"44":{"loc":{"start":{"line":428,"column":4},"end":{"line":431,"column":null}},"type":"if","locations":[{"start":{"line":428,"column":4},"end":{"line":431,"column":null}},{"start":{},"end":{}}],"line":428},"45":{"loc":{"start":{"line":428,"column":8},"end":{"line":428,"column":50}},"type":"binary-expr","locations":[{"start":{"line":428,"column":8},"end":{"line":428,"column":37}},{"start":{"line":428,"column":37},"end":{"line":428,"column":50}}],"line":428},"46":{"loc":{"start":{"line":432,"column":4},"end":{"line":435,"column":null}},"type":"if","locations":[{"start":{"line":432,"column":4},"end":{"line":435,"column":null}},{"start":{},"end":{}}],"line":432},"47":{"loc":{"start":{"line":436,"column":4},"end":{"line":439,"column":null}},"type":"if","locations":[{"start":{"line":436,"column":4},"end":{"line":439,"column":null}},{"start":{},"end":{}}],"line":436},"48":{"loc":{"start":{"line":447,"column":4},"end":{"line":449,"column":null}},"type":"if","locations":[{"start":{"line":447,"column":4},"end":{"line":449,"column":null}},{"start":{},"end":{}}],"line":447},"49":{"loc":{"start":{"line":456,"column":6},"end":{"line":484,"column":null}},"type":"if","locations":[{"start":{"line":456,"column":6},"end":{"line":484,"column":null}},{"start":{"line":468,"column":13},"end":{"line":484,"column":null}}],"line":456},"50":{"loc":{"start":{"line":480,"column":8},"end":{"line":483,"column":null}},"type":"if","locations":[{"start":{"line":480,"column":8},"end":{"line":483,"column":null}},{"start":{},"end":{}}],"line":480},"51":{"loc":{"start":{"line":480,"column":12},"end":{"line":480,"column":50}},"type":"binary-expr","locations":[{"start":{"line":480,"column":12},"end":{"line":480,"column":31}},{"start":{"line":480,"column":31},"end":{"line":480,"column":50}}],"line":480},"52":{"loc":{"start":{"line":489,"column":19},"end":{"line":489,"column":98}},"type":"cond-expr","locations":[{"start":{"line":489,"column":45},"end":{"line":489,"column":62}},{"start":{"line":489,"column":62},"end":{"line":489,"column":98}}],"line":489},"53":{"loc":{"start":{"line":496,"column":19},"end":{"line":496,"column":null}},"type":"binary-expr","locations":[{"start":{"line":496,"column":19},"end":{"line":496,"column":44}},{"start":{"line":496,"column":26},"end":{"line":496,"column":null}}],"line":496},"54":{"loc":{"start":{"line":516,"column":4},"end":{"line":518,"column":null}},"type":"if","locations":[{"start":{"line":516,"column":4},"end":{"line":518,"column":null}},{"start":{},"end":{}}],"line":516},"55":{"loc":{"start":{"line":516,"column":8},"end":{"line":516,"column":66}},"type":"binary-expr","locations":[{"start":{"line":516,"column":8},"end":{"line":516,"column":25}},{"start":{"line":516,"column":25},"end":{"line":516,"column":44}},{"start":{"line":516,"column":44},"end":{"line":516,"column":66}}],"line":516},"56":{"loc":{"start":{"line":520,"column":4},"end":{"line":522,"column":null}},"type":"if","locations":[{"start":{"line":520,"column":4},"end":{"line":522,"column":null}},{"start":{},"end":{}}],"line":520},"57":{"loc":{"start":{"line":526,"column":4},"end":{"line":528,"column":null}},"type":"if","locations":[{"start":{"line":526,"column":4},"end":{"line":528,"column":null}},{"start":{},"end":{}}],"line":526},"58":{"loc":{"start":{"line":534,"column":6},"end":{"line":536,"column":null}},"type":"if","locations":[{"start":{"line":534,"column":6},"end":{"line":536,"column":null}},{"start":{},"end":{}}],"line":534},"59":{"loc":{"start":{"line":538,"column":19},"end":{"line":538,"column":100}},"type":"cond-expr","locations":[{"start":{"line":538,"column":45},"end":{"line":538,"column":62}},{"start":{"line":538,"column":62},"end":{"line":538,"column":100}}],"line":538},"60":{"loc":{"start":{"line":545,"column":55},"end":{"line":545,"column":101}},"type":"cond-expr","locations":[{"start":{"line":545,"column":78},"end":{"line":545,"column":95}},{"start":{"line":545,"column":95},"end":{"line":545,"column":101}}],"line":545},"61":{"loc":{"start":{"line":572,"column":4},"end":{"line":576,"column":null}},"type":"if","locations":[{"start":{"line":572,"column":4},"end":{"line":576,"column":null}},{"start":{"line":574,"column":11},"end":{"line":576,"column":null}}],"line":572},"62":{"loc":{"start":{"line":586,"column":4},"end":{"line":590,"column":null}},"type":"if","locations":[{"start":{"line":586,"column":4},"end":{"line":590,"column":null}},{"start":{"line":588,"column":11},"end":{"line":590,"column":null}}],"line":586},"63":{"loc":{"start":{"line":600,"column":6},"end":{"line":600,"column":null}},"type":"cond-expr","locations":[{"start":{"line":600,"column":30},"end":{"line":600,"column":78}},{"start":{"line":600,"column":78},"end":{"line":600,"column":null}}],"line":600},"64":{"loc":{"start":{"line":614,"column":10},"end":{"line":614,"column":null}},"type":"cond-expr","locations":[{"start":{"line":614,"column":40},"end":{"line":614,"column":90}},{"start":{"line":614,"column":90},"end":{"line":614,"column":null}}],"line":614},"65":{"loc":{"start":{"line":615,"column":10},"end":{"line":617,"column":null}},"type":"cond-expr","locations":[{"start":{"line":616,"column":10},"end":{"line":616,"column":null}},{"start":{"line":617,"column":10},"end":{"line":617,"column":null}}],"line":615},"66":{"loc":{"start":{"line":615,"column":10},"end":{"line":615,"column":null}},"type":"binary-expr","locations":[{"start":{"line":615,"column":10},"end":{"line":615,"column":41}},{"start":{"line":615,"column":41},"end":{"line":615,"column":null}}],"line":615},"67":{"loc":{"start":{"line":619,"column":27},"end":{"line":619,"column":null}},"type":"binary-expr","locations":[{"start":{"line":619,"column":27},"end":{"line":619,"column":63}},{"start":{"line":619,"column":63},"end":{"line":619,"column":null}}],"line":619},"68":{"loc":{"start":{"line":645,"column":10},"end":{"line":645,"column":null}},"type":"cond-expr","locations":[{"start":{"line":645,"column":41},"end":{"line":645,"column":95}},{"start":{"line":645,"column":95},"end":{"line":645,"column":null}}],"line":645},"69":{"loc":{"start":{"line":646,"column":10},"end":{"line":648,"column":null}},"type":"cond-expr","locations":[{"start":{"line":647,"column":10},"end":{"line":647,"column":null}},{"start":{"line":648,"column":10},"end":{"line":648,"column":null}}],"line":646},"70":{"loc":{"start":{"line":646,"column":10},"end":{"line":646,"column":null}},"type":"binary-expr","locations":[{"start":{"line":646,"column":10},"end":{"line":646,"column":39}},{"start":{"line":646,"column":39},"end":{"line":646,"column":null}}],"line":646},"71":{"loc":{"start":{"line":663,"column":4},"end":{"line":665,"column":null}},"type":"if","locations":[{"start":{"line":663,"column":4},"end":{"line":665,"column":null}},{"start":{},"end":{}}],"line":663},"72":{"loc":{"start":{"line":666,"column":4},"end":{"line":668,"column":null}},"type":"if","locations":[{"start":{"line":666,"column":4},"end":{"line":668,"column":nul
[...]
,"52":[0,1],"53":[1,0],"54":[50,1],"55":[51,34,2],"56":[1,0],"57":[1,3],"58":[0,1],"59":[0,2],"60":[2,0],"61":[1,1],"62":[1,1],"63":[2,0],"64":[2,0],"65":[0,2],"66":[2,2],"67":[2,0],"68":[1,0],"69":[0,1],"70":[1,1],"71":[57,87],"72":[68,19],"73":[19,0],"74":[19,0],"75":[0,1],"76":[144,34],"77":[144,110],"78":[0,0],"79":[0,0],"80":[0,0],"81":[1,0],"82":[0,0],"83":[0,0],"84":[0,0],"85":[0,0],"86":[0,0],"87":[0,0],"88":[0,0],"89":[133,132],"90":[1,132],"91":[119,118],"92":[1,118],"93":[110,6]},"meta":{"lastBranch":94,"lastFunction":167,"lastStatement":423,"seen":{"s:59:32:66:Infinity":0,"f:59:32:59:33":0,"s:60:24:60:Infinity":1,"b:60:24:60:34:60:34:60:Infinity":0,"b:61:2:64:Infinity:undefined:undefined:undefined:undefined":1,"s:61:2:64:Infinity":2,"s:62:21:62:Infinity":3,"f:62:42:62:43":1,"s:62:53:62:72":4,"s:63:4:63:Infinity":5,"b:63:33:63:44:63:44:63:Infinity":2,"s:65:2:65:Infinity":6,"s:68:48:68:Infinity":7,"s:70:42:76:Infinity":8,"s:78:29:78:Infinity":9,"s:80:15:80:Infinity":10,"f:80:15:80:16":2,"s:80:50:80:Infinity":11,"s:82:27:90:Infinity":12,"f:82:27:82:28":3,"b:83:2:85:Infinity:undefined:undefined:undefined:undefined":3,"s:83:2:85:Infinity":13,"s:84:4:84:Infinity":14,"b:86:2:88:Infinity:undefined:undefined:undefined:undefined":4,"s:86:2:88:Infinity":15,"s:87:4:87:Infinity":16,"s:89:2:89:Infinity":17,"s:92:42:110:Infinity":18,"f:92:42:92:Infinity":4,"s:96:23:96:Infinity":19,"b:96:23:96:52:96:52:96:Infinity":5,"b:97:2:99:Infinity:undefined:undefined:undefined:undefined":6,"s:97:2:99:Infinity":20,"s:98:4:98:Infinity":21,"s:100:27:100:Infinity":22,"s:101:52:101:Infinity":23,"s:102:2:108:Infinity":24,"s:102:22:102:25":25,"b:103:4:107:Infinity:105:11:107:Infinity":7,"s:103:4:107:Infinity":26,"b:103:8:103:42:103:42:103:60":8,"s:104:6:104:Infinity":27,"s:106:6:106:Infinity":28,"s:109:2:109:Infinity":29,"s:112:54:129:Infinity":30,"f:112:54:112:Infinity":5,"s:116:35:116:Infinity":31,"b:116:69:116:99:116:99:116:Infinity":9,"s:117:33:121:Infinity":32,"b:118:5:118:28:118:28:118:Infinity":10,"f:119:14:119:15":6,"s:119:31:119:108":33,"b:119:31:119:60:119:60:119:108":11,"f:120:11:120:12":7,"s:120:28:120:63":34,"s:123:52:123:Infinity":35,"s:124:2:126:Infinity":36,"s:124:22:124:25":37,"s:125:4:125:Infinity":38,"b:125:20:125:60:125:60:125:103":12,"s:128:2:128:Infinity":39,"s:131:37:203:Infinity":40,"f:131:37:131:38":8,"s:135:36:145:Infinity":41,"f:135:56:135:57":9,"s:135:77:145:4":42,"b:141:36:141:87:141:87:141:Infinity":13,"b:142:33:142:78:142:78:142:Infinity":14,"s:147:26:147:Infinity":43,"f:147:47:147:48":10,"s:147:60:147:86":44,"s:149:55:162:Infinity":45,"f:149:73:149:74":11,"s:149:92:162:4":46,"b:157:31:157:74:157:74:157:Infinity":15,"b:158:31:158:74:158:74:158:Infinity":16,"s:164:26:164:Infinity":47,"f:164:64:164:65":12,"s:164:75:164:104":48,"s:166:21:197:Infinity":49,"f:166:51:166:52":13,"s:167:25:167:Infinity":50,"f:167:52:167:53":14,"s:167:62:167:100":51,"s:168:63:190:Infinity":52,"f:169:16:169:17":15,"s:169:35:169:67":53,"f:170:11:170:12":16,"b:171:8:179:Infinity:undefined:undefined:undefined:undefined":17,"s:171:8:179:Infinity":54,"s:172:28:174:Infinity":55,"b:173:14:173:Infinity:174:14:174:Infinity":18,"b:175:10:177:Infinity:undefined:undefined:undefined:undefined":19,"s:175:10:177:Infinity":56,"s:176:12:176:Infinity":57,"s:178:10:178:Infinity":58,"b:180:8:188:Infinity:undefined:undefined:undefined:undefined":20,"s:180:8:188:Infinity":59,"s:181:30:183:Infinity":60,"b:182:14:182:Infinity:183:14:183:Infinity":21,"b:184:10:186:Infinity:undefined:undefined:undefined:undefined":22,"s:184:10:186:Infinity":61,"s:185:12:185:Infinity":62,"s:187:10:187:Infinity":63,"s:189:8:189:Infinity":64,"s:192:4:196:Infinity":65,"f:195:55:195:56":17,"s:195:72:195:113":66,"s:199:2:202:Infinity":67,"s:205:37:282:Infinity":68,"f:205:37:205:Infinity":18,"s:210:23:210:Infinity":69,"f:210:48:210:49":19,"s:210:67:210:105":70,"s:211:26:211:Infinity":71,"f:211:51:211:52":20,"s:211:62:211:91":72,"s:212:26:212:Infinity":73,"f:212:47:212:48":21,"s:212:60:212:86":74,"s:214:71:214:Infinity":75,"s:216:29:253:Infinity":76,"f:216:29:216:Infinity":22,"b:220:4:232:Infinity:undefined:undefined:undefined:undefined":23,"s:220:4:232:Infinity":77,"s:221:37:223:Infinity":78,"b:222:10:222:Infinity:223:10:223:Infinity":24,"b:224:6:231:Infinity:undefined:undefined:undefined:undefined":25,"s:224:6:231:Infinity":79,"s:225:8:230:Infinity":80,"b:234:4:246:Infinity:undefined:undefined:undefined:undefined":26,"s:234:4:246:Infinity":81,"s:235:37:237:Infinity":82,"b:236:10:236:Infinity:237:10:237:Infinity":27,"b:238:6:245:Infinity:undefined:undefined:undefined:undefined":28,"s:238:6:245:Infinity":83,"s:239:8:244:Infinity":84,"s:248:4:252:Infinity":85,"s:255:2:258:Infinity":86,"s:256:35:256:Infinity":87,"s:257:4:257:Infinity":88,"f:257:52:257:53":23,"s:257:69:257:119":89,"s:260:2:281:Infinity":90,"f:262:29:262:30":24,"s:262:41:271:6":91,"b:267:33:267:76:267:76:267:Infinity":29,"b:269:10:269:Infinity:270:10:270:Infinity":30,"f:272:27:272:28":25,"s:272:41:279:6":92,"b:275:38:275:89:275:89:275:Infinity":31,"b:277:10:277:Infinity:278:10:278:Infinity":32,"f:284:9:284:31":26,"b:284:40:284:47":33,"s:285:12:285:Infinity":93,"s:290:2:290:Infinity":94,"s:292:28:292:Infinity":95,"s:293:28:293:Infinity":96,"s:294:44:294:Infinity":97,"s:295:32:295:Infinity":98,"s:296:32:296:Infinity":99,"s:297:34:297:Infinity":100,"s:298:8:298:Infinity":101,"s:300:34:300:Infinity":102,"s:301:30:301:Infinity":103,"s:302:48:302:Infinity":104,"s:303:44:303:Infinity":105,"s:304:38:313:Infinity":106,"s:314:34:319:Infinity":107,"s:320:25:322:Infinity":108,"b:321:6:321:Infinity:322:6:322:Infinity":34,"s:323:25:323:Infinity":109,"s:324:21:324:Infinity":110,"s:325:23:325:Infinity":111,"s:327:8:336:Infinity":112,"f:327:41:327:82":27,"b:328:4:330:Infinity:undefined:undefined:undefined:undefined":35,"s:328:4:330:Infinity":113,"b:328:8:328:24:328:24:328:42":36,"s:329:6:329:Infinity":114,"s:331:4:335:Infinity":115,"s:332:6:332:Infinity":116,"s:334:6:334:Infinity":117,"s:338:8:360:Infinity":118,"f:338:50:338:51":28,"s:339:24:339:Infinity":119,"s:340:4:340:Infinity":120,"s:341:4:341:Infinity":121,"s:342:4:352:Infinity":122,"s:353:4:359:Infinity":123,"s:362:8:374:Infinity":124,"f:362:34:362:46":29,"s:363:4:363:Infinity":125,"s:364:4:373:Infinity":126,"s:365:20:365:Infinity":127,"s:366:19:366:Infinity":128,"s:367:6:367:Infinity":129,"s:368:6:368:Infinity":130,"s:370:6:370:Infinity":131,"b:370:45:370:62:370:62:370:98":37,"s:372:6:372:Infinity":132,"s:376:2:378:Infinity":133,"f:376:12:376:18":30,"s:377:4:377:Infinity":134,"s:380:2:383:Infinity":135,"f:380:12:380:18":31,"s:381:10:381:Infinity":136,"s:382:4:382:Infinity":137,"s:385:8:388:Infinity":138,"f:386:4:386:10":32,"s:386:10:386:Infinity":139,"f:386:28:386:29":33,"s:386:47:386:94":140,"s:390:8:405:Infinity":141,"f:390:34:390:40":34,"b:391:4:393:Infinity:undefined:undefined:undefined:undefined":38,"s:391:4:393:Infinity":142,"s:392:6:392:Infinity":143,"s:394:16:394:Infinity":144,"s:395:17:395:Infinity":145,"s:396:25:396:Infinity":146,"b:397:4:399:Infinity:undefined:undefined:undefined:undefined":39,"s:397:4:399:Infinity":147,"b:397:8:397:38:397:38:397:53":40,"s:398:6:398:Infinity":148,"s:400:22:400:Infinity":149,"s:401:4:401:Infinity":150,"s:402:4:402:Infinity":151,"s:403:4:403:Infinity":152,"s:404:4:404:Infinity":153,"s:407:20:414:Infinity":154,"f:407:20:407:26":35,"s:408:4:408:Infinity":155,"s:409:4:409:Infinity":156,"s:410:4:410:Infinity":157,"s:411:4:411:Infinity":158,"s:412:4:412:Infinity":159,"s:413:4:413:Infinity":160,"s:416:23:443:Infinity":161,"f:416:23:416:84":36,"s:417:25:417:Infinity":162,"s:418:20:418:Infinity":163,"b:420:4:423:Infinity:undefined:undefined:undefined:undefined":41,"s:420:4:423:Infinity":164,"s:421:6:421:Infinity":165,"s:422:6:422:Infinity":166,"b:424:4:427:Infinity:undefined:undefined:undefined:undefined":42,"s:424:4:427:Infinity":167,"b:424:8:424:42:424:42:424:60":43,"s:425:6:425:Infinity":168,"s:426:6:426:Infinity":169,"b:428:4:431:Infinity:undefined:undefined:undefined:undefined":44,"s:428:4:431:Infinity":170,"b:428:8:428:37:428:37:428:50":45,"s:429:6:429:Infinity":171,"s:430:6:430:Infinity":172,"b:432:4:435:Infinity:undefined:undefined:undefined:undefined":46,"s:432:4:435:Infinity":173,"s:433:6:433:Infinity":174,"s:434:6:434:Infinity":175,"b:436:4:439:Infinity:undefined:undefined:undefined:undefined":47,"s:436:4:439:Infinity":176,"s:437:6:437:Infinity":177,"s:438:6:438:Infinity":178,"s:441:4:441:Infinity":179,"s:442:4:442:Infinity":180,"s:445:27:493:Infinity":181,"f:445:27:445:39":37,"s:446:22:446:Infinity":182,"b:447:4:449:Infinity:undefined:undefined:undefined:undefined":48,"s:447:4:449:Infinity":183,"s:448:6:448:Infinity":184,"s:451:4:451:Infinity":185,"s:452:4:492:Infinity":186,"s:453:20:453:Infinity":187,"s:454:29:454:Infinity":188,"b:456:6:484:Infinity:468:13:484:Infinity":49,"s:456:6:484:Infinity":189,"s:457:8:467:Infinity":190,"s:469:8:478:Infinity":191,"b:480:8:483:Infinity:undefined:undefined:undefined:undefined":50,"s:480:8:483:Infinity":192,"b:480:12:480:31:480:31:480:50":51,"s:481:10:481:Infinity":193,"s:482:10:482:Infinity":194,"s:486:6:486:Infinity":195,"s:487:6:487:Infinity":196,"s:489:6:489:Infinity":197,"b:489:45:489:62:489:62:489:98":52,"s:491:6:491:Infinity":198,"s:495:27:513:Infinity":199,"f:495:27:495:28":38,"s:496:19:496:Infinity":200,"b:496:19:496:44:496:26:496:Infinity":53,"s:498:4:498:Infinity":201,"s:499:4:505:Infinity":202,"s:506:4:506:Infinity":203,"s:507:4:507:Infinity":204,"s:508:4:508:Infinity":205,"s:509:4:509:Infinity":206,"s:510:4:512:Infinity":207,"f:510:45:510:51":39,"s:511:6:511:Infinity":208,"s:515:2:523:Infinity":209,"f:515:12:515:18":40,"b:516:4:518:Infinity:undefined:undefined:undefined:undefined":54,"s:516:4:518:Infinity":210,"b:516:8:516:25:516:25:516:44:516:44:516:66":55,"s:517:6:517:Infinity":211,"s:519:27:519:Infinity":212,"f:519:40:519:41":41,"s:519:52:519:80":213,"b:520:4:522:Infinity:undefined:undefined:undefined:undefined":56,"s:520:4:522:Infinity":214,"s:521:6:521:Infinity":215,"s:525:29:542:Infinity":216,"f:525:29:525:36":42,"b:526:4:528:Infinity:undefined:undefined:undefined:undefined":57,"s:526:4:528:Infinity":217,"s:527:6:527:Infinity":218,"s:529:4:541:Infinity":219,"s:530:6:530:Infinity":220,"s:531:20:531:Infinity":221,"s:532:6:532:Infinity":222,"s:533:6:533:Infinity":223,"b:534:6:536:Infinity:undefined:undefined:undefined:undefined":58,"s:534:6:536:Infinity":224,"s:535:8:535:Infinity":225,"s:538:6:538:Infinity":226,"b:538:45:538:62:538:62:538:100":59,"s:540:6:540:Infinity":227,"s:544:26:546:Infinity":228,"f:544:26:544:27":43,"s:545:4:545:Infinity":229,"f:545:18:545:19":44,"s:545:31:545:102":230,"f:545:43:545:44":45,"s:545:55:545:101":231,"b:545:78:545:95:545:95:545:101":60,"s:548:43:560:Infinity":232,"f:548:43:548:Infinity":46,"s:553:4:559:Infinity":233,"f:553:29:553:30":47,"s:554:19:554:Infinity":234,"f:554:77:554:78":48,"s:554:87:554:113":235,"s:555:6:558:Infinity":236,"f:557:78:557:79":49,"s:557:88:557:111":237,"s:562:38:564:Infinity":238,"f:562:38:562:39":50,"s:563:4:563:Infinity":239,"f:563:30:563:31":51,"s:563:44:563:67":240,"s:566:37:578:Infinity":241,"f:566:37:566:38":52,"s:567:23:570:Infinity":242,"s:571:22:571:Infinity":243,"b:572:4:576:Infinity:574:11:576:Infinity":61,"s:572:4:576:Infinity":244,"s:573:6:573:Infinity":245,"s:575:6:575:Infinity":246,"s:577:4:577:Infinity":247,"s:580:39:592:Infinity":248,"f:580:39:580:40":53,"s:581:23:584:Infinity":249,"s:585:24:585:Infinity":250,"b:586:4:590:Infinity:588:11:590:Infinity":62,"s:586:4:590:Infinity":251,"s:587:6:587:Infinity":252,"s:589:6:589:Infinity":253,"s:591:4:591:Infinity":254,"s:594:36:596:Infinity":255,"f:594:36:594:37":54,"s:595:4:595:Infinity":256,"f:595:29:595:30":55,"s:595:42:595:88":257,"s:598:38:602:Infinity":258,"f:598:38:598:39":56,"s:599:4:601:Infinity":259,"f:599:16:599:17":57,"s:599:29:601:6":260,"f:599:41:599:42":58,"s:600:6:600:Infinity":261,"b:600:30:600:78:600:78:600:Infinity":63,"s:604:29:635:Infinity":262,"f:604:29:604:41":59,"s:605:20:605:Infinity":263,"s:606:4:621:Infinity":264,"f:606:18:606:19":60,"s:606:31:621:6":265,"b:614:40:614:90:614:90:614:Infinity":64,"b:616:10:616:Infinity:617:10:617:Infinity":65,"b:615:10:615:41:615:41:615:Infinity":66,"b:619:27:619:63:619:63:619:Infinity":67,"s:622:4:622:Infinity":266,"s:623:4:633:Infinity":267,"s:634:4:634:Infinity":268,"s:637:27:660:Infinity":269,"f:637:27:637:33":61,"s:638:22:638:Infinity":270,"s:639:4:651:Infinity":271,"f:639:16:639:17":62,"s:639:29:651:6":272,"b:645:41:645:95:645:95:645:Infinity":68,"b:647:10:647:Infinity:648:10:648:Infinity":69,"b:646:10:646:39:646:39:646:Infinity":70,"s:652:4:652:Infinity":273,"s:653:4:659:Infinity":274,"s:662:8:738:Infinity":275,"f:662:33:662:39":63,"b:663:4:665:Infinity:undefined:undefined:undefined:undefined":71,"s:663:4:665:Infinity":276,"s:664:6:664:Infinity":277,"b:666:4:668:Infinity:undefined:undefined:undefined:undefined":72,"s:666:4:668:Infinity":278,"s:667:6:667:Infinity":279,"s:669:4:736:Infinity":280,"f:671:27:671:28":64,"s:672:10:734:Infinity":281,"b:695:74:695:114:695:114:695:116":73,"b:699:74:699:116:699:116:699:118":74,"f:710:25:710:31":65,"b:711:18:713:Infinity:undefined:undefined:undefined:undefined":75,"s:711:18:713:Infinity":282,"s:712:20:712:Infinity":283,"s:714:30:714:Infinity":284,"s:715:18:715:Infinity":285,"s:716:18:716:Infinity":286,"s:717:18:717:Infinity":287,"f:725:25:725:31":66,"s:726:18:726:Infinity":288,"s:740:2:1098:Infinity":289,"b:748:7:748:Infinity:749:8:760:Infinity":76,"b:763:7:763:Infinity:764:6:1096:Infinity":77,"f:787:24:787:25":67,"s:787:36:787:Infinity":290,"f:787:49:787:50":68,"s:787:63:787:105":291,"f:795:24:795:25":69,"s:796:39:796:Infinity":292,"s:797:41:797:Infinity":293,"b:797:41:797:93:797:93:797:Infinity":78,"s:798:22:798:Infinity":294,"s:799:16:803:Infinity":295,"f:799:29:799:30":70,"s:799:43:803:18":296,"s:804:16:804:Infinity":297,"f:819:24:819:25":71,"s:819:36:819:Infinity":298,"f:819:49:819:50":72,"s:819:63:819:118":299,"f:829:24:829:25":73,"s:829:36:829:Infinity":300,"f:829:49:829:50":74,"s:829:63:829:112":301,"f:837:24:837:25":75,"s:837:36:837:Infinity":302,"f:837:49:837:50":76,"s:837:63:837:127":303,"f:857:28:857:34":77,"s:857:34:857:Infinity":304,"f:858:35:858:36":78,"s:858:50:858:Infinity":305,"f:858:70:858:71":79,"s:858:82:858:115":306,"f:859:33:859:34":80,"s:859:48:859:Infinity":307,"f:859:68:859:69":81,"s:859:80:859:106":308,"f:860:38:860:39":82,"s:860:53:860:Infinity":309,"f:860:73:860:74":83,"s:860:85:860:116":310,"f:861:43:861:44":84,"s:861:58:865:Infinity":311,"f:861:78:861:79":85,"s:861:90:865:12":312,"f:866:41:866:42":86,"s:866:56:866:Infinity":313,"f:866:76:866:77":87,"s:866:88:866:122":314,"f:867:40:867:41":88,"s:867:55:874:Infinity":315,"f:867:75:867:76":89,"b:868:12:872:Infinity:undefined:undefined:undefined:undefined":79,"s:868:12:872:Infinity":316,"s:869:27:869:Infinity":317,"s:870:14:870:Infinity":318,"s:871:14:871:Infinity":319,"s:873:12:873:Infinity":320,"f:875:42:875:43":90,"s:875:57:875:Infinity":321,"f:875:77:875:78":91,"s:875:89:875:133":322,"f:878:38:878:44":92,"s:878:44:878:Infinity":323,"f:879:27:879:28":93,"s:879:38:879:Infinity":324,"f:879:64:879:70":94,"s:879:70:879:75":325,"f:880:29:880:30":95,"s:880:37:880:Infinity":326,"f:880:51:880:52":96,"s:880:64:880:106":327,"f:880:79:880:80":97,"s:880:90:880:105":328,"f:881:31:881:37":98,"s:881:37:881:Infinity":329,"f:882:32:882:38":99,"s:882:38:882:Infinity":330,"f:883:43:883:44":100,"s:883:54:883:Infinity":331,"f:883:70:883:71":101,"s:883:84:883:119":332,"f:884:36:884:37":102,"s:884:47:884:Infinity":333,"f:884:63:884:64":103,"s:884:77:884:105":334,"f:885:41:885:42":104,"s:885:52:885:Infinity":335,"f:885:68:885:69":105,"s:885:82:885:115":336,"f:886:46:886:47":106,"s:886:57:890:Infinity":337,"f:886:73:886:74":107,"s:886:87:890:12":338,"f:891:44:891:45":108,"s:891:55:891:Infinity":339,"f:891:71:891:72":109,"s:891:85:891:121":340,"f:892:43:892:44":110,"s:892:54:899:Infinity":341,"f:892:70:892:71":111,"b:893:12:897:Infinity:undefined:undefined:undefined:undefined":80,"s:893:12:897:Infinity":342,"s:894:27:894:Infinity":343,"s:895:14:895:Infinity":344,"s:896:14:896:Infinity":345,"s:898:12:898:Infinity":346,"f:900:45:900:46":112,"s:900:56:900:Infinity":347,"f:900:72:900:73":113,"s:900:86:900:132":348,"f:901:50:901:51":114,"s:902:12:908:Infinity":349,"f:902:28:902:29":115,"s:903:20:903:Infinity":350,"b:903:40:903:71:903:71:903:75":81,"f:903:82:903:83":116,"s:903:92:903:118":351,"s:904:14:907:Infinity":352,"f:911:26:911:27":117,"s:911:33:911:Infinity":353,"f:927:26:927:32":118,"s:927:32:927:Infinity":354,"f:928:31:928:32":119,"s:928:46:930:Infinity":355,"f:928:58:928:59":120,"s:928:71:930:12":356,"f:928:83:928:84":121,"s:929:12:929:Infinity":357,"b:929:32:929:62:929:62:929:Infinity":82,"f:931:31:931:37":122,"s:931:37:931:Infinity":358,"f:932:33:932:34":123,"s:932:48:934:Infinity":359,"f:932:60:932:61":124,"s:932:73:934:12":360,"f:932:85:932:86":125,"s:933:12:933:Infinity":361,"b:933:32:933:69:933:69:933:Infinity":83,"f:935:43:935:44":126,"s:935:71:951:Infinity":362,"f:935:83:935:84":127,"s:935:96:951:12":363,"f:935:108:935:109":128,"b:936:12:938:Infinity:undefined:undefined:undefined:undefined":84,"s:936:12:938:Infinity":364,"s:937:14:937:Infinity":365,"s:939:66:941:Infinity":366,"b:942:12:946:Infinity:944:19:946:Infinity":85,"s:942:12:946:Infinity":367,"s:943:14:943:Infinity":368,"s:945:14:945:Infinity":369,"s:947:12:950:Infinity":370,"f:952:33:952:34":129,"s:952:48:954:Infinity":371,"f:952:60:952:61":130,"s:952:73:954:12":372,"f:952:85:952:86":131,"s:953:12:953:Infinity":373,"b:953:32:953:64:953:64:953:Infinity":86,"f:955:33:955:39":132,"s:955:39:955:Infinity":374,"f:956:25:956:26":133,"s:956:38:958:Infinity":375,"f:956:50:956:51":134,"s:956:63:958:12":376,"f:956:75:956:76":135,"s:957:12:957:Infinity":377,"b:957:37:957:47:957:47:957:Infinity":87,"f:959:32:959:38":136,"s:959:38:959:Infinity":378,"f:960:27:960:28":137,"s:960:35:960:Infinity":379,"f:960:47:960:48":138,"s:960:60:960:106":380,"f:960:75:960:76":139,"s:960:88:960:105":381,"f:961:29:961:35":140,"s:961:35:961:Infinity":382,"f:962:30:962:36":141,"s:962:36:962:Infinity":383,"f:963:34:963:35":142,"s:963:45:963:Infinity":384,"f:963:59:963:60":143,"s:963:73:963:101":385,"f:964:34:964:35":144,"s:964:45:964:Infinity":386,"f:964:59:964:60":145,"s:964:73:964:108":387,"f:965:36:965:37":146,"s:965:47:965:Infinity":388,"f:965:61:965:62":147,"s:965:75:965:110":389,"f:966:46:966:47":148,"s:966:70:979:Infinity":390,"f:966:84:966:85":149,"s:967:66:969:Infinity":391,"b:970:12:974:Infinity:972:19:974:Infinity":88,"s:970:12:974:Infinity":392,"s:971:14:971:Infinity":393,"s:973:14:973:Infinity":394,"s:975:12:978:Infinity":395,"f:981:26:981:27":150,"s:981:33:981:Infinity":396,"f:993:24:993:25":151,"s:993:43:993:81":397,"f:994:19:994:20":152,"s:995:40:995:Infinity":398,"s:996:37:1002:Infinity":399,"f:997:26:997:27":153,"s:997:41:997:66":400,"f:998:28:998:29":154,"s:998:47:998:85":401,"f:999:23:999:24":155,"s:999:39:1002:20":402,"s:1003:39:1006:Infinity":403,"f:1003:52:1003:53":156,"s:1003:66:1006:18":404,"s:1007:32:1007:Infinity":405,"s:1008:16:1028:Infinity":406,"f:1012:35:1012:36":157,"s:1013:30:1013:Infinity":407,"b:1013:42:1013:60:1013:60:1013:64":89,"s:1014:24:1024:Infinity":408,"f:1018:37:1018:43":158,"s:1018:43:1018:Infinity":409,"b:1020:32:1020:Infinity:1021:32:1021:88":90,"f:1035:26:1035:27":159,"s:1036:38:1036:Infinity":410,"s:1037:35:1042:Infinity":411,"f:1038:26:1038:27":160,"s:1038:45:1038:83":412,"f:1039:21:1039:22":161,"s:1039:33:1042:18":413,"s:1043:37:1048:Infinity":414,"f:1044:24:1044:25":162,"s:1044:39:1044:66":415,"f:1045:21:1045:22":163,"s:1045:37:1048:18":416,"s:1049:30:1049:Infinity":417,"s:1050:14:1070:Infinity":418,"f:1054:33:1054:34":164,"s:1055:28:1055:Infinity":419,"b:1055:40:1055:58:1055:58:1055:62":91,"s:1056:22:1066:Infinity":420,"f:1060:35:1060:41":165,"s:1060:41:1060:Infinity":421,"b:1062:30:1062:Infinity:1063:30:1063:86":92,"b:1076:9:1076:22:1076:22:1076:Infinity":93,"f:1087:21:1087:27":166,"s:1088:14:1088:Infinity":422}}}
}
